Log file open, 09/20/18 18:46:47
LogWindows: Failed to load 'aqProf.dll' (GetLastError=126)
LogWindows: File 'aqProf.dll' does not exist
LogWindows: Failed to load 'VSPerf140.dll' (GetLastError=126)
LogWindows: File 'VSPerf140.dll' does not exist
LogWindows: Failed to load 'VtuneApi.dll' (GetLastError=126)
LogWindows: File 'VtuneApi.dll' does not exist
LogWindows: Failed to load 'VtuneApi32e.dll' (GetLastError=126)
LogWindows: File 'VtuneApi32e.dll' does not exist
LogInit: Display: Running engine for game: MetroidDemo
LogPlatformFile: Not using cached read wrapper
LogTaskGraph: Started task graph with 5 named threads and 23 total threads with 3 sets of task threads.
LogStats: Stats thread started at 0.274301
LogD3D11RHI: Loaded GFSDK_Aftermath_Lib.x64.dll
LogICUInternationalization: Display: ICU TimeZone Detection - Raw Offset: -5:00, Platform Override: ''
LogPluginManager: Mounting plugin Paper2D
LogPluginManager: Mounting plugin AISupport
LogPluginManager: Mounting plugin LightPropagationVolume
LogPluginManager: Mounting plugin CLionSourceCodeAccess
LogPluginManager: Mounting plugin CodeLiteSourceCodeAccess
LogPluginManager: Mounting plugin GitSourceControl
LogPluginManager: Mounting plugin KDevelopSourceCodeAccess
LogPluginManager: Mounting plugin NullSourceCodeAccess
LogPluginManager: Mounting plugin PerforceSourceControl
LogPluginManager: Mounting plugin SubversionSourceControl
LogPluginManager: Mounting plugin UObjectPlugin
LogPluginManager: Mounting plugin VisualStudioCodeSourceCodeAccess
LogPluginManager: Mounting plugin VisualStudioSourceCodeAccess
LogPluginManager: Mounting plugin XCodeSourceCodeAccess
LogPluginManager: Mounting plugin AssetManagerEditor
LogPluginManager: Mounting plugin CryptoKeys
LogPluginManager: Mounting plugin DataValidation
LogPluginManager: Mounting plugin FacialAnimation
LogPluginManager: Mounting plugin GameplayTagsEditor
LogPluginManager: Mounting plugin MacGraphicsSwitching
LogPluginManager: Mounting plugin MeshEditor
LogPluginManager: Mounting plugin MobileLauncherProfileWizard
LogPluginManager: Mounting plugin PluginBrowser
LogPluginManager: Mounting plugin SpeedTreeImporter
LogPluginManager: Mounting plugin DatasmithContent
LogPluginManager: Mounting plugin AlembicImporter
LogPluginManager: Mounting plugin AppleImageUtils
LogPluginManager: Mounting plugin AppleVision
LogPluginManager: Mounting plugin BackChannel
LogPluginManager: Mounting plugin CharacterAI
LogPluginManager: Mounting plugin GeometryCache
LogPluginManager: Mounting plugin HTML5Networking
LogPluginManager: Mounting plugin ProxyLODPlugin
LogPluginManager: Mounting plugin MagicLeap
LogPluginManager: Mounting plugin MagicLeapEmulator
LogPluginManager: Mounting plugin MagicLeapMedia
LogPluginManager: Mounting plugin AndroidMedia
LogPluginManager: Mounting plugin AvfMedia
LogPluginManager: Mounting plugin ImgMedia
LogPluginManager: Mounting plugin LinearTimecode
LogPluginManager: Mounting plugin MediaCompositing
LogPluginManager: Mounting plugin MediaPlayerEditor
LogPluginManager: Mounting plugin WmfMedia
LogPluginManager: Mounting plugin TcpMessaging
LogPluginManager: Mounting plugin UdpMessaging
LogPluginManager: Mounting plugin ActorSequence
LogPluginManager: Mounting plugin LevelSequenceEditor
LogPluginManager: Mounting plugin MatineeToLevelSequence
LogPluginManager: Mounting plugin NetcodeUnitTest
LogPluginManager: Mounting plugin NUTUnrealEngine4
LogPluginManager: Mounting plugin OnlineSubsystemGooglePlay
LogPluginManager: Mounting plugin OnlineSubsystemIOS
LogPluginManager: Mounting plugin OnlineSubsystem
LogPluginManager: Mounting plugin OnlineSubsystemNull
LogPluginManager: Mounting plugin OnlineSubsystemUtils
LogPluginManager: Mounting plugin LauncherChunkInstaller
LogPluginManager: Mounting plugin AndroidDeviceProfileSelector
LogPluginManager: Mounting plugin AndroidMoviePlayer
LogPluginManager: Mounting plugin AndroidPermission
LogPluginManager: Mounting plugin AppleMoviePlayer
LogPluginManager: Mounting plugin ArchVisCharacter
LogPluginManager: Mounting plugin AudioCapture
LogPluginManager: Mounting plugin CableComponent
LogPluginManager: Mounting plugin CustomMeshComponent
LogPluginManager: Mounting plugin EditableMesh
LogPluginManager: Mounting plugin ExampleDeviceProfileSelector
LogPluginManager: Mounting plugin GoogleCloudMessaging
LogPluginManager: Mounting plugin ImmediatePhysics
LogPluginManager: Mounting plugin IOSDeviceProfileSelector
LogPluginManager: Mounting plugin LinuxDeviceProfileSelector
LogPluginManager: Mounting plugin LocationServicesBPLibrary
LogPluginManager: Mounting plugin MobilePatchingUtils
LogPluginManager: Mounting plugin OculusVR
LogPluginManager: Plugin shader directory ../../../Engine/Plugins/Runtime/Oculus/OculusVR/Shaders found
LogPluginManager: Mapping shader source directory ../../../Engine/Plugins/Runtime/Oculus/OculusVR/Shaders to virtual directory /Plugin/OculusVR
LogPluginManager: Mounting plugin PhysXVehicles
LogPluginManager: Mounting plugin ProceduralMeshComponent
LogPluginManager: Mounting plugin RuntimePhysXCooking
LogPluginManager: Mounting plugin SteamVR
LogPluginManager: Mounting plugin WindowsMoviePlayer
LogStreaming: Display: Took  0.107s to configure plugins.
LogInit: Using libcurl 7.55.1-DEV
LogInit:  - built for x86_64-pc-win32
LogInit:  - supports SSL with OpenSSL/1.0.2h
LogInit:  - supports HTTP deflate (compression) using libz 1.2.8
LogInit:  - other features:
LogInit:      CURL_VERSION_SSL
LogInit:      CURL_VERSION_LIBZ
LogInit:      CURL_VERSION_IPV6
LogInit:      CURL_VERSION_ASYNCHDNS
LogInit:      CURL_VERSION_LARGEFILE
LogInit:      CURL_VERSION_IDN
LogInit:  CurlRequestOptions (configurable via config and command line):
LogInit:  - bVerifyPeer = false  - Libcurl will NOT verify peer certificate
LogInit:  - bUseHttpProxy = false  - Libcurl will NOT use HTTP proxy
LogInit:  - bDontReuseConnections = false  - Libcurl will reuse connections
LogInit:  - CertBundlePath = nullptr  - Libcurl will use whatever was configured at build time.
LogInit:  - MaxHostConnections = 16  - Libcurl will limit the number of connections to a host
LogInit:  - LocalHostAddr = Default
LogInit:  - BufferSize = 65536
LogInit: WinSock: version 1.1 (2.2), MaxSocks=32767, MaxUdp=65467
LogInit: Build: ++UE4+Release-4.20-CL-4302132
LogInit: Engine Version: 4.20.2-4302132+++UE4+Release-4.20
LogInit: Compatible Engine Version: 4.20.0-4212847+++UE4+Release-4.20
LogInit: Net CL: 4212847
LogInit: OS: Windows 10 (), CPU: Intel(R) Core(TM) i5-8250U CPU @ 1.60GHz, GPU: Intel(R) UHD Graphics 620
LogInit: Compiled (64-bit): Aug 21 2018 02:06:06
LogInit: Compiled with Visual C++: 19.13.26129.00
LogInit: Build Configuration: Development
LogInit: Branch Name: ++UE4+Release-4.20
LogInit: Command Line: 
LogInit: Base Directory: C:/Program Files/Epic Games/UE_4.20/Engine/Binaries/Win64/
LogInit: Installed Engine Build: 1
LogDevObjectVersion: Number of dev versions registered: 20
LogDevObjectVersion:   Dev-Blueprints (B0D832E4-1F89-4F0D-ACCF-7EB736FD4AA2): 10
LogDevObjectVersion:   Dev-Build (E1C64328-A22C-4D53-A36C-8E866417BD8C): 0
LogDevObjectVersion:   Dev-Core (375EC13C-06E4-48FB-B500-84F0262A717E): 2
LogDevObjectVersion:   Dev-Editor (E4B068ED-F494-42E9-A231-DA0B2E46BB41): 24
LogDevObjectVersion:   Dev-Framework (CFFC743F-43B0-4480-9391-14DF171D2073): 34
LogDevObjectVersion:   Dev-Mobile (B02B49B5-BB20-44E9-A304-32B752E40360): 2
LogDevObjectVersion:   Dev-Networking (A4E4105C-59A1-49B5-A7C5-40C4547EDFEE): 0
LogDevObjectVersion:   Dev-Online (39C831C9-5AE6-47DC-9A44-9C173E1C8E7C): 0
LogDevObjectVersion:   Dev-Physics (78F01B33-EBEA-4F98-B9B4-84EACCB95AA2): 0
LogDevObjectVersion:   Dev-Platform (6631380F-2D4D-43E0-8009-CF276956A95A): 0
LogDevObjectVersion:   Dev-Rendering (12F88B9F-8875-4AFC-A67C-D90C383ABD29): 26
LogDevObjectVersion:   Dev-Sequencer (7B5AE74C-D270-4C10-A958-57980B212A5A): 9
LogDevObjectVersion:   Dev-VR (D7296918-1DD6-4BDD-9DE2-64A83CC13884): 2
LogDevObjectVersion:   Dev-LoadTimes (C2A15278-BFE7-4AFE-6C17-90FF531DF755): 1
LogDevObjectVersion:   Private-Geometry (6EACA3D4-40EC-4CC1-B786-8BED09428FC5): 3
LogDevObjectVersion:   Dev-AnimPhys (29E575DD-E0A3-4627-9D10-D276232CDCEA): 17
LogDevObjectVersion:   Dev-ReflectionCapture (6B266CEC-1EC7-4B8F-A30B-E4D90942FC07): 1
LogDevObjectVersion:   Dev-Automation (0DF73D61-A23F-47EA-B727-89E90C41499A): 1
LogDevObjectVersion:   FortniteMain (601D1886-AC64-4F84-AA16-D3DE0DEAC7D6): 12
LogDevObjectVersion:   Dev-Enterprise (9DFFBCD6-494F-0158-E221-12823C92A888): 1
LogStreaming: Display: Took  0.004s to delete old logs.
LogInit: Presizing for max 8388607 objects, including 0 objects not considered by GC, pre-allocating 0 bytes for permanent pool.
LogInit: Object subsystem initialized
[2018.09.20-22.46.47:985][  0]LogInit: Selected Device Profile: [Windows]
[2018.09.20-22.46.47:985][  0]LogInit: Applying CVar settings loaded from the selected device profile: [Windows]
[2018.09.20-22.46.48:009][  0]LogHAL: Display: Platform has ~ 8 GB [8481775616 / 8589934592 / 8], which maps to Default [LargestMinGB=32, LargerMinGB=12, DefaultMinGB=8, SmallerMinGB=6, SmallestMinGB=0)
[2018.09.20-22.46.48:009][  0]LogInit: Setting Device Profile CVar: [[r.Vulkan.UseRealUBs:1]]
[2018.09.20-22.46.48:009][  0]LogInit: Going up to parent DeviceProfile []
[2018.09.20-22.46.48:009][  0]LogInit: Computer: DESKTOP-DCAAEOS
[2018.09.20-22.46.48:009][  0]LogInit: User: Whitney
[2018.09.20-22.46.48:009][  0]LogInit: CPU Page size=4096, Cores=4
[2018.09.20-22.46.48:009][  0]LogInit: High frequency timer resolution =1.757814 MHz
[2018.09.20-22.46.48:009][  0]LogMemory: Memory total: Physical=7.9GB (8GB approx)
[2018.09.20-22.46.48:009][  0]LogMemory: Platform Memory Stats for Windows
[2018.09.20-22.46.48:009][  0]LogMemory: Process Physical Memory: 100.74 MB used, 100.74 MB peak
[2018.09.20-22.46.48:009][  0]LogMemory: Process Virtual Memory: 89.36 MB used, 89.36 MB peak
[2018.09.20-22.46.48:009][  0]LogMemory: Physical Memory: 5373.54 MB used,  2715.31 MB free, 8088.85 MB total
[2018.09.20-22.46.48:010][  0]LogMemory: Virtual Memory: 546.87 MB used,  2715.31 MB free, 134217728.00 MB total
[2018.09.20-22.46.48:025][  0]LogInit: Using OS detected language (en-US).
[2018.09.20-22.46.48:025][  0]LogInit: Using OS detected locale (en-US).
[2018.09.20-22.46.48:026][  0]LogTextLocalizationManager: No specific localization for 'en-US' exists, so the 'en' localization will be used.
[2018.09.20-22.46.48:374][  0]LogStreaming: Display: Took  0.349s to InitEngineTextLocalization.
[2018.09.20-22.46.48:374][  0]LogInit: Setting process to per monitor DPI aware
[2018.09.20-22.46.48:401][  0]LogSlate: New Slate User Created.  User Index 0, Is Virtual User: 0
[2018.09.20-22.46.48:401][  0]LogSlate: Slate User Registered.  User Index 0, Is Virtual User: 0
[2018.09.20-22.46.48:589][  0]LogHMD: Failed to initialize OpenVR with code 110
[2018.09.20-22.46.48:589][  0]LogD3D11RHI: D3D11 adapters:
[2018.09.20-22.46.48:615][  0]LogD3D11RHI:    0. 'Intel(R) UHD Graphics 620' (Feature Level 11_0)
[2018.09.20-22.46.48:615][  0]LogD3D11RHI:       128/0/4044 MB DedicatedVideo/DedicatedSystem/SharedSystem, Outputs:1, VendorId:0x8086
[2018.09.20-22.46.48:617][  0]LogD3D11RHI:    1. 'Microsoft Basic Render Driver' (Feature Level 11_0)
[2018.09.20-22.46.48:617][  0]LogD3D11RHI:       0/0/4044 MB DedicatedVideo/DedicatedSystem/SharedSystem, Outputs:0, VendorId:0x1414
[2018.09.20-22.46.48:617][  0]LogD3D11RHI: Chosen D3D11 Adapter: 0
[2018.09.20-22.46.48:622][  0]LogD3D11RHI: Creating new Direct3DDevice
[2018.09.20-22.46.48:622][  0]LogD3D11RHI:     GPU DeviceId: 0x5917 (for the marketing name, search the web for "GPU Device Id")
[2018.09.20-22.46.48:622][  0]LogWindows: EnumDisplayDevices:
[2018.09.20-22.46.48:622][  0]LogWindows:    0. 'Intel(R) UHD Graphics 620' (P:1 D:1)
[2018.09.20-22.46.48:623][  0]LogWindows:    1. 'Intel(R) UHD Graphics 620' (P:0 D:0)
[2018.09.20-22.46.48:623][  0]LogWindows:    2. 'Intel(R) UHD Graphics 620' (P:0 D:0)
[2018.09.20-22.46.48:623][  0]LogWindows: DebugString: FoundDriverCount:3 
[2018.09.20-22.46.48:623][  0]LogD3D11RHI:     Adapter Name: Intel(R) UHD Graphics 620
[2018.09.20-22.46.48:623][  0]LogD3D11RHI:   Driver Version: 23.20.16.4905 (internal:23.20.16.4905, unified:23.20.16.4905)
[2018.09.20-22.46.48:623][  0]LogD3D11RHI:      Driver Date: 12-27-2017
[2018.09.20-22.46.48:623][  0]LogRHI: Texture pool is 1505 MB (70% of 2150 MB)
[2018.09.20-22.46.48:640][  0]LogD3D11RHI: Async texture creation enabled
[2018.09.20-22.46.48:645][  0]LogD3D11RHI: GPU Timing Frequency: 12.000048 (Debug: 2 0)
[2018.09.20-22.46.48:646][  0]LogShaderCompilers: Guid format shader working directory is -19 characters bigger than the processId version (../../../../../../Users/Whitney/Documents/GitHub/Unreal/MetroidDemo/Intermediate/Shaders/WorkingDirectory/5392/).
[2018.09.20-22.46.48:646][  0]LogShaderCompilers: Cleaned the shader compiler working directory 'C:/Users/Whitney/AppData/Local/Temp/UnrealShaderWorkingDir/B71C40494877CC245C2C559970040916/'.
[2018.09.20-22.46.49:017][  0]LogTemp: Display: Loaded TP AllDesktopTargetPlatform
[2018.09.20-22.46.49:031][  0]LogTemp: Display: Loaded TP MacClientTargetPlatform
[2018.09.20-22.46.49:045][  0]LogTemp: Display: Loaded TP MacNoEditorTargetPlatform
[2018.09.20-22.46.49:059][  0]LogTemp: Display: Loaded TP MacServerTargetPlatform
[2018.09.20-22.46.49:073][  0]LogTemp: Display: Loaded TP MacTargetPlatform
[2018.09.20-22.46.49:086][  0]LogTemp: Display: Loaded TP WindowsClientTargetPlatform
[2018.09.20-22.46.49:100][  0]LogTemp: Display: Loaded TP WindowsNoEditorTargetPlatform
[2018.09.20-22.46.49:114][  0]LogTemp: Display: Loaded TP WindowsServerTargetPlatform
[2018.09.20-22.46.49:121][  0]LogTemp: Display: Loaded TP WindowsTargetPlatform
[2018.09.20-22.46.49:205][  0]LogTemp: Display: Loaded TP AndroidTargetPlatform
[2018.09.20-22.46.49:205][  0]LogTemp: Display: Loaded TP AndroidTargetPlatform
[2018.09.20-22.46.49:205][  0]LogTemp: Display: Loaded TP AndroidTargetPlatform
[2018.09.20-22.46.49:205][  0]LogTemp: Display: Loaded TP AndroidTargetPlatform
[2018.09.20-22.46.49:205][  0]LogTemp: Display: Loaded TP AndroidTargetPlatform
[2018.09.20-22.46.49:205][  0]LogTemp: Display: Loaded TP AndroidTargetPlatform
[2018.09.20-22.46.49:205][  0]LogTemp: Display: Loaded TP AndroidTargetPlatform
[2018.09.20-22.46.49:205][  0]LogTemp: Display: Loaded TP AndroidTargetPlatform
[2018.09.20-22.46.49:205][  0]LogTemp: Display: Loaded TP AndroidTargetPlatform
[2018.09.20-22.46.49:205][  0]LogTemp: Display: Loaded TP AndroidTargetPlatform
[2018.09.20-22.46.49:205][  0]LogTemp: Display: Loaded TP AndroidTargetPlatform
[2018.09.20-22.46.49:205][  0]LogTemp: Display: Loaded TP AndroidTargetPlatform
[2018.09.20-22.46.49:206][  0]LogTemp: Display: Loaded TP AndroidTargetPlatform
[2018.09.20-22.46.49:206][  0]LogTemp: Display: Loaded TP AndroidTargetPlatform
[2018.09.20-22.46.49:206][  0]LogTemp: Display: Loaded TP AndroidTargetPlatform
[2018.09.20-22.46.49:206][  0]LogTemp: Display: Loaded TP AndroidTargetPlatform
[2018.09.20-22.46.49:206][  0]LogTemp: Display: Loaded TP AndroidTargetPlatform
[2018.09.20-22.46.49:206][  0]LogTemp: Display: Loaded TP AndroidTargetPlatform
[2018.09.20-22.46.49:207][  0]LogTemp: Display: Loaded TP HTML5TargetPlatform
[2018.09.20-22.46.49:268][  0]LogTemp: Display: Loaded TP IOSTargetPlatform
[2018.09.20-22.46.49:268][  0]LogTemp: Display: Loaded TP IOSTargetPlatform
[2018.09.20-22.46.49:293][  0]LogTemp: Display: Loaded TP TVOSTargetPlatform
[2018.09.20-22.46.49:293][  0]LogTemp: Display: Loaded TP TVOSTargetPlatform
[2018.09.20-22.46.49:306][  0]LogTemp: Display: Loaded TP LinuxClientTargetPlatform
[2018.09.20-22.46.49:319][  0]LogTemp: Display: Loaded TP LinuxNoEditorTargetPlatform
[2018.09.20-22.46.49:332][  0]LogTemp: Display: Loaded TP LinuxServerTargetPlatform
[2018.09.20-22.46.49:346][  0]LogTemp: Display: Loaded TP LinuxTargetPlatform
[2018.09.20-22.46.49:356][  0]LogTemp: Display: Loaded TP LuminTargetPlatform
[2018.09.20-22.46.49:356][  0]LogTargetPlatformManager: Display: Building Assets For Windows
[2018.09.20-22.46.49:429][  0]LogXGEController: Cannot use XGE Controller as Incredibuild is not installed on this machine.
[2018.09.20-22.46.49:429][  0]LogShaderCompilers: Cannot use XGE Shader Compiler as Incredibuild is not installed on this machine.
[2018.09.20-22.46.49:429][  0]LogShaderCompilers: Display: Using Local Shader Compiler.
[2018.09.20-22.46.50:195][  0]LogDerivedDataCache: Display: Max Cache Size: 512 MB
[2018.09.20-22.46.50:250][  0]LogDerivedDataCache: Loaded boot cache 0.06s 71MB C:/Users/Whitney/AppData/Local/UnrealEngine/4.20/DerivedDataCache/Boot.ddc.
[2018.09.20-22.46.50:251][  0]LogDerivedDataCache: Display: Loaded Boot cache: C:/Users/Whitney/AppData/Local/UnrealEngine/4.20/DerivedDataCache/Boot.ddc
[2018.09.20-22.46.50:251][  0]LogDerivedDataCache: FDerivedDataBackendGraph:  Pak pak cache file ../../../../../../Users/Whitney/Documents/GitHub/Unreal/MetroidDemo/DerivedDataCache/DDC.ddp not found, will not use a pak cache.
[2018.09.20-22.46.50:251][  0]LogDerivedDataCache: Unable to find inner node Pak for hierarchical cache Hierarchy.
[2018.09.20-22.46.50:251][  0]LogDerivedDataCache: FDerivedDataBackendGraph:  CompressedPak pak cache file ../../../../../../Users/Whitney/Documents/GitHub/Unreal/MetroidDemo/DerivedDataCache/Compressed.ddp not found, will not use a pak cache.
[2018.09.20-22.46.50:251][  0]LogDerivedDataCache: Unable to find inner node CompressedPak for hierarchical cache Hierarchy.
[2018.09.20-22.46.50:264][  0]LogDerivedDataCache: Display: Pak cache opened for reading ../../../Engine/DerivedDataCache/Compressed.ddp.
[2018.09.20-22.46.50:276][  0]LogDerivedDataCache: Using Local data cache path C:/Users/Whitney/AppData/Local/UnrealEngine/Common/DerivedDataCache: Writable
[2018.09.20-22.46.50:276][  0]LogDerivedDataCache: Shared data cache path not found in *engine.ini, will not use an Shared cache.
[2018.09.20-22.46.50:276][  0]LogDerivedDataCache: Unable to find inner node Shared for hierarchical cache Hierarchy.
[2018.09.20-22.46.50:294][  0]LogMaterial: Verifying Global Shaders for PCD3D_SM5
[2018.09.20-22.46.50:296][  0]LogSlate: Using FreeType 2.6.0
[2018.09.20-22.46.50:297][  0]LogSlate: SlateFontServices - WITH_FREETYPE: 1, WITH_HARFBUZZ: 1
[2018.09.20-22.46.50:367][  0]LogAssetRegistry: FAssetRegistry took 0.0257 seconds to start up
[2018.09.20-22.46.50:676][  0]LogInit: Selected Device Profile: [Windows]
[2018.09.20-22.46.50:816][  0]LogSimplygon: Simplygon DLL not present - disabling.
[2018.09.20-22.46.50:819][  0]LogMeshReduction: Using SimplygonSwarm for distributed automatic mesh merging
[2018.09.20-22.46.50:819][  0]LogMeshReduction: Using ProxyLODMeshReduction for automatic mesh merging
[2018.09.20-22.46.50:819][  0]LogMeshReduction: Using QuadricMeshReduction for automatic static mesh reduction
[2018.09.20-22.46.50:819][  0]LogMeshReduction: No automatic skeletal mesh reduction module available
[2018.09.20-22.46.50:838][  0]LogNetVersion: MetroidDemo 1.0.0, NetCL: 4212847, EngineNetVer: 5, GameNetVer: 0 (Checksum: 3364280947)
[2018.09.20-22.46.51:341][  0]LogPackageLocalizationCache: Processed 11 localized package path(s) for 2 prioritized culture(s) in 0.098672 seconds
[2018.09.20-22.46.51:347][  0]LogUObjectArray: 38425 objects as part of root set at end of initial load.
[2018.09.20-22.46.51:347][  0]LogUObjectAllocator: 6690864 out of 0 bytes used by permanent object pool.
[2018.09.20-22.46.51:347][  0]LogUObjectArray: CloseDisregardForGC: 0/0 objects in disregard for GC pool
[2018.09.20-22.46.52:190][  0]LogTcpMessaging: Initializing TcpMessaging bridge
[2018.09.20-22.46.52:206][  0]LogUdpMessaging: Initializing bridge on interface 0.0.0.0:0 to multicast group 230.0.0.1:6666.
[2018.09.20-22.46.52:349][  0]SourceControl: Source control is disabled
[2018.09.20-22.46.52:349][  0]SourceControl: Source control is disabled
[2018.09.20-22.46.52:351][  0]SourceControl: Source control is disabled
[2018.09.20-22.46.52:352][  0]SourceControl: Source control is disabled
[2018.09.20-22.46.52:525][  0]LogAndroidPermission: UAndroidPermissionCallbackProxy::GetInstance
[2018.09.20-22.46.52:571][  0]LogOcInput: OculusInput pre-init called
[2018.09.20-22.46.52:629][  0]LogEngine: Initializing Engine...
[2018.09.20-22.46.52:630][  0]LogHMD: Failed to initialize OpenVR with code 110
[2018.09.20-22.46.52:631][  0]LogStats: UGameplayTagsManager::ConstructGameplayTagTree: ImportINI prefixes -  0.000 s
[2018.09.20-22.46.52:631][  0]LogStats: UGameplayTagsManager::ConstructGameplayTagTree: Construct from data asset -  0.000 s
[2018.09.20-22.46.52:631][  0]LogStats: UGameplayTagsManager::ConstructGameplayTagTree: ImportINI -  0.000 s
[2018.09.20-22.46.52:631][  0]LogStats: UGameplayTagsManager::ConstructGameplayTagTree: GameplayTagTreeChangedEvent.Broadcast -  0.000 s
[2018.09.20-22.46.52:834][  0]LogInit: Initializing FReadOnlyCVARCache
[2018.09.20-22.46.52:853][  0]LogAIModule: Creating AISystem for world Untitled
[2018.09.20-22.46.52:860][  0]LogInit: XAudio2 using 'Speakers / Headphones (Realtek Audio)' : 2 channels at 48 kHz using 32 bits per sample (channel mask 0x3)
[2018.09.20-22.46.53:039][  0]LogInit: FAudioDevice initialized.
[2018.09.20-22.46.53:040][  0]LogNetVersion: Set ProjectVersion to 1.0.0.0. Version Checksum will be recalculated on next use.
[2018.09.20-22.46.53:440][  0]LogDerivedDataCache: Saved boot cache 0.40s 71MB C:/Users/Whitney/AppData/Local/UnrealEngine/4.20/DerivedDataCache/Boot.ddc.
[2018.09.20-22.46.53:448][  0]LogInit: Texture streaming: Enabled
[2018.09.20-22.46.53:464][  0]LogEngineSessionManager: EngineSessionManager initialized
[2018.09.20-22.46.53:477][  0]LogInit: Transaction tracking system initialized
[2018.09.20-22.46.53:500][  0]BlueprintLog: New page: Editor Load
[2018.09.20-22.46.53:575][  0]LocalizationService: Localization service is disabled
[2018.09.20-22.46.53:827][  0]LogCook: Display: Max memory allowance for cook 16384mb min free memory 0mb
[2018.09.20-22.46.53:827][  0]LogCook: Display: Mobile HDR setting 1
[2018.09.20-22.46.53:827][  0]LogGameplayTags: Display: UGameplayTagsManager::DoneAddingNativeTags. DelegateIsBound: 0
[2018.09.20-22.46.53:827][  0]LogStats: UGameplayTagsManager::ConstructGameplayTagTree: ImportINI prefixes -  0.000 s
[2018.09.20-22.46.53:827][  0]LogStats: UGameplayTagsManager::ConstructGameplayTagTree: Construct from data asset -  0.000 s
[2018.09.20-22.46.53:827][  0]LogStats: UGameplayTagsManager::ConstructGameplayTagTree: ImportINI -  0.000 s
[2018.09.20-22.46.53:827][  0]LogStats: UGameplayTagsManager::ConstructGameplayTagTree: GameplayTagTreeChangedEvent.Broadcast -  0.000 s
[2018.09.20-22.46.53:940][  0]LogFileCache: Scanning file cache for directory 'C:/Users/Whitney/Documents/GitHub/Unreal/MetroidDemo/Content/' took 0.01s
[2018.09.20-22.46.53:940][  0]SourceControl: Source control is disabled
[2018.09.20-22.46.53:941][  0]Cmd: MAP LOAD FILE="../../../../../../Users/Whitney/Documents/GitHub/Unreal/MetroidDemo/Content/Demo/Maps/Level_01.umap" TEMPLATE=0 SHOWPROGRESS=1 FEATURELEVEL=3
[2018.09.20-22.46.53:941][  0]LightingResults: New page: Lighting Build
[2018.09.20-22.46.53:944][  0]MapCheck: New page: Map Check
[2018.09.20-22.46.53:944][  0]LightingResults: New page: Lighting Build
[2018.09.20-22.46.54:202][  0]LogAIModule: Creating AISystem for world Level_01
[2018.09.20-22.46.54:211][  0]LogEditorServer: Finished looking for orphan Actors (0.000 secs)
[2018.09.20-22.46.54:233][  0]Cmd: MAP CHECKDEP NOCLEARLOG
[2018.09.20-22.46.54:309][  0]MapCheck: Map check complete: 0 Error(s), 0 Warning(s), took 75.89ms to complete.
[2018.09.20-22.46.54:309][  0]LogFileHelpers: Loading map 'Level_01' took 0.368
[2018.09.20-22.46.54:483][  0]LogSlate: Updating window title bar state: overlay mode, drag disabled, window buttons hidden, title bar hidden
[2018.09.20-22.46.54:490][  0]LogSlate: Updating window title bar state: overlay mode, drag disabled, window buttons hidden, title bar hidden
[2018.09.20-22.46.54:497][  0]LogSlate: Updating window title bar state: overlay mode, drag disabled, window buttons hidden, title bar hidden
[2018.09.20-22.46.54:504][  0]LogSlate: Updating window title bar state: overlay mode, drag disabled, window buttons hidden, title bar hidden
[2018.09.20-22.46.54:512][  0]LogCollectionManager: Loaded 0 collections in 0.001820 seconds
[2018.09.20-22.46.54:552][  0]LogFileCache: Scanning file cache for directory 'C:/Users/Whitney/Documents/GitHub/Unreal/MetroidDemo/Saved/Collections/' took 0.01s
[2018.09.20-22.46.54:552][  0]LogFileCache: Scanning file cache for directory 'C:/Users/Whitney/Documents/GitHub/Unreal/MetroidDemo/Content/Developers/Whitney/Collections/' took 0.01s
[2018.09.20-22.46.54:552][  0]LogFileCache: Scanning file cache for directory 'C:/Users/Whitney/Documents/GitHub/Unreal/MetroidDemo/Content/Collections/' took 0.01s
[2018.09.20-22.46.54:552][  0]LogCollectionManager: Rebuilt the GUID cache for 0 collections in 0.000001 seconds
[2018.09.20-22.46.54:561][  0]LogContentBrowser: Native class hierarchy populated in 0.0088 seconds. Added 2572 classes and 603 folders.
[2018.09.20-22.46.54:567][  0]LogContentBrowser: Native class hierarchy updated for 'WidgetCarousel' in 0.0003 seconds. Added 0 classes and 0 folders.
[2018.09.20-22.46.55:083][  0]LogContentBrowser: Native class hierarchy updated for 'AddContentDialog' in 0.0005 seconds. Added 0 classes and 0 folders.
[2018.09.20-22.46.55:089][  0]LogContentBrowser: Native class hierarchy updated for 'SceneOutliner' in 0.0004 seconds. Added 1 classes and 2 folders.
[2018.09.20-22.46.55:153][  0]LogSlate: Took 0.000304 seconds to synchronously load lazily loaded font '../../../Engine/Content/Slate/Fonts/Roboto-Regular.ttf' (155K)
[2018.09.20-22.46.55:155][  0]LogSlate: Took 0.000167 seconds to synchronously load lazily loaded font '../../../Engine/Content/Slate/Fonts/Roboto-Bold.ttf' (160K)
[2018.09.20-22.46.55:159][  0]LogSlate: Took 0.000195 seconds to synchronously load lazily loaded font '../../../Engine/Content/Editor/Slate/Fonts/FontAwesome.ttf' (139K)
[2018.09.20-22.46.55:240][  0]LogRenderer: Reallocating scene render targets to support 856x372 Format 10 NumSamples 1 (Frame:1).
[2018.09.20-22.46.55:460][  0]LogContentBrowser: Native class hierarchy updated for 'HierarchicalLODOutliner' in 0.0003 seconds. Added 0 classes and 0 folders.
[2018.09.20-22.46.55:460][  0]LogLoad: (Engine Initialization) Total time: 9.33 seconds
[2018.09.20-22.46.55:460][  0]LogLoad: (Engine Initialization) Total Blueprint compile time: 0.00 seconds
[2018.09.20-22.46.55:504][  0]LogContentStreaming: Texture pool size now 1000 MB
[2018.09.20-22.46.55:530][  0]LogSlate: Took 0.000160 seconds to synchronously load lazily loaded font '../../../Engine/Content/Slate/Fonts/Roboto-Light.ttf' (167K)
[2018.09.20-22.46.55:559][  1]LogAssetRegistry: Asset discovery search completed in 5.2134 seconds
[2018.09.20-22.46.55:560][  1]LogCollectionManager: Rebuilt the object cache for 0 collections in 0.000000 seconds (found 0 objects)
[2018.09.20-22.46.55:560][  1]LogCollectionManager: Fixed up redirectors for 0 collections in 0.000047 seconds (updated 0 objects)
[2018.09.20-22.47.07:270][ 36]LogSlate: FSceneViewport::OnFocusLost() reason 0
[2018.09.20-22.47.10:678][227]LogSlate: Took 0.000188 seconds to synchronously load lazily loaded font '../../../Engine/Content/Slate/Fonts/Roboto-Light.ttf' (167K)
[2018.09.20-22.47.10:769][227]LogSlate: Took 0.053935 seconds to synchronously load lazily loaded font '../../../Engine/Content/Slate/Fonts/Roboto-BoldCondensed.ttf' (158K)
[2018.09.20-22.47.13:970][336]LogSlate: Window 'Extract sprites' being destroyed
[2018.09.20-22.47.15:273][383]LogAssetEditorManager: Opening Asset editor for PaperSprite /Game/Demo/Sprites/Background_Elements/sheets/tiles_grassrock_Sprite_0.tiles_grassrock_Sprite_0
[2018.09.20-22.47.17:911][454]LogSlate: Window 'tiles_grassrock_Sprite_0*' being destroyed
[2018.09.20-22.47.17:917][454]LogSlate: Window 'tiles_grassrock_Sprite_0*' being destroyed
[2018.09.20-22.47.23:383][674]LogSlate: FSceneViewport::OnFocusLost() reason 0
[2018.09.20-22.47.29:663][922]LogTemp: Repeating last play command: New Editor Window (PIE)
[2018.09.20-22.47.29:687][922]LogBlueprintUserMessages: Early PlayInEditor Detection: Level '/Game/Demo/Maps/Level_01.Level_01:PersistentLevel' has LevelScriptBlueprint '/Game/Demo/Maps/Level_01.Level_01:PersistentLevel.Level_01' with GeneratedClass '/Game/Demo/Maps/Level_01.Level_01_C' with ClassGeneratedBy '/Game/Demo/Maps/Level_01.Level_01:PersistentLevel.Level_01'
[2018.09.20-22.47.29:687][922]LogPlayLevel: PlayLevel: No blueprints needed recompiling
[2018.09.20-22.47.29:699][922]PIE: New page: PIE session: Level_01 (Sep 20, 2018, 2:47:29 PM)
[2018.09.20-22.47.29:699][922]LogPlayLevel: Creating play world package: /Game/Demo/Maps/UEDPIE_0_Level_01
[2018.09.20-22.47.29:705][922]LogPlayLevel: PIE: StaticDuplicateObject took: (0.006249s)
[2018.09.20-22.47.29:706][922]LogAIModule: Creating AISystem for world Level_01
[2018.09.20-22.47.29:707][922]LogPlayLevel: PIE: World Init took: (0.001048s)
[2018.09.20-22.47.29:707][922]LogPlayLevel: PIE: Created PIE world by copying editor world from /Game/Demo/Maps/Level_01.Level_01 to /Game/Demo/Maps/UEDPIE_0_Level_01.Level_01 (0.007463s)
[2018.09.20-22.47.29:733][922]LogInit: XAudio2 using 'Speakers / Headphones (Realtek Audio)' : 2 channels at 48 kHz using 32 bits per sample (channel mask 0x3)
[2018.09.20-22.47.29:822][922]LogInit: FAudioDevice initialized.
[2018.09.20-22.47.29:827][922]LogSlate: Updating window title bar state: overlay mode, drag disabled, window buttons hidden, title bar hidden
[2018.09.20-22.47.29:873][922]LogLoad: Game class is '2DSideScrollerGameMode_C'
[2018.09.20-22.47.29:877][922]LogWorld: Bringing World /Game/Demo/Maps/UEDPIE_0_Level_01.Level_01 up for play (max tick rate 60) at 2018.09.20-18.47.29
[2018.09.20-22.47.29:878][922]LogWorld: Bringing up level for play took: 0.003641
[2018.09.20-22.47.29:951][922]LogContentBrowser: Native class hierarchy updated for 'MovieSceneCapture' in 0.0005 seconds. Added 10 classes and 0 folders.
[2018.09.20-22.47.29:956][922]PIE: Play in editor start time for /Game/Demo/Maps/UEDPIE_0_Level_01 0.826
[2018.09.20-22.47.29:957][922]LogBlueprintUserMessages: Late PlayInEditor Detection: Level '/Game/Demo/Maps/Level_01.Level_01:PersistentLevel' has LevelScriptBlueprint '/Game/Demo/Maps/Level_01.Level_01:PersistentLevel.Level_01' with GeneratedClass '/Game/Demo/Maps/Level_01.Level_01_C' with ClassGeneratedBy '/Game/Demo/Maps/Level_01.Level_01:PersistentLevel.Level_01'
[2018.09.20-22.47.30:025][922]LogRenderer: Reallocating scene render targets to support 1332x916 Format 10 NumSamples 1 (Frame:1).
[2018.09.20-22.47.30:156][923]LogCharacterMovement: Warning: GetSimulationTimeStep() - Max iterations 8 hit while remaining time 0.078098 > MaxSimulationTimeStep (0.050) for '2D_Guy_C_0', movement 'Walking'
[2018.09.20-22.47.40:985][235]LogBlueprintUserMessages: Early EndPlayMap Detection: Level '/Game/Demo/Maps/Level_01.Level_01:PersistentLevel' has LevelScriptBlueprint '/Game/Demo/Maps/Level_01.Level_01:PersistentLevel.Level_01' with GeneratedClass '/Game/Demo/Maps/Level_01.Level_01_C' with ClassGeneratedBy '/Game/Demo/Maps/Level_01.Level_01:PersistentLevel.Level_01'
[2018.09.20-22.47.40:985][235]LogSlate: Updating window title bar state: overlay mode, drag disabled, window buttons hidden, title bar hidden
[2018.09.20-22.47.41:015][235]LogSlate: Window 'MetroidDemo Game Preview Standalone (64-bit/PCD3D_SM5)' being destroyed
[2018.09.20-22.47.41:067][235]LogPlayLevel: Display: Shutting down PIE online subsystems
[2018.09.20-22.47.41:068][235]LogBlueprintUserMessages: Late EndPlayMap Detection: Level '/Game/Demo/Maps/Level_01.Level_01:PersistentLevel' has LevelScriptBlueprint '/Game/Demo/Maps/Level_01.Level_01:PersistentLevel.Level_01' with GeneratedClass '/Game/Demo/Maps/Level_01.Level_01_C' with ClassGeneratedBy '/Game/Demo/Maps/Level_01.Level_01:PersistentLevel.Level_01'
[2018.09.20-22.47.41:167][236]LogPlayLevel: Display: Destroying online subsystem :Context_3
[2018.09.20-22.47.47:061][405]LogEditorViewport: Clicking on Actor (LMB): PaperSpriteActor (tree_blue_Sprite)
[2018.09.20-22.47.49:895][477]LogSlate: FSceneViewport::OnFocusLost() reason 0
[2018.09.20-22.47.51:967][546]LogSlate: FSceneViewport::OnFocusLost() reason 2
[2018.09.20-22.47.54:377][606]LogSlate: FSceneViewport::OnFocusLost() reason 0
[2018.09.20-22.47.59:426][728]LogEditorViewport: Clicking on Actor (LMB): PaperSpriteActor (tiles_grassrock_Sprite_1)
[2018.09.20-22.48.08:043][967]LogEditorViewport: Clicking Background
[2018.09.20-22.48.10:376][ 39]LogSlate: FSceneViewport::OnFocusLost() reason 0
[2018.09.20-22.48.13:541][135]LogSlate: FSceneViewport::OnFocusLost() reason 0
[2018.09.20-22.48.17:031][240]LogEditorViewport: Clicking on Actor (LMB): PaperSpriteActor (block_8)
[2018.09.20-22.48.18:342][277]LogEditorViewport: Clicking on Actor (LMB): PaperSpriteActor (tiles_grassrock_Sprite_3)
[2018.09.20-22.48.24:616][463]LogEditorViewport: Clicking Background
[2018.09.20-22.48.25:847][496]LogEditorViewport: Clicking on Actor (LMB): PaperSpriteActor (tiles_grassrock_Sprite_3)
[2018.09.20-22.48.27:160][532]LogEditorViewport: Clicking Background
[2018.09.20-22.48.29:099][591]LogSlate: FSceneViewport::OnFocusLost() reason 0
[2018.09.20-22.48.29:188][595]LogTemp: Repeating last play command: New Editor Window (PIE)
[2018.09.20-22.48.29:210][595]LogBlueprintUserMessages: Early PlayInEditor Detection: Level '/Game/Demo/Maps/Level_01.Level_01:PersistentLevel' has LevelScriptBlueprint '/Game/Demo/Maps/Level_01.Level_01:PersistentLevel.Level_01' with GeneratedClass '/Game/Demo/Maps/Level_01.Level_01_C' with ClassGeneratedBy '/Game/Demo/Maps/Level_01.Level_01:PersistentLevel.Level_01'
[2018.09.20-22.48.29:210][595]LogPlayLevel: PlayLevel: No blueprints needed recompiling
[2018.09.20-22.48.29:210][595]PIE: New page: PIE session: Level_01 (Sep 20, 2018, 2:48:29 PM)
[2018.09.20-22.48.29:211][595]LogPlayLevel: Creating play world package: /Game/Demo/Maps/UEDPIE_0_Level_01
[2018.09.20-22.48.29:218][595]LogPlayLevel: PIE: StaticDuplicateObject took: (0.007384s)
[2018.09.20-22.48.29:219][595]LogAIModule: Creating AISystem for world Level_01
[2018.09.20-22.48.29:219][595]LogPlayLevel: PIE: World Init took: (0.000769s)
[2018.09.20-22.48.29:219][595]LogPlayLevel: PIE: Created PIE world by copying editor world from /Game/Demo/Maps/Level_01.Level_01 to /Game/Demo/Maps/UEDPIE_0_Level_01.Level_01 (0.008353s)
[2018.09.20-22.48.29:246][595]LogInit: XAudio2 using 'Speakers / Headphones (Realtek Audio)' : 2 channels at 48 kHz using 32 bits per sample (channel mask 0x3)
[2018.09.20-22.48.29:336][595]LogInit: FAudioDevice initialized.
[2018.09.20-22.48.29:343][595]LogSlate: Updating window title bar state: overlay mode, drag disabled, window buttons hidden, title bar hidden
[2018.09.20-22.48.29:381][595]LogLoad: Game class is '2DSideScrollerGameMode_C'
[2018.09.20-22.48.29:385][595]LogWorld: Bringing World /Game/Demo/Maps/UEDPIE_0_Level_01.Level_01 up for play (max tick rate 60) at 2018.09.20-18.48.29
[2018.09.20-22.48.29:386][595]LogWorld: Bringing up level for play took: 0.004168
[2018.09.20-22.48.29:401][595]PIE: Play in editor start time for /Game/Demo/Maps/UEDPIE_0_Level_01 0.27
[2018.09.20-22.48.29:401][595]LogBlueprintUserMessages: Late PlayInEditor Detection: Level '/Game/Demo/Maps/Level_01.Level_01:PersistentLevel' has LevelScriptBlueprint '/Game/Demo/Maps/Level_01.Level_01:PersistentLevel.Level_01' with GeneratedClass '/Game/Demo/Maps/Level_01.Level_01_C' with ClassGeneratedBy '/Game/Demo/Maps/Level_01.Level_01:PersistentLevel.Level_01'
[2018.09.20-22.48.29:571][596]LogCharacterMovement: Warning: GetSimulationTimeStep() - Max iterations 8 hit while remaining time 0.057696 > MaxSimulationTimeStep (0.050) for '2D_Guy_C_0', movement 'Walking'
[2018.09.20-22.49.31:392][452]LogBlueprintUserMessages: Early EndPlayMap Detection: Level '/Game/Demo/Maps/Level_01.Level_01:PersistentLevel' has LevelScriptBlueprint '/Game/Demo/Maps/Level_01.Level_01:PersistentLevel.Level_01' with GeneratedClass '/Game/Demo/Maps/Level_01.Level_01_C' with ClassGeneratedBy '/Game/Demo/Maps/Level_01.Level_01:PersistentLevel.Level_01'
[2018.09.20-22.49.31:393][452]LogSlate: Updating window title bar state: overlay mode, drag disabled, window buttons hidden, title bar hidden
[2018.09.20-22.49.31:428][452]LogSlate: Window 'MetroidDemo Game Preview Standalone (64-bit/PCD3D_SM5)' being destroyed
[2018.09.20-22.49.31:480][452]LogPlayLevel: Display: Shutting down PIE online subsystems
[2018.09.20-22.49.31:480][452]LogBlueprintUserMessages: Late EndPlayMap Detection: Level '/Game/Demo/Maps/Level_01.Level_01:PersistentLevel' has LevelScriptBlueprint '/Game/Demo/Maps/Level_01.Level_01:PersistentLevel.Level_01' with GeneratedClass '/Game/Demo/Maps/Level_01.Level_01_C' with ClassGeneratedBy '/Game/Demo/Maps/Level_01.Level_01:PersistentLevel.Level_01'
[2018.09.20-22.49.31:527][453]LogPlayLevel: Display: Destroying online subsystem :Context_4
[2018.09.20-22.49.33:857][516]LogEditorViewport: Clicking on Actor (LMB): PaperSpriteActor (potions_Sprite_1)
[2018.09.20-22.49.35:394][546]LogSlate: FSceneViewport::OnFocusLost() reason 0
[2018.09.20-22.49.38:860][643]LogEditorViewport: Clicking on Actor (LMB): PaperSpriteActor (potions_Sprite_0)
[2018.09.20-22.49.40:878][698]LogSlate: FSceneViewport::OnFocusLost() reason 0
[2018.09.20-22.49.43:089][768]LogTemp: Repeating last play command: New Editor Window (PIE)
[2018.09.20-22.49.43:126][768]LogBlueprintUserMessages: Early PlayInEditor Detection: Level '/Game/Demo/Maps/Level_01.Level_01:PersistentLevel' has LevelScriptBlueprint '/Game/Demo/Maps/Level_01.Level_01:PersistentLevel.Level_01' with GeneratedClass '/Game/Demo/Maps/Level_01.Level_01_C' with ClassGeneratedBy '/Game/Demo/Maps/Level_01.Level_01:PersistentLevel.Level_01'
[2018.09.20-22.49.43:126][768]LogPlayLevel: PlayLevel: No blueprints needed recompiling
[2018.09.20-22.49.43:126][768]PIE: New page: PIE session: Level_01 (Sep 20, 2018, 2:49:43 PM)
[2018.09.20-22.49.43:126][768]LogPlayLevel: Creating play world package: /Game/Demo/Maps/UEDPIE_0_Level_01
[2018.09.20-22.49.43:134][768]LogPlayLevel: PIE: StaticDuplicateObject took: (0.007836s)
[2018.09.20-22.49.43:135][768]LogAIModule: Creating AISystem for world Level_01
[2018.09.20-22.49.43:135][768]LogPlayLevel: PIE: World Init took: (0.000862s)
[2018.09.20-22.49.43:135][768]LogPlayLevel: PIE: Created PIE world by copying editor world from /Game/Demo/Maps/Level_01.Level_01 to /Game/Demo/Maps/UEDPIE_0_Level_01.Level_01 (0.008867s)
[2018.09.20-22.49.43:165][768]LogInit: XAudio2 using 'Speakers / Headphones (Realtek Audio)' : 2 channels at 48 kHz using 32 bits per sample (channel mask 0x3)
[2018.09.20-22.49.43:256][768]LogInit: FAudioDevice initialized.
[2018.09.20-22.49.43:263][768]LogSlate: Updating window title bar state: overlay mode, drag disabled, window buttons hidden, title bar hidden
[2018.09.20-22.49.43:300][768]LogLoad: Game class is '2DSideScrollerGameMode_C'
[2018.09.20-22.49.43:305][768]LogWorld: Bringing World /Game/Demo/Maps/UEDPIE_0_Level_01.Level_01 up for play (max tick rate 60) at 2018.09.20-18.49.43
[2018.09.20-22.49.43:305][768]LogWorld: Bringing up level for play took: 0.004648
[2018.09.20-22.49.43:323][768]PIE: Play in editor start time for /Game/Demo/Maps/UEDPIE_0_Level_01 0.192
[2018.09.20-22.49.43:323][768]LogBlueprintUserMessages: Late PlayInEditor Detection: Level '/Game/Demo/Maps/Level_01.Level_01:PersistentLevel' has LevelScriptBlueprint '/Game/Demo/Maps/Level_01.Level_01:PersistentLevel.Level_01' with GeneratedClass '/Game/Demo/Maps/Level_01.Level_01_C' with ClassGeneratedBy '/Game/Demo/Maps/Level_01.Level_01:PersistentLevel.Level_01'
[2018.09.20-22.49.43:451][769]LogCharacterMovement: Warning: GetSimulationTimeStep() - Max iterations 8 hit while remaining time 0.051515 > MaxSimulationTimeStep (0.050) for '2D_Guy_C_0', movement 'Walking'
[2018.09.20-22.50.08:903][531]LogBlueprintUserMessages: Early EndPlayMap Detection: Level '/Game/Demo/Maps/Level_01.Level_01:PersistentLevel' has LevelScriptBlueprint '/Game/Demo/Maps/Level_01.Level_01:PersistentLevel.Level_01' with GeneratedClass '/Game/Demo/Maps/Level_01.Level_01_C' with ClassGeneratedBy '/Game/Demo/Maps/Level_01.Level_01:PersistentLevel.Level_01'
[2018.09.20-22.50.08:904][531]LogSlate: Updating window title bar state: overlay mode, drag disabled, window buttons hidden, title bar hidden
[2018.09.20-22.50.08:939][531]LogSlate: Window 'MetroidDemo Game Preview Standalone (64-bit/PCD3D_SM5)' being destroyed
[2018.09.20-22.50.08:972][531]LogPlayLevel: Display: Shutting down PIE online subsystems
[2018.09.20-22.50.08:972][531]LogBlueprintUserMessages: Late EndPlayMap Detection: Level '/Game/Demo/Maps/Level_01.Level_01:PersistentLevel' has LevelScriptBlueprint '/Game/Demo/Maps/Level_01.Level_01:PersistentLevel.Level_01' with GeneratedClass '/Game/Demo/Maps/Level_01.Level_01_C' with ClassGeneratedBy '/Game/Demo/Maps/Level_01.Level_01:PersistentLevel.Level_01'
[2018.09.20-22.50.09:081][532]LogPlayLevel: Display: Destroying online subsystem :Context_5
[2018.09.20-22.50.33:527][618]Cmd: OBJ SAVEPACKAGE PACKAGE="/Game/Demo/Sprites/potions_Sprite_0" FILE="../../../../../../Users/Whitney/Documents/GitHub/Unreal/MetroidDemo/Content/Demo/Sprites/potions_Sprite_0.uasset" SILENT=true
[2018.09.20-22.50.33:539][618]LogSavePackage: Moving '../../../../../../Users/Whitney/Documents/GitHub/Unreal/MetroidDemo/Saved/potions_Sprite_02601C0164170FE7AE302BFB555E5F5F1.tmp' to '../../../../../../Users/Whitney/Documents/GitHub/Unreal/MetroidDemo/Content/Demo/Sprites/potions_Sprite_0.uasset'
[2018.09.20-22.50.33:577][618]LogSavePackage: Moving '../../../../../../Users/Whitney/Documents/GitHub/Unreal/MetroidDemo/Saved/potions_Sprite_060B357844DA207FCB07EB8A16C671350.tmp' to '../../../../../../Users/Whitney/Documents/GitHub/Unreal/MetroidDemo/Content/Demo/Sprites/Background_Elements/sheets/potions_Sprite_0.uasset'
[2018.09.20-22.50.33:593][618]Cmd: OBJ SAVEPACKAGE PACKAGE="/Game/Demo/Sprites/potions_Sprite_1" FILE="../../../../../../Users/Whitney/Documents/GitHub/Unreal/MetroidDemo/Content/Demo/Sprites/potions_Sprite_1.uasset" SILENT=true
[2018.09.20-22.50.33:603][618]LogSavePackage: Moving '../../../../../../Users/Whitney/Documents/GitHub/Unreal/MetroidDemo/Saved/potions_Sprite_1BAC5802F47699A26E8305A9890F937E2.tmp' to '../../../../../../Users/Whitney/Documents/GitHub/Unreal/MetroidDemo/Content/Demo/Sprites/potions_Sprite_1.uasset'
[2018.09.20-22.50.33:631][618]LogSavePackage: Moving '../../../../../../Users/Whitney/Documents/GitHub/Unreal/MetroidDemo/Saved/potions_Sprite_1FE777B1F4FB0E45FF872B4B8ADF6FBC3.tmp' to '../../../../../../Users/Whitney/Documents/GitHub/Unreal/MetroidDemo/Content/Demo/Sprites/Background_Elements/sheets/potions_Sprite_1.uasset'
[2018.09.20-22.50.38:851][839]LogSavePackage: Moving '../../../../../../Users/Whitney/Documents/GitHub/Unreal/MetroidDemo/Saved/tiles_grassrock_Sprite_0A2A670914262B25983B0A0AE40F25626.tmp' to '../../../../../../Users/Whitney/Documents/GitHub/Unreal/MetroidDemo/Content/Demo/Sprites/tiles_grassrock_Sprite_0.uasset'
[2018.09.20-22.50.38:875][839]LogSavePackage: Moving '../../../../../../Users/Whitney/Documents/GitHub/Unreal/MetroidDemo/Saved/tiles_grassrock_Sprite_182AB92D84FAAC978900E38A2F25D2148.tmp' to '../../../../../../Users/Whitney/Documents/GitHub/Unreal/MetroidDemo/Content/Demo/Sprites/tiles_grassrock_Sprite_1.uasset'
[2018.09.20-22.50.38:899][839]LogSavePackage: Moving '../../../../../../Users/Whitney/Documents/GitHub/Unreal/MetroidDemo/Saved/tiles_grassrock_Sprite_200FDB7A042E377D4DCDA0D83A656AAD5.tmp' to '../../../../../../Users/Whitney/Documents/GitHub/Unreal/MetroidDemo/Content/Demo/Sprites/tiles_grassrock_Sprite_2.uasset'
[2018.09.20-22.50.38:923][839]LogSavePackage: Moving '../../../../../../Users/Whitney/Documents/GitHub/Unreal/MetroidDemo/Saved/tiles_grassrock_Sprite_3A3C7CD4F42CE706866B8729AEFA18943.tmp' to '../../../../../../Users/Whitney/Documents/GitHub/Unreal/MetroidDemo/Content/Demo/Sprites/tiles_grassrock_Sprite_3.uasset'
[2018.09.20-22.50.44:655][ 35]LogSavePackage: Moving '../../../../../../Users/Whitney/Documents/GitHub/Unreal/MetroidDemo/Saved/Level_019618B6064E4056C388025E8C29A0EAE1.tmp' to '../../../../../../Users/Whitney/Documents/GitHub/Unreal/MetroidDemo/Content/Demo/Maps/Level_01.umap'
[2018.09.20-22.50.44:688][ 35]LogFileHelpers: Saving map 'Level_01' took 0.305
[2018.09.20-22.50.45:889][ 68]LogSlate: Window 'MetroidDemo - Unreal Editor' being destroyed
[2018.09.20-22.50.45:894][ 68]LogWindowsTextInputMethodSystem: Display: IME system now deactivated.
[2018.09.20-22.50.46:210][ 69]Cmd: QUIT_EDITOR
[2018.09.20-22.50.46:556][ 69]LogExit: Preparing to exit.
[2018.09.20-22.50.47:428][ 69]LogExit: Editor shut down
[2018.09.20-22.50.47:428][ 69]LogExit: Transaction tracking system shut down
[2018.09.20-22.50.47:987][ 69]LogExit: Object subsystem successfully closed.
[2018.09.20-22.50.48:012][ 69]LogShaderCompilers: Display: Shaders left to compile 0
[2018.09.20-22.50.48:022][ 69]LogD3D11RHI: Shutdown
[2018.09.20-22.50.48:022][ 69]LogD3D11RHI: CleanupD3DDevice
[2018.09.20-22.50.48:041][ 69]LogD3D11RHI: ~FD3D11DynamicRHI
[2018.09.20-22.50.48:073][ 69]LogModuleManager: Shutting down and abandoning module MovieSceneCapture (614)
[2018.09.20-22.50.48:073][ 69]LogModuleManager: Shutting down and abandoning module Voice (612)
[2018.09.20-22.50.48:073][ 69]LogModuleManager: Shutting down and abandoning module HierarchicalLODOutliner (610)
[2018.09.20-22.50.48:073][ 69]LogModuleManager: Shutting down and abandoning module SceneOutliner (608)
[2018.09.20-22.50.48:073][ 69]LogModuleManager: Shutting down and abandoning module AddContentDialog (606)
[2018.09.20-22.50.48:073][ 69]LogModuleManager: Shutting down and abandoning module WidgetCarousel (605)
[2018.09.20-22.50.48:073][ 69]LogModuleManager: Shutting down and abandoning module EditorWidgets (602)
[2018.09.20-22.50.48:073][ 69]LogModuleManager: Shutting down and abandoning module CollectionManager (600)
[2018.09.20-22.50.48:074][ 69]LogModuleManager: Shutting down and abandoning module StatsViewer (598)
[2018.09.20-22.50.48:074][ 69]LogModuleManager: Shutting down and abandoning module FoliageEdit (596)
[2018.09.20-22.50.48:074][ 69]LogModuleManager: Shutting down and abandoning module LandscapeEditor (594)
[2018.09.20-22.50.48:074][ 69]LogModuleManager: Shutting down and abandoning module MeshPaintMode (592)
[2018.09.20-22.50.48:074][ 69]LogModuleManager: Shutting down and abandoning module SceneDepthPickerMode (590)
[2018.09.20-22.50.48:074][ 69]LogModuleManager: Shutting down and abandoning module ActorPickerMode (588)
[2018.09.20-22.50.48:074][ 69]LogModuleManager: Shutting down and abandoning module GeometryMode (586)
[2018.09.20-22.50.48:074][ 69]LogModuleManager: Shutting down and abandoning module TextureAlignMode (584)
[2018.09.20-22.50.48:074][ 69]LogModuleManager: Shutting down and abandoning module BspMode (582)
[2018.09.20-22.50.48:074][ 69]LogModuleManager: Shutting down and abandoning module PIEPreviewDeviceProfileSelector (580)
[2018.09.20-22.50.48:074][ 69]LogModuleManager: Shutting down and abandoning module SequenceRecorderSections (578)
[2018.09.20-22.50.48:074][ 69]LogModuleManager: Shutting down and abandoning module AutomationWorker (576)
[2018.09.20-22.50.48:074][ 69]LogModuleManager: Shutting down and abandoning module AudioCaptureEditor (574)
[2018.09.20-22.50.48:074][ 69]LogModuleManager: Shutting down and abandoning module SequenceRecorder (573)
[2018.09.20-22.50.48:074][ 69]LogModuleManager: Shutting down and abandoning module MatineeToLevelSequence (570)
[2018.09.20-22.50.48:074][ 69]LogModuleManager: Shutting down and abandoning module LevelSequenceEditor (568)
[2018.09.20-22.50.48:074][ 69]LogModuleManager: Shutting down and abandoning module PlacementMode (567)
[2018.09.20-22.50.48:074][ 69]LogModuleManager: Shutting down and abandoning module MaterialEditor (566)
[2018.09.20-22.50.48:074][ 69]LogModuleManager: Shutting down and abandoning module WmfMediaFactory (562)
[2018.09.20-22.50.48:074][ 69]LogModuleManager: Shutting down and abandoning module WmfMediaEditor (560)
[2018.09.20-22.50.48:074][ 69]LogModuleManager: Shutting down and abandoning module MediaPlayerEditor (558)
[2018.09.20-22.50.48:074][ 69]LogModuleManager: Shutting down and abandoning module OpenExrWrapper (556)
[2018.09.20-22.50.48:074][ 69]LogModuleManager: Shutting down and abandoning module ImgMediaFactory (554)
[2018.09.20-22.50.48:074][ 69]LogModuleManager: Shutting down and abandoning module ImgMediaEditor (552)
[2018.09.20-22.50.48:074][ 69]LogModuleManager: Shutting down and abandoning module AvfMediaFactory (550)
[2018.09.20-22.50.48:074][ 69]LogModuleManager: Shutting down and abandoning module AvfMediaEditor (548)
[2018.09.20-22.50.48:074][ 69]LogModuleManager: Shutting down and abandoning module AndroidMediaFactory (546)
[2018.09.20-22.50.48:074][ 69]LogModuleManager: Shutting down and abandoning module AndroidMediaEditor (544)
[2018.09.20-22.50.48:074][ 69]LogModuleManager: Shutting down and abandoning module MagicLeapCameraPreviewFactory (542)
[2018.09.20-22.50.48:074][ 69]LogModuleManager: Shutting down and abandoning module MagicLeapMediaFactory (540)
[2018.09.20-22.50.48:074][ 69]LogModuleManager: Shutting down and abandoning module MagicLeapMediaEditor (538)
[2018.09.20-22.50.48:074][ 69]LogModuleManager: Shutting down and abandoning module CharacterAI (536)
[2018.09.20-22.50.48:075][ 69]LogModuleManager: Shutting down and abandoning module SmartSnapping (534)
[2018.09.20-22.50.48:075][ 69]LogModuleManager: Shutting down and abandoning module SessionServices (532)
[2018.09.20-22.50.48:075][ 69]LogModuleManager: Shutting down and abandoning module ViewportSnapping (530)
[2018.09.20-22.50.48:075][ 69]LogModuleManager: Shutting down and abandoning module ViewportInteraction (528)
[2018.09.20-22.50.48:075][ 69]LogModuleManager: Shutting down and abandoning module ClothPainter (526)
[2018.09.20-22.50.48:075][ 69]LogModuleManager: Shutting down and abandoning module SkeletalMeshEditor (525)
[2018.09.20-22.50.48:075][ 69]LogModuleManager: Shutting down and abandoning module LogVisualizer (522)
[2018.09.20-22.50.48:075][ 69]LogModuleManager: Shutting down and abandoning module IntroTutorials (520)
[2018.09.20-22.50.48:075][ 69]LogModuleManager: Shutting down and abandoning module GameProjectGeneration (519)
[2018.09.20-22.50.48:075][ 69]LogModuleManager: Shutting down and abandoning module LuminPlatformEditor (516)
[2018.09.20-22.50.48:075][ 69]LogModuleManager: Shutting down and abandoning module IOSPlatformEditor (514)
[2018.09.20-22.50.48:075][ 69]LogModuleManager: Shutting down and abandoning module HTML5PlatformEditor (512)
[2018.09.20-22.50.48:075][ 69]LogModuleManager: Shutting down and abandoning module AndroidPlatformEditor (510)
[2018.09.20-22.50.48:075][ 69]LogModuleManager: Shutting down and abandoning module AndroidDeviceDetection (509)
[2018.09.20-22.50.48:719][ 69]LogModuleManager: Shutting down and abandoning module WindowsPlatformEditor (506)
[2018.09.20-22.50.48:719][ 69]LogModuleManager: Shutting down and abandoning module LuminRuntimeSettings (504)
[2018.09.20-22.50.48:719][ 69]LogModuleManager: Shutting down and abandoning module IOSRuntimeSettings (502)
[2018.09.20-22.50.48:719][ 69]LogModuleManager: Shutting down and abandoning module AndroidRuntimeSettings (500)
[2018.09.20-22.50.48:719][ 69]LogModuleManager: Shutting down and abandoning module InputBindingEditor (498)
[2018.09.20-22.50.48:719][ 69]LogModuleManager: Shutting down and abandoning module MergeActors (496)
[2018.09.20-22.50.48:719][ 69]LogModuleManager: Shutting down and abandoning module LocalizationDashboard (494)
[2018.09.20-22.50.48:719][ 69]LogModuleManager: Shutting down and abandoning module LocalizationService (493)
[2018.09.20-22.50.48:720][ 69]LogModuleManager: Shutting down and abandoning module HardwareTargeting (490)
[2018.09.20-22.50.48:720][ 69]LogModuleManager: Shutting down and abandoning module DeviceProfileEditor (488)
[2018.09.20-22.50.48:720][ 69]LogModuleManager: Shutting down and abandoning module UndoHistory (486)
[2018.09.20-22.50.48:720][ 69]LogModuleManager: Shutting down and abandoning module XmlParser (484)
[2018.09.20-22.50.48:720][ 69]LogModuleManager: Shutting down and abandoning module Blutility (482)
[2018.09.20-22.50.48:720][ 69]LogModuleManager: Shutting down and abandoning module ProjectSettingsViewer (480)
[2018.09.20-22.50.48:720][ 69]LogModuleManager: Shutting down and abandoning module ProjectTargetPlatformEditor (479)
[2018.09.20-22.50.48:720][ 69]LogModuleManager: Shutting down and abandoning module EditorSettingsViewer (476)
[2018.09.20-22.50.48:720][ 69]LogModuleManager: Shutting down and abandoning module SettingsEditor (474)
[2018.09.20-22.50.48:720][ 69]LogModuleManager: Shutting down and abandoning module ProjectLauncher (472)
[2018.09.20-22.50.48:720][ 69]LogModuleManager: Shutting down and abandoning module SessionFrontend (470)
[2018.09.20-22.50.48:720][ 69]LogModuleManager: Shutting down and abandoning module ProfilerClient (468)
[2018.09.20-22.50.48:720][ 69]LogModuleManager: Shutting down and abandoning module DeviceManager (466)
[2018.09.20-22.50.48:720][ 69]LogModuleManager: Shutting down and abandoning module TargetDeviceServices (465)
[2018.09.20-22.50.48:762][ 69]LogModuleManager: Shutting down and abandoning module AutomationController (462)
[2018.09.20-22.50.48:762][ 69]LogModuleManager: Shutting down and abandoning module AutomationWindow (460)
[2018.09.20-22.50.48:762][ 69]LogModuleManager: Shutting down and abandoning module Layers (458)
[2018.09.20-22.50.48:762][ 69]LogModuleManager: Shutting down and abandoning module ComponentVisualizers (456)
[2018.09.20-22.50.48:762][ 69]LogModuleManager: Shutting down and abandoning module DetailCustomizations (454)
[2018.09.20-22.50.48:763][ 69]LogModuleManager: Shutting down and abandoning module PackagesDialog (452)
[2018.09.20-22.50.48:763][ 69]LogModuleManager: Shutting down and abandoning module Persona (450)
[2018.09.20-22.50.48:763][ 69]LogModuleManager: Shutting down and abandoning module AdvancedPreviewScene (449)
[2018.09.20-22.50.48:763][ 69]LogModuleManager: Shutting down and abandoning module AnimGraph (447)
[2018.09.20-22.50.48:763][ 69]LogModuleManager: Shutting down and abandoning module Kismet (444)
[2018.09.20-22.50.48:764][ 69]LogModuleManager: Shutting down and abandoning module GraphEditor (442)
[2018.09.20-22.50.48:764][ 69]LogModuleManager: Shutting down and abandoning module ClassViewer (440)
[2018.09.20-22.50.48:764][ 69]LogModuleManager: Shutting down and abandoning module Toolbox (438)
[2018.09.20-22.50.48:764][ 69]LogModuleManager: Shutting down and abandoning module ModuleUI (436)
[2018.09.20-22.50.48:764][ 69]LogModuleManager: Shutting down and abandoning module MovieSceneTools (434)
[2018.09.20-22.50.48:764][ 69]LogModuleManager: Shutting down and abandoning module OutputLog (432)
[2018.09.20-22.50.48:764][ 69]LogModuleManager: Shutting down and abandoning module GammaUI (430)
[2018.09.20-22.50.48:764][ 69]LogModuleManager: Shutting down and abandoning module Documentation (428)
[2018.09.20-22.50.48:764][ 69]LogModuleManager: Shutting down and abandoning module MovieSceneTracks (426)
[2018.09.20-22.50.48:765][ 69]LogModuleManager: Shutting down and abandoning module MovieScene (424)
[2018.09.20-22.50.48:765][ 69]LogModuleManager: Shutting down and abandoning module StreamingPauseRendering (422)
[2018.09.20-22.50.48:765][ 69]LogModuleManager: Shutting down and abandoning module LauncherPlatform (420)
[2018.09.20-22.50.48:765][ 69]LogModuleManager: Shutting down and abandoning module AnalyticsET (418)
[2018.09.20-22.50.48:765][ 69]LogModuleManager: Shutting down and abandoning module PortalServices (416)
[2018.09.20-22.50.48:765][ 69]LogModuleManager: Shutting down and abandoning module PortalRpc (414)
[2018.09.20-22.50.48:765][ 69]LogModuleManager: Shutting down and abandoning module MessagingRpc (412)
[2018.09.20-22.50.48:765][ 69]LogModuleManager: Shutting down and abandoning module AIModule (410)
[2018.09.20-22.50.48:765][ 69]LogModuleManager: Shutting down and abandoning module GameplayDebugger (409)
[2018.09.20-22.50.48:765][ 69]LogModuleManager: Shutting down and abandoning module AITestSuite (407)
[2018.09.20-22.50.48:765][ 69]LogModuleManager: Shutting down and abandoning module NavigationSystem (405)
[2018.09.20-22.50.48:765][ 69]LogModuleManager: Shutting down and abandoning module DesktopPlatform (402)
[2018.09.20-22.50.48:765][ 69]LogModuleManager: Shutting down and abandoning module ProfilerService (400)
[2018.09.20-22.50.48:931][ 69]LogModuleManager: Shutting down and abandoning module TaskGraph (398)
[2018.09.20-22.50.48:931][ 69]LogModuleManager: Shutting down and abandoning module SteamVRController (396)
[2018.09.20-22.50.48:931][ 69]LogModuleManager: Shutting down and abandoning module ProceduralMeshComponentEditor (394)
[2018.09.20-22.50.48:931][ 69]LogModuleManager: Shutting down and abandoning module ProceduralMeshComponent (392)
[2018.09.20-22.50.48:931][ 69]LogModuleManager: Shutting down and abandoning module OculusInput (390)
[2018.09.20-22.50.48:931][ 69]LogModuleManager: Shutting down and abandoning module MobilePatchingUtils (388)
[2018.09.20-22.50.48:931][ 69]LogModuleManager: Shutting down and abandoning module EditableMesh (386)
[2018.09.20-22.50.48:931][ 69]LogModuleManager: Shutting down and abandoning module CustomMeshComponent (384)
[2018.09.20-22.50.48:931][ 69]LogModuleManager: Shutting down and abandoning module CableComponent (382)
[2018.09.20-22.50.48:931][ 69]LogModuleManager: Shutting down and abandoning module AudioCapture (380)
[2018.09.20-22.50.48:931][ 69]LogModuleManager: Shutting down and abandoning module ArchVisCharacter (378)
[2018.09.20-22.50.48:931][ 69]LogModuleManager: Shutting down and abandoning module AndroidPermission (376)
[2018.09.20-22.50.48:931][ 69]LogModuleManager: Shutting down and abandoning module NUTUnrealEngine4 (374)
[2018.09.20-22.50.48:931][ 69]LogModuleManager: Shutting down and abandoning module NetcodeUnitTest (372)
[2018.09.20-22.50.48:931][ 69]LogModuleManager: Shutting down and abandoning module MediaCompositingEditor (370)
[2018.09.20-22.50.48:931][ 69]LogModuleManager: Shutting down and abandoning module MediaCompositing (368)
[2018.09.20-22.50.48:931][ 69]LogModuleManager: Shutting down and abandoning module LinearTimecode (366)
[2018.09.20-22.50.48:931][ 69]LogModuleManager: Shutting down and abandoning module ImgMedia (364)
[2018.09.20-22.50.48:938][ 69]LogModuleManager: Shutting down and abandoning module HTML5Networking (362)
[2018.09.20-22.50.48:938][ 69]LogModuleManager: Shutting down and abandoning module GeometryCacheTracks (360)
[2018.09.20-22.50.48:938][ 69]LogModuleManager: Shutting down and abandoning module GeometryCacheSequencer (358)
[2018.09.20-22.50.48:938][ 69]LogModuleManager: Shutting down and abandoning module BackChannel (356)
[2018.09.20-22.50.48:938][ 69]LogModuleManager: Shutting down and abandoning module AppleVision (354)
[2018.09.20-22.50.48:938][ 69]LogModuleManager: Shutting down and abandoning module AppleImageUtils (352)
[2018.09.20-22.50.48:938][ 69]LogModuleManager: Shutting down and abandoning module AlembicImporter (350)
[2018.09.20-22.50.48:938][ 69]LogModuleManager: Shutting down and abandoning module AlembicLibrary (349)
[2018.09.20-22.50.48:938][ 69]LogModuleManager: Shutting down and abandoning module GeometryCache (348)
[2018.09.20-22.50.48:938][ 69]LogModuleManager: Shutting down and abandoning module GeometryCacheEd (347)
[2018.09.20-22.50.48:939][ 69]LogModuleManager: Shutting down and abandoning module DatasmithContentEditor (342)
[2018.09.20-22.50.48:939][ 69]LogModuleManager: Shutting down and abandoning module DatasmithContent (340)
[2018.09.20-22.50.48:939][ 69]LogModuleManager: Shutting down and abandoning module SpeedTreeImporter (338)
[2018.09.20-22.50.48:939][ 69]LogModuleManager: Shutting down and abandoning module PluginBrowser (336)
[2018.09.20-22.50.48:940][ 69]LogModuleManager: Shutting down and abandoning module MobileLauncherProfileWizard (334)
[2018.09.20-22.50.48:940][ 69]LogModuleManager: Shutting down and abandoning module PolygonModeling (332)
[2018.09.20-22.50.48:940][ 69]LogModuleManager: Shutting down and abandoning module MeshEditor (330)
[2018.09.20-22.50.48:940][ 69]LogModuleManager: Shutting down and abandoning module CryptoKeysOpenSSL (328)
[2018.09.20-22.50.48:940][ 69]LogModuleManager: Shutting down and abandoning module CryptoKeys (326)
[2018.09.20-22.50.48:940][ 69]LogModuleManager: Shutting down and abandoning module VisualStudioSourceCodeAccess (324)
[2018.09.20-22.50.48:940][ 69]LogModuleManager: Shutting down and abandoning module VisualStudioCodeSourceCodeAccess (322)
[2018.09.20-22.50.48:940][ 69]LogModuleManager: Shutting down and abandoning module UObjectPlugin (320)
[2018.09.20-22.50.48:940][ 69]LogModuleManager: Shutting down and abandoning module SubversionSourceControl (318)
[2018.09.20-22.50.48:940][ 69]LogModuleManager: Shutting down and abandoning module PerforceSourceControl (316)
[2018.09.20-22.50.48:940][ 69]LogModuleManager: Shutting down and abandoning module GitSourceControl (314)
[2018.09.20-22.50.48:940][ 69]LogModuleManager: Shutting down and abandoning module SourceControl (313)
[2018.09.20-22.50.48:940][ 69]LogModuleManager: Shutting down and abandoning module CLionSourceCodeAccess (310)
[2018.09.20-22.50.48:940][ 69]LogModuleManager: Shutting down and abandoning module LightPropagationVolumeEditor (308)
[2018.09.20-22.50.48:940][ 69]LogModuleManager: Shutting down and abandoning module PaperTiledImporter (306)
[2018.09.20-22.50.48:940][ 69]LogModuleManager: Shutting down and abandoning module PaperSpriteSheetImporter (304)
[2018.09.20-22.50.48:940][ 69]LogModuleManager: Shutting down and abandoning module Paper2DEditor (302)
[2018.09.20-22.50.48:941][ 69]LogModuleManager: Shutting down and abandoning module MeshPaint (301)
[2018.09.20-22.50.48:941][ 69]LogModuleManager: Shutting down and abandoning module RuntimePhysXCooking (298)
[2018.09.20-22.50.48:941][ 69]LogModuleManager: Shutting down and abandoning module PhysXVehiclesEditor (296)
[2018.09.20-22.50.48:941][ 69]LogModuleManager: Shutting down and abandoning module PhysXVehicles (294)
[2018.09.20-22.50.48:941][ 69]LogModuleManager: Shutting down and abandoning module OculusEditor (292)
[2018.09.20-22.50.48:941][ 69]LogModuleManager: Shutting down and abandoning module LocationServicesBPLibrary (290)
[2018.09.20-22.50.48:941][ 69]LogModuleManager: Shutting down and abandoning module ImmediatePhysicsEditor (288)
[2018.09.20-22.50.48:941][ 69]LogModuleManager: Shutting down and abandoning module ImmediatePhysics (286)
[2018.09.20-22.50.48:941][ 69]LogModuleManager: Shutting down and abandoning module ActorSequence (284)
[2018.09.20-22.50.48:941][ 69]LogModuleManager: Shutting down and abandoning module UdpMessaging (282)
[2018.09.20-22.50.49:042][ 69]LogModuleManager: Shutting down and abandoning module TcpMessaging (280)
[2018.09.20-22.50.49:143][ 69]LogModuleManager: Shutting down and abandoning module MagicLeapAudio (278)
[2018.09.20-22.50.49:143][ 69]LogModuleManager: Shutting down and abandoning module GameplayTagsEditor (276)
[2018.09.20-22.50.49:143][ 69]LogModuleManager: Shutting down and abandoning module FacialAnimationEditor (274)
[2018.09.20-22.50.49:143][ 69]LogModuleManager: Shutting down and abandoning module FacialAnimation (272)
[2018.09.20-22.50.49:143][ 69]LogModuleManager: Shutting down and abandoning module DataValidation (270)
[2018.09.20-22.50.49:143][ 69]LogModuleManager: Shutting down and abandoning module AssetManagerEditor (268)
[2018.09.20-22.50.49:143][ 69]LogModuleManager: Shutting down and abandoning module LevelEditor (267)
[2018.09.20-22.50.49:143][ 69]LogModuleManager: Shutting down and abandoning module PixelInspectorModule (266)
[2018.09.20-22.50.49:143][ 69]LogModuleManager: Shutting down and abandoning module CommonMenuExtensions (264)
[2018.09.20-22.50.49:144][ 69]LogModuleManager: Shutting down and abandoning module MainFrame (262)
[2018.09.20-22.50.49:144][ 69]LogModuleManager: Shutting down and abandoning module HotReload (261)
[2018.09.20-22.50.49:144][ 69]LogModuleManager: Shutting down and abandoning module ContentBrowser (257)
[2018.09.20-22.50.49:145][ 69]LogModuleManager: Shutting down and abandoning module TreeMap (255)
[2018.09.20-22.50.49:145][ 69]LogModuleManager: Shutting down and abandoning module LightPropagationVolumeRuntime (252)
[2018.09.20-22.50.49:145][ 69]LogModuleManager: Shutting down and abandoning module AISupportModule (250)
[2018.09.20-22.50.49:145][ 69]LogModuleManager: Shutting down and abandoning module Paper2D (248)
[2018.09.20-22.50.49:145][ 69]LogModuleManager: Shutting down and abandoning module WindowsMoviePlayer (246)
[2018.09.20-22.50.49:145][ 69]LogModuleManager: Shutting down and abandoning module WmfMedia (244)
[2018.09.20-22.50.49:146][ 69]LogModuleManager: Shutting down and abandoning module Media (243)
[2018.09.20-22.50.49:153][ 69]LogModuleManager: Shutting down and abandoning module PacketHandler (240)
[2018.09.20-22.50.49:153][ 69]LogModuleManager: Shutting down and abandoning module ClothingSystemEditor (238)
[2018.09.20-22.50.49:153][ 69]LogModuleManager: Shutting down and abandoning module ClothingSystemRuntime (236)
[2018.09.20-22.50.49:153][ 69]LogModuleManager: Shutting down and abandoning module MediaAssets (234)
[2018.09.20-22.50.49:153][ 69]LogModuleManager: Shutting down and abandoning module Overlay (232)
[2018.09.20-22.50.49:153][ 69]LogModuleManager: Shutting down and abandoning module OverlayEditor (231)
[2018.09.20-22.50.49:153][ 69]LogModuleManager: Shutting down and abandoning module VREditor (228)
[2018.09.20-22.50.49:153][ 69]LogModuleManager: Shutting down and abandoning module StringTableEditor (226)
[2018.09.20-22.50.49:153][ 69]LogModuleManager: Shutting down and abandoning module GameplayTasksEditor (224)
[2018.09.20-22.50.49:153][ 69]LogModuleManager: Shutting down and abandoning module BehaviorTreeEditor (222)
[2018.09.20-22.50.49:153][ 69]LogModuleManager: Shutting down and abandoning module FunctionalTesting (220)
[2018.09.20-22.50.49:153][ 69]LogModuleManager: Shutting down and abandoning module CollisionAnalyzer (218)
[2018.09.20-22.50.49:153][ 69]LogModuleManager: Shutting down and abandoning module WorkspaceMenuStructure (217)
[2018.09.20-22.50.49:153][ 69]LogModuleManager: Shutting down and abandoning module UMG (214)
[2018.09.20-22.50.49:153][ 69]LogModuleManager: Shutting down and abandoning module UMGEditor (213)
[2018.09.20-22.50.49:153][ 69]LogModuleManager: Shutting down and abandoning module Sequencer (212)
[2018.09.20-22.50.49:153][ 69]LogModuleManager: Shutting down and abandoning module MessageLog (209)
[2018.09.20-22.50.49:153][ 69]LogModuleManager: Shutting down and abandoning module SlateReflector (204)
[2018.09.20-22.50.49:153][ 69]LogModuleManager: Shutting down and abandoning module Slate (202)
[2018.09.20-22.50.49:153][ 69]LogModuleManager: Shutting down and abandoning module EditorStyle (200)
[2018.09.20-22.50.49:155][ 69]LogModuleManager: Shutting down and abandoning module MRMesh (198)
[2018.09.20-22.50.49:155][ 69]LogModuleManager: Shutting down and abandoning module SourceCodeAccess (196)
[2018.09.20-22.50.49:155][ 69]LogModuleManager: Shutting down and abandoning module HeadMountedDisplay (194)
[2018.09.20-22.50.49:155][ 69]LogModuleManager: Shutting down and abandoning module XAudio2 (192)
[2018.09.20-22.50.49:155][ 69]LogModuleManager: Shutting down and abandoning module Networking (190)
[2018.09.20-22.50.49:155][ 69]LogModuleManager: Shutting down and abandoning module Core (188)
[2018.09.20-22.50.49:155][ 69]LogModuleManager: Shutting down and abandoning module LevelSequence (186)
[2018.09.20-22.50.49:155][ 69]LogModuleManager: Shutting down and abandoning module KismetCompiler (184)
[2018.09.20-22.50.49:155][ 69]LogModuleManager: Shutting down and abandoning module MeshUtilities (182)
[2018.09.20-22.50.49:155][ 69]LogModuleManager: Shutting down and abandoning module MeshMergeUtilities (181)
[2018.09.20-22.50.49:155][ 69]LogModuleManager: Shutting down and abandoning module MeshReductionInterface (180)
[2018.09.20-22.50.49:155][ 69]LogModuleManager: Shutting down and abandoning module SimplygonSwarm (179)
[2018.09.20-22.50.49:155][ 69]LogModuleManager: Shutting down and abandoning module ProxyLODMeshReduction (177)
[2018.09.20-22.50.49:155][ 69]LogModuleManager: Shutting down and abandoning module SimplygonMeshReduction (175)
[2018.09.20-22.50.49:155][ 69]LogModuleManager: Shutting down and abandoning module QuadricMeshReduction (173)
[2018.09.20-22.50.49:155][ 69]LogModuleManager: Shutting down and abandoning module MaterialBaking (169)
[2018.09.20-22.50.49:155][ 69]LogModuleManager: Shutting down and abandoning module DirectoryWatcher (165)
[2018.09.20-22.50.49:155][ 69]LogModuleManager: Shutting down and abandoning module DerivedDataCache (162)
[2018.09.20-22.50.49:171][ 69]LogDerivedDataCache: Shutdown
[2018.09.20-22.50.49:171][ 69]LogModuleManager: Shutting down and abandoning module XGEController (160)
[2018.09.20-22.50.49:171][ 69]LogModuleManager: Shutting down and abandoning module TargetPlatform (158)
[2018.09.20-22.50.49:171][ 69]LogModuleManager: Shutting down and abandoning module VulkanShaderFormat (157)
[2018.09.20-22.50.49:171][ 69]LogModuleManager: Shutting down and abandoning module ShaderFormatVectorVM (155)
[2018.09.20-22.50.49:171][ 69]LogModuleManager: Shutting down and abandoning module ShaderFormatOpenGL (153)
[2018.09.20-22.50.49:171][ 69]LogModuleManager: Shutting down and abandoning module ShaderFormatD3D (151)
[2018.09.20-22.50.49:171][ 69]LogModuleManager: Shutting down and abandoning module MetalShaderFormat (149)
[2018.09.20-22.50.49:171][ 69]LogModuleManager: Shutting down and abandoning module TextureFormatUncompressed (147)
[2018.09.20-22.50.49:171][ 69]LogModuleManager: Shutting down and abandoning module TextureFormatPVR (145)
[2018.09.20-22.50.49:171][ 69]LogModuleManager: Shutting down and abandoning module TextureFormatDXT (143)
[2018.09.20-22.50.49:171][ 69]LogModuleManager: Shutting down and abandoning module TextureFormatIntelISPCTexComp (141)
[2018.09.20-22.50.49:171][ 69]LogModuleManager: Shutting down and abandoning module TextureFormatASTC (139)
[2018.09.20-22.50.49:171][ 69]LogModuleManager: Shutting down and abandoning module ImageWrapper (138)
[2018.09.20-22.50.49:171][ 69]LogModuleManager: Shutting down and abandoning module TextureFormatAndroid (135)
[2018.09.20-22.50.49:171][ 69]LogModuleManager: Shutting down and abandoning module AudioFormatOpus (133)
[2018.09.20-22.50.49:171][ 69]LogModuleManager: Shutting down and abandoning module AudioFormatOgg (131)
[2018.09.20-22.50.49:171][ 69]LogModuleManager: Shutting down and abandoning module AudioFormatADPCM (129)
[2018.09.20-22.50.49:171][ 69]LogModuleManager: Shutting down and abandoning module LuminTargetPlatform (127)
[2018.09.20-22.50.49:171][ 69]LogModuleManager: Shutting down and abandoning module LinuxTargetPlatform (125)
[2018.09.20-22.50.49:171][ 69]LogModuleManager: Shutting down and abandoning module LinuxServerTargetPlatform (123)
[2018.09.20-22.50.49:171][ 69]LogModuleManager: Shutting down and abandoning module LinuxNoEditorTargetPlatform (121)
[2018.09.20-22.50.49:171][ 69]LogModuleManager: Shutting down and abandoning module LinuxClientTargetPlatform (119)
[2018.09.20-22.50.49:171][ 69]LogModuleManager: Shutting down and abandoning module TVOSTargetPlatform (117)
[2018.09.20-22.50.49:172][ 69]LogModuleManager: Shutting down and abandoning module Messaging (115)
[2018.09.20-22.50.49:172][ 69]LogModuleManager: Shutting down and abandoning module IOSTargetPlatform (113)
[2018.09.20-22.50.49:173][ 69]LogModuleManager: Shutting down and abandoning module HTML5TargetPlatform (111)
[2018.09.20-22.50.49:173][ 69]LogModuleManager: Shutting down and abandoning module AndroidTargetPlatform (109)
[2018.09.20-22.50.49:179][ 69]LogModuleManager: Shutting down and abandoning module WindowsTargetPlatform (107)
[2018.09.20-22.50.49:179][ 69]LogModuleManager: Shutting down and abandoning module WindowsServerTargetPlatform (105)
[2018.09.20-22.50.49:179][ 69]LogModuleManager: Shutting down and abandoning module WindowsNoEditorTargetPlatform (103)
[2018.09.20-22.50.49:179][ 69]LogModuleManager: Shutting down and abandoning module WindowsClientTargetPlatform (101)
[2018.09.20-22.50.49:179][ 69]LogModuleManager: Shutting down and abandoning module MacTargetPlatform (99)
[2018.09.20-22.50.49:179][ 69]LogModuleManager: Shutting down and abandoning module MacServerTargetPlatform (97)
[2018.09.20-22.50.49:179][ 69]LogModuleManager: Shutting down and abandoning module MacNoEditorTargetPlatform (95)
[2018.09.20-22.50.49:179][ 69]LogModuleManager: Shutting down and abandoning module MacClientTargetPlatform (93)
[2018.09.20-22.50.49:179][ 69]LogModuleManager: Shutting down and abandoning module AllDesktopTargetPlatform (91)
[2018.09.20-22.50.49:179][ 69]LogModuleManager: Shutting down and abandoning module InputCore (88)
[2018.09.20-22.50.49:179][ 69]LogModuleManager: Shutting down and abandoning module Settings (86)
[2018.09.20-22.50.49:179][ 69]LogModuleManager: Shutting down and abandoning module PhysXCooking (84)
[2018.09.20-22.50.49:179][ 69]LogModuleManager: Shutting down and abandoning module SteamVR (82)
[2018.09.20-22.50.49:179][ 69]LogModuleManager: Shutting down and abandoning module OculusHMD (80)
[2018.09.20-22.50.49:180][ 69]LogModuleManager: Shutting down and abandoning module ExampleDeviceProfileSelector (78)
[2018.09.20-22.50.49:180][ 69]LogModuleManager: Shutting down and abandoning module LauncherChunkInstaller (76)
[2018.09.20-22.50.49:180][ 69]LogModuleManager: Shutting down and abandoning module OnlineBlueprintSupport (74)
[2018.09.20-22.50.49:180][ 69]LogModuleManager: Shutting down and abandoning module OnlineSubsystem (70)
[2018.09.20-22.50.49:180][ 69]LogModuleManager: Shutting down and abandoning module XMPP (65)
[2018.09.20-22.50.49:180][ 69]LogModuleManager: Shutting down and abandoning module WebSockets (64)
[2018.09.20-22.50.49:207][ 69]LogModuleManager: Shutting down and abandoning module HTTP (61)
[2018.09.20-22.50.49:207][ 69]LogHttp: Display: Http module shutting down, but needs to wait on 1 outstanding Http requests:
[2018.09.20-22.50.49:207][ 69]LogHttp: Display: 	verb=[POST] url=[https://datarouter.ol.epicgames.com/datarouter/api/v1/public/data?SessionID=%7B614FACE3-462F-086F-44D4-0FA0512434B2%7D&AppID=UEEditor.Rocket.Release&AppVersion=4.20.2-4302132%2B%2B%2BUE4%2BRelease-4.20&UserID=81c5b0574e4b7193ae97968f55ae5bfd%7C4f523247ef174b9c8da64dd7f2dc95fb%7C787d6ce7-ad3a-4acc-a139-213a64d4f728&AppEnvironment=datacollector-binary&UploadType=eteventstream] status=Processing
[2018.09.20-22.50.49:220][ 69]LogModuleManager: Shutting down and abandoning module SSL (60)
[2018.09.20-22.50.49:221][ 69]LogModuleManager: Shutting down and abandoning module MagicLeapEmulator (56)
[2018.09.20-22.50.49:221][ 69]LogModuleManager: Shutting down and abandoning module MagicLeapPrivileges (54)
[2018.09.20-22.50.49:221][ 69]LogModuleManager: Shutting down and abandoning module MagicLeapIdentity (52)
[2018.09.20-22.50.49:221][ 69]LogModuleManager: Shutting down and abandoning module MagicLeapHelperVulkan (50)
[2018.09.20-22.50.49:221][ 69]LogModuleManager: Shutting down and abandoning module MagicLeapHelperOpenGL (48)
[2018.09.20-22.50.49:221][ 69]LogModuleManager: Shutting down and abandoning module MagicLeapSecureStorage (46)
[2018.09.20-22.50.49:221][ 69]LogModuleManager: Shutting down and abandoning module MagicLeapGestures (44)
[2018.09.20-22.50.49:221][ 69]LogModuleManager: Shutting down and abandoning module MagicLeapEyeTracker (42)
[2018.09.20-22.50.49:221][ 69]LogModuleManager: Shutting down and abandoning module MagicLeapController (40)
[2018.09.20-22.50.49:222][ 69]LogSlate: Slate User Destroyed.  User Index 0, Is Virtual User: 0
[2018.09.20-22.50.49:222][ 69]LogModuleManager: Shutting down and abandoning module MagicLeap (38)
[2018.09.20-22.50.49:222][ 69]LogModuleManager: Shutting down and abandoning module AnimationModifiers (36)
[2018.09.20-22.50.49:222][ 69]LogModuleManager: Shutting down and abandoning module PropertyEditor (35)
[2018.09.20-22.50.49:222][ 69]LogModuleManager: Shutting down and abandoning module AudioEditor (32)
[2018.09.20-22.50.49:222][ 69]LogModuleManager: Shutting down and abandoning module TextureCompressor (30)
[2018.09.20-22.50.49:222][ 69]LogModuleManager: Shutting down and abandoning module ShaderCore (28)
[2018.09.20-22.50.49:222][ 69]LogModuleManager: Shutting down and abandoning module Landscape (26)
[2018.09.20-22.50.49:222][ 69]LogModuleManager: Shutting down and abandoning module SlateRHIRenderer (24)
[2018.09.20-22.50.49:223][ 69]LogModuleManager: Shutting down and abandoning module OpenGLDrv (22)
[2018.09.20-22.50.49:223][ 69]LogModuleManager: Shutting down and abandoning module D3D11RHI (20)
[2018.09.20-22.50.49:223][ 69]LogModuleManager: Shutting down and abandoning module AnimGraphRuntime (18)
[2018.09.20-22.50.49:223][ 69]LogModuleManager: Shutting down and abandoning module Renderer (16)
[2018.09.20-22.50.49:223][ 69]LogModuleManager: Shutting down and abandoning module Engine (14)
[2018.09.20-22.50.49:223][ 69]LogModuleManager: Shutting down and abandoning module CoreUObject (12)
[2018.09.20-22.50.49:223][ 69]LogModuleManager: Shutting down and abandoning module NetworkFile (10)
[2018.09.20-22.50.49:223][ 69]LogModuleManager: Shutting down and abandoning module CookedIterativeFile (8)
[2018.09.20-22.50.49:223][ 69]LogModuleManager: Shutting down and abandoning module StreamingFile (6)
[2018.09.20-22.50.49:223][ 69]LogModuleManager: Shutting down and abandoning module SandboxFile (4)
[2018.09.20-22.50.49:223][ 69]LogModuleManager: Shutting down and abandoning module PakFile (2)
[2018.09.20-22.50.49:229][ 69]LogExit: Exiting.
[2018.09.20-22.50.49:236][ 69]Log file closed, 09/20/18 18:50:49
