Log file open, 09/18/18 21:37:55
LogWindows: Failed to load 'aqProf.dll' (GetLastError=126)
LogWindows: File 'aqProf.dll' does not exist
LogWindows: Failed to load 'VSPerf140.dll' (GetLastError=126)
LogWindows: File 'VSPerf140.dll' does not exist
LogWindows: Failed to load 'VtuneApi.dll' (GetLastError=126)
LogWindows: File 'VtuneApi.dll' does not exist
LogWindows: Failed to load 'VtuneApi32e.dll' (GetLastError=126)
LogWindows: File 'VtuneApi32e.dll' does not exist
LogInit: Display: Running engine for game: MetroidDemo
LogPlatformFile: Not using cached read wrapper
LogTaskGraph: Started task graph with 5 named threads and 11 total threads with 3 sets of task threads.
LogStats: Stats thread started at 0.170564
LogD3D11RHI: Loaded GFSDK_Aftermath_Lib.x64.dll
LogICUInternationalization: Display: ICU TimeZone Detection - Raw Offset: -5:00, Platform Override: ''
LogPluginManager: Mounting plugin Paper2D
LogPluginManager: Mounting plugin AISupport
LogPluginManager: Mounting plugin LightPropagationVolume
LogPluginManager: Mounting plugin CLionSourceCodeAccess
LogPluginManager: Mounting plugin CodeLiteSourceCodeAccess
LogPluginManager: Mounting plugin GitSourceControl
LogPluginManager: Mounting plugin KDevelopSourceCodeAccess
LogPluginManager: Mounting plugin NullSourceCodeAccess
LogPluginManager: Mounting plugin PerforceSourceControl
LogPluginManager: Mounting plugin SubversionSourceControl
LogPluginManager: Mounting plugin UObjectPlugin
LogPluginManager: Mounting plugin VisualStudioCodeSourceCodeAccess
LogPluginManager: Mounting plugin VisualStudioSourceCodeAccess
LogPluginManager: Mounting plugin XCodeSourceCodeAccess
LogPluginManager: Mounting plugin AssetManagerEditor
LogPluginManager: Mounting plugin CryptoKeys
LogPluginManager: Mounting plugin DataValidation
LogPluginManager: Mounting plugin FacialAnimation
LogPluginManager: Mounting plugin GameplayTagsEditor
LogPluginManager: Mounting plugin MacGraphicsSwitching
LogPluginManager: Mounting plugin MeshEditor
LogPluginManager: Mounting plugin MobileLauncherProfileWizard
LogPluginManager: Mounting plugin PluginBrowser
LogPluginManager: Mounting plugin SpeedTreeImporter
LogPluginManager: Mounting plugin DatasmithContent
LogPluginManager: Mounting plugin AlembicImporter
LogPluginManager: Mounting plugin AppleImageUtils
LogPluginManager: Mounting plugin AppleVision
LogPluginManager: Mounting plugin BackChannel
LogPluginManager: Mounting plugin CharacterAI
LogPluginManager: Mounting plugin GeometryCache
LogPluginManager: Mounting plugin HTML5Networking
LogPluginManager: Mounting plugin ProxyLODPlugin
LogPluginManager: Mounting plugin MagicLeap
LogPluginManager: Mounting plugin MagicLeapEmulator
LogPluginManager: Mounting plugin MagicLeapMedia
LogPluginManager: Mounting plugin AndroidMedia
LogPluginManager: Mounting plugin AvfMedia
LogPluginManager: Mounting plugin ImgMedia
LogPluginManager: Mounting plugin LinearTimecode
LogPluginManager: Mounting plugin MediaCompositing
LogPluginManager: Mounting plugin MediaPlayerEditor
LogPluginManager: Mounting plugin WmfMedia
LogPluginManager: Mounting plugin TcpMessaging
LogPluginManager: Mounting plugin UdpMessaging
LogPluginManager: Mounting plugin ActorSequence
LogPluginManager: Mounting plugin LevelSequenceEditor
LogPluginManager: Mounting plugin MatineeToLevelSequence
LogPluginManager: Mounting plugin NetcodeUnitTest
LogPluginManager: Mounting plugin NUTUnrealEngine4
LogPluginManager: Mounting plugin OnlineSubsystemGooglePlay
LogPluginManager: Mounting plugin OnlineSubsystemIOS
LogPluginManager: Mounting plugin OnlineSubsystem
LogPluginManager: Mounting plugin OnlineSubsystemNull
LogPluginManager: Mounting plugin OnlineSubsystemUtils
LogPluginManager: Mounting plugin LauncherChunkInstaller
LogPluginManager: Mounting plugin AndroidDeviceProfileSelector
LogPluginManager: Mounting plugin AndroidMoviePlayer
LogPluginManager: Mounting plugin AndroidPermission
LogPluginManager: Mounting plugin AppleMoviePlayer
LogPluginManager: Mounting plugin ArchVisCharacter
LogPluginManager: Mounting plugin AudioCapture
LogPluginManager: Mounting plugin CableComponent
LogPluginManager: Mounting plugin CustomMeshComponent
LogPluginManager: Mounting plugin EditableMesh
LogPluginManager: Mounting plugin ExampleDeviceProfileSelector
LogPluginManager: Mounting plugin GoogleCloudMessaging
LogPluginManager: Mounting plugin ImmediatePhysics
LogPluginManager: Mounting plugin IOSDeviceProfileSelector
LogPluginManager: Mounting plugin LinuxDeviceProfileSelector
LogPluginManager: Mounting plugin LocationServicesBPLibrary
LogPluginManager: Mounting plugin MobilePatchingUtils
LogPluginManager: Mounting plugin OculusVR
LogPluginManager: Plugin shader directory ../../../Engine/Plugins/Runtime/Oculus/OculusVR/Shaders found
LogPluginManager: Mapping shader source directory ../../../Engine/Plugins/Runtime/Oculus/OculusVR/Shaders to virtual directory /Plugin/OculusVR
LogPluginManager: Mounting plugin PhysXVehicles
LogPluginManager: Mounting plugin ProceduralMeshComponent
LogPluginManager: Mounting plugin RuntimePhysXCooking
LogPluginManager: Mounting plugin SteamVR
LogPluginManager: Mounting plugin WindowsMoviePlayer
LogStreaming: Display: Took  0.274s to configure plugins.
LogInit: Using libcurl 7.55.1-DEV
LogInit:  - built for x86_64-pc-win32
LogInit:  - supports SSL with OpenSSL/1.0.2h
LogInit:  - supports HTTP deflate (compression) using libz 1.2.8
LogInit:  - other features:
LogInit:      CURL_VERSION_SSL
LogInit:      CURL_VERSION_LIBZ
LogInit:      CURL_VERSION_IPV6
LogInit:      CURL_VERSION_ASYNCHDNS
LogInit:      CURL_VERSION_LARGEFILE
LogInit:      CURL_VERSION_IDN
LogInit:  CurlRequestOptions (configurable via config and command line):
LogInit:  - bVerifyPeer = false  - Libcurl will NOT verify peer certificate
LogInit:  - bUseHttpProxy = false  - Libcurl will NOT use HTTP proxy
LogInit:  - bDontReuseConnections = false  - Libcurl will reuse connections
LogInit:  - CertBundlePath = nullptr  - Libcurl will use whatever was configured at build time.
LogInit:  - MaxHostConnections = 16  - Libcurl will limit the number of connections to a host
LogInit:  - LocalHostAddr = Default
LogInit:  - BufferSize = 65536
LogInit: WinSock: version 1.1 (2.2), MaxSocks=32767, MaxUdp=65467
LogInit: Build: ++UE4+Release-4.20-CL-4233996
LogInit: Engine Version: 4.20.1-4233996+++UE4+Release-4.20
LogInit: Compatible Engine Version: 4.20.0-4212847+++UE4+Release-4.20
LogInit: Net CL: 4212847
LogInit: OS: Windows 10 (), CPU: Intel(R) Core(TM) i5-6200U CPU @ 2.30GHz, GPU: Intel(R) HD Graphics 520
LogInit: Compiled (64-bit): Jul 26 2018 10:07:30
LogInit: Compiled with Visual C++: 19.13.26129.00
LogInit: Build Configuration: Development
LogInit: Branch Name: ++UE4+Release-4.20
LogInit: Command Line: 
LogInit: Base Directory: C:/Program Files/Epic Games/UE_4.20/Engine/Binaries/Win64/
LogInit: Installed Engine Build: 1
LogDevObjectVersion: Number of dev versions registered: 20
LogDevObjectVersion:   Dev-Blueprints (B0D832E4-1F89-4F0D-ACCF-7EB736FD4AA2): 10
LogDevObjectVersion:   Dev-Build (E1C64328-A22C-4D53-A36C-8E866417BD8C): 0
LogDevObjectVersion:   Dev-Core (375EC13C-06E4-48FB-B500-84F0262A717E): 2
LogDevObjectVersion:   Dev-Editor (E4B068ED-F494-42E9-A231-DA0B2E46BB41): 24
LogDevObjectVersion:   Dev-Framework (CFFC743F-43B0-4480-9391-14DF171D2073): 34
LogDevObjectVersion:   Dev-Mobile (B02B49B5-BB20-44E9-A304-32B752E40360): 2
LogDevObjectVersion:   Dev-Networking (A4E4105C-59A1-49B5-A7C5-40C4547EDFEE): 0
LogDevObjectVersion:   Dev-Online (39C831C9-5AE6-47DC-9A44-9C173E1C8E7C): 0
LogDevObjectVersion:   Dev-Physics (78F01B33-EBEA-4F98-B9B4-84EACCB95AA2): 0
LogDevObjectVersion:   Dev-Platform (6631380F-2D4D-43E0-8009-CF276956A95A): 0
LogDevObjectVersion:   Dev-Rendering (12F88B9F-8875-4AFC-A67C-D90C383ABD29): 26
LogDevObjectVersion:   Dev-Sequencer (7B5AE74C-D270-4C10-A958-57980B212A5A): 9
LogDevObjectVersion:   Dev-VR (D7296918-1DD6-4BDD-9DE2-64A83CC13884): 2
LogDevObjectVersion:   Dev-LoadTimes (C2A15278-BFE7-4AFE-6C17-90FF531DF755): 1
LogDevObjectVersion:   Private-Geometry (6EACA3D4-40EC-4CC1-B786-8BED09428FC5): 3
LogDevObjectVersion:   Dev-AnimPhys (29E575DD-E0A3-4627-9D10-D276232CDCEA): 17
LogDevObjectVersion:   Dev-ReflectionCapture (6B266CEC-1EC7-4B8F-A30B-E4D90942FC07): 1
LogDevObjectVersion:   Dev-Automation (0DF73D61-A23F-47EA-B727-89E90C41499A): 1
LogDevObjectVersion:   FortniteMain (601D1886-AC64-4F84-AA16-D3DE0DEAC7D6): 12
LogDevObjectVersion:   Dev-Enterprise (9DFFBCD6-494F-0158-E221-12823C92A888): 1
LogStreaming: Display: Took  0.064s to delete old logs.
LogInit: Presizing for max 8388607 objects, including 0 objects not considered by GC, pre-allocating 0 bytes for permanent pool.
LogInit: Object subsystem initialized
[2018.09.19-01.37.56:529][  0]LogInit: Selected Device Profile: [Windows]
[2018.09.19-01.37.56:529][  0]LogInit: Applying CVar settings loaded from the selected device profile: [Windows]
[2018.09.19-01.37.56:622][  0]LogHAL: Display: Platform has ~ 16 GB [17057816576 / 17179869184 / 16], which maps to Larger [LargestMinGB=32, LargerMinGB=12, DefaultMinGB=8, SmallerMinGB=6, SmallestMinGB=0)
[2018.09.19-01.37.56:622][  0]LogInit: Setting Device Profile CVar: [[r.Vulkan.UseRealUBs:1]]
[2018.09.19-01.37.56:622][  0]LogInit: Going up to parent DeviceProfile []
[2018.09.19-01.37.56:622][  0]LogInit: Computer: DESKTOP-8E2P77U
[2018.09.19-01.37.56:622][  0]LogInit: User: shoti
[2018.09.19-01.37.56:622][  0]LogInit: CPU Page size=4096, Cores=2
[2018.09.19-01.37.56:622][  0]LogInit: High frequency timer resolution =2.343752 MHz
[2018.09.19-01.37.56:623][  0]LogMemory: Memory total: Physical=15.9GB (16GB approx)
[2018.09.19-01.37.56:623][  0]LogMemory: Platform Memory Stats for Windows
[2018.09.19-01.37.56:623][  0]LogMemory: Process Physical Memory: 99.97 MB used, 99.97 MB peak
[2018.09.19-01.37.56:623][  0]LogMemory: Process Virtual Memory: 84.14 MB used, 84.14 MB peak
[2018.09.19-01.37.56:623][  0]LogMemory: Physical Memory: 8447.38 MB used,  7820.23 MB free, 16267.60 MB total
[2018.09.19-01.37.56:623][  0]LogMemory: Virtual Memory: 4616.25 MB used,  7820.23 MB free, 134217728.00 MB total
[2018.09.19-01.37.56:638][  0]LogInit: Using OS detected language (en-US).
[2018.09.19-01.37.56:638][  0]LogInit: Using OS detected locale (en-US).
[2018.09.19-01.37.56:640][  0]LogTextLocalizationManager: No specific localization for 'en-US' exists, so the 'en' localization will be used.
[2018.09.19-01.37.57:090][  0]LogStreaming: Display: Took  0.452s to InitEngineTextLocalization.
[2018.09.19-01.37.57:091][  0]LogInit: Setting process to per monitor DPI aware
[2018.09.19-01.37.57:113][  0]LogSlate: New Slate User Created.  User Index 0, Is Virtual User: 0
[2018.09.19-01.37.57:113][  0]LogSlate: Slate User Registered.  User Index 0, Is Virtual User: 0
[2018.09.19-01.37.57:350][  0]LogHMD: Failed to initialize OpenVR with code 110
[2018.09.19-01.37.57:350][  0]LogD3D11RHI: D3D11 adapters:
[2018.09.19-01.37.57:360][  0]LogD3D11RHI:    0. 'Intel(R) HD Graphics 520' (Feature Level 11_0)
[2018.09.19-01.37.57:360][  0]LogD3D11RHI:       128/0/8133 MB DedicatedVideo/DedicatedSystem/SharedSystem, Outputs:1, VendorId:0x8086
[2018.09.19-01.37.57:363][  0]LogD3D11RHI:    1. 'Microsoft Basic Render Driver' (Feature Level 11_0)
[2018.09.19-01.37.57:363][  0]LogD3D11RHI:       0/0/8133 MB DedicatedVideo/DedicatedSystem/SharedSystem, Outputs:0, VendorId:0x1414
[2018.09.19-01.37.57:363][  0]LogD3D11RHI: Chosen D3D11 Adapter: 0
[2018.09.19-01.37.57:372][  0]LogD3D11RHI: Creating new Direct3DDevice
[2018.09.19-01.37.57:372][  0]LogD3D11RHI:     GPU DeviceId: 0x1916 (for the marketing name, search the web for "GPU Device Id")
[2018.09.19-01.37.57:372][  0]LogWindows: EnumDisplayDevices:
[2018.09.19-01.37.57:372][  0]LogWindows:    0. 'Intel(R) HD Graphics 520' (P:1 D:1)
[2018.09.19-01.37.57:372][  0]LogWindows:    1. 'Intel(R) HD Graphics 520' (P:0 D:0)
[2018.09.19-01.37.57:373][  0]LogWindows:    2. 'Intel(R) HD Graphics 520' (P:0 D:0)
[2018.09.19-01.37.57:373][  0]LogWindows: DebugString: FoundDriverCount:3 
[2018.09.19-01.37.57:373][  0]LogD3D11RHI:     Adapter Name: Intel(R) HD Graphics 520
[2018.09.19-01.37.57:373][  0]LogD3D11RHI:   Driver Version: 21.20.16.4550 (internal:21.20.16.4550, unified:21.20.16.4550)
[2018.09.19-01.37.57:373][  0]LogD3D11RHI:      Driver Date: 11-11-2016
[2018.09.19-01.37.57:373][  0]LogRHI: Texture pool is 1523 MB (70% of 2176 MB)
[2018.09.19-01.37.57:380][  0]LogD3D11RHI: Async texture creation enabled
[2018.09.19-01.37.57:388][  0]LogD3D11RHI: GPU Timing Frequency: 12.000000 (Debug: 2 0)
[2018.09.19-01.37.57:390][  0]LogShaderCompilers: Guid format shader working directory is -30 characters bigger than the processId version (../../../../../../Users/shoti/OneDrive/Documents/Unreal Projects/MetroidDemo/Intermediate/Shaders/WorkingDirectory/1452/).
[2018.09.19-01.37.57:390][  0]LogShaderCompilers: Cleaned the shader compiler working directory 'C:/Users/shoti/AppData/Local/Temp/UnrealShaderWorkingDir/2CF7DBCC49D41212379C8BA3D563A171/'.
[2018.09.19-01.37.57:837][  0]LogTemp: Display: Loaded TP AllDesktopTargetPlatform
[2018.09.19-01.37.57:854][  0]LogTemp: Display: Loaded TP MacClientTargetPlatform
[2018.09.19-01.37.57:871][  0]LogTemp: Display: Loaded TP MacNoEditorTargetPlatform
[2018.09.19-01.37.57:888][  0]LogTemp: Display: Loaded TP MacServerTargetPlatform
[2018.09.19-01.37.57:909][  0]LogTemp: Display: Loaded TP MacTargetPlatform
[2018.09.19-01.37.57:926][  0]LogTemp: Display: Loaded TP WindowsClientTargetPlatform
[2018.09.19-01.37.57:943][  0]LogTemp: Display: Loaded TP WindowsNoEditorTargetPlatform
[2018.09.19-01.37.57:961][  0]LogTemp: Display: Loaded TP WindowsServerTargetPlatform
[2018.09.19-01.37.57:969][  0]LogTemp: Display: Loaded TP WindowsTargetPlatform
[2018.09.19-01.37.58:068][  0]LogTemp: Display: Loaded TP AndroidTargetPlatform
[2018.09.19-01.37.58:068][  0]LogTemp: Display: Loaded TP AndroidTargetPlatform
[2018.09.19-01.37.58:068][  0]LogTemp: Display: Loaded TP AndroidTargetPlatform
[2018.09.19-01.37.58:068][  0]LogTemp: Display: Loaded TP AndroidTargetPlatform
[2018.09.19-01.37.58:068][  0]LogTemp: Display: Loaded TP AndroidTargetPlatform
[2018.09.19-01.37.58:068][  0]LogTemp: Display: Loaded TP AndroidTargetPlatform
[2018.09.19-01.37.58:068][  0]LogTemp: Display: Loaded TP AndroidTargetPlatform
[2018.09.19-01.37.58:068][  0]LogTemp: Display: Loaded TP AndroidTargetPlatform
[2018.09.19-01.37.58:068][  0]LogTemp: Display: Loaded TP AndroidTargetPlatform
[2018.09.19-01.37.58:068][  0]LogTemp: Display: Loaded TP AndroidTargetPlatform
[2018.09.19-01.37.58:068][  0]LogTemp: Display: Loaded TP AndroidTargetPlatform
[2018.09.19-01.37.58:068][  0]LogTemp: Display: Loaded TP AndroidTargetPlatform
[2018.09.19-01.37.58:068][  0]LogTemp: Display: Loaded TP AndroidTargetPlatform
[2018.09.19-01.37.58:068][  0]LogTemp: Display: Loaded TP AndroidTargetPlatform
[2018.09.19-01.37.58:068][  0]LogTemp: Display: Loaded TP AndroidTargetPlatform
[2018.09.19-01.37.58:068][  0]LogTemp: Display: Loaded TP AndroidTargetPlatform
[2018.09.19-01.37.58:068][  0]LogTemp: Display: Loaded TP AndroidTargetPlatform
[2018.09.19-01.37.58:068][  0]LogTemp: Display: Loaded TP AndroidTargetPlatform
[2018.09.19-01.37.58:069][  0]LogTemp: Display: Loaded TP HTML5TargetPlatform
[2018.09.19-01.37.58:137][  0]LogTemp: Display: Loaded TP IOSTargetPlatform
[2018.09.19-01.37.58:137][  0]LogTemp: Display: Loaded TP IOSTargetPlatform
[2018.09.19-01.37.58:167][  0]LogTemp: Display: Loaded TP TVOSTargetPlatform
[2018.09.19-01.37.58:167][  0]LogTemp: Display: Loaded TP TVOSTargetPlatform
[2018.09.19-01.37.58:182][  0]LogTemp: Display: Loaded TP LinuxClientTargetPlatform
[2018.09.19-01.37.58:199][  0]LogTemp: Display: Loaded TP LinuxNoEditorTargetPlatform
[2018.09.19-01.37.58:215][  0]LogTemp: Display: Loaded TP LinuxServerTargetPlatform
[2018.09.19-01.37.58:232][  0]LogTemp: Display: Loaded TP LinuxTargetPlatform
[2018.09.19-01.37.58:247][  0]LogTemp: Display: Loaded TP LuminTargetPlatform
[2018.09.19-01.37.58:247][  0]LogTargetPlatformManager: Display: Building Assets For Windows
[2018.09.19-01.37.58:331][  0]LogXGEController: Cannot use XGE Controller as Incredibuild is not installed on this machine.
[2018.09.19-01.37.58:331][  0]LogShaderCompilers: Cannot use XGE Shader Compiler as Incredibuild is not installed on this machine.
[2018.09.19-01.37.58:331][  0]LogShaderCompilers: Display: Using Local Shader Compiler.
[2018.09.19-01.37.59:191][  0]LogDerivedDataCache: Display: Max Cache Size: 512 MB
[2018.09.19-01.37.59:263][  0]LogDerivedDataCache: Loaded boot cache 0.07s 71MB C:/Users/shoti/AppData/Local/UnrealEngine/4.20/DerivedDataCache/Boot.ddc.
[2018.09.19-01.37.59:263][  0]LogDerivedDataCache: Display: Loaded Boot cache: C:/Users/shoti/AppData/Local/UnrealEngine/4.20/DerivedDataCache/Boot.ddc
[2018.09.19-01.37.59:263][  0]LogDerivedDataCache: FDerivedDataBackendGraph:  Pak pak cache file ../../../../../../Users/shoti/OneDrive/Documents/Unreal Projects/MetroidDemo/DerivedDataCache/DDC.ddp not found, will not use a pak cache.
[2018.09.19-01.37.59:263][  0]LogDerivedDataCache: Unable to find inner node Pak for hierarchical cache Hierarchy.
[2018.09.19-01.37.59:263][  0]LogDerivedDataCache: FDerivedDataBackendGraph:  CompressedPak pak cache file ../../../../../../Users/shoti/OneDrive/Documents/Unreal Projects/MetroidDemo/DerivedDataCache/Compressed.ddp not found, will not use a pak cache.
[2018.09.19-01.37.59:263][  0]LogDerivedDataCache: Unable to find inner node CompressedPak for hierarchical cache Hierarchy.
[2018.09.19-01.37.59:279][  0]LogDerivedDataCache: Display: Pak cache opened for reading ../../../Engine/DerivedDataCache/Compressed.ddp.
[2018.09.19-01.37.59:292][  0]LogDerivedDataCache: Using Local data cache path C:/Users/shoti/AppData/Local/UnrealEngine/Common/DerivedDataCache: Writable
[2018.09.19-01.37.59:292][  0]LogDerivedDataCache: Shared data cache path not found in *engine.ini, will not use an Shared cache.
[2018.09.19-01.37.59:292][  0]LogDerivedDataCache: Unable to find inner node Shared for hierarchical cache Hierarchy.
[2018.09.19-01.37.59:315][  0]LogMaterial: Verifying Global Shaders for PCD3D_SM5
[2018.09.19-01.37.59:316][  0]LogSlate: Using FreeType 2.6.0
[2018.09.19-01.37.59:317][  0]LogSlate: SlateFontServices - WITH_FREETYPE: 1, WITH_HARFBUZZ: 1
[2018.09.19-01.37.59:402][  0]LogAssetRegistry: FAssetRegistry took 0.0278 seconds to start up
[2018.09.19-01.37.59:777][  0]LogInit: Selected Device Profile: [Windows]
[2018.09.19-01.37.59:947][  0]LogSimplygon: Simplygon DLL not present - disabling.
[2018.09.19-01.37.59:951][  0]LogMeshReduction: Using SimplygonSwarm for distributed automatic mesh merging
[2018.09.19-01.37.59:951][  0]LogMeshReduction: Using ProxyLODMeshReduction for automatic mesh merging
[2018.09.19-01.37.59:951][  0]LogMeshReduction: Using QuadricMeshReduction for automatic static mesh reduction
[2018.09.19-01.37.59:951][  0]LogMeshReduction: No automatic skeletal mesh reduction module available
[2018.09.19-01.37.59:971][  0]LogNetVersion: MetroidDemo 1.0.0, NetCL: 4212847, EngineNetVer: 5, GameNetVer: 0 (Checksum: 3364280947)
[2018.09.19-01.38.00:920][  0]LogPackageLocalizationCache: Processed 11 localized package path(s) for 2 prioritized culture(s) in 0.225931 seconds
[2018.09.19-01.38.00:928][  0]LogUObjectArray: 38425 objects as part of root set at end of initial load.
[2018.09.19-01.38.00:928][  0]LogUObjectAllocator: 6690864 out of 0 bytes used by permanent object pool.
[2018.09.19-01.38.00:928][  0]LogUObjectArray: CloseDisregardForGC: 0/0 objects in disregard for GC pool
[2018.09.19-01.38.01:945][  0]LogTcpMessaging: Initializing TcpMessaging bridge
[2018.09.19-01.38.01:958][  0]LogUdpMessaging: Initializing bridge on interface 0.0.0.0:0 to multicast group 230.0.0.1:6666.
[2018.09.19-01.38.02:135][  0]SourceControl: Source control is disabled
[2018.09.19-01.38.02:135][  0]SourceControl: Source control is disabled
[2018.09.19-01.38.02:137][  0]SourceControl: Source control is disabled
[2018.09.19-01.38.02:138][  0]SourceControl: Source control is disabled
[2018.09.19-01.38.02:339][  0]LogAndroidPermission: UAndroidPermissionCallbackProxy::GetInstance
[2018.09.19-01.38.02:394][  0]LogOcInput: OculusInput pre-init called
[2018.09.19-01.38.02:464][  0]LogEngine: Initializing Engine...
[2018.09.19-01.38.02:465][  0]LogHMD: Failed to initialize OpenVR with code 110
[2018.09.19-01.38.02:467][  0]LogStats: UGameplayTagsManager::ConstructGameplayTagTree: ImportINI prefixes -  0.000 s
[2018.09.19-01.38.02:467][  0]LogStats: UGameplayTagsManager::ConstructGameplayTagTree: Construct from data asset -  0.000 s
[2018.09.19-01.38.02:467][  0]LogStats: UGameplayTagsManager::ConstructGameplayTagTree: ImportINI -  0.000 s
[2018.09.19-01.38.02:467][  0]LogStats: UGameplayTagsManager::ConstructGameplayTagTree: GameplayTagTreeChangedEvent.Broadcast -  0.000 s
[2018.09.19-01.38.02:731][  0]LogInit: Initializing FReadOnlyCVARCache
[2018.09.19-01.38.02:753][  0]LogAIModule: Creating AISystem for world Untitled
[2018.09.19-01.38.02:765][  0]LogInit: XAudio2 using 'Speaker/HP (Realtek High Definition Audio)' : 2 channels at 48 kHz using 32 bits per sample (channel mask 0x3)
[2018.09.19-01.38.02:812][  0]LogInit: FAudioDevice initialized.
[2018.09.19-01.38.02:812][  0]LogNetVersion: Set ProjectVersion to 1.0.0.0. Version Checksum will be recalculated on next use.
[2018.09.19-01.38.03:634][  0]LogDerivedDataCache: Saved boot cache 0.82s 71MB C:/Users/shoti/AppData/Local/UnrealEngine/4.20/DerivedDataCache/Boot.ddc.
[2018.09.19-01.38.03:649][  0]LogInit: Texture streaming: Enabled
[2018.09.19-01.38.03:671][  0]LogEngineSessionManager: EngineSessionManager initialized
[2018.09.19-01.38.04:209][  0]LogInit: Transaction tracking system initialized
[2018.09.19-01.38.04:236][  0]BlueprintLog: New page: Editor Load
[2018.09.19-01.38.04:336][  0]LocalizationService: Localization service is disabled
[2018.09.19-01.38.05:503][  0]LogCook: Display: Max memory allowance for cook 16384mb min free memory 0mb
[2018.09.19-01.38.05:503][  0]LogCook: Display: Mobile HDR setting 1
[2018.09.19-01.38.05:511][  0]LogFileCache: Scanning file cache for directory 'C:/Users/shoti/OneDrive/Documents/Unreal Projects/MetroidDemo/Content/' took 0.10s
[2018.09.19-01.38.05:511][  0]LogGameplayTags: Display: UGameplayTagsManager::DoneAddingNativeTags. DelegateIsBound: 0
[2018.09.19-01.38.05:511][  0]LogStats: UGameplayTagsManager::ConstructGameplayTagTree: ImportINI prefixes -  0.000 s
[2018.09.19-01.38.05:511][  0]LogStats: UGameplayTagsManager::ConstructGameplayTagTree: Construct from data asset -  0.000 s
[2018.09.19-01.38.05:511][  0]LogStats: UGameplayTagsManager::ConstructGameplayTagTree: ImportINI -  0.000 s
[2018.09.19-01.38.05:511][  0]LogStats: UGameplayTagsManager::ConstructGameplayTagTree: GameplayTagTreeChangedEvent.Broadcast -  0.000 s
[2018.09.19-01.38.05:676][  0]SourceControl: Source control is disabled
[2018.09.19-01.38.05:676][  0]Cmd: MAP LOAD FILE="../../../../../../Users/shoti/OneDrive/Documents/Unreal Projects/MetroidDemo/Content/Demo/Maps/Level_01.umap" TEMPLATE=0 SHOWPROGRESS=1 FEATURELEVEL=3
[2018.09.19-01.38.05:866][  0]LightingResults: New page: Lighting Build
[2018.09.19-01.38.05:869][  0]MapCheck: New page: Map Check
[2018.09.19-01.38.05:869][  0]LightingResults: New page: Lighting Build
[2018.09.19-01.38.08:287][  0]LogAIModule: Creating AISystem for world Level_01
[2018.09.19-01.38.08:381][  0]LogEditorServer: Finished looking for orphan Actors (0.000 secs)
[2018.09.19-01.38.08:438][  0]Cmd: MAP CHECKDEP NOCLEARLOG
[2018.09.19-01.38.08:509][  0]MapCheck: Map check complete: 0 Error(s), 0 Warning(s), took 70.506ms to complete.
[2018.09.19-01.38.08:509][  0]LogFileHelpers: Loading map 'Level_01' took 2.832
[2018.09.19-01.38.09:375][  0]LogSlate: Updating window title bar state: overlay mode, drag disabled, window buttons hidden, title bar hidden
[2018.09.19-01.38.09:387][  0]LogSlate: Updating window title bar state: overlay mode, drag disabled, window buttons hidden, title bar hidden
[2018.09.19-01.38.09:395][  0]LogSlate: Updating window title bar state: overlay mode, drag disabled, window buttons hidden, title bar hidden
[2018.09.19-01.38.09:404][  0]LogSlate: Updating window title bar state: overlay mode, drag disabled, window buttons hidden, title bar hidden
[2018.09.19-01.38.09:547][  0]LogCollectionManager: Loaded 0 collections in 0.002178 seconds
[2018.09.19-01.38.09:758][  0]LogFileCache: Scanning file cache for directory 'C:/Users/shoti/OneDrive/Documents/Unreal Projects/MetroidDemo/Saved/Collections/' took 0.01s
[2018.09.19-01.38.09:758][  0]LogFileCache: Scanning file cache for directory 'C:/Users/shoti/OneDrive/Documents/Unreal Projects/MetroidDemo/Content/Developers/shoti/Collections/' took 0.01s
[2018.09.19-01.38.09:758][  0]LogFileCache: Scanning file cache for directory 'C:/Users/shoti/OneDrive/Documents/Unreal Projects/MetroidDemo/Content/Collections/' took 0.01s
[2018.09.19-01.38.09:758][  0]LogCollectionManager: Rebuilt the GUID cache for 0 collections in 0.000001 seconds
[2018.09.19-01.38.09:769][  0]LogContentBrowser: Native class hierarchy populated in 0.0107 seconds. Added 2572 classes and 603 folders.
[2018.09.19-01.38.09:827][  0]LogContentBrowser: Native class hierarchy updated for 'WidgetCarousel' in 0.0004 seconds. Added 0 classes and 0 folders.
[2018.09.19-01.38.12:036][  0]LogContentBrowser: Native class hierarchy updated for 'AddContentDialog' in 0.0004 seconds. Added 0 classes and 0 folders.
[2018.09.19-01.38.12:082][  0]LogContentBrowser: Native class hierarchy updated for 'SceneOutliner' in 0.0004 seconds. Added 1 classes and 2 folders.
[2018.09.19-01.38.13:461][  0]LogSlate: Took 0.000243 seconds to synchronously load lazily loaded font '../../../Engine/Content/Slate/Fonts/Roboto-Regular.ttf' (155K)
[2018.09.19-01.38.13:493][  0]LogSlate: Took 0.000259 seconds to synchronously load lazily loaded font '../../../Engine/Content/Slate/Fonts/Roboto-Bold.ttf' (160K)
[2018.09.19-01.38.13:519][  0]LogSlate: Took 0.017495 seconds to synchronously load lazily loaded font '../../../Engine/Content/Editor/Slate/Fonts/FontAwesome.ttf' (139K)
[2018.09.19-01.38.13:801][  0]LogRenderer: Reallocating scene render targets to support 1108x388 Format 10 NumSamples 1 (Frame:1).
[2018.09.19-01.38.15:382][  0]LogContentBrowser: Native class hierarchy updated for 'HierarchicalLODOutliner' in 0.0005 seconds. Added 0 classes and 0 folders.
[2018.09.19-01.38.15:382][  0]LogLoad: (Engine Initialization) Total time: 22.20 seconds
[2018.09.19-01.38.15:382][  0]LogLoad: (Engine Initialization) Total Blueprint compile time: 0.00 seconds
[2018.09.19-01.38.15:417][  0]LogWindowsTextInputMethodSystem: Display: IME system now deactivated.
[2018.09.19-01.38.15:498][  0]LogContentStreaming: Texture pool size now 3000 MB
[2018.09.19-01.38.15:778][  0]LogRenderer: Reallocating scene render targets to support 1108x404 Format 10 NumSamples 1 (Frame:3).
[2018.09.19-01.38.15:778][  0]LogSlate: Took 0.056193 seconds to synchronously load lazily loaded font '../../../Engine/Content/Slate/Fonts/Roboto-Light.ttf' (167K)
[2018.09.19-01.38.15:882][  1]LogAssetRegistry: Asset discovery search completed in 16.5027 seconds
[2018.09.19-01.38.15:884][  1]LogCollectionManager: Rebuilt the object cache for 0 collections in 0.000000 seconds (found 0 objects)
[2018.09.19-01.38.15:884][  1]LogCollectionManager: Fixed up redirectors for 0 collections in 0.000073 seconds (updated 0 objects)
[2018.09.19-01.38.16:623][  7]LogSlate: Took 0.000215 seconds to synchronously load lazily loaded font '../../../Engine/Content/Slate/Fonts/Roboto-Light.ttf' (167K)
[2018.09.19-01.38.33:609][454]LogSlate: FSceneViewport::OnFocusLost() reason 0
[2018.09.19-01.38.33:680][457]LogTemp: Repeating last play command: New Editor Window (PIE)
[2018.09.19-01.38.33:763][457]LogBlueprintUserMessages: Early PlayInEditor Detection: Level '/Game/Demo/Maps/Level_01.Level_01:PersistentLevel' has LevelScriptBlueprint '/Game/Demo/Maps/Level_01.Level_01:PersistentLevel.Level_01' with GeneratedClass '/Game/Demo/Maps/Level_01.Level_01_C' with ClassGeneratedBy '/Game/Demo/Maps/Level_01.Level_01:PersistentLevel.Level_01'
[2018.09.19-01.38.33:785][457]LogPlayLevel: PlayLevel: No blueprints needed recompiling
[2018.09.19-01.38.33:908][457]PIE: New page: PIE session: Level_01 (Sep 18, 2018, 5:38:33 PM)
[2018.09.19-01.38.33:908][457]LogPlayLevel: Creating play world package: /Game/Demo/Maps/UEDPIE_0_Level_01
[2018.09.19-01.38.34:004][457]LogPlayLevel: PIE: StaticDuplicateObject took: (0.095503s)
[2018.09.19-01.38.34:005][457]LogAIModule: Creating AISystem for world Level_01
[2018.09.19-01.38.34:005][457]LogPlayLevel: PIE: World Init took: (0.000955s)
[2018.09.19-01.38.34:005][457]LogPlayLevel: PIE: Created PIE world by copying editor world from /Game/Demo/Maps/Level_01.Level_01 to /Game/Demo/Maps/UEDPIE_0_Level_01.Level_01 (0.097108s)
[2018.09.19-01.38.34:067][457]LogInit: XAudio2 using 'Speaker/HP (Realtek High Definition Audio)' : 2 channels at 48 kHz using 32 bits per sample (channel mask 0x3)
[2018.09.19-01.38.34:079][457]LogInit: FAudioDevice initialized.
[2018.09.19-01.38.34:089][457]LogSlate: Updating window title bar state: overlay mode, drag disabled, window buttons hidden, title bar hidden
[2018.09.19-01.38.34:243][457]LogLoad: Game class is '2DSideScrollerGameMode_C'
[2018.09.19-01.38.34:374][457]LogWorld: Bringing World /Game/Demo/Maps/UEDPIE_0_Level_01.Level_01 up for play (max tick rate 0) at 2018.09.18-21.38.34
[2018.09.19-01.38.34:448][457]LogWorld: Bringing up level for play took: 0.078610
[2018.09.19-01.38.34:602][457]LogContentBrowser: Native class hierarchy updated for 'MovieSceneCapture' in 0.0005 seconds. Added 10 classes and 0 folders.
[2018.09.19-01.38.34:741][457]PIE: Play in editor start time for /Game/Demo/Maps/UEDPIE_0_Level_01 0.848
[2018.09.19-01.38.34:749][457]LogBlueprintUserMessages: Late PlayInEditor Detection: Level '/Game/Demo/Maps/Level_01.Level_01:PersistentLevel' has LevelScriptBlueprint '/Game/Demo/Maps/Level_01.Level_01:PersistentLevel.Level_01' with GeneratedClass '/Game/Demo/Maps/Level_01.Level_01_C' with ClassGeneratedBy '/Game/Demo/Maps/Level_01.Level_01:PersistentLevel.Level_01'
[2018.09.19-01.38.35:016][457]LogRenderer: Reallocating scene render targets to support 1108x704 Format 10 NumSamples 1 (Frame:1).
[2018.09.19-01.39.11:502][411]LogBlueprintUserMessages: Early EndPlayMap Detection: Level '/Game/Demo/Maps/Level_01.Level_01:PersistentLevel' has LevelScriptBlueprint '/Game/Demo/Maps/Level_01.Level_01:PersistentLevel.Level_01' with GeneratedClass '/Game/Demo/Maps/Level_01.Level_01_C' with ClassGeneratedBy '/Game/Demo/Maps/Level_01.Level_01:PersistentLevel.Level_01'
[2018.09.19-01.39.11:502][411]LogSlate: Updating window title bar state: overlay mode, drag disabled, window buttons hidden, title bar hidden
[2018.09.19-01.39.11:572][411]LogSlate: Window 'MetroidDemo Game Preview Standalone (64-bit/PCD3D_SM5)' being destroyed
[2018.09.19-01.39.11:633][411]LogPlayLevel: Display: Shutting down PIE online subsystems
[2018.09.19-01.39.11:634][411]LogBlueprintUserMessages: Late EndPlayMap Detection: Level '/Game/Demo/Maps/Level_01.Level_01:PersistentLevel' has LevelScriptBlueprint '/Game/Demo/Maps/Level_01.Level_01:PersistentLevel.Level_01' with GeneratedClass '/Game/Demo/Maps/Level_01.Level_01_C' with ClassGeneratedBy '/Game/Demo/Maps/Level_01.Level_01:PersistentLevel.Level_01'
[2018.09.19-01.39.11:793][412]LogPlayLevel: Display: Destroying online subsystem :Context_1
[2018.09.19-01.39.17:849][538]LogAssetEditorManager: Opening Asset editor for Blueprint /Game/Demo/BluePrint/2D_Guy.2D_Guy
[2018.09.19-01.39.20:444][538]LogContentBrowser: Native class hierarchy updated for 'BlueprintGraph' in 0.0010 seconds. Added 116 classes and 0 folders.
[2018.09.19-01.39.22:938][538]LogAssetEditorManager: Opening Asset editor for PaperTileMap /Game/Demo/Sprites/Environments/Tiles_TileMap.Tiles_TileMap
[2018.09.19-01.39.23:249][538]LogAssetEditorManager: Opening Asset editor for WidgetBlueprint /Game/Demo/BluePrint/Widget_HUD.Widget_HUD
[2018.09.19-01.39.24:462][538]LogSlate: Took 0.031146 seconds to synchronously load lazily loaded font '../../../Engine/Content/Slate/Fonts/Roboto-BoldCondensed.ttf' (158K)
[2018.09.19-01.39.25:475][539]LogSlate: Took 0.014832 seconds to synchronously load lazily loaded font '../../../Engine/Content/Slate/Fonts/Roboto-Italic.ttf' (157K)
[2018.09.19-01.39.28:611][634]LogRenderer: Reallocating scene render targets to support 1108x736 Format 10 NumSamples 1 (Frame:1).
[2018.09.19-01.39.30:482][686]LogRenderer: Reallocating scene render targets to support 1108x744 Format 10 NumSamples 1 (Frame:41).
[2018.09.19-01.39.30:596][688]LogRenderer: Reallocating scene render targets to support 1168x884 Format 10 NumSamples 1 (Frame:43).
[2018.09.19-01.39.31:018][721]LogSlate: Window 'Tiles_TileMap' being destroyed
[2018.09.19-01.54.43:053][552]LogSlate: FSceneViewport::OnFocusLost() reason 0
[2018.09.19-01.57.24:247][ 24]LogAssetEditorManager: Opening Asset editor for PaperSprite /Game/Demo/Sprites/Environments/Tiles_Sprite_9.Tiles_Sprite_9
[2018.09.19-01.57.24:774][ 25]LogRenderer: Reallocating scene render targets to support 1524x884 Format 10 NumSamples 1 (Frame:1).
[2018.09.19-01.58.16:550][433]LogSlate: FSceneViewport::OnFocusLost() reason 0
[2018.09.19-02.03.48:761][484]LogAssetEditorManager: Opening Asset editor for Blueprint /Game/Demo/BluePrint/2D_Trap.2D_Trap
[2018.09.19-02.12.14:125][756]LogAssetEditorManager: Opening Asset editor for PaperSprite /Game/Demo/Sprites/Environments/Tiles_Sprite_9.Tiles_Sprite_9
[2018.09.19-03.34.35:678][575]LogD3D11RHI: Timed out while waiting for GPU to catch up. (500 ms)
[2018.09.19-06.26.15:535][291]LogHttp: Warning: 000001EA1D5C6200: request failed, libcurl error: 6 (Couldn't resolve host name)
[2018.09.19-06.26.15:535][291]LogHttp: Warning: 000001EA1D5C6200: libcurl info message cache 0 (Connection 107 seems to be dead!)
[2018.09.19-06.26.15:535][291]LogHttp: Warning: 000001EA1D5C6200: libcurl info message cache 1 (Closing connection 107)
[2018.09.19-06.26.15:535][291]LogHttp: Warning: 000001EA1D5C6200: libcurl info message cache 2 (TLSv1.2 (OUT), TLS alert, Client hello (1):)
[2018.09.19-06.26.15:535][291]LogHttp: Warning: 000001EA1D5C6200: libcurl info message cache 3 (Could not resolve host: datarouter.ol.epicgames.com)
[2018.09.19-06.26.15:535][291]LogHttp: Warning: 000001EA1D5C6200: libcurl info message cache 4 (Closing connection 108)
[2018.09.19-13.03.24:193][347]LogD3D11RHI: Timed out while waiting for GPU to catch up. (500 ms)
[2018.09.19-14.09.37:093][196]LogHttp: Warning: 000001EA1D5C6200: request failed, libcurl error: 6 (Couldn't resolve host name)
[2018.09.19-14.09.37:093][196]LogHttp: Warning: 000001EA1D5C6200: libcurl info message cache 0 (Found bundle for host datarouter.ol.epicgames.com: 0x1e9a7ea3fa0 [can pipeline])
[2018.09.19-14.09.37:093][196]LogHttp: Warning: 000001EA1D5C6200: libcurl info message cache 1 (Re-using existing connection! (#256) with host datarouter.ol.epicgames.com)
[2018.09.19-14.09.37:093][196]LogHttp: Warning: 000001EA1D5C6200: libcurl info message cache 2 (Connected to datarouter.ol.epicgames.com (34.231.103.121) port 443 (#256))
[2018.09.19-14.09.37:093][196]LogHttp: Warning: 000001EA1D5C6200: libcurl info message cache 3 (upload completely sent off: 389 out of 389 bytes)
[2018.09.19-14.09.37:093][196]LogHttp: Warning: 000001EA1D5C6200: libcurl info message cache 4 (OpenSSL SSL_read: SSL_ERROR_SYSCALL, errno 10054)
[2018.09.19-14.09.37:093][196]LogHttp: Warning: 000001EA1D5C6200: libcurl info message cache 5 (Connection died, retrying a fresh connect)
[2018.09.19-14.09.37:093][196]LogHttp: Warning: 000001EA1D5C6200: libcurl info message cache 6 (Closing connection 256)
[2018.09.19-14.09.37:093][196]LogHttp: Warning: 000001EA1D5C6200: libcurl info message cache 7 (Issue another request to this URL: 'https://datarouter.ol.epicgames.com/datarouter/api/v1/public/data?SessionID=%7B72A01A6E-474B-BD64-37DD-D0A8B46D1CF8%7D&AppID=UEEditor.Rocket.Release&AppVersion=4.20.1-4233996%2B%2B%2BUE4%2BRelease-4.20&UserID=f01dbc8541bb04926e9536918a2c901a%7Cad42757e79e540478afd828513659863%7C6e00c0e2-428f-445a-ad0a-6bd9805d1c92&AppEnvironment=datacollector-binary&UploadType=eteventstream')
[2018.09.19-14.09.37:093][196]LogHttp: Warning: 000001EA1D5C6200: libcurl info message cache 8 (Could not resolve host: datarouter.ol.epicgames.com)
[2018.09.19-14.09.37:093][196]LogHttp: Warning: 000001EA1D5C6200: libcurl info message cache 9 (Closing connection 257)
[2018.09.19-14.11.48:487][586]LogHttp: Warning: 000001EA1D5C6200: request failed, libcurl error: 6 (Couldn't resolve host name)
[2018.09.19-14.11.48:487][586]LogHttp: Warning: 000001EA1D5C6200: libcurl info message cache 0 (Could not resolve host: datarouter.ol.epicgames.com)
[2018.09.19-14.11.48:487][586]LogHttp: Warning: 000001EA1D5C6200: libcurl info message cache 1 (Closing connection 258)
[2018.09.19-14.39.26:227][523]LogHttp: Warning: 000001EA1D5C6200: request failed, libcurl error: 6 (Couldn't resolve host name)
[2018.09.19-14.39.26:227][523]LogHttp: Warning: 000001EA1D5C6200: libcurl info message cache 0 (Connection 265 seems to be dead!)
[2018.09.19-14.39.26:227][523]LogHttp: Warning: 000001EA1D5C6200: libcurl info message cache 1 (Closing connection 265)
[2018.09.19-14.39.26:227][523]LogHttp: Warning: 000001EA1D5C6200: libcurl info message cache 2 (TLSv1.2 (OUT), TLS alert, Client hello (1):)
[2018.09.19-14.39.26:227][523]LogHttp: Warning: 000001EA1D5C6200: libcurl info message cache 3 (Could not resolve host: datarouter.ol.epicgames.com)
[2018.09.19-14.39.26:227][523]LogHttp: Warning: 000001EA1D5C6200: libcurl info message cache 4 (Closing connection 266)
[2018.09.19-14.41.26:689][882]LogHttp: Warning: 000001EA1D5C6200: request failed, libcurl error: 6 (Couldn't resolve host name)
[2018.09.19-14.41.26:689][882]LogHttp: Warning: 000001EA1D5C6200: libcurl info message cache 0 (Could not resolve host: datarouter.ol.epicgames.com)
[2018.09.19-14.41.26:689][882]LogHttp: Warning: 000001EA1D5C6200: libcurl info message cache 1 (Closing connection 267)
[2018.09.19-14.43.27:044][240]LogHttp: Warning: 000001EA1D5C6200: request failed, libcurl error: 6 (Couldn't resolve host name)
[2018.09.19-14.43.27:044][240]LogHttp: Warning: 000001EA1D5C6200: libcurl info message cache 0 (Could not resolve host: datarouter.ol.epicgames.com)
[2018.09.19-14.43.27:044][240]LogHttp: Warning: 000001EA1D5C6200: libcurl info message cache 1 (Closing connection 268)
[2018.09.19-14.45.27:527][597]LogHttp: Warning: 000001EA1D5C6200: request failed, libcurl error: 6 (Couldn't resolve host name)
[2018.09.19-14.45.27:527][597]LogHttp: Warning: 000001EA1D5C6200: libcurl info message cache 0 (Could not resolve host: datarouter.ol.epicgames.com)
[2018.09.19-14.45.27:527][597]LogHttp: Warning: 000001EA1D5C6200: libcurl info message cache 1 (Closing connection 269)
[2018.09.19-14.47.28:037][954]LogHttp: Warning: 000001EA1D5C6200: request failed, libcurl error: 6 (Couldn't resolve host name)
[2018.09.19-14.47.28:038][954]LogHttp: Warning: 000001EA1D5C6200: libcurl info message cache 0 (Could not resolve host: datarouter.ol.epicgames.com)
[2018.09.19-14.47.28:038][954]LogHttp: Warning: 000001EA1D5C6200: libcurl info message cache 1 (Closing connection 270)
[2018.09.19-14.49.28:572][311]LogHttp: Warning: 000001EA1D5C6200: request failed, libcurl error: 6 (Couldn't resolve host name)
[2018.09.19-14.49.28:572][311]LogHttp: Warning: 000001EA1D5C6200: libcurl info message cache 0 (Could not resolve host: datarouter.ol.epicgames.com)
[2018.09.19-14.49.28:572][311]LogHttp: Warning: 000001EA1D5C6200: libcurl info message cache 1 (Closing connection 271)
[2018.09.19-14.51.28:971][668]LogHttp: Warning: 000001EA1D5C6200: request failed, libcurl error: 6 (Couldn't resolve host name)
[2018.09.19-14.51.28:972][668]LogHttp: Warning: 000001EA1D5C6200: libcurl info message cache 0 (Could not resolve host: datarouter.ol.epicgames.com)
[2018.09.19-14.51.28:972][668]LogHttp: Warning: 000001EA1D5C6200: libcurl info message cache 1 (Closing connection 272)
[2018.09.19-14.53.29:404][ 25]LogHttp: Warning: 000001EA1D5C6200: request failed, libcurl error: 6 (Couldn't resolve host name)
[2018.09.19-14.53.29:404][ 25]LogHttp: Warning: 000001EA1D5C6200: libcurl info message cache 0 (Could not resolve host: datarouter.ol.epicgames.com)
[2018.09.19-14.53.29:404][ 25]LogHttp: Warning: 000001EA1D5C6200: libcurl info message cache 1 (Closing connection 273)
[2018.09.19-14.55.29:963][382]LogHttp: Warning: 000001EA1D5C6200: request failed, libcurl error: 6 (Couldn't resolve host name)
[2018.09.19-14.55.29:963][382]LogHttp: Warning: 000001EA1D5C6200: libcurl info message cache 0 (Could not resolve host: datarouter.ol.epicgames.com)
[2018.09.19-14.55.29:963][382]LogHttp: Warning: 000001EA1D5C6200: libcurl info message cache 1 (Closing connection 274)
[2018.09.19-14.57.30:458][739]LogHttp: Warning: 000001EA1D5C6200: request failed, libcurl error: 6 (Couldn't resolve host name)
[2018.09.19-14.57.30:458][739]LogHttp: Warning: 000001EA1D5C6200: libcurl info message cache 0 (Could not resolve host: datarouter.ol.epicgames.com)
[2018.09.19-14.57.30:458][739]LogHttp: Warning: 000001EA1D5C6200: libcurl info message cache 1 (Closing connection 275)
[2018.09.19-14.59.30:980][ 96]LogHttp: Warning: 000001EA1D5C6200: request failed, libcurl error: 6 (Couldn't resolve host name)
[2018.09.19-14.59.30:980][ 96]LogHttp: Warning: 000001EA1D5C6200: libcurl info message cache 0 (Could not resolve host: datarouter.ol.epicgames.com)
[2018.09.19-14.59.30:980][ 96]LogHttp: Warning: 000001EA1D5C6200: libcurl info message cache 1 (Closing connection 276)
[2018.09.19-15.01.31:441][453]LogHttp: Warning: 000001EA1D5C6200: request failed, libcurl error: 6 (Couldn't resolve host name)
[2018.09.19-15.01.31:441][453]LogHttp: Warning: 000001EA1D5C6200: libcurl info message cache 0 (Could not resolve host: datarouter.ol.epicgames.com)
[2018.09.19-15.01.31:441][453]LogHttp: Warning: 000001EA1D5C6200: libcurl info message cache 1 (Closing connection 277)
[2018.09.19-15.03.31:892][810]LogHttp: Warning: 000001EA1D5C6200: request failed, libcurl error: 6 (Couldn't resolve host name)
[2018.09.19-15.03.31:892][810]LogHttp: Warning: 000001EA1D5C6200: libcurl info message cache 0 (Could not resolve host: datarouter.ol.epicgames.com)
[2018.09.19-15.03.31:892][810]LogHttp: Warning: 000001EA1D5C6200: libcurl info message cache 1 (Closing connection 278)
[2018.09.19-15.05.32:370][167]LogHttp: Warning: 000001EA1D5C6200: request failed, libcurl error: 6 (Couldn't resolve host name)
[2018.09.19-15.05.32:370][167]LogHttp: Warning: 000001EA1D5C6200: libcurl info message cache 0 (Could not resolve host: datarouter.ol.epicgames.com)
[2018.09.19-15.05.32:370][167]LogHttp: Warning: 000001EA1D5C6200: libcurl info message cache 1 (Closing connection 279)
[2018.09.19-15.07.32:849][524]LogHttp: Warning: 000001EA1D5C6200: request failed, libcurl error: 6 (Couldn't resolve host name)
[2018.09.19-15.07.32:849][524]LogHttp: Warning: 000001EA1D5C6200: libcurl info message cache 0 (Could not resolve host: datarouter.ol.epicgames.com)
[2018.09.19-15.07.32:849][524]LogHttp: Warning: 000001EA1D5C6200: libcurl info message cache 1 (Closing connection 280)
[2018.09.19-15.09.33:221][881]LogHttp: Warning: 000001EA1D5C6200: request failed, libcurl error: 6 (Couldn't resolve host name)
[2018.09.19-15.09.33:221][881]LogHttp: Warning: 000001EA1D5C6200: libcurl info message cache 0 (Could not resolve host: datarouter.ol.epicgames.com)
[2018.09.19-15.09.33:222][881]LogHttp: Warning: 000001EA1D5C6200: libcurl info message cache 1 (Closing connection 281)
[2018.09.19-15.11.33:721][238]LogHttp: Warning: 000001EA1D5C6200: request failed, libcurl error: 6 (Couldn't resolve host name)
[2018.09.19-15.11.33:721][238]LogHttp: Warning: 000001EA1D5C6200: libcurl info message cache 0 (Could not resolve host: datarouter.ol.epicgames.com)
[2018.09.19-15.11.33:721][238]LogHttp: Warning: 000001EA1D5C6200: libcurl info message cache 1 (Closing connection 282)
[2018.09.19-15.13.34:273][595]LogHttp: Warning: 000001EA1D5C6200: request failed, libcurl error: 6 (Couldn't resolve host name)
[2018.09.19-15.13.34:273][595]LogHttp: Warning: 000001EA1D5C6200: libcurl info message cache 0 (Could not resolve host: datarouter.ol.epicgames.com)
[2018.09.19-15.13.34:273][595]LogHttp: Warning: 000001EA1D5C6200: libcurl info message cache 1 (Closing connection 283)
[2018.09.19-15.15.34:725][952]LogHttp: Warning: 000001EA1D5C6200: request failed, libcurl error: 6 (Couldn't resolve host name)
[2018.09.19-15.15.34:726][952]LogHttp: Warning: 000001EA1D5C6200: libcurl info message cache 0 (Could not resolve host: datarouter.ol.epicgames.com)
[2018.09.19-15.15.34:726][952]LogHttp: Warning: 000001EA1D5C6200: libcurl info message cache 1 (Closing connection 284)
[2018.09.19-15.17.35:149][309]LogHttp: Warning: 000001EA1D5C6200: request failed, libcurl error: 6 (Couldn't resolve host name)
[2018.09.19-15.17.35:149][309]LogHttp: Warning: 000001EA1D5C6200: libcurl info message cache 0 (Could not resolve host: datarouter.ol.epicgames.com)
[2018.09.19-15.17.35:149][309]LogHttp: Warning: 000001EA1D5C6200: libcurl info message cache 1 (Closing connection 285)
[2018.09.19-15.19.35:614][666]LogHttp: Warning: 000001EA1D5C6200: request failed, libcurl error: 6 (Couldn't resolve host name)
[2018.09.19-15.19.35:614][666]LogHttp: Warning: 000001EA1D5C6200: libcurl info message cache 0 (Could not resolve host: datarouter.ol.epicgames.com)
[2018.09.19-15.19.35:614][666]LogHttp: Warning: 000001EA1D5C6200: libcurl info message cache 1 (Closing connection 286)
[2018.09.19-15.21.36:161][ 23]LogHttp: Warning: 000001EA1D5C6200: request failed, libcurl error: 6 (Couldn't resolve host name)
[2018.09.19-15.21.36:161][ 23]LogHttp: Warning: 000001EA1D5C6200: libcurl info message cache 0 (Could not resolve host: datarouter.ol.epicgames.com)
[2018.09.19-15.21.36:161][ 23]LogHttp: Warning: 000001EA1D5C6200: libcurl info message cache 1 (Closing connection 287)
[2018.09.19-15.23.36:589][380]LogHttp: Warning: 000001EA1D5C6200: request failed, libcurl error: 6 (Couldn't resolve host name)
[2018.09.19-15.23.36:589][380]LogHttp: Warning: 000001EA1D5C6200: libcurl info message cache 0 (Could not resolve host: datarouter.ol.epicgames.com)
[2018.09.19-15.23.36:589][380]LogHttp: Warning: 000001EA1D5C6200: libcurl info message cache 1 (Closing connection 288)
[2018.09.19-15.25.37:058][737]LogHttp: Warning: 000001EA1D5C6200: request failed, libcurl error: 6 (Couldn't resolve host name)
[2018.09.19-15.25.37:059][737]LogHttp: Warning: 000001EA1D5C6200: libcurl info message cache 0 (Could not resolve host: datarouter.ol.epicgames.com)
[2018.09.19-15.25.37:059][737]LogHttp: Warning: 000001EA1D5C6200: libcurl info message cache 1 (Closing connection 289)
[2018.09.19-15.27.37:542][ 94]LogHttp: Warning: 000001EA1D5C6200: request failed, libcurl error: 6 (Couldn't resolve host name)
[2018.09.19-15.27.37:542][ 94]LogHttp: Warning: 000001EA1D5C6200: libcurl info message cache 0 (Could not resolve host: datarouter.ol.epicgames.com)
[2018.09.19-15.27.37:542][ 94]LogHttp: Warning: 000001EA1D5C6200: libcurl info message cache 1 (Closing connection 290)
[2018.09.19-15.29.37:969][451]LogHttp: Warning: 000001EA1D5C6200: request failed, libcurl error: 6 (Couldn't resolve host name)
[2018.09.19-15.29.37:969][451]LogHttp: Warning: 000001EA1D5C6200: libcurl info message cache 0 (Could not resolve host: datarouter.ol.epicgames.com)
[2018.09.19-15.29.37:969][451]LogHttp: Warning: 000001EA1D5C6200: libcurl info message cache 1 (Closing connection 291)
[2018.09.19-15.31.38:459][808]LogHttp: Warning: 000001EA1D5C6200: request failed, libcurl error: 6 (Couldn't resolve host name)
[2018.09.19-15.31.38:459][808]LogHttp: Warning: 000001EA1D5C6200: libcurl info message cache 0 (Could not resolve host: datarouter.ol.epicgames.com)
[2018.09.19-15.31.38:459][808]LogHttp: Warning: 000001EA1D5C6200: libcurl info message cache 1 (Closing connection 292)
[2018.09.19-15.33.39:029][165]LogHttp: Warning: 000001EA1D5C6200: request failed, libcurl error: 6 (Couldn't resolve host name)
[2018.09.19-15.33.39:029][165]LogHttp: Warning: 000001EA1D5C6200: libcurl info message cache 0 (Could not resolve host: datarouter.ol.epicgames.com)
[2018.09.19-15.33.39:029][165]LogHttp: Warning: 000001EA1D5C6200: libcurl info message cache 1 (Closing connection 293)
[2018.09.19-15.35.39:578][522]LogHttp: Warning: 000001EA1D5C6200: request failed, libcurl error: 6 (Couldn't resolve host name)
[2018.09.19-15.35.39:578][522]LogHttp: Warning: 000001EA1D5C6200: libcurl info message cache 0 (Could not resolve host: datarouter.ol.epicgames.com)
[2018.09.19-15.35.39:578][522]LogHttp: Warning: 000001EA1D5C6200: libcurl info message cache 1 (Closing connection 294)
[2018.09.19-15.37.40:085][879]LogHttp: Warning: 000001EA1D5C6200: request failed, libcurl error: 6 (Couldn't resolve host name)
[2018.09.19-15.37.40:085][879]LogHttp: Warning: 000001EA1D5C6200: libcurl info message cache 0 (Could not resolve host: datarouter.ol.epicgames.com)
[2018.09.19-15.37.40:085][879]LogHttp: Warning: 000001EA1D5C6200: libcurl info message cache 1 (Closing connection 295)
[2018.09.19-15.39.40:521][236]LogHttp: Warning: 000001EA1D5C6200: request failed, libcurl error: 6 (Couldn't resolve host name)
[2018.09.19-15.39.40:522][236]LogHttp: Warning: 000001EA1D5C6200: libcurl info message cache 0 (Could not resolve host: datarouter.ol.epicgames.com)
[2018.09.19-15.39.40:522][236]LogHttp: Warning: 000001EA1D5C6200: libcurl info message cache 1 (Closing connection 296)
[2018.09.19-15.41.41:045][593]LogHttp: Warning: 000001EA1D5C6200: request failed, libcurl error: 6 (Couldn't resolve host name)
[2018.09.19-15.41.41:045][593]LogHttp: Warning: 000001EA1D5C6200: libcurl info message cache 0 (Could not resolve host: datarouter.ol.epicgames.com)
[2018.09.19-15.41.41:046][593]LogHttp: Warning: 000001EA1D5C6200: libcurl info message cache 1 (Closing connection 297)
[2018.09.19-15.43.41:476][950]LogHttp: Warning: 000001EA1D5C6200: request failed, libcurl error: 6 (Couldn't resolve host name)
[2018.09.19-15.43.41:476][950]LogHttp: Warning: 000001EA1D5C6200: libcurl info message cache 0 (Could not resolve host: datarouter.ol.epicgames.com)
[2018.09.19-15.43.41:476][950]LogHttp: Warning: 000001EA1D5C6200: libcurl info message cache 1 (Closing connection 298)
[2018.09.19-15.45.42:059][307]LogHttp: Warning: 000001EA1D5C6200: request failed, libcurl error: 6 (Couldn't resolve host name)
[2018.09.19-15.45.42:059][307]LogHttp: Warning: 000001EA1D5C6200: libcurl info message cache 0 (Could not resolve host: datarouter.ol.epicgames.com)
[2018.09.19-15.45.42:059][307]LogHttp: Warning: 000001EA1D5C6200: libcurl info message cache 1 (Closing connection 299)
[2018.09.19-15.47.42:622][664]LogHttp: Warning: 000001EA1D5C6200: request failed, libcurl error: 6 (Couldn't resolve host name)
[2018.09.19-15.47.42:622][664]LogHttp: Warning: 000001EA1D5C6200: libcurl info message cache 0 (Could not resolve host: datarouter.ol.epicgames.com)
[2018.09.19-15.47.42:622][664]LogHttp: Warning: 000001EA1D5C6200: libcurl info message cache 1 (Closing connection 300)
[2018.09.19-15.49.43:079][ 21]LogHttp: Warning: 000001EA1D5C6200: request failed, libcurl error: 6 (Couldn't resolve host name)
[2018.09.19-15.49.43:079][ 21]LogHttp: Warning: 000001EA1D5C6200: libcurl info message cache 0 (Could not resolve host: datarouter.ol.epicgames.com)
[2018.09.19-15.49.43:079][ 21]LogHttp: Warning: 000001EA1D5C6200: libcurl info message cache 1 (Closing connection 301)
[2018.09.19-15.51.43:647][378]LogHttp: Warning: 000001EA1D5C6200: request failed, libcurl error: 6 (Couldn't resolve host name)
[2018.09.19-15.51.43:647][378]LogHttp: Warning: 000001EA1D5C6200: libcurl info message cache 0 (Could not resolve host: datarouter.ol.epicgames.com)
[2018.09.19-15.51.43:647][378]LogHttp: Warning: 000001EA1D5C6200: libcurl info message cache 1 (Closing connection 302)
[2018.09.19-15.53.44:224][735]LogHttp: Warning: 000001EA1D5C6200: request failed, libcurl error: 6 (Couldn't resolve host name)
[2018.09.19-15.53.44:224][735]LogHttp: Warning: 000001EA1D5C6200: libcurl info message cache 0 (Could not resolve host: datarouter.ol.epicgames.com)
[2018.09.19-15.53.44:225][735]LogHttp: Warning: 000001EA1D5C6200: libcurl info message cache 1 (Closing connection 303)
[2018.09.19-15.55.44:776][ 92]LogHttp: Warning: 000001EA1D5C6200: request failed, libcurl error: 6 (Couldn't resolve host name)
[2018.09.19-15.55.44:776][ 92]LogHttp: Warning: 000001EA1D5C6200: libcurl info message cache 0 (Could not resolve host: datarouter.ol.epicgames.com)
[2018.09.19-15.55.44:777][ 92]LogHttp: Warning: 000001EA1D5C6200: libcurl info message cache 1 (Closing connection 304)
[2018.09.19-15.57.45:247][449]LogHttp: Warning: 000001EA1D5C6200: request failed, libcurl error: 6 (Couldn't resolve host name)
[2018.09.19-15.57.45:247][449]LogHttp: Warning: 000001EA1D5C6200: libcurl info message cache 0 (Could not resolve host: datarouter.ol.epicgames.com)
[2018.09.19-15.57.45:248][449]LogHttp: Warning: 000001EA1D5C6200: libcurl info message cache 1 (Closing connection 305)
[2018.09.19-15.59.45:771][806]LogHttp: Warning: 000001EA1D5C6200: request failed, libcurl error: 6 (Couldn't resolve host name)
[2018.09.19-15.59.45:771][806]LogHttp: Warning: 000001EA1D5C6200: libcurl info message cache 0 (Could not resolve host: datarouter.ol.epicgames.com)
[2018.09.19-15.59.45:771][806]LogHttp: Warning: 000001EA1D5C6200: libcurl info message cache 1 (Closing connection 306)
[2018.09.19-16.01.46:330][163]LogHttp: Warning: 000001EA1D5C6200: request failed, libcurl error: 6 (Couldn't resolve host name)
[2018.09.19-16.01.46:330][163]LogHttp: Warning: 000001EA1D5C6200: libcurl info message cache 0 (Could not resolve host: datarouter.ol.epicgames.com)
[2018.09.19-16.01.46:330][163]LogHttp: Warning: 000001EA1D5C6200: libcurl info message cache 1 (Closing connection 307)
[2018.09.19-16.03.46:899][520]LogHttp: Warning: 000001EA1D5C6200: request failed, libcurl error: 6 (Couldn't resolve host name)
[2018.09.19-16.03.46:899][520]LogHttp: Warning: 000001EA1D5C6200: libcurl info message cache 0 (Could not resolve host: datarouter.ol.epicgames.com)
[2018.09.19-16.03.46:899][520]LogHttp: Warning: 000001EA1D5C6200: libcurl info message cache 1 (Closing connection 308)
[2018.09.19-16.05.47:309][877]LogHttp: Warning: 000001EA1D5C6200: request failed, libcurl error: 6 (Couldn't resolve host name)
[2018.09.19-16.05.47:309][877]LogHttp: Warning: 000001EA1D5C6200: libcurl info message cache 0 (Could not resolve host: datarouter.ol.epicgames.com)
[2018.09.19-16.05.47:309][877]LogHttp: Warning: 000001EA1D5C6200: libcurl info message cache 1 (Closing connection 309)
[2018.09.19-16.07.47:693][234]LogHttp: Warning: 000001EA1D5C6200: request failed, libcurl error: 6 (Couldn't resolve host name)
[2018.09.19-16.07.47:693][234]LogHttp: Warning: 000001EA1D5C6200: libcurl info message cache 0 (Could not resolve host: datarouter.ol.epicgames.com)
[2018.09.19-16.07.47:693][234]LogHttp: Warning: 000001EA1D5C6200: libcurl info message cache 1 (Closing connection 310)
[2018.09.19-16.09.48:066][590]LogHttp: Warning: 000001EA1D5C6200: request failed, libcurl error: 6 (Couldn't resolve host name)
[2018.09.19-16.09.48:066][590]LogHttp: Warning: 000001EA1D5C6200: libcurl info message cache 0 (Could not resolve host: datarouter.ol.epicgames.com)
[2018.09.19-16.09.48:066][590]LogHttp: Warning: 000001EA1D5C6200: libcurl info message cache 1 (Closing connection 311)
[2018.09.19-16.13.02:477][250]LogActorComponent: UnregisterComponent: (/Engine/Transient.EditorFloorComp) Not registered. Aborting.
[2018.09.19-16.13.02:565][250]LogSlate: Window 'MetroidDemo - Unreal Editor' being destroyed
[2018.09.19-16.13.02:567][250]LogWindowsTextInputMethodSystem: Display: IME system now deactivated.
[2018.09.19-16.13.02:872][251]Cmd: QUIT_EDITOR
[2018.09.19-16.13.03:688][251]LogExit: Preparing to exit.
