Log file open, 09/20/18 18:38:54
LogWindows: Failed to load 'aqProf.dll' (GetLastError=126)
LogWindows: File 'aqProf.dll' does not exist
LogWindows: Failed to load 'VSPerf140.dll' (GetLastError=126)
LogWindows: File 'VSPerf140.dll' does not exist
LogWindows: Failed to load 'VtuneApi.dll' (GetLastError=126)
LogWindows: File 'VtuneApi.dll' does not exist
LogWindows: Failed to load 'VtuneApi32e.dll' (GetLastError=126)
LogWindows: File 'VtuneApi32e.dll' does not exist
LogInit: Display: Running engine for game: MetroidDemo
LogPlatformFile: Not using cached read wrapper
LogTaskGraph: Started task graph with 5 named threads and 23 total threads with 3 sets of task threads.
LogStats: Stats thread started at 0.283524
LogD3D11RHI: Loaded GFSDK_Aftermath_Lib.x64.dll
LogICUInternationalization: Display: ICU TimeZone Detection - Raw Offset: -5:00, Platform Override: ''
LogPluginManager: Mounting plugin Paper2D
LogPluginManager: Mounting plugin AISupport
LogPluginManager: Mounting plugin LightPropagationVolume
LogPluginManager: Mounting plugin CLionSourceCodeAccess
LogPluginManager: Mounting plugin CodeLiteSourceCodeAccess
LogPluginManager: Mounting plugin GitSourceControl
LogPluginManager: Mounting plugin KDevelopSourceCodeAccess
LogPluginManager: Mounting plugin NullSourceCodeAccess
LogPluginManager: Mounting plugin PerforceSourceControl
LogPluginManager: Mounting plugin SubversionSourceControl
LogPluginManager: Mounting plugin UObjectPlugin
LogPluginManager: Mounting plugin VisualStudioCodeSourceCodeAccess
LogPluginManager: Mounting plugin VisualStudioSourceCodeAccess
LogPluginManager: Mounting plugin XCodeSourceCodeAccess
LogPluginManager: Mounting plugin AssetManagerEditor
LogPluginManager: Mounting plugin CryptoKeys
LogPluginManager: Mounting plugin DataValidation
LogPluginManager: Mounting plugin FacialAnimation
LogPluginManager: Mounting plugin GameplayTagsEditor
LogPluginManager: Mounting plugin MacGraphicsSwitching
LogPluginManager: Mounting plugin MeshEditor
LogPluginManager: Mounting plugin MobileLauncherProfileWizard
LogPluginManager: Mounting plugin PluginBrowser
LogPluginManager: Mounting plugin SpeedTreeImporter
LogPluginManager: Mounting plugin DatasmithContent
LogPluginManager: Mounting plugin AlembicImporter
LogPluginManager: Mounting plugin AppleImageUtils
LogPluginManager: Mounting plugin AppleVision
LogPluginManager: Mounting plugin BackChannel
LogPluginManager: Mounting plugin CharacterAI
LogPluginManager: Mounting plugin GeometryCache
LogPluginManager: Mounting plugin HTML5Networking
LogPluginManager: Mounting plugin ProxyLODPlugin
LogPluginManager: Mounting plugin MagicLeap
LogPluginManager: Mounting plugin MagicLeapEmulator
LogPluginManager: Mounting plugin MagicLeapMedia
LogPluginManager: Mounting plugin AndroidMedia
LogPluginManager: Mounting plugin AvfMedia
LogPluginManager: Mounting plugin ImgMedia
LogPluginManager: Mounting plugin LinearTimecode
LogPluginManager: Mounting plugin MediaCompositing
LogPluginManager: Mounting plugin MediaPlayerEditor
LogPluginManager: Mounting plugin WmfMedia
LogPluginManager: Mounting plugin TcpMessaging
LogPluginManager: Mounting plugin UdpMessaging
LogPluginManager: Mounting plugin ActorSequence
LogPluginManager: Mounting plugin LevelSequenceEditor
LogPluginManager: Mounting plugin MatineeToLevelSequence
LogPluginManager: Mounting plugin NetcodeUnitTest
LogPluginManager: Mounting plugin NUTUnrealEngine4
LogPluginManager: Mounting plugin OnlineSubsystemGooglePlay
LogPluginManager: Mounting plugin OnlineSubsystemIOS
LogPluginManager: Mounting plugin OnlineSubsystem
LogPluginManager: Mounting plugin OnlineSubsystemNull
LogPluginManager: Mounting plugin OnlineSubsystemUtils
LogPluginManager: Mounting plugin LauncherChunkInstaller
LogPluginManager: Mounting plugin AndroidDeviceProfileSelector
LogPluginManager: Mounting plugin AndroidMoviePlayer
LogPluginManager: Mounting plugin AndroidPermission
LogPluginManager: Mounting plugin AppleMoviePlayer
LogPluginManager: Mounting plugin ArchVisCharacter
LogPluginManager: Mounting plugin AudioCapture
LogPluginManager: Mounting plugin CableComponent
LogPluginManager: Mounting plugin CustomMeshComponent
LogPluginManager: Mounting plugin EditableMesh
LogPluginManager: Mounting plugin ExampleDeviceProfileSelector
LogPluginManager: Mounting plugin GoogleCloudMessaging
LogPluginManager: Mounting plugin ImmediatePhysics
LogPluginManager: Mounting plugin IOSDeviceProfileSelector
LogPluginManager: Mounting plugin LinuxDeviceProfileSelector
LogPluginManager: Mounting plugin LocationServicesBPLibrary
LogPluginManager: Mounting plugin MobilePatchingUtils
LogPluginManager: Mounting plugin OculusVR
LogPluginManager: Plugin shader directory ../../../Engine/Plugins/Runtime/Oculus/OculusVR/Shaders found
LogPluginManager: Mapping shader source directory ../../../Engine/Plugins/Runtime/Oculus/OculusVR/Shaders to virtual directory /Plugin/OculusVR
LogPluginManager: Mounting plugin PhysXVehicles
LogPluginManager: Mounting plugin ProceduralMeshComponent
LogPluginManager: Mounting plugin RuntimePhysXCooking
LogPluginManager: Mounting plugin SteamVR
LogPluginManager: Mounting plugin WindowsMoviePlayer
LogStreaming: Display: Took  0.138s to configure plugins.
LogInit: Using libcurl 7.55.1-DEV
LogInit:  - built for x86_64-pc-win32
LogInit:  - supports SSL with OpenSSL/1.0.2h
LogInit:  - supports HTTP deflate (compression) using libz 1.2.8
LogInit:  - other features:
LogInit:      CURL_VERSION_SSL
LogInit:      CURL_VERSION_LIBZ
LogInit:      CURL_VERSION_IPV6
LogInit:      CURL_VERSION_ASYNCHDNS
LogInit:      CURL_VERSION_LARGEFILE
LogInit:      CURL_VERSION_IDN
LogInit:  CurlRequestOptions (configurable via config and command line):
LogInit:  - bVerifyPeer = false  - Libcurl will NOT verify peer certificate
LogInit:  - bUseHttpProxy = false  - Libcurl will NOT use HTTP proxy
LogInit:  - bDontReuseConnections = false  - Libcurl will reuse connections
LogInit:  - CertBundlePath = nullptr  - Libcurl will use whatever was configured at build time.
LogInit:  - MaxHostConnections = 16  - Libcurl will limit the number of connections to a host
LogInit:  - LocalHostAddr = Default
LogInit:  - BufferSize = 65536
LogInit: WinSock: version 1.1 (2.2), MaxSocks=32767, MaxUdp=65467
LogInit: Build: ++UE4+Release-4.20-CL-4302132
LogInit: Engine Version: 4.20.2-4302132+++UE4+Release-4.20
LogInit: Compatible Engine Version: 4.20.0-4212847+++UE4+Release-4.20
LogInit: Net CL: 4212847
LogInit: OS: Windows 10 (), CPU: Intel(R) Core(TM) i5-8250U CPU @ 1.60GHz, GPU: Intel(R) UHD Graphics 620
LogInit: Compiled (64-bit): Aug 21 2018 02:06:06
LogInit: Compiled with Visual C++: 19.13.26129.00
LogInit: Build Configuration: Development
LogInit: Branch Name: ++UE4+Release-4.20
LogInit: Command Line: 
LogInit: Base Directory: C:/Program Files/Epic Games/UE_4.20/Engine/Binaries/Win64/
LogInit: Installed Engine Build: 1
LogDevObjectVersion: Number of dev versions registered: 20
LogDevObjectVersion:   Dev-Blueprints (B0D832E4-1F89-4F0D-ACCF-7EB736FD4AA2): 10
LogDevObjectVersion:   Dev-Build (E1C64328-A22C-4D53-A36C-8E866417BD8C): 0
LogDevObjectVersion:   Dev-Core (375EC13C-06E4-48FB-B500-84F0262A717E): 2
LogDevObjectVersion:   Dev-Editor (E4B068ED-F494-42E9-A231-DA0B2E46BB41): 24
LogDevObjectVersion:   Dev-Framework (CFFC743F-43B0-4480-9391-14DF171D2073): 34
LogDevObjectVersion:   Dev-Mobile (B02B49B5-BB20-44E9-A304-32B752E40360): 2
LogDevObjectVersion:   Dev-Networking (A4E4105C-59A1-49B5-A7C5-40C4547EDFEE): 0
LogDevObjectVersion:   Dev-Online (39C831C9-5AE6-47DC-9A44-9C173E1C8E7C): 0
LogDevObjectVersion:   Dev-Physics (78F01B33-EBEA-4F98-B9B4-84EACCB95AA2): 0
LogDevObjectVersion:   Dev-Platform (6631380F-2D4D-43E0-8009-CF276956A95A): 0
LogDevObjectVersion:   Dev-Rendering (12F88B9F-8875-4AFC-A67C-D90C383ABD29): 26
LogDevObjectVersion:   Dev-Sequencer (7B5AE74C-D270-4C10-A958-57980B212A5A): 9
LogDevObjectVersion:   Dev-VR (D7296918-1DD6-4BDD-9DE2-64A83CC13884): 2
LogDevObjectVersion:   Dev-LoadTimes (C2A15278-BFE7-4AFE-6C17-90FF531DF755): 1
LogDevObjectVersion:   Private-Geometry (6EACA3D4-40EC-4CC1-B786-8BED09428FC5): 3
LogDevObjectVersion:   Dev-AnimPhys (29E575DD-E0A3-4627-9D10-D276232CDCEA): 17
LogDevObjectVersion:   Dev-ReflectionCapture (6B266CEC-1EC7-4B8F-A30B-E4D90942FC07): 1
LogDevObjectVersion:   Dev-Automation (0DF73D61-A23F-47EA-B727-89E90C41499A): 1
LogDevObjectVersion:   FortniteMain (601D1886-AC64-4F84-AA16-D3DE0DEAC7D6): 12
LogDevObjectVersion:   Dev-Enterprise (9DFFBCD6-494F-0158-E221-12823C92A888): 1
LogStreaming: Display: Took  0.003s to delete old logs.
LogInit: Presizing for max 8388607 objects, including 0 objects not considered by GC, pre-allocating 0 bytes for permanent pool.
LogInit: Object subsystem initialized
[2018.09.20-22.38.55:042][  0]LogInit: Selected Device Profile: [Windows]
[2018.09.20-22.38.55:042][  0]LogInit: Applying CVar settings loaded from the selected device profile: [Windows]
[2018.09.20-22.38.55:056][  0]LogHAL: Display: Platform has ~ 8 GB [8481775616 / 8589934592 / 8], which maps to Default [LargestMinGB=32, LargerMinGB=12, DefaultMinGB=8, SmallerMinGB=6, SmallestMinGB=0)
[2018.09.20-22.38.55:056][  0]LogInit: Setting Device Profile CVar: [[r.Vulkan.UseRealUBs:1]]
[2018.09.20-22.38.55:056][  0]LogInit: Going up to parent DeviceProfile []
[2018.09.20-22.38.55:056][  0]LogInit: Computer: DESKTOP-DCAAEOS
[2018.09.20-22.38.55:056][  0]LogInit: User: Whitney
[2018.09.20-22.38.55:056][  0]LogInit: CPU Page size=4096, Cores=4
[2018.09.20-22.38.55:056][  0]LogInit: High frequency timer resolution =1.757814 MHz
[2018.09.20-22.38.55:057][  0]LogMemory: Memory total: Physical=7.9GB (8GB approx)
[2018.09.20-22.38.55:057][  0]LogMemory: Platform Memory Stats for Windows
[2018.09.20-22.38.55:057][  0]LogMemory: Process Physical Memory: 100.64 MB used, 100.64 MB peak
[2018.09.20-22.38.55:057][  0]LogMemory: Process Virtual Memory: 91.09 MB used, 91.09 MB peak
[2018.09.20-22.38.55:057][  0]LogMemory: Physical Memory: 5378.27 MB used,  2710.59 MB free, 8088.85 MB total
[2018.09.20-22.38.55:057][  0]LogMemory: Virtual Memory: 548.43 MB used,  2710.59 MB free, 134217728.00 MB total
[2018.09.20-22.38.55:071][  0]LogInit: Using OS detected language (en-US).
[2018.09.20-22.38.55:071][  0]LogInit: Using OS detected locale (en-US).
[2018.09.20-22.38.55:072][  0]LogTextLocalizationManager: No specific localization for 'en-US' exists, so the 'en' localization will be used.
[2018.09.20-22.38.55:420][  0]LogStreaming: Display: Took  0.348s to InitEngineTextLocalization.
[2018.09.20-22.38.55:420][  0]LogInit: Setting process to per monitor DPI aware
[2018.09.20-22.38.55:466][  0]LogSlate: New Slate User Created.  User Index 0, Is Virtual User: 0
[2018.09.20-22.38.55:466][  0]LogSlate: Slate User Registered.  User Index 0, Is Virtual User: 0
[2018.09.20-22.38.57:646][  0]LogHMD: Failed to initialize OpenVR with code 110
[2018.09.20-22.38.57:646][  0]LogD3D11RHI: D3D11 adapters:
[2018.09.20-22.38.57:670][  0]LogD3D11RHI:    0. 'Intel(R) UHD Graphics 620' (Feature Level 11_0)
[2018.09.20-22.38.57:670][  0]LogD3D11RHI:       128/0/4044 MB DedicatedVideo/DedicatedSystem/SharedSystem, Outputs:1, VendorId:0x8086
[2018.09.20-22.38.57:672][  0]LogD3D11RHI:    1. 'Microsoft Basic Render Driver' (Feature Level 11_0)
[2018.09.20-22.38.57:673][  0]LogD3D11RHI:       0/0/4044 MB DedicatedVideo/DedicatedSystem/SharedSystem, Outputs:0, VendorId:0x1414
[2018.09.20-22.38.57:673][  0]LogD3D11RHI: Chosen D3D11 Adapter: 0
[2018.09.20-22.38.57:678][  0]LogD3D11RHI: Creating new Direct3DDevice
[2018.09.20-22.38.57:678][  0]LogD3D11RHI:     GPU DeviceId: 0x5917 (for the marketing name, search the web for "GPU Device Id")
[2018.09.20-22.38.57:678][  0]LogWindows: EnumDisplayDevices:
[2018.09.20-22.38.57:679][  0]LogWindows:    0. 'Intel(R) UHD Graphics 620' (P:1 D:1)
[2018.09.20-22.38.57:679][  0]LogWindows:    1. 'Intel(R) UHD Graphics 620' (P:0 D:0)
[2018.09.20-22.38.57:679][  0]LogWindows:    2. 'Intel(R) UHD Graphics 620' (P:0 D:0)
[2018.09.20-22.38.57:679][  0]LogWindows: DebugString: FoundDriverCount:3 
[2018.09.20-22.38.57:679][  0]LogD3D11RHI:     Adapter Name: Intel(R) UHD Graphics 620
[2018.09.20-22.38.57:679][  0]LogD3D11RHI:   Driver Version: 23.20.16.4905 (internal:23.20.16.4905, unified:23.20.16.4905)
[2018.09.20-22.38.57:679][  0]LogD3D11RHI:      Driver Date: 12-27-2017
[2018.09.20-22.38.57:679][  0]LogRHI: Texture pool is 1505 MB (70% of 2150 MB)
[2018.09.20-22.38.57:698][  0]LogD3D11RHI: Async texture creation enabled
[2018.09.20-22.38.57:704][  0]LogD3D11RHI: GPU Timing Frequency: 12.000048 (Debug: 2 0)
[2018.09.20-22.38.57:706][  0]LogShaderCompilers: Guid format shader working directory is -19 characters bigger than the processId version (../../../../../../Users/Whitney/Documents/GitHub/Unreal/MetroidDemo/Intermediate/Shaders/WorkingDirectory/7112/).
[2018.09.20-22.38.57:706][  0]LogShaderCompilers: Cleaned the shader compiler working directory 'C:/Users/Whitney/AppData/Local/Temp/UnrealShaderWorkingDir/C45DD4294D4E04242BE2C69D646A99EF/'.
[2018.09.20-22.38.58:046][  0]LogTemp: Display: Loaded TP AllDesktopTargetPlatform
[2018.09.20-22.38.58:059][  0]LogTemp: Display: Loaded TP MacClientTargetPlatform
[2018.09.20-22.38.58:073][  0]LogTemp: Display: Loaded TP MacNoEditorTargetPlatform
[2018.09.20-22.38.58:091][  0]LogTemp: Display: Loaded TP MacServerTargetPlatform
[2018.09.20-22.38.58:113][  0]LogTemp: Display: Loaded TP MacTargetPlatform
[2018.09.20-22.38.58:131][  0]LogTemp: Display: Loaded TP WindowsClientTargetPlatform
[2018.09.20-22.38.58:145][  0]LogTemp: Display: Loaded TP WindowsNoEditorTargetPlatform
[2018.09.20-22.38.58:162][  0]LogTemp: Display: Loaded TP WindowsServerTargetPlatform
[2018.09.20-22.38.58:172][  0]LogTemp: Display: Loaded TP WindowsTargetPlatform
[2018.09.20-22.38.58:269][  0]LogTemp: Display: Loaded TP AndroidTargetPlatform
[2018.09.20-22.38.58:269][  0]LogTemp: Display: Loaded TP AndroidTargetPlatform
[2018.09.20-22.38.58:269][  0]LogTemp: Display: Loaded TP AndroidTargetPlatform
[2018.09.20-22.38.58:269][  0]LogTemp: Display: Loaded TP AndroidTargetPlatform
[2018.09.20-22.38.58:269][  0]LogTemp: Display: Loaded TP AndroidTargetPlatform
[2018.09.20-22.38.58:269][  0]LogTemp: Display: Loaded TP AndroidTargetPlatform
[2018.09.20-22.38.58:269][  0]LogTemp: Display: Loaded TP AndroidTargetPlatform
[2018.09.20-22.38.58:269][  0]LogTemp: Display: Loaded TP AndroidTargetPlatform
[2018.09.20-22.38.58:269][  0]LogTemp: Display: Loaded TP AndroidTargetPlatform
[2018.09.20-22.38.58:269][  0]LogTemp: Display: Loaded TP AndroidTargetPlatform
[2018.09.20-22.38.58:269][  0]LogTemp: Display: Loaded TP AndroidTargetPlatform
[2018.09.20-22.38.58:269][  0]LogTemp: Display: Loaded TP AndroidTargetPlatform
[2018.09.20-22.38.58:269][  0]LogTemp: Display: Loaded TP AndroidTargetPlatform
[2018.09.20-22.38.58:269][  0]LogTemp: Display: Loaded TP AndroidTargetPlatform
[2018.09.20-22.38.58:269][  0]LogTemp: Display: Loaded TP AndroidTargetPlatform
[2018.09.20-22.38.58:269][  0]LogTemp: Display: Loaded TP AndroidTargetPlatform
[2018.09.20-22.38.58:269][  0]LogTemp: Display: Loaded TP AndroidTargetPlatform
[2018.09.20-22.38.58:269][  0]LogTemp: Display: Loaded TP AndroidTargetPlatform
[2018.09.20-22.38.58:270][  0]LogTemp: Display: Loaded TP HTML5TargetPlatform
[2018.09.20-22.38.58:330][  0]LogTemp: Display: Loaded TP IOSTargetPlatform
[2018.09.20-22.38.58:330][  0]LogTemp: Display: Loaded TP IOSTargetPlatform
[2018.09.20-22.38.58:355][  0]LogTemp: Display: Loaded TP TVOSTargetPlatform
[2018.09.20-22.38.58:355][  0]LogTemp: Display: Loaded TP TVOSTargetPlatform
[2018.09.20-22.38.58:367][  0]LogTemp: Display: Loaded TP LinuxClientTargetPlatform
[2018.09.20-22.38.58:380][  0]LogTemp: Display: Loaded TP LinuxNoEditorTargetPlatform
[2018.09.20-22.38.58:393][  0]LogTemp: Display: Loaded TP LinuxServerTargetPlatform
[2018.09.20-22.38.58:406][  0]LogTemp: Display: Loaded TP LinuxTargetPlatform
[2018.09.20-22.38.58:415][  0]LogTemp: Display: Loaded TP LuminTargetPlatform
[2018.09.20-22.38.58:415][  0]LogTargetPlatformManager: Display: Building Assets For Windows
[2018.09.20-22.38.58:492][  0]LogXGEController: Cannot use XGE Controller as Incredibuild is not installed on this machine.
[2018.09.20-22.38.58:492][  0]LogShaderCompilers: Cannot use XGE Shader Compiler as Incredibuild is not installed on this machine.
[2018.09.20-22.38.58:492][  0]LogShaderCompilers: Display: Using Local Shader Compiler.
[2018.09.20-22.39.00:639][  0]LogDerivedDataCache: Display: Max Cache Size: 512 MB
[2018.09.20-22.39.00:904][  0]LogDerivedDataCache: Loaded boot cache 0.27s 71MB C:/Users/Whitney/AppData/Local/UnrealEngine/4.20/DerivedDataCache/Boot.ddc.
[2018.09.20-22.39.00:905][  0]LogDerivedDataCache: Display: Loaded Boot cache: C:/Users/Whitney/AppData/Local/UnrealEngine/4.20/DerivedDataCache/Boot.ddc
[2018.09.20-22.39.00:905][  0]LogDerivedDataCache: FDerivedDataBackendGraph:  Pak pak cache file ../../../../../../Users/Whitney/Documents/GitHub/Unreal/MetroidDemo/DerivedDataCache/DDC.ddp not found, will not use a pak cache.
[2018.09.20-22.39.00:905][  0]LogDerivedDataCache: Unable to find inner node Pak for hierarchical cache Hierarchy.
[2018.09.20-22.39.00:905][  0]LogDerivedDataCache: FDerivedDataBackendGraph:  CompressedPak pak cache file ../../../../../../Users/Whitney/Documents/GitHub/Unreal/MetroidDemo/DerivedDataCache/Compressed.ddp not found, will not use a pak cache.
[2018.09.20-22.39.00:905][  0]LogDerivedDataCache: Unable to find inner node CompressedPak for hierarchical cache Hierarchy.
[2018.09.20-22.39.00:918][  0]LogDerivedDataCache: Display: Pak cache opened for reading ../../../Engine/DerivedDataCache/Compressed.ddp.
[2018.09.20-22.39.00:930][  0]LogDerivedDataCache: Using Local data cache path C:/Users/Whitney/AppData/Local/UnrealEngine/Common/DerivedDataCache: Writable
[2018.09.20-22.39.00:930][  0]LogDerivedDataCache: Shared data cache path not found in *engine.ini, will not use an Shared cache.
[2018.09.20-22.39.00:930][  0]LogDerivedDataCache: Unable to find inner node Shared for hierarchical cache Hierarchy.
[2018.09.20-22.39.00:948][  0]LogMaterial: Verifying Global Shaders for PCD3D_SM5
[2018.09.20-22.39.00:949][  0]LogSlate: Using FreeType 2.6.0
[2018.09.20-22.39.00:974][  0]LogSlate: SlateFontServices - WITH_FREETYPE: 1, WITH_HARFBUZZ: 1
[2018.09.20-22.39.01:337][  0]LogAssetRegistry: FAssetRegistry took 0.0266 seconds to start up
[2018.09.20-22.39.01:685][  0]LogInit: Selected Device Profile: [Windows]
[2018.09.20-22.39.01:857][  0]LogSimplygon: Simplygon DLL not present - disabling.
[2018.09.20-22.39.01:861][  0]LogMeshReduction: Using SimplygonSwarm for distributed automatic mesh merging
[2018.09.20-22.39.01:861][  0]LogMeshReduction: Using ProxyLODMeshReduction for automatic mesh merging
[2018.09.20-22.39.01:861][  0]LogMeshReduction: Using QuadricMeshReduction for automatic static mesh reduction
[2018.09.20-22.39.01:861][  0]LogMeshReduction: No automatic skeletal mesh reduction module available
[2018.09.20-22.39.01:880][  0]LogNetVersion: MetroidDemo 1.0.0, NetCL: 4212847, EngineNetVer: 5, GameNetVer: 0 (Checksum: 3364280947)
[2018.09.20-22.39.02:331][  0]LogAssetRegistry: Error: Failed to open file for write ../../../../../../Users/Whitney/Documents/GitHub/Unreal/MetroidDemo/Intermediate/AssetRegistryCache/2657c409.bin
[2018.09.20-22.39.02:361][  0]LogAssetRegistry: Error: Failed to open file for write ../../../../../../Users/Whitney/Documents/GitHub/Unreal/MetroidDemo/Intermediate/AssetRegistryCache/94c5d5a7.bin
[2018.09.20-22.39.02:367][  0]LogFileManager: Warning: MoveFile was unable to move '../../../../../../Users/Whitney/Documents/GitHub/Unreal/MetroidDemo/Intermediate/AssetRegistryCache/8c0e1344.bin.tmp' to '../../../../../../Users/Whitney/Documents/GitHub/Unreal/MetroidDemo/Intermediate/AssetRegistryCache/8c0e1344.bin', retrying in .5s...
[2018.09.20-22.39.02:868][  0]LogFileManager: Warning: MoveFile was unable to move '../../../../../../Users/Whitney/Documents/GitHub/Unreal/MetroidDemo/Intermediate/AssetRegistryCache/8c0e1344.bin.tmp' to '../../../../../../Users/Whitney/Documents/GitHub/Unreal/MetroidDemo/Intermediate/AssetRegistryCache/8c0e1344.bin', retrying in .5s...
[2018.09.20-22.39.03:368][  0]LogFileManager: Warning: MoveFile was unable to move '../../../../../../Users/Whitney/Documents/GitHub/Unreal/MetroidDemo/Intermediate/AssetRegistryCache/8c0e1344.bin.tmp' to '../../../../../../Users/Whitney/Documents/GitHub/Unreal/MetroidDemo/Intermediate/AssetRegistryCache/8c0e1344.bin', retrying in .5s...
[2018.09.20-22.39.03:868][  0]LogFileManager: Warning: MoveFile was unable to move '../../../../../../Users/Whitney/Documents/GitHub/Unreal/MetroidDemo/Intermediate/AssetRegistryCache/8c0e1344.bin.tmp' to '../../../../../../Users/Whitney/Documents/GitHub/Unreal/MetroidDemo/Intermediate/AssetRegistryCache/8c0e1344.bin', retrying in .5s...
[2018.09.20-22.39.04:369][  0]LogFileManager: Warning: MoveFile was unable to move '../../../../../../Users/Whitney/Documents/GitHub/Unreal/MetroidDemo/Intermediate/AssetRegistryCache/8c0e1344.bin.tmp' to '../../../../../../Users/Whitney/Documents/GitHub/Unreal/MetroidDemo/Intermediate/AssetRegistryCache/8c0e1344.bin', retrying in .5s...
[2018.09.20-22.39.04:869][  0]LogFileManager: Warning: MoveFile was unable to move '../../../../../../Users/Whitney/Documents/GitHub/Unreal/MetroidDemo/Intermediate/AssetRegistryCache/8c0e1344.bin.tmp' to '../../../../../../Users/Whitney/Documents/GitHub/Unreal/MetroidDemo/Intermediate/AssetRegistryCache/8c0e1344.bin', retrying in .5s...
[2018.09.20-22.39.05:369][  0]LogFileManager: Warning: MoveFile was unable to move '../../../../../../Users/Whitney/Documents/GitHub/Unreal/MetroidDemo/Intermediate/AssetRegistryCache/8c0e1344.bin.tmp' to '../../../../../../Users/Whitney/Documents/GitHub/Unreal/MetroidDemo/Intermediate/AssetRegistryCache/8c0e1344.bin', retrying in .5s...
[2018.09.20-22.39.05:869][  0]LogFileManager: Warning: MoveFile was unable to move '../../../../../../Users/Whitney/Documents/GitHub/Unreal/MetroidDemo/Intermediate/AssetRegistryCache/8c0e1344.bin.tmp' to '../../../../../../Users/Whitney/Documents/GitHub/Unreal/MetroidDemo/Intermediate/AssetRegistryCache/8c0e1344.bin', retrying in .5s...
[2018.09.20-22.39.06:370][  0]LogFileManager: Warning: MoveFile was unable to move '../../../../../../Users/Whitney/Documents/GitHub/Unreal/MetroidDemo/Intermediate/AssetRegistryCache/8c0e1344.bin.tmp' to '../../../../../../Users/Whitney/Documents/GitHub/Unreal/MetroidDemo/Intermediate/AssetRegistryCache/8c0e1344.bin', retrying in .5s...
[2018.09.20-22.39.06:870][  0]LogFileManager: Warning: MoveFile was unable to move '../../../../../../Users/Whitney/Documents/GitHub/Unreal/MetroidDemo/Intermediate/AssetRegistryCache/8c0e1344.bin.tmp' to '../../../../../../Users/Whitney/Documents/GitHub/Unreal/MetroidDemo/Intermediate/AssetRegistryCache/8c0e1344.bin', retrying in .5s...
[2018.09.20-22.39.07:371][  0]LogFileManager: Error: Error moving file '../../../../../../Users/Whitney/Documents/GitHub/Unreal/MetroidDemo/Intermediate/AssetRegistryCache/8c0e1344.bin.tmp' to '../../../../../../Users/Whitney/Documents/GitHub/Unreal/MetroidDemo/Intermediate/AssetRegistryCache/8c0e1344.bin'.
[2018.09.20-22.39.07:472][  0]LogPackageLocalizationCache: Processed 11 localized package path(s) for 2 prioritized culture(s) in 5.146617 seconds
[2018.09.20-22.39.07:479][  0]LogUObjectArray: 38425 objects as part of root set at end of initial load.
[2018.09.20-22.39.07:479][  0]LogUObjectAllocator: 6690864 out of 0 bytes used by permanent object pool.
[2018.09.20-22.39.07:479][  0]LogUObjectArray: CloseDisregardForGC: 0/0 objects in disregard for GC pool
[2018.09.20-22.39.08:359][  0]LogTcpMessaging: Initializing TcpMessaging bridge
[2018.09.20-22.39.08:372][  0]LogUdpMessaging: Initializing bridge on interface 0.0.0.0:0 to multicast group 230.0.0.1:6666.
[2018.09.20-22.39.08:637][  0]SourceControl: Source control is disabled
[2018.09.20-22.39.08:637][  0]SourceControl: Source control is disabled
[2018.09.20-22.39.08:638][  0]SourceControl: Source control is disabled
[2018.09.20-22.39.08:639][  0]SourceControl: Source control is disabled
[2018.09.20-22.39.08:971][  0]LogAndroidPermission: UAndroidPermissionCallbackProxy::GetInstance
[2018.09.20-22.39.09:021][  0]LogOcInput: OculusInput pre-init called
[2018.09.20-22.39.09:107][  0]LogEngine: Initializing Engine...
[2018.09.20-22.39.09:108][  0]LogHMD: Failed to initialize OpenVR with code 110
[2018.09.20-22.39.09:109][  0]LogStats: UGameplayTagsManager::ConstructGameplayTagTree: ImportINI prefixes -  0.000 s
[2018.09.20-22.39.09:109][  0]LogStats: UGameplayTagsManager::ConstructGameplayTagTree: Construct from data asset -  0.000 s
[2018.09.20-22.39.09:109][  0]LogStats: UGameplayTagsManager::ConstructGameplayTagTree: ImportINI -  0.000 s
[2018.09.20-22.39.09:109][  0]LogStats: UGameplayTagsManager::ConstructGameplayTagTree: GameplayTagTreeChangedEvent.Broadcast -  0.000 s
[2018.09.20-22.39.09:354][  0]LogInit: Initializing FReadOnlyCVARCache
[2018.09.20-22.39.09:385][  0]LogAIModule: Creating AISystem for world Untitled
[2018.09.20-22.39.09:486][  0]LogInit: XAudio2 using 'Speakers / Headphones (Realtek Audio)' : 2 channels at 48 kHz using 32 bits per sample (channel mask 0x3)
[2018.09.20-22.39.09:730][  0]LogInit: FAudioDevice initialized.
[2018.09.20-22.39.09:730][  0]LogNetVersion: Set ProjectVersion to 1.0.0.0. Version Checksum will be recalculated on next use.
[2018.09.20-22.39.10:138][  0]LogDerivedDataCache: Saved boot cache 0.41s 71MB C:/Users/Whitney/AppData/Local/UnrealEngine/4.20/DerivedDataCache/Boot.ddc.
[2018.09.20-22.39.10:149][  0]LogInit: Texture streaming: Enabled
[2018.09.20-22.39.10:171][  0]LogEngineSessionManager: EngineSessionManager initialized
[2018.09.20-22.39.10:187][  0]LogInit: Transaction tracking system initialized
[2018.09.20-22.39.10:222][  0]BlueprintLog: New page: Editor Load
[2018.09.20-22.39.10:312][  0]LocalizationService: Localization service is disabled
[2018.09.20-22.39.10:578][  0]LogCook: Display: Max memory allowance for cook 16384mb min free memory 0mb
[2018.09.20-22.39.10:578][  0]LogCook: Display: Mobile HDR setting 1
[2018.09.20-22.39.10:578][  0]LogGameplayTags: Display: UGameplayTagsManager::DoneAddingNativeTags. DelegateIsBound: 0
[2018.09.20-22.39.10:578][  0]LogStats: UGameplayTagsManager::ConstructGameplayTagTree: ImportINI prefixes -  0.000 s
[2018.09.20-22.39.10:578][  0]LogStats: UGameplayTagsManager::ConstructGameplayTagTree: Construct from data asset -  0.000 s
[2018.09.20-22.39.10:579][  0]LogStats: UGameplayTagsManager::ConstructGameplayTagTree: ImportINI -  0.000 s
[2018.09.20-22.39.10:579][  0]LogStats: UGameplayTagsManager::ConstructGameplayTagTree: GameplayTagTreeChangedEvent.Broadcast -  0.000 s
[2018.09.20-22.39.10:701][  0]LogFileCache: Scanning file cache for directory 'C:/Users/Whitney/Documents/GitHub/Unreal/MetroidDemo/Content/' took 0.01s
[2018.09.20-22.39.10:702][  0]SourceControl: Source control is disabled
[2018.09.20-22.39.10:702][  0]Cmd: MAP LOAD FILE="../../../../../../Users/Whitney/Documents/GitHub/Unreal/MetroidDemo/Content/Demo/Maps/Level_01.umap" TEMPLATE=0 SHOWPROGRESS=1 FEATURELEVEL=3
[2018.09.20-22.39.10:818][  0]LightingResults: New page: Lighting Build
[2018.09.20-22.39.10:821][  0]MapCheck: New page: Map Check
[2018.09.20-22.39.10:821][  0]LightingResults: New page: Lighting Build
[2018.09.20-22.39.12:999][  0]LogAIModule: Creating AISystem for world Level_01
[2018.09.20-22.39.13:018][  0]LogEditorServer: Finished looking for orphan Actors (0.000 secs)
[2018.09.20-22.39.13:045][  0]Cmd: MAP CHECKDEP NOCLEARLOG
[2018.09.20-22.39.13:127][  0]MapCheck: Map check complete: 0 Error(s), 0 Warning(s), took 81.727ms to complete.
[2018.09.20-22.39.13:127][  0]LogFileHelpers: Loading map 'Level_01' took 2.425
[2018.09.20-22.39.13:200][  0]LogWindowsTextInputMethodSystem: Display: IME system now deactivated.
[2018.09.20-22.39.13:625][  0]LogSlate: Updating window title bar state: overlay mode, drag disabled, window buttons hidden, title bar hidden
[2018.09.20-22.39.13:664][  0]LogSlate: Updating window title bar state: overlay mode, drag disabled, window buttons hidden, title bar hidden
[2018.09.20-22.39.13:675][  0]LogSlate: Updating window title bar state: overlay mode, drag disabled, window buttons hidden, title bar hidden
[2018.09.20-22.39.13:683][  0]LogSlate: Updating window title bar state: overlay mode, drag disabled, window buttons hidden, title bar hidden
[2018.09.20-22.39.13:716][  0]LogCollectionManager: Loaded 0 collections in 0.002503 seconds
[2018.09.20-22.39.13:823][  0]LogFileCache: Scanning file cache for directory 'C:/Users/Whitney/Documents/GitHub/Unreal/MetroidDemo/Saved/Collections/' took 0.01s
[2018.09.20-22.39.13:823][  0]LogFileCache: Scanning file cache for directory 'C:/Users/Whitney/Documents/GitHub/Unreal/MetroidDemo/Content/Developers/Whitney/Collections/' took 0.01s
[2018.09.20-22.39.13:823][  0]LogFileCache: Scanning file cache for directory 'C:/Users/Whitney/Documents/GitHub/Unreal/MetroidDemo/Content/Collections/' took 0.01s
[2018.09.20-22.39.13:823][  0]LogCollectionManager: Rebuilt the GUID cache for 0 collections in 0.000001 seconds
[2018.09.20-22.39.13:832][  0]LogContentBrowser: Native class hierarchy populated in 0.0086 seconds. Added 2572 classes and 603 folders.
[2018.09.20-22.39.13:887][  0]LogContentBrowser: Native class hierarchy updated for 'WidgetCarousel' in 0.0004 seconds. Added 0 classes and 0 folders.
[2018.09.20-22.39.15:219][  0]LogContentBrowser: Native class hierarchy updated for 'AddContentDialog' in 0.0004 seconds. Added 0 classes and 0 folders.
[2018.09.20-22.39.15:254][  0]LogContentBrowser: Native class hierarchy updated for 'SceneOutliner' in 0.0006 seconds. Added 1 classes and 2 folders.
[2018.09.20-22.39.15:764][  0]LogSlate: Took 0.000183 seconds to synchronously load lazily loaded font '../../../Engine/Content/Slate/Fonts/Roboto-Regular.ttf' (155K)
[2018.09.20-22.39.15:768][  0]LogSlate: Took 0.000253 seconds to synchronously load lazily loaded font '../../../Engine/Content/Slate/Fonts/Roboto-Bold.ttf' (160K)
[2018.09.20-22.39.15:800][  0]LogSlate: Took 0.014220 seconds to synchronously load lazily loaded font '../../../Engine/Content/Editor/Slate/Fonts/FontAwesome.ttf' (139K)
[2018.09.20-22.39.16:056][  0]LogRenderer: Reallocating scene render targets to support 856x372 Format 10 NumSamples 1 (Frame:1).
[2018.09.20-22.39.16:478][  0]LogContentBrowser: Native class hierarchy updated for 'HierarchicalLODOutliner' in 0.0004 seconds. Added 0 classes and 0 folders.
[2018.09.20-22.39.16:478][  0]LogLoad: (Engine Initialization) Total time: 23.27 seconds
[2018.09.20-22.39.16:478][  0]LogLoad: (Engine Initialization) Total Blueprint compile time: 0.00 seconds
[2018.09.20-22.39.16:578][  0]LogContentStreaming: Texture pool size now 1000 MB
[2018.09.20-22.39.16:748][  0]LogSlate: Took 0.031259 seconds to synchronously load lazily loaded font '../../../Engine/Content/Slate/Fonts/Roboto-Light.ttf' (167K)
[2018.09.20-22.39.16:815][  1]LogAssetRegistry: Asset discovery search completed in 15.5005 seconds
[2018.09.20-22.39.16:817][  1]LogCollectionManager: Rebuilt the object cache for 0 collections in 0.000000 seconds (found 0 objects)
[2018.09.20-22.39.16:817][  1]LogCollectionManager: Fixed up redirectors for 0 collections in 0.000075 seconds (updated 0 objects)
[2018.09.20-22.40.11:030][173]LogSlate: FSceneViewport::OnFocusLost() reason 0
[2018.09.20-22.40.27:345][580]LogSlate: Took 0.000327 seconds to synchronously load lazily loaded font '../../../Engine/Content/Slate/Fonts/Roboto-Light.ttf' (167K)
[2018.09.20-22.40.28:931][580]LogSlate: Window 'Message' being destroyed
[2018.09.20-22.40.29:034][580]LogFactory: FactoryCreateFile: Texture with ReimportTextureFactory (0 0 ../../../../../../Users/Whitney/Pictures/Game/potions.psd)
[2018.09.20-22.40.30:934][580]LogSlate: Window 'Message' being destroyed
[2018.09.20-22.40.31:092][580]LogTexture: Display: Building textures: potions (BGRA8, 128X50)
[2018.09.20-22.40.31:164][580]LogFactory: FactoryCreateFile: Texture with ReimportTextureFactory (0 0 ../../../../../../Users/Whitney/Pictures/Game/tiles_grassrock.psd)
[2018.09.20-22.40.31:178][580]LogTexture: Display: Building textures: tiles_grassrock (BGRA8, 128X50)
[2018.09.20-22.40.32:573][580]LogSlate: Window 'Message' being destroyed
[2018.09.20-22.40.32:577][580]LogFactory: FactoryCreateFile: Texture with ReimportTextureFactory (0 0 ../../../../../../Users/Whitney/Pictures/Game/tree_blue.psd)
[2018.09.20-22.40.33:880][580]LogSlate: Window 'Message' being destroyed
[2018.09.20-22.40.33:888][580]LogTexture: Display: Building textures: tree_blue (BGRA8, 64X50)
[2018.09.20-22.40.33:946][580]LogFactory: FactoryCreateFile: Texture with ReimportTextureFactory (0 0 ../../../../../../Users/Whitney/Pictures/Game/tree_red.psd)
[2018.09.20-22.40.33:949][580]LogTexture: Display: Building textures: tree_red (BGRA8, 64X50)
[2018.09.20-22.40.42:700][948]LogAssetEditorManager: Opening Asset editor for Texture2D /Game/Demo/Sprites/Background_Elements/sheets/tiles_grassrock.tiles_grassrock
[2018.09.20-22.40.42:779][948]LogContentBrowser: Native class hierarchy updated for 'TextureEditor' in 0.0010 seconds. Added 1 classes and 2 folders.
[2018.09.20-22.40.44:965][ 18]LogSlate: Window 'tiles_grassrock*' being destroyed
[2018.09.20-22.40.44:971][ 18]LogSlate: Window 'tiles_grassrock*' being destroyed
[2018.09.20-22.40.48:853][187]LogSavePackage: Moving '../../../../../../Users/Whitney/Documents/GitHub/Unreal/MetroidDemo/Saved/potionsC81F1FEF4F5975FF725D12A55DAAD563.tmp' to '../../../../../../Users/Whitney/Documents/GitHub/Unreal/MetroidDemo/Content/Demo/Sprites/Background_Elements/sheets/potions.uasset'
[2018.09.20-22.40.48:854][187]LogFileManager: Warning: DeleteFile was unable to delete '../../../../../../Users/Whitney/Documents/GitHub/Unreal/MetroidDemo/Content/Demo/Sprites/Background_Elements/sheets/potions.uasset', retrying in .5s...
[2018.09.20-22.40.49:355][187]LogFileManager: Error: Error deleting file '../../../../../../Users/Whitney/Documents/GitHub/Unreal/MetroidDemo/Content/Demo/Sprites/Background_Elements/sheets/potions.uasset'.
[2018.09.20-22.40.49:355][187]LogSavePackage: Error: Error saving '../../../../../../Users/Whitney/Documents/GitHub/Unreal/MetroidDemo/Content/Demo/Sprites/Background_Elements/sheets/potions.uasset'
[2018.09.20-22.40.51:407][187]LogSlate: Window 'Message' being destroyed
[2018.09.20-22.40.51:451][187]LogSavePackage: Moving '../../../../../../Users/Whitney/Documents/GitHub/Unreal/MetroidDemo/Saved/potions369D0E984575B990E7BD90B273F80D30.tmp' to '../../../../../../Users/Whitney/Documents/GitHub/Unreal/MetroidDemo/Content/Demo/Sprites/Background_Elements/sheets/potions.uasset'
[2018.09.20-22.40.51:451][187]LogFileManager: Warning: DeleteFile was unable to delete '../../../../../../Users/Whitney/Documents/GitHub/Unreal/MetroidDemo/Content/Demo/Sprites/Background_Elements/sheets/potions.uasset', retrying in .5s...
[2018.09.20-22.40.51:952][187]LogFileManager: Error: Error deleting file '../../../../../../Users/Whitney/Documents/GitHub/Unreal/MetroidDemo/Content/Demo/Sprites/Background_Elements/sheets/potions.uasset'.
[2018.09.20-22.40.51:952][187]LogSavePackage: Error: Error saving '../../../../../../Users/Whitney/Documents/GitHub/Unreal/MetroidDemo/Content/Demo/Sprites/Background_Elements/sheets/potions.uasset'
[2018.09.20-22.40.58:914][187]LogSlate: Window 'Message' being destroyed
[2018.09.20-22.40.58:921][187]EditorErrors: New page: Save Output
[2018.09.20-22.40.58:921][187]EditorErrors: Warning: Error saving '../../../../../../Users/Whitney/Documents/GitHub/Unreal/MetroidDemo/Content/Demo/Sprites/Background_Elements/sheets/potions.uasset'
[2018.09.20-22.40.58:921][187]EditorErrors: Warning: Error saving '../../../../../../Users/Whitney/Documents/GitHub/Unreal/MetroidDemo/Content/Demo/Sprites/Background_Elements/sheets/potions.uasset'
[2018.09.20-22.41.04:733][406]LogSlate: Window 'Message Log' being destroyed
[2018.09.20-22.41.04:739][406]LogSlate: Window 'Message Log' being destroyed
[2018.09.20-22.41.24:260][868]LogSlate: Window 'Message' being destroyed
[2018.09.20-22.41.24:265][868]LogFactory: FactoryCreateFile: Texture with ReimportTextureFactory (0 0 ../../../../../../Users/Whitney/Pictures/Game/chest.psd)
[2018.09.20-22.41.27:086][868]LogSlate: Window 'Message' being destroyed
[2018.09.20-22.41.27:095][868]LogTexture: Display: Building textures: chest (BGRA8, 42X30)
[2018.09.20-22.41.34:293][203]LogSavePackage: Moving '../../../../../../Users/Whitney/Documents/GitHub/Unreal/MetroidDemo/Saved/chest6C640C8042E0EED64EA8D2B3C5D96E3A.tmp' to '../../../../../../Users/Whitney/Documents/GitHub/Unreal/MetroidDemo/Content/Demo/Sprites/Background_Elements/sheets/chest.uasset'
[2018.09.20-22.41.34:294][203]LogFileManager: Warning: DeleteFile was unable to delete '../../../../../../Users/Whitney/Documents/GitHub/Unreal/MetroidDemo/Content/Demo/Sprites/Background_Elements/sheets/chest.uasset', retrying in .5s...
[2018.09.20-22.41.34:795][203]LogFileManager: Error: Error deleting file '../../../../../../Users/Whitney/Documents/GitHub/Unreal/MetroidDemo/Content/Demo/Sprites/Background_Elements/sheets/chest.uasset'.
[2018.09.20-22.41.34:795][203]LogSavePackage: Error: Error saving '../../../../../../Users/Whitney/Documents/GitHub/Unreal/MetroidDemo/Content/Demo/Sprites/Background_Elements/sheets/chest.uasset'
[2018.09.20-22.41.39:076][203]LogSlate: Window 'Message' being destroyed
[2018.09.20-22.41.39:100][203]LogSavePackage: Moving '../../../../../../Users/Whitney/Documents/GitHub/Unreal/MetroidDemo/Saved/chestE5DC993C4B89B0D687407C822F60E5F3.tmp' to '../../../../../../Users/Whitney/Documents/GitHub/Unreal/MetroidDemo/Content/Demo/Sprites/Background_Elements/sheets/chest.uasset'
[2018.09.20-22.41.39:101][203]LogFileManager: Warning: DeleteFile was unable to delete '../../../../../../Users/Whitney/Documents/GitHub/Unreal/MetroidDemo/Content/Demo/Sprites/Background_Elements/sheets/chest.uasset', retrying in .5s...
[2018.09.20-22.41.39:602][203]LogFileManager: Error: Error deleting file '../../../../../../Users/Whitney/Documents/GitHub/Unreal/MetroidDemo/Content/Demo/Sprites/Background_Elements/sheets/chest.uasset'.
[2018.09.20-22.41.39:602][203]LogSavePackage: Error: Error saving '../../../../../../Users/Whitney/Documents/GitHub/Unreal/MetroidDemo/Content/Demo/Sprites/Background_Elements/sheets/chest.uasset'
[2018.09.20-22.41.40:723][203]LogSlate: Window 'Message' being destroyed
[2018.09.20-22.41.40:748][203]LogSavePackage: Moving '../../../../../../Users/Whitney/Documents/GitHub/Unreal/MetroidDemo/Saved/potions5A8710234CD00245FE49918F1C4983F7.tmp' to '../../../../../../Users/Whitney/Documents/GitHub/Unreal/MetroidDemo/Content/Demo/Sprites/Background_Elements/sheets/potions.uasset'
[2018.09.20-22.41.40:748][203]LogFileManager: Warning: DeleteFile was unable to delete '../../../../../../Users/Whitney/Documents/GitHub/Unreal/MetroidDemo/Content/Demo/Sprites/Background_Elements/sheets/potions.uasset', retrying in .5s...
[2018.09.20-22.41.41:249][203]LogFileManager: Error: Error deleting file '../../../../../../Users/Whitney/Documents/GitHub/Unreal/MetroidDemo/Content/Demo/Sprites/Background_Elements/sheets/potions.uasset'.
[2018.09.20-22.41.41:249][203]LogSavePackage: Error: Error saving '../../../../../../Users/Whitney/Documents/GitHub/Unreal/MetroidDemo/Content/Demo/Sprites/Background_Elements/sheets/potions.uasset'
[2018.09.20-22.41.42:434][203]LogSlate: Window 'Message' being destroyed
[2018.09.20-22.41.42:476][203]LogSavePackage: Moving '../../../../../../Users/Whitney/Documents/GitHub/Unreal/MetroidDemo/Saved/tree_blueE1E623464A9D342AAEEE468E548BE86D.tmp' to '../../../../../../Users/Whitney/Documents/GitHub/Unreal/MetroidDemo/Content/Demo/Sprites/Background_Elements/sheets/tree_blue.uasset'
[2018.09.20-22.41.42:477][203]LogFileManager: Warning: DeleteFile was unable to delete '../../../../../../Users/Whitney/Documents/GitHub/Unreal/MetroidDemo/Content/Demo/Sprites/Background_Elements/sheets/tree_blue.uasset', retrying in .5s...
[2018.09.20-22.41.42:977][203]LogFileManager: Error: Error deleting file '../../../../../../Users/Whitney/Documents/GitHub/Unreal/MetroidDemo/Content/Demo/Sprites/Background_Elements/sheets/tree_blue.uasset'.
[2018.09.20-22.41.42:977][203]LogSavePackage: Error: Error saving '../../../../../../Users/Whitney/Documents/GitHub/Unreal/MetroidDemo/Content/Demo/Sprites/Background_Elements/sheets/tree_blue.uasset'
[2018.09.20-22.41.43:977][203]LogSlate: Window 'Message' being destroyed
[2018.09.20-22.41.43:984][203]EditorErrors: New page: Save Output
[2018.09.20-22.41.43:984][203]EditorErrors: Warning: Error saving '../../../../../../Users/Whitney/Documents/GitHub/Unreal/MetroidDemo/Content/Demo/Sprites/Background_Elements/sheets/chest.uasset'
[2018.09.20-22.41.43:984][203]EditorErrors: Warning: Error saving '../../../../../../Users/Whitney/Documents/GitHub/Unreal/MetroidDemo/Content/Demo/Sprites/Background_Elements/sheets/chest.uasset'
[2018.09.20-22.41.43:984][203]EditorErrors: Warning: Error saving '../../../../../../Users/Whitney/Documents/GitHub/Unreal/MetroidDemo/Content/Demo/Sprites/Background_Elements/sheets/potions.uasset'
[2018.09.20-22.41.43:984][203]EditorErrors: Warning: Error saving '../../../../../../Users/Whitney/Documents/GitHub/Unreal/MetroidDemo/Content/Demo/Sprites/Background_Elements/sheets/tree_blue.uasset'
[2018.09.20-22.41.45:382][203]LogSlate: Window 'Packages Failed To Save' being destroyed
[2018.09.20-22.41.47:300][266]LogSlate: Window 'Message Log' being destroyed
[2018.09.20-22.41.47:307][266]LogSlate: Window 'Message Log' being destroyed
[2018.09.20-22.41.54:915][449]LogSlate: Window 'Delete Assets' being destroyed
[2018.09.20-22.41.56:663][449]LogFileManager: Warning: Error deleting file: ../../../../../../Users/Whitney/Documents/GitHub/Unreal/MetroidDemo/Content/Demo/Sprites/Background_Elements/sheets/tree_blue.uasset (Error Code 32)
[2018.09.20-22.41.56:663][449]LogFileManager: Warning: Error deleting file: ../../../../../../Users/Whitney/Documents/GitHub/Unreal/MetroidDemo/Content/Demo/Sprites/Background_Elements/sheets/potions_Sprite_1.uasset (Error Code 32)
[2018.09.20-22.41.56:663][449]LogFileManager: Warning: Error deleting file: ../../../../../../Users/Whitney/Documents/GitHub/Unreal/MetroidDemo/Content/Demo/Sprites/Background_Elements/sheets/potions_Sprite_0.uasset (Error Code 32)
[2018.09.20-22.41.56:664][449]LogFileManager: Warning: Error deleting file: ../../../../../../Users/Whitney/Documents/GitHub/Unreal/MetroidDemo/Content/Demo/Sprites/Background_Elements/sheets/potions.uasset (Error Code 32)
[2018.09.20-22.41.56:664][449]LogFileManager: Warning: Error deleting file: ../../../../../../Users/Whitney/Documents/GitHub/Unreal/MetroidDemo/Content/Demo/Sprites/Background_Elements/sheets/ghost_torch_sheet.uasset (Error Code 32)
[2018.09.20-22.41.56:664][449]LogFileManager: Warning: Error deleting file: ../../../../../../Users/Whitney/Documents/GitHub/Unreal/MetroidDemo/Content/Demo/Sprites/Background_Elements/sheets/chest.uasset (Error Code 32)
[2018.09.20-22.41.56:664][449]LogFileManager: Warning: Error deleting file: ../../../../../../Users/Whitney/Documents/GitHub/Unreal/MetroidDemo/Content/Demo/Sprites/Background_Elements/sheets/blue_torch_an.uasset (Error Code 32)
[2018.09.20-22.41.56:664][449]LogFileManager: Warning: Error deleting file: ../../../../../../Users/Whitney/Documents/GitHub/Unreal/MetroidDemo/Content/Demo/Sprites/Background_Elements/sheets/blue_torch.uasset (Error Code 32)
[2018.09.20-22.41.59:731][558]LogEditorViewport: Clicking on Actor (LMB): PaperFlipbookActor (bl_torch_flip)
[2018.09.20-22.42.01:057][587]Cmd: DELETE
[2018.09.20-22.42.01:057][587]Cmd: ACTOR DELETE
[2018.09.20-22.42.01:219][587]LogEditorActor: Deleted Actor: PaperFlipbookActor
[2018.09.20-22.42.01:288][587]LogEditorActor: Deleted 1 Actors (0.123 secs)
[2018.09.20-22.42.02:284][629]LogSlate: FSceneViewport::OnFocusLost() reason 0
[2018.09.20-22.42.13:619][716]LogSlate: Window 'Message' being destroyed
[2018.09.20-22.42.13:687][716]LogFactory: FactoryCreateFile: Texture with ReimportTextureFactory (0 0 ../../../../../../Users/Whitney/Pictures/Game/tiles_grassrock.psd)
[2018.09.20-22.42.13:690][716]LogTexture: Display: Building textures: tiles_grassrock (BGRA8, 128X50)
[2018.09.20-22.42.15:062][716]LogSlate: Window 'Message' being destroyed
[2018.09.20-22.42.15:092][716]LogFactory: FactoryCreateFile: Texture with ReimportTextureFactory (0 0 ../../../../../../Users/Whitney/Pictures/Game/tree_red.psd)
[2018.09.20-22.42.15:095][716]LogTexture: Display: Building textures: tree_red (BGRA8, 64X50)
[2018.09.20-22.42.27:106][131]LogSlate: Window 'Delete Assets' being destroyed
[2018.09.20-22.42.27:754][131]LogFileManager: Warning: Error deleting file: ../../../../../../Users/Whitney/Documents/GitHub/Unreal/MetroidDemo/Content/Demo/Sprites/Background_Elements/tree_blue_Sprite.uasset (Error Code 32)
[2018.09.20-22.42.27:755][131]LogFileManager: Warning: Error deleting file: ../../../../../../Users/Whitney/Documents/GitHub/Unreal/MetroidDemo/Content/Demo/Sprites/Background_Elements/chest_Sprite.uasset (Error Code 32)
[2018.09.20-22.42.27:755][131]LogFileManager: Warning: Error deleting file: ../../../../../../Users/Whitney/Documents/GitHub/Unreal/MetroidDemo/Content/Demo/Sprites/Background_Elements/blue_torch_Sprite.uasset (Error Code 32)
[2018.09.20-22.42.27:755][131]LogFileManager: Warning: Error deleting file: ../../../../../../Users/Whitney/Documents/GitHub/Unreal/MetroidDemo/Content/Demo/Sprites/Background_Elements/blue_torch_an_Sprite.uasset (Error Code 32)
[2018.09.20-22.42.27:755][131]LogFileManager: Warning: Error deleting file: ../../../../../../Users/Whitney/Documents/GitHub/Unreal/MetroidDemo/Content/Demo/Sprites/Background_Elements/bl_torch_flip.uasset (Error Code 32)
[2018.09.20-22.42.35:551][382]LogSlate: Window 'Delete Assets' being destroyed
[2018.09.20-22.42.35:721][382]LogFileManager: Warning: Error deleting file: ../../../../../../Users/Whitney/Documents/GitHub/Unreal/MetroidDemo/Content/Demo/Sprites/Background_Elements/sheets/tree_blue.uasset (Error Code 32)
[2018.09.20-22.42.35:721][382]LogFileManager: Warning: Error deleting file: ../../../../../../Users/Whitney/Documents/GitHub/Unreal/MetroidDemo/Content/Demo/Sprites/Background_Elements/sheets/potions.uasset (Error Code 32)
[2018.09.20-22.42.35:722][382]LogFileManager: Warning: Error deleting file: ../../../../../../Users/Whitney/Documents/GitHub/Unreal/MetroidDemo/Content/Demo/Sprites/Background_Elements/sheets/ghost_torch_sheet.uasset (Error Code 32)
[2018.09.20-22.42.45:290][496]LogSlate: Window 'Message' being destroyed
[2018.09.20-22.42.45:295][496]LogFactory: FactoryCreateFile: Texture with ReimportTextureFactory (0 0 ../../../../../../Users/Whitney/Pictures/Game/potions.psd)
[2018.09.20-22.42.48:410][496]LogSlate: Window 'Message' being destroyed
[2018.09.20-22.42.48:419][496]LogTexture: Display: Building textures: potions (BGRA8, 128X50)
[2018.09.20-22.42.48:426][496]LogFactory: FactoryCreateFile: Texture with ReimportTextureFactory (0 0 ../../../../../../Users/Whitney/Pictures/Game/tiles_grassrock.psd)
[2018.09.20-22.42.48:429][496]LogTexture: Display: Building textures: tiles_grassrock (BGRA8, 128X50)
[2018.09.20-22.42.50:115][496]LogSlate: Window 'Message' being destroyed
[2018.09.20-22.42.50:179][496]LogFactory: FactoryCreateFile: Texture with ReimportTextureFactory (0 0 ../../../../../../Users/Whitney/Pictures/Game/tree_blue.psd)
[2018.09.20-22.42.50:182][496]LogTexture: Display: Building textures: tree_blue (BGRA8, 64X50)
[2018.09.20-22.42.50:192][496]LogFactory: FactoryCreateFile: Texture with ReimportTextureFactory (0 0 ../../../../../../Users/Whitney/Pictures/Game/tree_red.psd)
[2018.09.20-22.42.50:195][496]LogTexture: Display: Building textures: tree_red (BGRA8, 64X50)
[2018.09.20-22.42.59:859][938]LogSavePackage: Moving '../../../../../../Users/Whitney/Documents/GitHub/Unreal/MetroidDemo/Saved/Level_016D0CB29C40BFD4ECB8B630B6858AC936.tmp' to '../../../../../../Users/Whitney/Documents/GitHub/Unreal/MetroidDemo/Content/Demo/Maps/Level_01.umap'
[2018.09.20-22.42.59:859][938]LogFileManager: Warning: DeleteFile was unable to delete '../../../../../../Users/Whitney/Documents/GitHub/Unreal/MetroidDemo/Content/Demo/Maps/Level_01.umap', retrying in .5s...
[2018.09.20-22.43.00:360][938]LogFileManager: Error: Error deleting file '../../../../../../Users/Whitney/Documents/GitHub/Unreal/MetroidDemo/Content/Demo/Maps/Level_01.umap'.
[2018.09.20-22.43.00:360][938]LogSavePackage: Error: Error saving '../../../../../../Users/Whitney/Documents/GitHub/Unreal/MetroidDemo/Content/Demo/Maps/Level_01.umap'
[2018.09.20-22.43.00:415][938]EditorErrors: New page: Save Output
[2018.09.20-22.43.00:415][938]EditorErrors: Warning: Error saving '../../../../../../Users/Whitney/Documents/GitHub/Unreal/MetroidDemo/Content/Demo/Maps/Level_01.umap'
[2018.09.20-22.43.00:426][938]LogFileHelpers: Saving map 'Level_01' took 0.939
[2018.09.20-22.43.05:890][938]LogSlate: Window 'Message' being destroyed
[2018.09.20-22.43.08:058][ 13]LogSlate: Window 'Message Log' being destroyed
[2018.09.20-22.43.08:064][ 13]LogSlate: Window 'Message Log' being destroyed
[2018.09.20-22.43.12:057][186]LogSavePackage: Moving '../../../../../../Users/Whitney/Documents/GitHub/Unreal/MetroidDemo/Saved/potions6D6F29FF413CDCB4097270BE0E4BA671.tmp' to '../../../../../../Users/Whitney/Documents/GitHub/Unreal/MetroidDemo/Content/Demo/Sprites/Background_Elements/sheets/potions.uasset'
[2018.09.20-22.43.12:058][186]LogFileManager: Warning: DeleteFile was unable to delete '../../../../../../Users/Whitney/Documents/GitHub/Unreal/MetroidDemo/Content/Demo/Sprites/Background_Elements/sheets/potions.uasset', retrying in .5s...
[2018.09.20-22.43.12:558][186]LogFileManager: Error: Error deleting file '../../../../../../Users/Whitney/Documents/GitHub/Unreal/MetroidDemo/Content/Demo/Sprites/Background_Elements/sheets/potions.uasset'.
[2018.09.20-22.43.12:558][186]LogSavePackage: Error: Error saving '../../../../../../Users/Whitney/Documents/GitHub/Unreal/MetroidDemo/Content/Demo/Sprites/Background_Elements/sheets/potions.uasset'
[2018.09.20-22.43.16:161][186]LogSlate: Window 'Message' being destroyed
[2018.09.20-22.43.16:189][186]LogSavePackage: Moving '../../../../../../Users/Whitney/Documents/GitHub/Unreal/MetroidDemo/Saved/tree_blue7C91E4F94C80C5D52A09C78168C39F91.tmp' to '../../../../../../Users/Whitney/Documents/GitHub/Unreal/MetroidDemo/Content/Demo/Sprites/Background_Elements/sheets/tree_blue.uasset'
[2018.09.20-22.43.16:189][186]LogFileManager: Warning: DeleteFile was unable to delete '../../../../../../Users/Whitney/Documents/GitHub/Unreal/MetroidDemo/Content/Demo/Sprites/Background_Elements/sheets/tree_blue.uasset', retrying in .5s...
[2018.09.20-22.43.16:690][186]LogFileManager: Error: Error deleting file '../../../../../../Users/Whitney/Documents/GitHub/Unreal/MetroidDemo/Content/Demo/Sprites/Background_Elements/sheets/tree_blue.uasset'.
[2018.09.20-22.43.16:690][186]LogSavePackage: Error: Error saving '../../../../../../Users/Whitney/Documents/GitHub/Unreal/MetroidDemo/Content/Demo/Sprites/Background_Elements/sheets/tree_blue.uasset'
[2018.09.20-22.43.17:745][186]LogSlate: Window 'Message' being destroyed
[2018.09.20-22.43.17:761][186]LogSavePackage: Moving '../../../../../../Users/Whitney/Documents/GitHub/Unreal/MetroidDemo/Saved/tree_redA6D227274845691C7CEBBA8D9B1BB2EE.tmp' to '../../../../../../Users/Whitney/Documents/GitHub/Unreal/MetroidDemo/Content/Demo/Sprites/Background_Elements/sheets/tree_red.uasset'
[2018.09.20-22.43.17:803][186]LogSavePackage: Moving '../../../../../../Users/Whitney/Documents/GitHub/Unreal/MetroidDemo/Saved/ghost_torch_sheet_Sprite_7BE80AC91463D75FC62E2E79C1F79825C.tmp' to '../../../../../../Users/Whitney/Documents/GitHub/Unreal/MetroidDemo/Content/Demo/Sprites/Enemy/ghost_torch_sheet_Sprite_7.uasset'
[2018.09.20-22.43.17:803][186]LogFileManager: Warning: DeleteFile was unable to delete '../../../../../../Users/Whitney/Documents/GitHub/Unreal/MetroidDemo/Content/Demo/Sprites/Enemy/ghost_torch_sheet_Sprite_7.uasset', retrying in .5s...
[2018.09.20-22.43.18:304][186]LogFileManager: Error: Error deleting file '../../../../../../Users/Whitney/Documents/GitHub/Unreal/MetroidDemo/Content/Demo/Sprites/Enemy/ghost_torch_sheet_Sprite_7.uasset'.
[2018.09.20-22.43.18:304][186]LogSavePackage: Error: Error saving '../../../../../../Users/Whitney/Documents/GitHub/Unreal/MetroidDemo/Content/Demo/Sprites/Enemy/ghost_torch_sheet_Sprite_7.uasset'
[2018.09.20-22.43.22:137][186]LogSlate: Window 'Message' being destroyed
[2018.09.20-22.43.22:153][186]LogSavePackage: Moving '../../../../../../Users/Whitney/Documents/GitHub/Unreal/MetroidDemo/Saved/tiles_grassrockFC28A9134581A2221E8A28B5AE7C5E2A.tmp' to '../../../../../../Users/Whitney/Documents/GitHub/Unreal/MetroidDemo/Content/Demo/Sprites/Background_Elements/sheets/tiles_grassrock.uasset'
[2018.09.20-22.43.22:161][186]EditorErrors: New page: Save Output
[2018.09.20-22.43.22:161][186]EditorErrors: Warning: Error saving '../../../../../../Users/Whitney/Documents/GitHub/Unreal/MetroidDemo/Content/Demo/Sprites/Background_Elements/sheets/potions.uasset'
[2018.09.20-22.43.22:161][186]EditorErrors: Warning: Error saving '../../../../../../Users/Whitney/Documents/GitHub/Unreal/MetroidDemo/Content/Demo/Sprites/Background_Elements/sheets/tree_blue.uasset'
[2018.09.20-22.43.22:161][186]EditorErrors: Warning: Error saving '../../../../../../Users/Whitney/Documents/GitHub/Unreal/MetroidDemo/Content/Demo/Sprites/Enemy/ghost_torch_sheet_Sprite_7.uasset'
[2018.09.20-22.43.29:738][186]LogSlate: Window 'Packages Failed To Save' being destroyed
[2018.09.20-22.43.33:324][313]LogSlate: Window 'Message Log' being destroyed
[2018.09.20-22.43.33:328][313]LogSlate: Window 'Message Log' being destroyed
[2018.09.20-22.43.47:435][820]LogSavePackage: Moving '../../../../../../Users/Whitney/Documents/GitHub/Unreal/MetroidDemo/Saved/potions297AEB5A49EC4D3EF6DF699376DDA726.tmp' to '../../../../../../Users/Whitney/Documents/GitHub/Unreal/MetroidDemo/Content/Demo/Sprites/Background_Elements/sheets/potions.uasset'
[2018.09.20-22.43.47:461][820]LogSavePackage: Moving '../../../../../../Users/Whitney/Documents/GitHub/Unreal/MetroidDemo/Saved/tree_blueD147863343C7059C0E4600B032CE33D1.tmp' to '../../../../../../Users/Whitney/Documents/GitHub/Unreal/MetroidDemo/Content/Demo/Sprites/Background_Elements/sheets/tree_blue.uasset'
[2018.09.20-22.43.47:484][820]LogSavePackage: Moving '../../../../../../Users/Whitney/Documents/GitHub/Unreal/MetroidDemo/Saved/ghost_torch_sheet_Sprite_798CE311B43885A5BD822A1BD4C121264.tmp' to '../../../../../../Users/Whitney/Documents/GitHub/Unreal/MetroidDemo/Content/Demo/Sprites/Enemy/ghost_torch_sheet_Sprite_7.uasset'
[2018.09.20-22.43.53:714][922]LogSlate: Window 'MetroidDemo - Unreal Editor' being destroyed
[2018.09.20-22.43.53:723][922]LogWindowsTextInputMethodSystem: Display: IME system now deactivated.
[2018.09.20-22.43.53:957][923]Cmd: QUIT_EDITOR
[2018.09.20-22.43.53:990][923]LogExit: Preparing to exit.
[2018.09.20-22.43.54:599][923]LogExit: Editor shut down
[2018.09.20-22.43.54:599][923]LogExit: Transaction tracking system shut down
[2018.09.20-22.43.55:095][923]LogExit: Object subsystem successfully closed.
[2018.09.20-22.43.55:113][923]LogShaderCompilers: Display: Shaders left to compile 0
[2018.09.20-22.43.55:116][923]LogD3D11RHI: Shutdown
[2018.09.20-22.43.55:116][923]LogD3D11RHI: CleanupD3DDevice
[2018.09.20-22.43.55:123][923]LogD3D11RHI: ~FD3D11DynamicRHI
[2018.09.20-22.43.55:144][923]LogModuleManager: Shutting down and abandoning module TextureEditor (612)
[2018.09.20-22.43.55:144][923]LogModuleManager: Shutting down and abandoning module HierarchicalLODOutliner (610)
[2018.09.20-22.43.55:144][923]LogModuleManager: Shutting down and abandoning module SceneOutliner (608)
[2018.09.20-22.43.55:144][923]LogModuleManager: Shutting down and abandoning module AddContentDialog (606)
[2018.09.20-22.43.55:144][923]LogModuleManager: Shutting down and abandoning module WidgetCarousel (605)
[2018.09.20-22.43.55:144][923]LogModuleManager: Shutting down and abandoning module EditorWidgets (602)
[2018.09.20-22.43.55:145][923]LogModuleManager: Shutting down and abandoning module CollectionManager (600)
[2018.09.20-22.43.55:145][923]LogModuleManager: Shutting down and abandoning module StatsViewer (598)
[2018.09.20-22.43.55:145][923]LogModuleManager: Shutting down and abandoning module FoliageEdit (596)
[2018.09.20-22.43.55:145][923]LogModuleManager: Shutting down and abandoning module LandscapeEditor (594)
[2018.09.20-22.43.55:145][923]LogModuleManager: Shutting down and abandoning module MeshPaintMode (592)
[2018.09.20-22.43.55:145][923]LogModuleManager: Shutting down and abandoning module SceneDepthPickerMode (590)
[2018.09.20-22.43.55:145][923]LogModuleManager: Shutting down and abandoning module ActorPickerMode (588)
[2018.09.20-22.43.55:145][923]LogModuleManager: Shutting down and abandoning module GeometryMode (586)
[2018.09.20-22.43.55:145][923]LogModuleManager: Shutting down and abandoning module TextureAlignMode (584)
[2018.09.20-22.43.55:145][923]LogModuleManager: Shutting down and abandoning module BspMode (582)
[2018.09.20-22.43.55:145][923]LogModuleManager: Shutting down and abandoning module PIEPreviewDeviceProfileSelector (580)
[2018.09.20-22.43.55:145][923]LogModuleManager: Shutting down and abandoning module SequenceRecorderSections (578)
[2018.09.20-22.43.55:145][923]LogModuleManager: Shutting down and abandoning module AutomationWorker (576)
[2018.09.20-22.43.55:145][923]LogModuleManager: Shutting down and abandoning module AudioCaptureEditor (574)
[2018.09.20-22.43.55:145][923]LogModuleManager: Shutting down and abandoning module SequenceRecorder (573)
[2018.09.20-22.43.55:145][923]LogModuleManager: Shutting down and abandoning module MatineeToLevelSequence (570)
[2018.09.20-22.43.55:145][923]LogModuleManager: Shutting down and abandoning module LevelSequenceEditor (568)
[2018.09.20-22.43.55:145][923]LogModuleManager: Shutting down and abandoning module PlacementMode (567)
[2018.09.20-22.43.55:145][923]LogModuleManager: Shutting down and abandoning module MaterialEditor (566)
[2018.09.20-22.43.55:145][923]LogModuleManager: Shutting down and abandoning module WmfMediaFactory (562)
[2018.09.20-22.43.55:145][923]LogModuleManager: Shutting down and abandoning module WmfMediaEditor (560)
[2018.09.20-22.43.55:145][923]LogModuleManager: Shutting down and abandoning module MediaPlayerEditor (558)
[2018.09.20-22.43.55:145][923]LogModuleManager: Shutting down and abandoning module OpenExrWrapper (556)
[2018.09.20-22.43.55:145][923]LogModuleManager: Shutting down and abandoning module ImgMediaFactory (554)
[2018.09.20-22.43.55:145][923]LogModuleManager: Shutting down and abandoning module ImgMediaEditor (552)
[2018.09.20-22.43.55:145][923]LogModuleManager: Shutting down and abandoning module AvfMediaFactory (550)
[2018.09.20-22.43.55:145][923]LogModuleManager: Shutting down and abandoning module AvfMediaEditor (548)
[2018.09.20-22.43.55:145][923]LogModuleManager: Shutting down and abandoning module AndroidMediaFactory (546)
[2018.09.20-22.43.55:145][923]LogModuleManager: Shutting down and abandoning module AndroidMediaEditor (544)
[2018.09.20-22.43.55:145][923]LogModuleManager: Shutting down and abandoning module MagicLeapCameraPreviewFactory (542)
[2018.09.20-22.43.55:145][923]LogModuleManager: Shutting down and abandoning module MagicLeapMediaFactory (540)
[2018.09.20-22.43.55:145][923]LogModuleManager: Shutting down and abandoning module MagicLeapMediaEditor (538)
[2018.09.20-22.43.55:145][923]LogModuleManager: Shutting down and abandoning module CharacterAI (536)
[2018.09.20-22.43.55:145][923]LogModuleManager: Shutting down and abandoning module SmartSnapping (534)
[2018.09.20-22.43.55:145][923]LogModuleManager: Shutting down and abandoning module SessionServices (532)
[2018.09.20-22.43.55:146][923]LogModuleManager: Shutting down and abandoning module ViewportSnapping (530)
[2018.09.20-22.43.55:146][923]LogModuleManager: Shutting down and abandoning module ViewportInteraction (528)
[2018.09.20-22.43.55:146][923]LogModuleManager: Shutting down and abandoning module ClothPainter (526)
[2018.09.20-22.43.55:146][923]LogModuleManager: Shutting down and abandoning module SkeletalMeshEditor (525)
[2018.09.20-22.43.55:146][923]LogModuleManager: Shutting down and abandoning module LogVisualizer (522)
[2018.09.20-22.43.55:146][923]LogModuleManager: Shutting down and abandoning module IntroTutorials (520)
[2018.09.20-22.43.55:146][923]LogModuleManager: Shutting down and abandoning module GameProjectGeneration (519)
[2018.09.20-22.43.55:146][923]LogModuleManager: Shutting down and abandoning module LuminPlatformEditor (516)
[2018.09.20-22.43.55:146][923]LogModuleManager: Shutting down and abandoning module IOSPlatformEditor (514)
[2018.09.20-22.43.55:146][923]LogModuleManager: Shutting down and abandoning module HTML5PlatformEditor (512)
[2018.09.20-22.43.55:146][923]LogModuleManager: Shutting down and abandoning module AndroidPlatformEditor (510)
[2018.09.20-22.43.55:146][923]LogModuleManager: Shutting down and abandoning module AndroidDeviceDetection (509)
[2018.09.20-22.43.55:472][923]LogModuleManager: Shutting down and abandoning module WindowsPlatformEditor (506)
[2018.09.20-22.43.55:472][923]LogModuleManager: Shutting down and abandoning module LuminRuntimeSettings (504)
[2018.09.20-22.43.55:472][923]LogModuleManager: Shutting down and abandoning module IOSRuntimeSettings (502)
[2018.09.20-22.43.55:472][923]LogModuleManager: Shutting down and abandoning module AndroidRuntimeSettings (500)
[2018.09.20-22.43.55:472][923]LogModuleManager: Shutting down and abandoning module InputBindingEditor (498)
[2018.09.20-22.43.55:472][923]LogModuleManager: Shutting down and abandoning module MergeActors (496)
[2018.09.20-22.43.55:472][923]LogModuleManager: Shutting down and abandoning module LocalizationDashboard (494)
[2018.09.20-22.43.55:473][923]LogModuleManager: Shutting down and abandoning module LocalizationService (493)
[2018.09.20-22.43.55:473][923]LogModuleManager: Shutting down and abandoning module HardwareTargeting (490)
[2018.09.20-22.43.55:473][923]LogModuleManager: Shutting down and abandoning module DeviceProfileEditor (488)
[2018.09.20-22.43.55:473][923]LogModuleManager: Shutting down and abandoning module UndoHistory (486)
[2018.09.20-22.43.55:473][923]LogModuleManager: Shutting down and abandoning module XmlParser (484)
[2018.09.20-22.43.55:473][923]LogModuleManager: Shutting down and abandoning module Blutility (482)
[2018.09.20-22.43.55:473][923]LogModuleManager: Shutting down and abandoning module ProjectSettingsViewer (480)
[2018.09.20-22.43.55:473][923]LogModuleManager: Shutting down and abandoning module ProjectTargetPlatformEditor (479)
[2018.09.20-22.43.55:473][923]LogModuleManager: Shutting down and abandoning module EditorSettingsViewer (476)
[2018.09.20-22.43.55:474][923]LogModuleManager: Shutting down and abandoning module SettingsEditor (474)
[2018.09.20-22.43.55:474][923]LogModuleManager: Shutting down and abandoning module ProjectLauncher (472)
[2018.09.20-22.43.55:474][923]LogModuleManager: Shutting down and abandoning module SessionFrontend (470)
[2018.09.20-22.43.55:474][923]LogModuleManager: Shutting down and abandoning module ProfilerClient (468)
[2018.09.20-22.43.55:474][923]LogModuleManager: Shutting down and abandoning module DeviceManager (466)
[2018.09.20-22.43.55:474][923]LogModuleManager: Shutting down and abandoning module TargetDeviceServices (465)
[2018.09.20-22.43.55:517][923]LogModuleManager: Shutting down and abandoning module AutomationController (462)
[2018.09.20-22.43.55:517][923]LogModuleManager: Shutting down and abandoning module AutomationWindow (460)
[2018.09.20-22.43.55:517][923]LogModuleManager: Shutting down and abandoning module Layers (458)
[2018.09.20-22.43.55:517][923]LogModuleManager: Shutting down and abandoning module ComponentVisualizers (456)
[2018.09.20-22.43.55:517][923]LogModuleManager: Shutting down and abandoning module DetailCustomizations (454)
[2018.09.20-22.43.55:517][923]LogModuleManager: Shutting down and abandoning module PackagesDialog (452)
[2018.09.20-22.43.55:517][923]LogModuleManager: Shutting down and abandoning module Persona (450)
[2018.09.20-22.43.55:518][923]LogModuleManager: Shutting down and abandoning module AdvancedPreviewScene (449)
[2018.09.20-22.43.55:518][923]LogModuleManager: Shutting down and abandoning module AnimGraph (447)
[2018.09.20-22.43.55:518][923]LogModuleManager: Shutting down and abandoning module Kismet (444)
[2018.09.20-22.43.55:519][923]LogModuleManager: Shutting down and abandoning module GraphEditor (442)
[2018.09.20-22.43.55:519][923]LogModuleManager: Shutting down and abandoning module ClassViewer (440)
[2018.09.20-22.43.55:519][923]LogModuleManager: Shutting down and abandoning module Toolbox (438)
[2018.09.20-22.43.55:519][923]LogModuleManager: Shutting down and abandoning module ModuleUI (436)
[2018.09.20-22.43.55:519][923]LogModuleManager: Shutting down and abandoning module MovieSceneTools (434)
[2018.09.20-22.43.55:519][923]LogModuleManager: Shutting down and abandoning module OutputLog (432)
[2018.09.20-22.43.55:519][923]LogModuleManager: Shutting down and abandoning module GammaUI (430)
[2018.09.20-22.43.55:519][923]LogModuleManager: Shutting down and abandoning module Documentation (428)
[2018.09.20-22.43.55:519][923]LogModuleManager: Shutting down and abandoning module MovieSceneTracks (426)
[2018.09.20-22.43.55:519][923]LogModuleManager: Shutting down and abandoning module MovieScene (424)
[2018.09.20-22.43.55:519][923]LogModuleManager: Shutting down and abandoning module StreamingPauseRendering (422)
[2018.09.20-22.43.55:519][923]LogModuleManager: Shutting down and abandoning module LauncherPlatform (420)
[2018.09.20-22.43.55:519][923]LogModuleManager: Shutting down and abandoning module AnalyticsET (418)
[2018.09.20-22.43.55:519][923]LogModuleManager: Shutting down and abandoning module PortalServices (416)
[2018.09.20-22.43.55:519][923]LogModuleManager: Shutting down and abandoning module PortalRpc (414)
[2018.09.20-22.43.55:520][923]LogModuleManager: Shutting down and abandoning module MessagingRpc (412)
[2018.09.20-22.43.55:520][923]LogModuleManager: Shutting down and abandoning module AIModule (410)
[2018.09.20-22.43.55:520][923]LogModuleManager: Shutting down and abandoning module GameplayDebugger (409)
[2018.09.20-22.43.55:520][923]LogModuleManager: Shutting down and abandoning module AITestSuite (407)
[2018.09.20-22.43.55:520][923]LogModuleManager: Shutting down and abandoning module NavigationSystem (405)
[2018.09.20-22.43.55:520][923]LogModuleManager: Shutting down and abandoning module DesktopPlatform (402)
[2018.09.20-22.43.55:520][923]LogModuleManager: Shutting down and abandoning module ProfilerService (400)
[2018.09.20-22.43.55:751][923]LogModuleManager: Shutting down and abandoning module TaskGraph (398)
[2018.09.20-22.43.55:751][923]LogModuleManager: Shutting down and abandoning module SteamVRController (396)
[2018.09.20-22.43.55:751][923]LogModuleManager: Shutting down and abandoning module ProceduralMeshComponentEditor (394)
[2018.09.20-22.43.55:751][923]LogModuleManager: Shutting down and abandoning module ProceduralMeshComponent (392)
[2018.09.20-22.43.55:751][923]LogModuleManager: Shutting down and abandoning module OculusInput (390)
[2018.09.20-22.43.55:752][923]LogModuleManager: Shutting down and abandoning module MobilePatchingUtils (388)
[2018.09.20-22.43.55:752][923]LogModuleManager: Shutting down and abandoning module EditableMesh (386)
[2018.09.20-22.43.55:752][923]LogModuleManager: Shutting down and abandoning module CustomMeshComponent (384)
[2018.09.20-22.43.55:752][923]LogModuleManager: Shutting down and abandoning module CableComponent (382)
[2018.09.20-22.43.55:752][923]LogModuleManager: Shutting down and abandoning module AudioCapture (380)
[2018.09.20-22.43.55:752][923]LogModuleManager: Shutting down and abandoning module ArchVisCharacter (378)
[2018.09.20-22.43.55:752][923]LogModuleManager: Shutting down and abandoning module AndroidPermission (376)
[2018.09.20-22.43.55:752][923]LogModuleManager: Shutting down and abandoning module NUTUnrealEngine4 (374)
[2018.09.20-22.43.55:752][923]LogModuleManager: Shutting down and abandoning module NetcodeUnitTest (372)
[2018.09.20-22.43.55:752][923]LogModuleManager: Shutting down and abandoning module MediaCompositingEditor (370)
[2018.09.20-22.43.55:752][923]LogModuleManager: Shutting down and abandoning module MediaCompositing (368)
[2018.09.20-22.43.55:752][923]LogModuleManager: Shutting down and abandoning module LinearTimecode (366)
[2018.09.20-22.43.55:752][923]LogModuleManager: Shutting down and abandoning module ImgMedia (364)
[2018.09.20-22.43.55:759][923]LogModuleManager: Shutting down and abandoning module HTML5Networking (362)
[2018.09.20-22.43.55:759][923]LogModuleManager: Shutting down and abandoning module GeometryCacheTracks (360)
[2018.09.20-22.43.55:759][923]LogModuleManager: Shutting down and abandoning module GeometryCacheSequencer (358)
[2018.09.20-22.43.55:759][923]LogModuleManager: Shutting down and abandoning module BackChannel (356)
[2018.09.20-22.43.55:759][923]LogModuleManager: Shutting down and abandoning module AppleVision (354)
[2018.09.20-22.43.55:759][923]LogModuleManager: Shutting down and abandoning module AppleImageUtils (352)
[2018.09.20-22.43.55:759][923]LogModuleManager: Shutting down and abandoning module AlembicImporter (350)
[2018.09.20-22.43.55:759][923]LogModuleManager: Shutting down and abandoning module AlembicLibrary (349)
[2018.09.20-22.43.55:759][923]LogModuleManager: Shutting down and abandoning module GeometryCache (348)
[2018.09.20-22.43.55:759][923]LogModuleManager: Shutting down and abandoning module GeometryCacheEd (347)
[2018.09.20-22.43.55:759][923]LogModuleManager: Shutting down and abandoning module DatasmithContentEditor (342)
[2018.09.20-22.43.55:759][923]LogModuleManager: Shutting down and abandoning module DatasmithContent (340)
[2018.09.20-22.43.55:760][923]LogModuleManager: Shutting down and abandoning module SpeedTreeImporter (338)
[2018.09.20-22.43.55:760][923]LogModuleManager: Shutting down and abandoning module PluginBrowser (336)
[2018.09.20-22.43.55:760][923]LogModuleManager: Shutting down and abandoning module MobileLauncherProfileWizard (334)
[2018.09.20-22.43.55:760][923]LogModuleManager: Shutting down and abandoning module PolygonModeling (332)
[2018.09.20-22.43.55:760][923]LogModuleManager: Shutting down and abandoning module MeshEditor (330)
[2018.09.20-22.43.55:760][923]LogModuleManager: Shutting down and abandoning module CryptoKeysOpenSSL (328)
[2018.09.20-22.43.55:760][923]LogModuleManager: Shutting down and abandoning module CryptoKeys (326)
[2018.09.20-22.43.55:760][923]LogModuleManager: Shutting down and abandoning module VisualStudioSourceCodeAccess (324)
[2018.09.20-22.43.55:760][923]LogModuleManager: Shutting down and abandoning module VisualStudioCodeSourceCodeAccess (322)
[2018.09.20-22.43.55:760][923]LogModuleManager: Shutting down and abandoning module UObjectPlugin (320)
[2018.09.20-22.43.55:760][923]LogModuleManager: Shutting down and abandoning module SubversionSourceControl (318)
[2018.09.20-22.43.55:760][923]LogModuleManager: Shutting down and abandoning module PerforceSourceControl (316)
[2018.09.20-22.43.55:760][923]LogModuleManager: Shutting down and abandoning module GitSourceControl (314)
[2018.09.20-22.43.55:760][923]LogModuleManager: Shutting down and abandoning module SourceControl (313)
[2018.09.20-22.43.55:760][923]LogModuleManager: Shutting down and abandoning module CLionSourceCodeAccess (310)
[2018.09.20-22.43.55:760][923]LogModuleManager: Shutting down and abandoning module LightPropagationVolumeEditor (308)
[2018.09.20-22.43.55:760][923]LogModuleManager: Shutting down and abandoning module PaperTiledImporter (306)
[2018.09.20-22.43.55:760][923]LogModuleManager: Shutting down and abandoning module PaperSpriteSheetImporter (304)
[2018.09.20-22.43.55:760][923]LogModuleManager: Shutting down and abandoning module Paper2DEditor (302)
[2018.09.20-22.43.55:760][923]LogModuleManager: Shutting down and abandoning module MeshPaint (301)
[2018.09.20-22.43.55:760][923]LogModuleManager: Shutting down and abandoning module RuntimePhysXCooking (298)
[2018.09.20-22.43.55:760][923]LogModuleManager: Shutting down and abandoning module PhysXVehiclesEditor (296)
[2018.09.20-22.43.55:760][923]LogModuleManager: Shutting down and abandoning module PhysXVehicles (294)
[2018.09.20-22.43.55:760][923]LogModuleManager: Shutting down and abandoning module OculusEditor (292)
[2018.09.20-22.43.55:761][923]LogModuleManager: Shutting down and abandoning module LocationServicesBPLibrary (290)
[2018.09.20-22.43.55:761][923]LogModuleManager: Shutting down and abandoning module ImmediatePhysicsEditor (288)
[2018.09.20-22.43.55:761][923]LogModuleManager: Shutting down and abandoning module ImmediatePhysics (286)
[2018.09.20-22.43.55:761][923]LogModuleManager: Shutting down and abandoning module ActorSequence (284)
[2018.09.20-22.43.55:761][923]LogModuleManager: Shutting down and abandoning module UdpMessaging (282)
[2018.09.20-22.43.55:862][923]LogModuleManager: Shutting down and abandoning module TcpMessaging (280)
[2018.09.20-22.43.55:962][923]LogModuleManager: Shutting down and abandoning module MagicLeapAudio (278)
[2018.09.20-22.43.55:962][923]LogModuleManager: Shutting down and abandoning module GameplayTagsEditor (276)
[2018.09.20-22.43.55:962][923]LogModuleManager: Shutting down and abandoning module FacialAnimationEditor (274)
[2018.09.20-22.43.55:962][923]LogModuleManager: Shutting down and abandoning module FacialAnimation (272)
[2018.09.20-22.43.55:962][923]LogModuleManager: Shutting down and abandoning module DataValidation (270)
[2018.09.20-22.43.55:962][923]LogModuleManager: Shutting down and abandoning module AssetManagerEditor (268)
[2018.09.20-22.43.55:962][923]LogModuleManager: Shutting down and abandoning module LevelEditor (267)
[2018.09.20-22.43.55:963][923]LogModuleManager: Shutting down and abandoning module PixelInspectorModule (266)
[2018.09.20-22.43.55:963][923]LogModuleManager: Shutting down and abandoning module CommonMenuExtensions (264)
[2018.09.20-22.43.55:963][923]LogModuleManager: Shutting down and abandoning module MainFrame (262)
[2018.09.20-22.43.55:963][923]LogModuleManager: Shutting down and abandoning module HotReload (261)
[2018.09.20-22.43.55:964][923]LogModuleManager: Shutting down and abandoning module ContentBrowser (257)
[2018.09.20-22.43.55:964][923]LogModuleManager: Shutting down and abandoning module TreeMap (255)
[2018.09.20-22.43.55:964][923]LogModuleManager: Shutting down and abandoning module LightPropagationVolumeRuntime (252)
[2018.09.20-22.43.55:964][923]LogModuleManager: Shutting down and abandoning module AISupportModule (250)
[2018.09.20-22.43.55:964][923]LogModuleManager: Shutting down and abandoning module Paper2D (248)
[2018.09.20-22.43.55:964][923]LogModuleManager: Shutting down and abandoning module WindowsMoviePlayer (246)
[2018.09.20-22.43.55:964][923]LogModuleManager: Shutting down and abandoning module WmfMedia (244)
[2018.09.20-22.43.55:968][923]LogModuleManager: Shutting down and abandoning module Media (243)
[2018.09.20-22.43.55:974][923]LogModuleManager: Shutting down and abandoning module PacketHandler (240)
[2018.09.20-22.43.55:974][923]LogModuleManager: Shutting down and abandoning module ClothingSystemEditor (238)
[2018.09.20-22.43.55:974][923]LogModuleManager: Shutting down and abandoning module ClothingSystemRuntime (236)
[2018.09.20-22.43.55:974][923]LogModuleManager: Shutting down and abandoning module MediaAssets (234)
[2018.09.20-22.43.55:974][923]LogModuleManager: Shutting down and abandoning module Overlay (232)
[2018.09.20-22.43.55:974][923]LogModuleManager: Shutting down and abandoning module OverlayEditor (231)
[2018.09.20-22.43.55:974][923]LogModuleManager: Shutting down and abandoning module VREditor (228)
[2018.09.20-22.43.55:974][923]LogModuleManager: Shutting down and abandoning module StringTableEditor (226)
[2018.09.20-22.43.55:974][923]LogModuleManager: Shutting down and abandoning module GameplayTasksEditor (224)
[2018.09.20-22.43.55:974][923]LogModuleManager: Shutting down and abandoning module BehaviorTreeEditor (222)
[2018.09.20-22.43.55:974][923]LogModuleManager: Shutting down and abandoning module FunctionalTesting (220)
[2018.09.20-22.43.55:974][923]LogModuleManager: Shutting down and abandoning module CollisionAnalyzer (218)
[2018.09.20-22.43.55:974][923]LogModuleManager: Shutting down and abandoning module WorkspaceMenuStructure (217)
[2018.09.20-22.43.55:974][923]LogModuleManager: Shutting down and abandoning module UMG (214)
[2018.09.20-22.43.55:974][923]LogModuleManager: Shutting down and abandoning module UMGEditor (213)
[2018.09.20-22.43.55:974][923]LogModuleManager: Shutting down and abandoning module Sequencer (212)
[2018.09.20-22.43.55:974][923]LogModuleManager: Shutting down and abandoning module MessageLog (209)
[2018.09.20-22.43.55:974][923]LogModuleManager: Shutting down and abandoning module SlateReflector (204)
[2018.09.20-22.43.55:974][923]LogModuleManager: Shutting down and abandoning module Slate (202)
[2018.09.20-22.43.55:974][923]LogModuleManager: Shutting down and abandoning module EditorStyle (200)
[2018.09.20-22.43.55:976][923]LogModuleManager: Shutting down and abandoning module MRMesh (198)
[2018.09.20-22.43.55:976][923]LogModuleManager: Shutting down and abandoning module SourceCodeAccess (196)
[2018.09.20-22.43.55:976][923]LogModuleManager: Shutting down and abandoning module HeadMountedDisplay (194)
[2018.09.20-22.43.55:976][923]LogModuleManager: Shutting down and abandoning module XAudio2 (192)
[2018.09.20-22.43.55:976][923]LogModuleManager: Shutting down and abandoning module Networking (190)
[2018.09.20-22.43.55:976][923]LogModuleManager: Shutting down and abandoning module Core (188)
[2018.09.20-22.43.55:976][923]LogModuleManager: Shutting down and abandoning module LevelSequence (186)
[2018.09.20-22.43.55:976][923]LogModuleManager: Shutting down and abandoning module KismetCompiler (184)
[2018.09.20-22.43.55:976][923]LogModuleManager: Shutting down and abandoning module MeshUtilities (182)
[2018.09.20-22.43.55:976][923]LogModuleManager: Shutting down and abandoning module MeshMergeUtilities (181)
[2018.09.20-22.43.55:976][923]LogModuleManager: Shutting down and abandoning module MeshReductionInterface (180)
[2018.09.20-22.43.55:976][923]LogModuleManager: Shutting down and abandoning module SimplygonSwarm (179)
[2018.09.20-22.43.55:976][923]LogModuleManager: Shutting down and abandoning module ProxyLODMeshReduction (177)
[2018.09.20-22.43.55:976][923]LogModuleManager: Shutting down and abandoning module SimplygonMeshReduction (175)
[2018.09.20-22.43.55:976][923]LogModuleManager: Shutting down and abandoning module QuadricMeshReduction (173)
[2018.09.20-22.43.55:976][923]LogModuleManager: Shutting down and abandoning module MaterialBaking (169)
[2018.09.20-22.43.55:976][923]LogModuleManager: Shutting down and abandoning module DirectoryWatcher (165)
[2018.09.20-22.43.55:979][923]LogModuleManager: Shutting down and abandoning module DerivedDataCache (162)
[2018.09.20-22.43.55:995][923]LogDerivedDataCache: Shutdown
[2018.09.20-22.43.55:995][923]LogModuleManager: Shutting down and abandoning module XGEController (160)
[2018.09.20-22.43.55:995][923]LogModuleManager: Shutting down and abandoning module TargetPlatform (158)
[2018.09.20-22.43.55:995][923]LogModuleManager: Shutting down and abandoning module VulkanShaderFormat (157)
[2018.09.20-22.43.55:995][923]LogModuleManager: Shutting down and abandoning module ShaderFormatVectorVM (155)
[2018.09.20-22.43.55:995][923]LogModuleManager: Shutting down and abandoning module ShaderFormatOpenGL (153)
[2018.09.20-22.43.55:995][923]LogModuleManager: Shutting down and abandoning module ShaderFormatD3D (151)
[2018.09.20-22.43.55:995][923]LogModuleManager: Shutting down and abandoning module MetalShaderFormat (149)
[2018.09.20-22.43.55:995][923]LogModuleManager: Shutting down and abandoning module TextureFormatUncompressed (147)
[2018.09.20-22.43.55:995][923]LogModuleManager: Shutting down and abandoning module TextureFormatPVR (145)
[2018.09.20-22.43.55:995][923]LogModuleManager: Shutting down and abandoning module TextureFormatDXT (143)
[2018.09.20-22.43.55:995][923]LogModuleManager: Shutting down and abandoning module TextureFormatIntelISPCTexComp (141)
[2018.09.20-22.43.55:995][923]LogModuleManager: Shutting down and abandoning module TextureFormatASTC (139)
[2018.09.20-22.43.55:995][923]LogModuleManager: Shutting down and abandoning module ImageWrapper (138)
[2018.09.20-22.43.55:995][923]LogModuleManager: Shutting down and abandoning module TextureFormatAndroid (135)
[2018.09.20-22.43.55:995][923]LogModuleManager: Shutting down and abandoning module AudioFormatOpus (133)
[2018.09.20-22.43.55:995][923]LogModuleManager: Shutting down and abandoning module AudioFormatOgg (131)
[2018.09.20-22.43.55:995][923]LogModuleManager: Shutting down and abandoning module AudioFormatADPCM (129)
[2018.09.20-22.43.55:995][923]LogModuleManager: Shutting down and abandoning module LuminTargetPlatform (127)
[2018.09.20-22.43.55:995][923]LogModuleManager: Shutting down and abandoning module LinuxTargetPlatform (125)
[2018.09.20-22.43.55:995][923]LogModuleManager: Shutting down and abandoning module LinuxServerTargetPlatform (123)
[2018.09.20-22.43.55:995][923]LogModuleManager: Shutting down and abandoning module LinuxNoEditorTargetPlatform (121)
[2018.09.20-22.43.55:995][923]LogModuleManager: Shutting down and abandoning module LinuxClientTargetPlatform (119)
[2018.09.20-22.43.55:995][923]LogModuleManager: Shutting down and abandoning module TVOSTargetPlatform (117)
[2018.09.20-22.43.55:996][923]LogModuleManager: Shutting down and abandoning module Messaging (115)
[2018.09.20-22.43.55:996][923]LogModuleManager: Shutting down and abandoning module IOSTargetPlatform (113)
[2018.09.20-22.43.55:997][923]LogModuleManager: Shutting down and abandoning module HTML5TargetPlatform (111)
[2018.09.20-22.43.55:997][923]LogModuleManager: Shutting down and abandoning module AndroidTargetPlatform (109)
[2018.09.20-22.43.56:003][923]LogModuleManager: Shutting down and abandoning module WindowsTargetPlatform (107)
[2018.09.20-22.43.56:003][923]LogModuleManager: Shutting down and abandoning module WindowsServerTargetPlatform (105)
[2018.09.20-22.43.56:003][923]LogModuleManager: Shutting down and abandoning module WindowsNoEditorTargetPlatform (103)
[2018.09.20-22.43.56:003][923]LogModuleManager: Shutting down and abandoning module WindowsClientTargetPlatform (101)
[2018.09.20-22.43.56:003][923]LogModuleManager: Shutting down and abandoning module MacTargetPlatform (99)
[2018.09.20-22.43.56:003][923]LogModuleManager: Shutting down and abandoning module MacServerTargetPlatform (97)
[2018.09.20-22.43.56:003][923]LogModuleManager: Shutting down and abandoning module MacNoEditorTargetPlatform (95)
[2018.09.20-22.43.56:003][923]LogModuleManager: Shutting down and abandoning module MacClientTargetPlatform (93)
[2018.09.20-22.43.56:003][923]LogModuleManager: Shutting down and abandoning module AllDesktopTargetPlatform (91)
[2018.09.20-22.43.56:003][923]LogModuleManager: Shutting down and abandoning module InputCore (88)
[2018.09.20-22.43.56:003][923]LogModuleManager: Shutting down and abandoning module Settings (86)
[2018.09.20-22.43.56:003][923]LogModuleManager: Shutting down and abandoning module PhysXCooking (84)
[2018.09.20-22.43.56:003][923]LogModuleManager: Shutting down and abandoning module SteamVR (82)
[2018.09.20-22.43.56:003][923]LogModuleManager: Shutting down and abandoning module OculusHMD (80)
[2018.09.20-22.43.56:003][923]LogModuleManager: Shutting down and abandoning module ExampleDeviceProfileSelector (78)
[2018.09.20-22.43.56:003][923]LogModuleManager: Shutting down and abandoning module LauncherChunkInstaller (76)
[2018.09.20-22.43.56:003][923]LogModuleManager: Shutting down and abandoning module OnlineBlueprintSupport (74)
[2018.09.20-22.43.56:003][923]LogModuleManager: Shutting down and abandoning module OnlineSubsystem (70)
[2018.09.20-22.43.56:004][923]LogModuleManager: Shutting down and abandoning module XMPP (65)
[2018.09.20-22.43.56:004][923]LogModuleManager: Shutting down and abandoning module WebSockets (64)
[2018.09.20-22.43.56:021][923]LogModuleManager: Shutting down and abandoning module HTTP (61)
[2018.09.20-22.43.56:021][923]LogHttp: Display: Http module shutting down, but needs to wait on 1 outstanding Http requests:
[2018.09.20-22.43.56:021][923]LogHttp: Display: 	verb=[POST] url=[https://datarouter.ol.epicgames.com/datarouter/api/v1/public/data?SessionID=%7BFA5D374A-4482-ECDE-30FE-F492C271B3FD%7D&AppID=UEEditor.Rocket.Release&AppVersion=4.20.2-4302132%2B%2B%2BUE4%2BRelease-4.20&UserID=81c5b0574e4b7193ae97968f55ae5bfd%7C4f523247ef174b9c8da64dd7f2dc95fb%7C787d6ce7-ad3a-4acc-a139-213a64d4f728&AppEnvironment=datacollector-binary&UploadType=eteventstream] status=Processing
[2018.09.20-22.43.56:053][923]LogModuleManager: Shutting down and abandoning module SSL (60)
[2018.09.20-22.43.56:055][923]LogModuleManager: Shutting down and abandoning module MagicLeapEmulator (56)
[2018.09.20-22.43.56:055][923]LogModuleManager: Shutting down and abandoning module MagicLeapPrivileges (54)
[2018.09.20-22.43.56:055][923]LogModuleManager: Shutting down and abandoning module MagicLeapIdentity (52)
[2018.09.20-22.43.56:055][923]LogModuleManager: Shutting down and abandoning module MagicLeapHelperVulkan (50)
[2018.09.20-22.43.56:055][923]LogModuleManager: Shutting down and abandoning module MagicLeapHelperOpenGL (48)
[2018.09.20-22.43.56:055][923]LogModuleManager: Shutting down and abandoning module MagicLeapSecureStorage (46)
[2018.09.20-22.43.56:055][923]LogModuleManager: Shutting down and abandoning module MagicLeapGestures (44)
[2018.09.20-22.43.56:055][923]LogModuleManager: Shutting down and abandoning module MagicLeapEyeTracker (42)
[2018.09.20-22.43.56:055][923]LogModuleManager: Shutting down and abandoning module MagicLeapController (40)
[2018.09.20-22.43.56:055][923]LogSlate: Slate User Destroyed.  User Index 0, Is Virtual User: 0
[2018.09.20-22.43.56:055][923]LogModuleManager: Shutting down and abandoning module MagicLeap (38)
[2018.09.20-22.43.56:055][923]LogModuleManager: Shutting down and abandoning module AnimationModifiers (36)
[2018.09.20-22.43.56:055][923]LogModuleManager: Shutting down and abandoning module PropertyEditor (35)
[2018.09.20-22.43.56:055][923]LogModuleManager: Shutting down and abandoning module AudioEditor (32)
[2018.09.20-22.43.56:055][923]LogModuleManager: Shutting down and abandoning module TextureCompressor (30)
[2018.09.20-22.43.56:055][923]LogModuleManager: Shutting down and abandoning module ShaderCore (28)
[2018.09.20-22.43.56:055][923]LogModuleManager: Shutting down and abandoning module Landscape (26)
[2018.09.20-22.43.56:055][923]LogModuleManager: Shutting down and abandoning module SlateRHIRenderer (24)
[2018.09.20-22.43.56:056][923]LogModuleManager: Shutting down and abandoning module OpenGLDrv (22)
[2018.09.20-22.43.56:056][923]LogModuleManager: Shutting down and abandoning module D3D11RHI (20)
[2018.09.20-22.43.56:056][923]LogModuleManager: Shutting down and abandoning module AnimGraphRuntime (18)
[2018.09.20-22.43.56:056][923]LogModuleManager: Shutting down and abandoning module Renderer (16)
[2018.09.20-22.43.56:056][923]LogModuleManager: Shutting down and abandoning module Engine (14)
[2018.09.20-22.43.56:056][923]LogModuleManager: Shutting down and abandoning module CoreUObject (12)
[2018.09.20-22.43.56:056][923]LogModuleManager: Shutting down and abandoning module NetworkFile (10)
[2018.09.20-22.43.56:056][923]LogModuleManager: Shutting down and abandoning module CookedIterativeFile (8)
[2018.09.20-22.43.56:056][923]LogModuleManager: Shutting down and abandoning module StreamingFile (6)
[2018.09.20-22.43.56:056][923]LogModuleManager: Shutting down and abandoning module SandboxFile (4)
[2018.09.20-22.43.56:056][923]LogModuleManager: Shutting down and abandoning module PakFile (2)
[2018.09.20-22.43.56:063][923]LogExit: Exiting.
[2018.09.20-22.43.56:074][923]Log file closed, 09/20/18 18:43:56
