Log file open, 08/30/18 13:02:00
LogWindows: Failed to load 'aqProf.dll' (GetLastError=126)
LogWindows: File 'aqProf.dll' does not exist
LogWindows: Failed to load 'VSPerf140.dll' (GetLastError=126)
LogWindows: File 'VSPerf140.dll' does not exist
LogWindows: Failed to load 'VtuneApi.dll' (GetLastError=126)
LogWindows: File 'VtuneApi.dll' does not exist
LogWindows: Failed to load 'VtuneApi32e.dll' (GetLastError=126)
LogWindows: File 'VtuneApi32e.dll' does not exist
LogInit: Display: Running engine for game: MetroidDemo
LogPlatformFile: Not using cached read wrapper
LogTaskGraph: Started task graph with 5 named threads and 11 total threads with 3 sets of task threads.
LogStats: Stats thread started at 0.180765
LogD3D11RHI: Loaded GFSDK_Aftermath_Lib.x64.dll
LogICUInternationalization: Display: ICU TimeZone Detection - Raw Offset: -5:00, Platform Override: ''
LogPluginManager: Mounting plugin Paper2D
LogPluginManager: Mounting plugin AISupport
LogPluginManager: Mounting plugin LightPropagationVolume
LogPluginManager: Mounting plugin CLionSourceCodeAccess
LogPluginManager: Mounting plugin CodeLiteSourceCodeAccess
LogPluginManager: Mounting plugin GitSourceControl
LogPluginManager: Mounting plugin KDevelopSourceCodeAccess
LogPluginManager: Mounting plugin NullSourceCodeAccess
LogPluginManager: Mounting plugin PerforceSourceControl
LogPluginManager: Mounting plugin SubversionSourceControl
LogPluginManager: Mounting plugin UObjectPlugin
LogPluginManager: Mounting plugin VisualStudioCodeSourceCodeAccess
LogPluginManager: Mounting plugin VisualStudioSourceCodeAccess
LogPluginManager: Mounting plugin XCodeSourceCodeAccess
LogPluginManager: Mounting plugin AssetManagerEditor
LogPluginManager: Mounting plugin CryptoKeys
LogPluginManager: Mounting plugin DataValidation
LogPluginManager: Mounting plugin FacialAnimation
LogPluginManager: Mounting plugin GameplayTagsEditor
LogPluginManager: Mounting plugin MacGraphicsSwitching
LogPluginManager: Mounting plugin MeshEditor
LogPluginManager: Mounting plugin MobileLauncherProfileWizard
LogPluginManager: Mounting plugin PluginBrowser
LogPluginManager: Mounting plugin SpeedTreeImporter
LogPluginManager: Mounting plugin DatasmithContent
LogPluginManager: Mounting plugin AlembicImporter
LogPluginManager: Mounting plugin AppleImageUtils
LogPluginManager: Mounting plugin AppleVision
LogPluginManager: Mounting plugin BackChannel
LogPluginManager: Mounting plugin CharacterAI
LogPluginManager: Mounting plugin GeometryCache
LogPluginManager: Mounting plugin HTML5Networking
LogPluginManager: Mounting plugin ProxyLODPlugin
LogPluginManager: Mounting plugin MagicLeap
LogPluginManager: Mounting plugin MagicLeapEmulator
LogPluginManager: Mounting plugin MagicLeapMedia
LogPluginManager: Mounting plugin AndroidMedia
LogPluginManager: Mounting plugin AvfMedia
LogPluginManager: Mounting plugin ImgMedia
LogPluginManager: Mounting plugin LinearTimecode
LogPluginManager: Mounting plugin MediaCompositing
LogPluginManager: Mounting plugin MediaPlayerEditor
LogPluginManager: Mounting plugin WmfMedia
LogPluginManager: Mounting plugin TcpMessaging
LogPluginManager: Mounting plugin UdpMessaging
LogPluginManager: Mounting plugin ActorSequence
LogPluginManager: Mounting plugin LevelSequenceEditor
LogPluginManager: Mounting plugin MatineeToLevelSequence
LogPluginManager: Mounting plugin NetcodeUnitTest
LogPluginManager: Mounting plugin NUTUnrealEngine4
LogPluginManager: Mounting plugin OnlineSubsystemGooglePlay
LogPluginManager: Mounting plugin OnlineSubsystemIOS
LogPluginManager: Mounting plugin OnlineSubsystem
LogPluginManager: Mounting plugin OnlineSubsystemNull
LogPluginManager: Mounting plugin OnlineSubsystemUtils
LogPluginManager: Mounting plugin LauncherChunkInstaller
LogPluginManager: Mounting plugin AndroidDeviceProfileSelector
LogPluginManager: Mounting plugin AndroidMoviePlayer
LogPluginManager: Mounting plugin AndroidPermission
LogPluginManager: Mounting plugin AppleMoviePlayer
LogPluginManager: Mounting plugin ArchVisCharacter
LogPluginManager: Mounting plugin AudioCapture
LogPluginManager: Mounting plugin CableComponent
LogPluginManager: Mounting plugin CustomMeshComponent
LogPluginManager: Mounting plugin EditableMesh
LogPluginManager: Mounting plugin ExampleDeviceProfileSelector
LogPluginManager: Mounting plugin GoogleCloudMessaging
LogPluginManager: Mounting plugin ImmediatePhysics
LogPluginManager: Mounting plugin IOSDeviceProfileSelector
LogPluginManager: Mounting plugin LinuxDeviceProfileSelector
LogPluginManager: Mounting plugin LocationServicesBPLibrary
LogPluginManager: Mounting plugin MobilePatchingUtils
LogPluginManager: Mounting plugin OculusVR
LogPluginManager: Plugin shader directory ../../../Engine/Plugins/Runtime/Oculus/OculusVR/Shaders found
LogPluginManager: Mapping shader source directory ../../../Engine/Plugins/Runtime/Oculus/OculusVR/Shaders to virtual directory /Plugin/OculusVR
LogPluginManager: Mounting plugin PhysXVehicles
LogPluginManager: Mounting plugin ProceduralMeshComponent
LogPluginManager: Mounting plugin RuntimePhysXCooking
LogPluginManager: Mounting plugin SteamVR
LogPluginManager: Mounting plugin WindowsMoviePlayer
LogStreaming: Display: Took  0.180s to configure plugins.
LogInit: Using libcurl 7.55.1-DEV
LogInit:  - built for x86_64-pc-win32
LogInit:  - supports SSL with OpenSSL/1.0.2h
LogInit:  - supports HTTP deflate (compression) using libz 1.2.8
LogInit:  - other features:
LogInit:      CURL_VERSION_SSL
LogInit:      CURL_VERSION_LIBZ
LogInit:      CURL_VERSION_IPV6
LogInit:      CURL_VERSION_ASYNCHDNS
LogInit:      CURL_VERSION_LARGEFILE
LogInit:      CURL_VERSION_IDN
LogInit:  CurlRequestOptions (configurable via config and command line):
LogInit:  - bVerifyPeer = false  - Libcurl will NOT verify peer certificate
LogInit:  - bUseHttpProxy = false  - Libcurl will NOT use HTTP proxy
LogInit:  - bDontReuseConnections = false  - Libcurl will reuse connections
LogInit:  - CertBundlePath = nullptr  - Libcurl will use whatever was configured at build time.
LogInit:  - MaxHostConnections = 16  - Libcurl will limit the number of connections to a host
LogInit:  - LocalHostAddr = Default
LogInit:  - BufferSize = 65536
LogInit: WinSock: version 1.1 (2.2), MaxSocks=32767, MaxUdp=65467
LogInit: Build: ++UE4+Release-4.20-CL-4233996
LogInit: Engine Version: 4.20.1-4233996+++UE4+Release-4.20
LogInit: Compatible Engine Version: 4.20.0-4212847+++UE4+Release-4.20
LogInit: Net CL: 4212847
LogInit: OS: Windows 10 (), CPU: Intel(R) Core(TM) i5-6200U CPU @ 2.30GHz, GPU: Intel(R) HD Graphics 520
LogInit: Compiled (64-bit): Jul 26 2018 10:07:30
LogInit: Compiled with Visual C++: 19.13.26129.00
LogInit: Build Configuration: Development
LogInit: Branch Name: ++UE4+Release-4.20
LogInit: Command Line: 
LogInit: Base Directory: C:/Program Files/Epic Games/UE_4.20/Engine/Binaries/Win64/
LogInit: Installed Engine Build: 1
LogDevObjectVersion: Number of dev versions registered: 20
LogDevObjectVersion:   Dev-Blueprints (B0D832E4-1F89-4F0D-ACCF-7EB736FD4AA2): 10
LogDevObjectVersion:   Dev-Build (E1C64328-A22C-4D53-A36C-8E866417BD8C): 0
LogDevObjectVersion:   Dev-Core (375EC13C-06E4-48FB-B500-84F0262A717E): 2
LogDevObjectVersion:   Dev-Editor (E4B068ED-F494-42E9-A231-DA0B2E46BB41): 24
LogDevObjectVersion:   Dev-Framework (CFFC743F-43B0-4480-9391-14DF171D2073): 34
LogDevObjectVersion:   Dev-Mobile (B02B49B5-BB20-44E9-A304-32B752E40360): 2
LogDevObjectVersion:   Dev-Networking (A4E4105C-59A1-49B5-A7C5-40C4547EDFEE): 0
LogDevObjectVersion:   Dev-Online (39C831C9-5AE6-47DC-9A44-9C173E1C8E7C): 0
LogDevObjectVersion:   Dev-Physics (78F01B33-EBEA-4F98-B9B4-84EACCB95AA2): 0
LogDevObjectVersion:   Dev-Platform (6631380F-2D4D-43E0-8009-CF276956A95A): 0
LogDevObjectVersion:   Dev-Rendering (12F88B9F-8875-4AFC-A67C-D90C383ABD29): 26
LogDevObjectVersion:   Dev-Sequencer (7B5AE74C-D270-4C10-A958-57980B212A5A): 9
LogDevObjectVersion:   Dev-VR (D7296918-1DD6-4BDD-9DE2-64A83CC13884): 2
LogDevObjectVersion:   Dev-LoadTimes (C2A15278-BFE7-4AFE-6C17-90FF531DF755): 1
LogDevObjectVersion:   Private-Geometry (6EACA3D4-40EC-4CC1-B786-8BED09428FC5): 3
LogDevObjectVersion:   Dev-AnimPhys (29E575DD-E0A3-4627-9D10-D276232CDCEA): 17
LogDevObjectVersion:   Dev-ReflectionCapture (6B266CEC-1EC7-4B8F-A30B-E4D90942FC07): 1
LogDevObjectVersion:   Dev-Automation (0DF73D61-A23F-47EA-B727-89E90C41499A): 1
LogDevObjectVersion:   FortniteMain (601D1886-AC64-4F84-AA16-D3DE0DEAC7D6): 12
LogDevObjectVersion:   Dev-Enterprise (9DFFBCD6-494F-0158-E221-12823C92A888): 1
LogStreaming: Display: Took  0.001s to delete old logs.
LogInit: Presizing for max 8388607 objects, including 0 objects not considered by GC, pre-allocating 0 bytes for permanent pool.
LogInit: Object subsystem initialized
[2018.08.30-17.02.00:970][  0]LogInit: Selected Device Profile: [Windows]
[2018.08.30-17.02.00:970][  0]LogInit: Applying CVar settings loaded from the selected device profile: [Windows]
[2018.08.30-17.02.01:027][  0]LogHAL: Display: Platform has ~ 16 GB [17057816576 / 17179869184 / 16], which maps to Larger [LargestMinGB=32, LargerMinGB=12, DefaultMinGB=8, SmallerMinGB=6, SmallestMinGB=0)
[2018.08.30-17.02.01:027][  0]LogInit: Setting Device Profile CVar: [[r.Vulkan.UseRealUBs:1]]
[2018.08.30-17.02.01:027][  0]LogInit: Going up to parent DeviceProfile []
[2018.08.30-17.02.01:027][  0]LogInit: Computer: DESKTOP-8E2P77U
[2018.08.30-17.02.01:027][  0]LogInit: User: shoti
[2018.08.30-17.02.01:027][  0]LogInit: CPU Page size=4096, Cores=2
[2018.08.30-17.02.01:027][  0]LogInit: High frequency timer resolution =2.343750 MHz
[2018.08.30-17.02.01:028][  0]LogMemory: Memory total: Physical=15.9GB (16GB approx)
[2018.08.30-17.02.01:028][  0]LogMemory: Platform Memory Stats for Windows
[2018.08.30-17.02.01:028][  0]LogMemory: Process Physical Memory: 99.98 MB used, 99.98 MB peak
[2018.08.30-17.02.01:028][  0]LogMemory: Process Virtual Memory: 84.14 MB used, 84.14 MB peak
[2018.08.30-17.02.01:028][  0]LogMemory: Physical Memory: 7201.65 MB used,  9065.95 MB free, 16267.60 MB total
[2018.08.30-17.02.01:028][  0]LogMemory: Virtual Memory: 4616.25 MB used,  9065.95 MB free, 134217728.00 MB total
[2018.08.30-17.02.01:045][  0]LogInit: Using OS detected language (en-US).
[2018.08.30-17.02.01:045][  0]LogInit: Using OS detected locale (en-US).
[2018.08.30-17.02.01:047][  0]LogTextLocalizationManager: No specific localization for 'en-US' exists, so the 'en' localization will be used.
[2018.08.30-17.02.01:504][  0]LogStreaming: Display: Took  0.459s to InitEngineTextLocalization.
[2018.08.30-17.02.01:505][  0]LogInit: Setting process to per monitor DPI aware
[2018.08.30-17.02.01:540][  0]LogSlate: New Slate User Created.  User Index 0, Is Virtual User: 0
[2018.08.30-17.02.01:540][  0]LogSlate: Slate User Registered.  User Index 0, Is Virtual User: 0
[2018.08.30-17.02.01:818][  0]LogHMD: Failed to initialize OpenVR with code 110
[2018.08.30-17.02.01:818][  0]LogD3D11RHI: D3D11 adapters:
[2018.08.30-17.02.01:828][  0]LogD3D11RHI:    0. 'Intel(R) HD Graphics 520' (Feature Level 11_0)
[2018.08.30-17.02.01:828][  0]LogD3D11RHI:       128/0/8133 MB DedicatedVideo/DedicatedSystem/SharedSystem, Outputs:1, VendorId:0x8086
[2018.08.30-17.02.01:831][  0]LogD3D11RHI:    1. 'Microsoft Basic Render Driver' (Feature Level 11_0)
[2018.08.30-17.02.01:831][  0]LogD3D11RHI:       0/0/8133 MB DedicatedVideo/DedicatedSystem/SharedSystem, Outputs:0, VendorId:0x1414
[2018.08.30-17.02.01:831][  0]LogD3D11RHI: Chosen D3D11 Adapter: 0
[2018.08.30-17.02.01:838][  0]LogD3D11RHI: Creating new Direct3DDevice
[2018.08.30-17.02.01:838][  0]LogD3D11RHI:     GPU DeviceId: 0x1916 (for the marketing name, search the web for "GPU Device Id")
[2018.08.30-17.02.01:838][  0]LogWindows: EnumDisplayDevices:
[2018.08.30-17.02.01:838][  0]LogWindows:    0. 'Intel(R) HD Graphics 520' (P:1 D:1)
[2018.08.30-17.02.01:839][  0]LogWindows:    1. 'Intel(R) HD Graphics 520' (P:0 D:0)
[2018.08.30-17.02.01:839][  0]LogWindows:    2. 'Intel(R) HD Graphics 520' (P:0 D:0)
[2018.08.30-17.02.01:839][  0]LogWindows: DebugString: FoundDriverCount:3 
[2018.08.30-17.02.01:839][  0]LogD3D11RHI:     Adapter Name: Intel(R) HD Graphics 520
[2018.08.30-17.02.01:839][  0]LogD3D11RHI:   Driver Version: 21.20.16.4550 (internal:21.20.16.4550, unified:21.20.16.4550)
[2018.08.30-17.02.01:839][  0]LogD3D11RHI:      Driver Date: 11-11-2016
[2018.08.30-17.02.01:839][  0]LogRHI: Texture pool is 1523 MB (70% of 2176 MB)
[2018.08.30-17.02.01:846][  0]LogD3D11RHI: Async texture creation enabled
[2018.08.30-17.02.01:853][  0]LogD3D11RHI: GPU Timing Frequency: 12.000000 (Debug: 2 0)
[2018.08.30-17.02.01:855][  0]LogShaderCompilers: Guid format shader working directory is -30 characters bigger than the processId version (../../../../../../Users/shoti/OneDrive/Documents/Unreal Projects/MetroidDemo/Intermediate/Shaders/WorkingDirectory/4644/).
[2018.08.30-17.02.01:855][  0]LogShaderCompilers: Cleaned the shader compiler working directory 'C:/Users/shoti/AppData/Local/Temp/UnrealShaderWorkingDir/FF768A6248BB80207F657FA69227CBBD/'.
[2018.08.30-17.02.02:182][  0]LogTemp: Display: Loaded TP AllDesktopTargetPlatform
[2018.08.30-17.02.02:203][  0]LogTemp: Display: Loaded TP MacClientTargetPlatform
[2018.08.30-17.02.02:225][  0]LogTemp: Display: Loaded TP MacNoEditorTargetPlatform
[2018.08.30-17.02.02:246][  0]LogTemp: Display: Loaded TP MacServerTargetPlatform
[2018.08.30-17.02.02:266][  0]LogTemp: Display: Loaded TP MacTargetPlatform
[2018.08.30-17.02.02:283][  0]LogTemp: Display: Loaded TP WindowsClientTargetPlatform
[2018.08.30-17.02.02:300][  0]LogTemp: Display: Loaded TP WindowsNoEditorTargetPlatform
[2018.08.30-17.02.02:317][  0]LogTemp: Display: Loaded TP WindowsServerTargetPlatform
[2018.08.30-17.02.02:328][  0]LogTemp: Display: Loaded TP WindowsTargetPlatform
[2018.08.30-17.02.02:455][  0]LogTemp: Display: Loaded TP AndroidTargetPlatform
[2018.08.30-17.02.02:455][  0]LogTemp: Display: Loaded TP AndroidTargetPlatform
[2018.08.30-17.02.02:455][  0]LogTemp: Display: Loaded TP AndroidTargetPlatform
[2018.08.30-17.02.02:455][  0]LogTemp: Display: Loaded TP AndroidTargetPlatform
[2018.08.30-17.02.02:455][  0]LogTemp: Display: Loaded TP AndroidTargetPlatform
[2018.08.30-17.02.02:455][  0]LogTemp: Display: Loaded TP AndroidTargetPlatform
[2018.08.30-17.02.02:455][  0]LogTemp: Display: Loaded TP AndroidTargetPlatform
[2018.08.30-17.02.02:455][  0]LogTemp: Display: Loaded TP AndroidTargetPlatform
[2018.08.30-17.02.02:455][  0]LogTemp: Display: Loaded TP AndroidTargetPlatform
[2018.08.30-17.02.02:455][  0]LogTemp: Display: Loaded TP AndroidTargetPlatform
[2018.08.30-17.02.02:455][  0]LogTemp: Display: Loaded TP AndroidTargetPlatform
[2018.08.30-17.02.02:455][  0]LogTemp: Display: Loaded TP AndroidTargetPlatform
[2018.08.30-17.02.02:455][  0]LogTemp: Display: Loaded TP AndroidTargetPlatform
[2018.08.30-17.02.02:455][  0]LogTemp: Display: Loaded TP AndroidTargetPlatform
[2018.08.30-17.02.02:455][  0]LogTemp: Display: Loaded TP AndroidTargetPlatform
[2018.08.30-17.02.02:455][  0]LogTemp: Display: Loaded TP AndroidTargetPlatform
[2018.08.30-17.02.02:455][  0]LogTemp: Display: Loaded TP AndroidTargetPlatform
[2018.08.30-17.02.02:455][  0]LogTemp: Display: Loaded TP AndroidTargetPlatform
[2018.08.30-17.02.02:457][  0]LogTemp: Display: Loaded TP HTML5TargetPlatform
[2018.08.30-17.02.02:531][  0]LogTemp: Display: Loaded TP IOSTargetPlatform
[2018.08.30-17.02.02:531][  0]LogTemp: Display: Loaded TP IOSTargetPlatform
[2018.08.30-17.02.02:566][  0]LogTemp: Display: Loaded TP TVOSTargetPlatform
[2018.08.30-17.02.02:566][  0]LogTemp: Display: Loaded TP TVOSTargetPlatform
[2018.08.30-17.02.02:589][  0]LogTemp: Display: Loaded TP LinuxClientTargetPlatform
[2018.08.30-17.02.02:609][  0]LogTemp: Display: Loaded TP LinuxNoEditorTargetPlatform
[2018.08.30-17.02.02:628][  0]LogTemp: Display: Loaded TP LinuxServerTargetPlatform
[2018.08.30-17.02.02:647][  0]LogTemp: Display: Loaded TP LinuxTargetPlatform
[2018.08.30-17.02.02:658][  0]LogTemp: Display: Loaded TP LuminTargetPlatform
[2018.08.30-17.02.02:658][  0]LogTargetPlatformManager: Display: Building Assets For Windows
[2018.08.30-17.02.02:734][  0]LogXGEController: Cannot use XGE Controller as Incredibuild is not installed on this machine.
[2018.08.30-17.02.02:734][  0]LogShaderCompilers: Cannot use XGE Shader Compiler as Incredibuild is not installed on this machine.
[2018.08.30-17.02.02:734][  0]LogShaderCompilers: Display: Using Local Shader Compiler.
[2018.08.30-17.02.03:608][  0]LogDerivedDataCache: Display: Max Cache Size: 512 MB
[2018.08.30-17.02.03:673][  0]LogDerivedDataCache: Loaded boot cache 0.06s 71MB C:/Users/shoti/AppData/Local/UnrealEngine/4.20/DerivedDataCache/Boot.ddc.
[2018.08.30-17.02.03:673][  0]LogDerivedDataCache: Display: Loaded Boot cache: C:/Users/shoti/AppData/Local/UnrealEngine/4.20/DerivedDataCache/Boot.ddc
[2018.08.30-17.02.03:673][  0]LogDerivedDataCache: FDerivedDataBackendGraph:  Pak pak cache file ../../../../../../Users/shoti/OneDrive/Documents/Unreal Projects/MetroidDemo/DerivedDataCache/DDC.ddp not found, will not use a pak cache.
[2018.08.30-17.02.03:674][  0]LogDerivedDataCache: Unable to find inner node Pak for hierarchical cache Hierarchy.
[2018.08.30-17.02.03:674][  0]LogDerivedDataCache: FDerivedDataBackendGraph:  CompressedPak pak cache file ../../../../../../Users/shoti/OneDrive/Documents/Unreal Projects/MetroidDemo/DerivedDataCache/Compressed.ddp not found, will not use a pak cache.
[2018.08.30-17.02.03:674][  0]LogDerivedDataCache: Unable to find inner node CompressedPak for hierarchical cache Hierarchy.
[2018.08.30-17.02.03:689][  0]LogDerivedDataCache: Display: Pak cache opened for reading ../../../Engine/DerivedDataCache/Compressed.ddp.
[2018.08.30-17.02.03:702][  0]LogDerivedDataCache: Using Local data cache path C:/Users/shoti/AppData/Local/UnrealEngine/Common/DerivedDataCache: Writable
[2018.08.30-17.02.03:702][  0]LogDerivedDataCache: Shared data cache path not found in *engine.ini, will not use an Shared cache.
[2018.08.30-17.02.03:702][  0]LogDerivedDataCache: Unable to find inner node Shared for hierarchical cache Hierarchy.
[2018.08.30-17.02.03:730][  0]LogMaterial: Verifying Global Shaders for PCD3D_SM5
[2018.08.30-17.02.03:731][  0]LogSlate: Using FreeType 2.6.0
[2018.08.30-17.02.03:732][  0]LogSlate: SlateFontServices - WITH_FREETYPE: 1, WITH_HARFBUZZ: 1
[2018.08.30-17.02.03:818][  0]LogAssetRegistry: FAssetRegistry took 0.0277 seconds to start up
[2018.08.30-17.02.04:258][  0]LogInit: Selected Device Profile: [Windows]
[2018.08.30-17.02.04:324][  0]LogSimplygon: Simplygon DLL not present - disabling.
[2018.08.30-17.02.04:328][  0]LogMeshReduction: Using SimplygonSwarm for distributed automatic mesh merging
[2018.08.30-17.02.04:328][  0]LogMeshReduction: Using ProxyLODMeshReduction for automatic mesh merging
[2018.08.30-17.02.04:328][  0]LogMeshReduction: Using QuadricMeshReduction for automatic static mesh reduction
[2018.08.30-17.02.04:328][  0]LogMeshReduction: No automatic skeletal mesh reduction module available
[2018.08.30-17.02.04:467][  0]LogNetVersion: MetroidDemo 1.0.0, NetCL: 4212847, EngineNetVer: 5, GameNetVer: 0 (Checksum: 3364280947)
[2018.08.30-17.02.05:231][  0]LogPackageLocalizationCache: Processed 11 localized package path(s) for 2 prioritized culture(s) in 0.227075 seconds
[2018.08.30-17.02.05:239][  0]LogUObjectArray: 38425 objects as part of root set at end of initial load.
[2018.08.30-17.02.05:239][  0]LogUObjectAllocator: 6690864 out of 0 bytes used by permanent object pool.
[2018.08.30-17.02.05:239][  0]LogUObjectArray: CloseDisregardForGC: 0/0 objects in disregard for GC pool
[2018.08.30-17.02.06:327][  0]LogTcpMessaging: Initializing TcpMessaging bridge
[2018.08.30-17.02.06:340][  0]LogUdpMessaging: Initializing bridge on interface 0.0.0.0:0 to multicast group 230.0.0.1:6666.
[2018.08.30-17.02.06:529][  0]SourceControl: Source control is disabled
[2018.08.30-17.02.06:529][  0]SourceControl: Source control is disabled
[2018.08.30-17.02.06:531][  0]SourceControl: Source control is disabled
[2018.08.30-17.02.06:532][  0]SourceControl: Source control is disabled
[2018.08.30-17.02.06:734][  0]LogAndroidPermission: UAndroidPermissionCallbackProxy::GetInstance
[2018.08.30-17.02.06:787][  0]LogOcInput: OculusInput pre-init called
[2018.08.30-17.02.06:862][  0]LogEngine: Initializing Engine...
[2018.08.30-17.02.06:863][  0]LogHMD: Failed to initialize OpenVR with code 110
[2018.08.30-17.02.06:865][  0]LogStats: UGameplayTagsManager::ConstructGameplayTagTree: ImportINI prefixes -  0.000 s
[2018.08.30-17.02.06:865][  0]LogStats: UGameplayTagsManager::ConstructGameplayTagTree: Construct from data asset -  0.000 s
[2018.08.30-17.02.06:865][  0]LogStats: UGameplayTagsManager::ConstructGameplayTagTree: ImportINI -  0.000 s
[2018.08.30-17.02.06:865][  0]LogStats: UGameplayTagsManager::ConstructGameplayTagTree: GameplayTagTreeChangedEvent.Broadcast -  0.000 s
[2018.08.30-17.02.07:123][  0]LogInit: Initializing FReadOnlyCVARCache
[2018.08.30-17.02.07:145][  0]LogAIModule: Creating AISystem for world Untitled
[2018.08.30-17.02.07:156][  0]LogInit: XAudio2 using 'Speaker/HP (Realtek High Definition Audio)' : 2 channels at 48 kHz using 32 bits per sample (channel mask 0x3)
[2018.08.30-17.02.07:172][  0]LogInit: FAudioDevice initialized.
[2018.08.30-17.02.07:173][  0]LogNetVersion: Set ProjectVersion to 1.0.0.0. Version Checksum will be recalculated on next use.
[2018.08.30-17.02.07:350][  0]LogDerivedDataCache: Saved boot cache 0.18s 71MB C:/Users/shoti/AppData/Local/UnrealEngine/4.20/DerivedDataCache/Boot.ddc.
[2018.08.30-17.02.07:363][  0]LogInit: Texture streaming: Enabled
[2018.08.30-17.02.07:381][  0]LogEngineSessionManager: EngineSessionManager initialized
[2018.08.30-17.02.07:396][  0]LogInit: Transaction tracking system initialized
[2018.08.30-17.02.07:424][  0]BlueprintLog: New page: Editor Load
[2018.08.30-17.02.07:518][  0]LocalizationService: Localization service is disabled
[2018.08.30-17.02.08:124][  0]LogCook: Display: Max memory allowance for cook 16384mb min free memory 0mb
[2018.08.30-17.02.08:124][  0]LogCook: Display: Mobile HDR setting 1
[2018.08.30-17.02.08:137][  0]LogFileCache: Scanning file cache for directory 'C:/Users/shoti/OneDrive/Documents/Unreal Projects/MetroidDemo/Content/' took 0.02s
[2018.08.30-17.02.08:137][  0]LogGameplayTags: Display: UGameplayTagsManager::DoneAddingNativeTags. DelegateIsBound: 0
[2018.08.30-17.02.08:137][  0]LogStats: UGameplayTagsManager::ConstructGameplayTagTree: ImportINI prefixes -  0.000 s
[2018.08.30-17.02.08:137][  0]LogStats: UGameplayTagsManager::ConstructGameplayTagTree: Construct from data asset -  0.000 s
[2018.08.30-17.02.08:138][  0]LogStats: UGameplayTagsManager::ConstructGameplayTagTree: ImportINI -  0.000 s
[2018.08.30-17.02.08:138][  0]LogStats: UGameplayTagsManager::ConstructGameplayTagTree: GameplayTagTreeChangedEvent.Broadcast -  0.000 s
[2018.08.30-17.02.08:279][  0]SourceControl: Source control is disabled
[2018.08.30-17.02.08:280][  0]Cmd: MAP LOAD FILE="../../../../../../Users/shoti/OneDrive/Documents/Unreal Projects/MetroidDemo/Content/Demo/Maps/Level_01.umap" TEMPLATE=0 SHOWPROGRESS=1 FEATURELEVEL=3
[2018.08.30-17.02.08:280][  0]LightingResults: New page: Lighting Build
[2018.08.30-17.02.08:284][  0]MapCheck: New page: Map Check
[2018.08.30-17.02.08:284][  0]LightingResults: New page: Lighting Build
[2018.08.30-17.02.09:522][  0]LogAIModule: Creating AISystem for world Level_01
[2018.08.30-17.02.09:533][  0]LogEditorServer: Finished looking for orphan Actors (0.000 secs)
[2018.08.30-17.02.09:558][  0]Cmd: MAP CHECKDEP NOCLEARLOG
[2018.08.30-17.02.09:632][  0]MapCheck: Map check complete: 0 Error(s), 0 Warning(s), took 73.641ms to complete.
[2018.08.30-17.02.09:632][  0]LogFileHelpers: Loading map 'Level_01' took 1.352
[2018.08.30-17.02.09:894][  0]LogSlate: Updating window title bar state: overlay mode, drag disabled, window buttons hidden, title bar hidden
[2018.08.30-17.02.09:904][  0]LogSlate: Updating window title bar state: overlay mode, drag disabled, window buttons hidden, title bar hidden
[2018.08.30-17.02.09:914][  0]LogSlate: Updating window title bar state: overlay mode, drag disabled, window buttons hidden, title bar hidden
[2018.08.30-17.02.09:924][  0]LogSlate: Updating window title bar state: overlay mode, drag disabled, window buttons hidden, title bar hidden
[2018.08.30-17.02.09:995][  0]LogCollectionManager: Loaded 0 collections in 0.002612 seconds
[2018.08.30-17.02.10:054][  0]LogFileCache: Scanning file cache for directory 'C:/Users/shoti/OneDrive/Documents/Unreal Projects/MetroidDemo/Saved/Collections/' took 0.01s
[2018.08.30-17.02.10:054][  0]LogFileCache: Scanning file cache for directory 'C:/Users/shoti/OneDrive/Documents/Unreal Projects/MetroidDemo/Content/Developers/shoti/Collections/' took 0.01s
[2018.08.30-17.02.10:054][  0]LogFileCache: Scanning file cache for directory 'C:/Users/shoti/OneDrive/Documents/Unreal Projects/MetroidDemo/Content/Collections/' took 0.01s
[2018.08.30-17.02.10:054][  0]LogCollectionManager: Rebuilt the GUID cache for 0 collections in 0.000000 seconds
[2018.08.30-17.02.10:066][  0]LogContentBrowser: Native class hierarchy populated in 0.0113 seconds. Added 2572 classes and 603 folders.
[2018.08.30-17.02.10:102][  0]LogContentBrowser: Native class hierarchy updated for 'WidgetCarousel' in 0.0004 seconds. Added 0 classes and 0 folders.
[2018.08.30-17.02.12:166][  0]LogContentBrowser: Native class hierarchy updated for 'AddContentDialog' in 0.0005 seconds. Added 0 classes and 0 folders.
[2018.08.30-17.02.12:207][  0]LogContentBrowser: Native class hierarchy updated for 'SceneOutliner' in 0.0005 seconds. Added 1 classes and 2 folders.
[2018.08.30-17.02.12:410][  0]LogSlate: Took 0.000224 seconds to synchronously load lazily loaded font '../../../Engine/Content/Slate/Fonts/Roboto-Regular.ttf' (155K)
[2018.08.30-17.02.12:414][  0]LogSlate: Took 0.000236 seconds to synchronously load lazily loaded font '../../../Engine/Content/Slate/Fonts/Roboto-Bold.ttf' (160K)
[2018.08.30-17.02.12:440][  0]LogSlate: Took 0.014808 seconds to synchronously load lazily loaded font '../../../Engine/Content/Editor/Slate/Fonts/FontAwesome.ttf' (139K)
[2018.08.30-17.02.12:527][  0]LogRenderer: Reallocating scene render targets to support 1108x388 Format 10 NumSamples 1 (Frame:1).
[2018.08.30-17.02.13:390][  0]LogContentBrowser: Native class hierarchy updated for 'HierarchicalLODOutliner' in 0.0005 seconds. Added 0 classes and 0 folders.
[2018.08.30-17.02.13:390][  0]LogLoad: (Engine Initialization) Total time: 14.91 seconds
[2018.08.30-17.02.13:390][  0]LogLoad: (Engine Initialization) Total Blueprint compile time: 0.00 seconds
[2018.08.30-17.02.13:410][  0]LogWindowsTextInputMethodSystem: Display: IME system now deactivated.
[2018.08.30-17.02.13:503][  0]LogContentStreaming: Texture pool size now 3000 MB
[2018.08.30-17.02.13:676][  0]LogRenderer: Reallocating scene render targets to support 1108x404 Format 10 NumSamples 1 (Frame:3).
[2018.08.30-17.02.13:677][  0]LogSlate: Took 0.038090 seconds to synchronously load lazily loaded font '../../../Engine/Content/Slate/Fonts/Roboto-Light.ttf' (167K)
[2018.08.30-17.02.13:734][  1]LogAssetRegistry: Asset discovery search completed in 9.9375 seconds
[2018.08.30-17.02.13:736][  1]LogCollectionManager: Rebuilt the object cache for 0 collections in 0.000000 seconds (found 0 objects)
[2018.08.30-17.02.13:736][  1]LogCollectionManager: Fixed up redirectors for 0 collections in 0.000107 seconds (updated 0 objects)
[2018.08.30-17.02.14:554][  8]LogSlate: Took 0.000261 seconds to synchronously load lazily loaded font '../../../Engine/Content/Slate/Fonts/Roboto-Light.ttf' (167K)
[2018.08.30-17.02.19:620][152]LogSlate: FSceneViewport::OnFocusLost() reason 0
[2018.08.30-17.02.19:729][153]LogAssetEditorManager: Opening Asset editor for Blueprint /Game/Demo/BluePrint/2D_Guy.2D_Guy
[2018.08.30-17.02.20:935][153]LogContentBrowser: Native class hierarchy updated for 'BlueprintGraph' in 0.0009 seconds. Added 116 classes and 0 folders.
[2018.08.30-17.02.22:611][153]LogAssetEditorManager: Opening Asset editor for PaperTileMap /Game/Demo/Sprites/Environments/Tiles_TileMap.Tiles_TileMap
[2018.08.30-17.02.22:725][153]LogAssetEditorManager: Opening Asset editor for WidgetBlueprint /Game/Demo/BluePrint/Widget_HUD.Widget_HUD
[2018.08.30-17.02.24:561][153]LogSlate: Took 0.070709 seconds to synchronously load lazily loaded font '../../../Engine/Content/Slate/Fonts/Roboto-BoldCondensed.ttf' (158K)
[2018.08.30-17.02.25:882][154]LogSlate: Took 0.011631 seconds to synchronously load lazily loaded font '../../../Engine/Content/Slate/Fonts/Roboto-Italic.ttf' (157K)
[2018.08.30-17.02.30:920][338]LogRenderer: Reallocating scene render targets to support 1108x736 Format 10 NumSamples 1 (Frame:1).
[2018.08.30-17.02.32:441][377]LogRenderer: Reallocating scene render targets to support 1108x744 Format 10 NumSamples 1 (Frame:33).
[2018.08.30-17.02.32:556][379]LogRenderer: Reallocating scene render targets to support 1168x884 Format 10 NumSamples 1 (Frame:35).
[2018.08.30-17.02.33:159][410]LogSlate: Window 'Tiles_TileMap' being destroyed
[2018.08.30-17.02.47:487][ 39]LogTemp: Repeating last play command: New Editor Window (PIE)
[2018.08.30-17.02.47:545][ 39]LogBlueprintUserMessages: Early PlayInEditor Detection: Level '/Game/Demo/Maps/Level_01.Level_01:PersistentLevel' has LevelScriptBlueprint '/Game/Demo/Maps/Level_01.Level_01:PersistentLevel.Level_01' with GeneratedClass '/Game/Demo/Maps/Level_01.Level_01_C' with ClassGeneratedBy '/Game/Demo/Maps/Level_01.Level_01:PersistentLevel.Level_01'
[2018.08.30-17.02.47:546][ 39]LogPlayLevel: PlayLevel: No blueprints needed recompiling
[2018.08.30-17.02.47:597][ 39]PIE: New page: PIE session: Level_01 (Aug 30, 2018, 9:02:47 AM)
[2018.08.30-17.02.47:597][ 39]LogPlayLevel: Creating play world package: /Game/Demo/Maps/UEDPIE_0_Level_01
[2018.08.30-17.02.47:606][ 39]LogPlayLevel: PIE: StaticDuplicateObject took: (0.008628s)
[2018.08.30-17.02.47:607][ 39]LogAIModule: Creating AISystem for world Level_01
[2018.08.30-17.02.47:607][ 39]LogPlayLevel: PIE: World Init took: (0.000853s)
[2018.08.30-17.02.47:607][ 39]LogPlayLevel: PIE: Created PIE world by copying editor world from /Game/Demo/Maps/Level_01.Level_01 to /Game/Demo/Maps/UEDPIE_0_Level_01.Level_01 (0.009695s)
[2018.08.30-17.02.47:649][ 39]LogInit: XAudio2 using 'Speaker/HP (Realtek High Definition Audio)' : 2 channels at 48 kHz using 32 bits per sample (channel mask 0x3)
[2018.08.30-17.02.47:662][ 39]LogInit: FAudioDevice initialized.
[2018.08.30-17.02.47:669][ 39]LogSlate: Updating window title bar state: overlay mode, drag disabled, window buttons hidden, title bar hidden
[2018.08.30-17.02.47:767][ 39]LogLoad: Game class is '2DSideScrollerGameMode_C'
[2018.08.30-17.02.47:772][ 39]LogWorld: Bringing World /Game/Demo/Maps/UEDPIE_0_Level_01.Level_01 up for play (max tick rate 60) at 2018.08.30-13.02.47
[2018.08.30-17.02.47:773][ 39]LogWorld: Bringing up level for play took: 0.005587
[2018.08.30-17.02.47:809][ 39]LogContentBrowser: Native class hierarchy updated for 'MovieSceneCapture' in 0.0006 seconds. Added 10 classes and 0 folders.
[2018.08.30-17.02.47:814][ 39]PIE: Play in editor start time for /Game/Demo/Maps/UEDPIE_0_Level_01 0.106
[2018.08.30-17.02.47:814][ 39]LogBlueprintUserMessages: Late PlayInEditor Detection: Level '/Game/Demo/Maps/Level_01.Level_01:PersistentLevel' has LevelScriptBlueprint '/Game/Demo/Maps/Level_01.Level_01:PersistentLevel.Level_01' with GeneratedClass '/Game/Demo/Maps/Level_01.Level_01_C' with ClassGeneratedBy '/Game/Demo/Maps/Level_01.Level_01:PersistentLevel.Level_01'
[2018.08.30-17.04.28:652][686]LogBlueprintUserMessages: Early EndPlayMap Detection: Level '/Game/Demo/Maps/Level_01.Level_01:PersistentLevel' has LevelScriptBlueprint '/Game/Demo/Maps/Level_01.Level_01:PersistentLevel.Level_01' with GeneratedClass '/Game/Demo/Maps/Level_01.Level_01_C' with ClassGeneratedBy '/Game/Demo/Maps/Level_01.Level_01:PersistentLevel.Level_01'
[2018.08.30-17.04.28:653][686]LogSlate: Updating window title bar state: overlay mode, drag disabled, window buttons hidden, title bar hidden
[2018.08.30-17.04.28:701][686]LogSlate: Window 'MetroidDemo Game Preview Standalone (64-bit/PCD3D_SM5)' being destroyed
[2018.08.30-17.04.28:752][686]LogPlayLevel: Display: Shutting down PIE online subsystems
[2018.08.30-17.04.28:752][686]LogBlueprintUserMessages: Late EndPlayMap Detection: Level '/Game/Demo/Maps/Level_01.Level_01:PersistentLevel' has LevelScriptBlueprint '/Game/Demo/Maps/Level_01.Level_01:PersistentLevel.Level_01' with GeneratedClass '/Game/Demo/Maps/Level_01.Level_01_C' with ClassGeneratedBy '/Game/Demo/Maps/Level_01.Level_01:PersistentLevel.Level_01'
[2018.08.30-17.04.28:907][687]LogPlayLevel: Display: Destroying online subsystem :Context_6
[2018.08.30-17.11.13:735][956]LogHttp: Warning: 000002793AA925C0: request failed, libcurl error: 6 (Couldn't resolve host name)
[2018.08.30-17.11.13:735][956]LogHttp: Warning: 000002793AA925C0: libcurl info message cache 0 (Connection 3 seems to be dead!)
[2018.08.30-17.11.13:735][956]LogHttp: Warning: 000002793AA925C0: libcurl info message cache 1 (Closing connection 3)
[2018.08.30-17.11.13:735][956]LogHttp: Warning: 000002793AA925C0: libcurl info message cache 2 (TLSv1.2 (OUT), TLS alert, Client hello (1):)
[2018.08.30-17.11.13:735][956]LogHttp: Warning: 000002793AA925C0: libcurl info message cache 3 (Could not resolve host: datarouter.ol.epicgames.com)
[2018.08.30-17.11.13:735][956]LogHttp: Warning: 000002793AA925C0: libcurl info message cache 4 (Closing connection 4)
[2018.08.30-17.13.14:379][315]LogHttp: Warning: 000002793AA925C0: request failed, libcurl error: 6 (Couldn't resolve host name)
[2018.08.30-17.13.14:380][315]LogHttp: Warning: 000002793AA925C0: libcurl info message cache 0 (Could not resolve host: datarouter.ol.epicgames.com)
[2018.08.30-17.13.14:380][315]LogHttp: Warning: 000002793AA925C0: libcurl info message cache 1 (Closing connection 5)
[2018.08.30-17.15.14:827][672]LogHttp: Warning: 000002793AA925C0: request failed, libcurl error: 6 (Couldn't resolve host name)
[2018.08.30-17.15.14:827][672]LogHttp: Warning: 000002793AA925C0: libcurl info message cache 0 (Could not resolve host: datarouter.ol.epicgames.com)
[2018.08.30-17.15.14:827][672]LogHttp: Warning: 000002793AA925C0: libcurl info message cache 1 (Closing connection 6)
[2018.08.30-17.27.01:520][887]LogD3D11RHI: Timed out while waiting for GPU to catch up. (500 ms)
[2018.08.30-17.27.01:871][889]LogHttp: Warning: 000002793AA925C0: request failed, libcurl error: 6 (Couldn't resolve host name)
[2018.08.30-17.27.01:871][889]LogHttp: Warning: 000002793AA925C0: libcurl info message cache 0 (Could not resolve host: datarouter.ol.epicgames.com)
[2018.08.30-17.27.01:871][889]LogHttp: Warning: 000002793AA925C0: libcurl info message cache 1 (Closing connection 7)
[2018.08.30-17.56.22:056][707]LogD3D11RHI: Timed out while waiting for GPU to catch up. (500 ms)
[2018.08.31-16.04.01:326][559]LogD3D11RHI: Timed out while waiting for GPU to catch up. (500 ms)
[2018.08.31-16.04.13:681][589]LogHttp: Warning: 000002793AA925C0: request failed, libcurl error: 6 (Couldn't resolve host name)
[2018.08.31-16.04.13:681][589]LogHttp: Warning: 000002793AA925C0: libcurl info message cache 0 (Found bundle for host datarouter.ol.epicgames.com: 0x27908ca3fa0 [can pipeline])
[2018.08.31-16.04.13:682][589]LogHttp: Warning: 000002793AA925C0: libcurl info message cache 1 (Re-using existing connection! (#25) with host datarouter.ol.epicgames.com)
[2018.08.31-16.04.13:682][589]LogHttp: Warning: 000002793AA925C0: libcurl info message cache 2 (Connected to datarouter.ol.epicgames.com (34.196.109.155) port 443 (#25))
[2018.08.31-16.04.13:682][589]LogHttp: Warning: 000002793AA925C0: libcurl info message cache 3 (OpenSSL SSL_read: SSL_ERROR_SYSCALL, errno 10054)
[2018.08.31-16.04.13:682][589]LogHttp: Warning: 000002793AA925C0: libcurl info message cache 4 (Connection died, retrying a fresh connect)
[2018.08.31-16.04.13:682][589]LogHttp: Warning: 000002793AA925C0: libcurl info message cache 5 (Closing connection 25)
[2018.08.31-16.04.13:682][589]LogHttp: Warning: 000002793AA925C0: libcurl info message cache 6 (Issue another request to this URL: 'https://datarouter.ol.epicgames.com/datarouter/api/v1/public/data?SessionID=%7B9ABC20EA-41DC-F9B5-1562-3692C4B192CE%7D&AppID=UEEditor.Rocket.Release&AppVersion=4.20.1-4233996%2B%2B%2BUE4%2BRelease-4.20&UserID=f01dbc8541bb04926e9536918a2c901a%7Cad42757e79e540478afd828513659863%7C6e00c0e2-428f-445a-ad0a-6bd9805d1c92&AppEnvironment=datacollector-binary&UploadType=eteventstream')
[2018.08.31-16.04.13:682][589]LogHttp: Warning: 000002793AA925C0: libcurl info message cache 7 (Could not resolve host: datarouter.ol.epicgames.com)
[2018.08.31-16.04.13:682][589]LogHttp: Warning: 000002793AA925C0: libcurl info message cache 8 (Closing connection 26)
[2018.08.31-16.08.36:629][ 59]LogD3D11RHI: Timed out while waiting for GPU to catch up. (500 ms)
[2018.08.31-21.00.16:548][343]LogD3D11RHI: Timed out while waiting for GPU to catch up. (500 ms)
[2018.08.31-21.00.16:893][345]LogHttp: Warning: 000002793AA925C0: request failed, libcurl error: 6 (Couldn't resolve host name)
[2018.08.31-21.00.16:893][345]LogHttp: Warning: 000002793AA925C0: libcurl info message cache 0 (Connection 28 seems to be dead!)
[2018.08.31-21.00.16:893][345]LogHttp: Warning: 000002793AA925C0: libcurl info message cache 1 (Closing connection 28)
[2018.08.31-21.00.16:893][345]LogHttp: Warning: 000002793AA925C0: libcurl info message cache 2 (Could not resolve host: datarouter.ol.epicgames.com)
[2018.08.31-21.00.16:893][345]LogHttp: Warning: 000002793AA925C0: libcurl info message cache 3 (Closing connection 29)
[2018.08.31-21.00.19:924][351]LogD3D11RHI: Timed out while waiting for GPU to catch up. (500 ms)
[2018.08.31-21.06.24:903][438]LogHttp: Warning: 000002793AA925C0: request failed, libcurl error: 6 (Couldn't resolve host name)
[2018.08.31-21.06.24:903][438]LogHttp: Warning: 000002793AA925C0: libcurl info message cache 0 (Connection 31 seems to be dead!)
[2018.08.31-21.06.24:903][438]LogHttp: Warning: 000002793AA925C0: libcurl info message cache 1 (Closing connection 31)
[2018.08.31-21.06.24:903][438]LogHttp: Warning: 000002793AA925C0: libcurl info message cache 2 (TLSv1.2 (OUT), TLS alert, Client hello (1):)
[2018.08.31-21.06.24:903][438]LogHttp: Warning: 000002793AA925C0: libcurl info message cache 3 (Could not resolve host: datarouter.ol.epicgames.com)
[2018.08.31-21.06.24:903][438]LogHttp: Warning: 000002793AA925C0: libcurl info message cache 4 (Closing connection 32)
