Log file open, 09/20/18 11:02:56
LogWindows: Failed to load 'aqProf.dll' (GetLastError=126)
LogWindows: File 'aqProf.dll' does not exist
LogWindows: Failed to load 'VSPerf140.dll' (GetLastError=126)
LogWindows: File 'VSPerf140.dll' does not exist
LogWindows: Failed to load 'VtuneApi.dll' (GetLastError=126)
LogWindows: File 'VtuneApi.dll' does not exist
LogWindows: Failed to load 'VtuneApi32e.dll' (GetLastError=126)
LogWindows: File 'VtuneApi32e.dll' does not exist
LogInit: Display: Running engine for game: MetroidDemo
LogPlatformFile: Not using cached read wrapper
LogTaskGraph: Started task graph with 5 named threads and 23 total threads with 3 sets of task threads.
LogStats: Stats thread started at 0.298567
LogD3D11RHI: Loaded GFSDK_Aftermath_Lib.x64.dll
LogICUInternationalization: Display: ICU TimeZone Detection - Raw Offset: -5:00, Platform Override: ''
LogPluginManager: Mounting plugin Paper2D
LogPluginManager: Mounting plugin AISupport
LogPluginManager: Mounting plugin LightPropagationVolume
LogPluginManager: Mounting plugin CLionSourceCodeAccess
LogPluginManager: Mounting plugin CodeLiteSourceCodeAccess
LogPluginManager: Mounting plugin GitSourceControl
LogPluginManager: Mounting plugin KDevelopSourceCodeAccess
LogPluginManager: Mounting plugin NullSourceCodeAccess
LogPluginManager: Mounting plugin PerforceSourceControl
LogPluginManager: Mounting plugin SubversionSourceControl
LogPluginManager: Mounting plugin UObjectPlugin
LogPluginManager: Mounting plugin VisualStudioCodeSourceCodeAccess
LogPluginManager: Mounting plugin VisualStudioSourceCodeAccess
LogPluginManager: Mounting plugin XCodeSourceCodeAccess
LogPluginManager: Mounting plugin AssetManagerEditor
LogPluginManager: Mounting plugin CryptoKeys
LogPluginManager: Mounting plugin DataValidation
LogPluginManager: Mounting plugin FacialAnimation
LogPluginManager: Mounting plugin GameplayTagsEditor
LogPluginManager: Mounting plugin MacGraphicsSwitching
LogPluginManager: Mounting plugin MeshEditor
LogPluginManager: Mounting plugin MobileLauncherProfileWizard
LogPluginManager: Mounting plugin PluginBrowser
LogPluginManager: Mounting plugin SpeedTreeImporter
LogPluginManager: Mounting plugin DatasmithContent
LogPluginManager: Mounting plugin AlembicImporter
LogPluginManager: Mounting plugin AppleImageUtils
LogPluginManager: Mounting plugin AppleVision
LogPluginManager: Mounting plugin BackChannel
LogPluginManager: Mounting plugin CharacterAI
LogPluginManager: Mounting plugin GeometryCache
LogPluginManager: Mounting plugin HTML5Networking
LogPluginManager: Mounting plugin ProxyLODPlugin
LogPluginManager: Mounting plugin MagicLeap
LogPluginManager: Mounting plugin MagicLeapEmulator
LogPluginManager: Mounting plugin MagicLeapMedia
LogPluginManager: Mounting plugin AndroidMedia
LogPluginManager: Mounting plugin AvfMedia
LogPluginManager: Mounting plugin ImgMedia
LogPluginManager: Mounting plugin LinearTimecode
LogPluginManager: Mounting plugin MediaCompositing
LogPluginManager: Mounting plugin MediaPlayerEditor
LogPluginManager: Mounting plugin WmfMedia
LogPluginManager: Mounting plugin TcpMessaging
LogPluginManager: Mounting plugin UdpMessaging
LogPluginManager: Mounting plugin ActorSequence
LogPluginManager: Mounting plugin LevelSequenceEditor
LogPluginManager: Mounting plugin MatineeToLevelSequence
LogPluginManager: Mounting plugin NetcodeUnitTest
LogPluginManager: Mounting plugin NUTUnrealEngine4
LogPluginManager: Mounting plugin OnlineSubsystemGooglePlay
LogPluginManager: Mounting plugin OnlineSubsystemIOS
LogPluginManager: Mounting plugin OnlineSubsystem
LogPluginManager: Mounting plugin OnlineSubsystemNull
LogPluginManager: Mounting plugin OnlineSubsystemUtils
LogPluginManager: Mounting plugin LauncherChunkInstaller
LogPluginManager: Mounting plugin AndroidDeviceProfileSelector
LogPluginManager: Mounting plugin AndroidMoviePlayer
LogPluginManager: Mounting plugin AndroidPermission
LogPluginManager: Mounting plugin AppleMoviePlayer
LogPluginManager: Mounting plugin ArchVisCharacter
LogPluginManager: Mounting plugin AudioCapture
LogPluginManager: Mounting plugin CableComponent
LogPluginManager: Mounting plugin CustomMeshComponent
LogPluginManager: Mounting plugin EditableMesh
LogPluginManager: Mounting plugin ExampleDeviceProfileSelector
LogPluginManager: Mounting plugin GoogleCloudMessaging
LogPluginManager: Mounting plugin ImmediatePhysics
LogPluginManager: Mounting plugin IOSDeviceProfileSelector
LogPluginManager: Mounting plugin LinuxDeviceProfileSelector
LogPluginManager: Mounting plugin LocationServicesBPLibrary
LogPluginManager: Mounting plugin MobilePatchingUtils
LogPluginManager: Mounting plugin OculusVR
LogPluginManager: Plugin shader directory ../../../Engine/Plugins/Runtime/Oculus/OculusVR/Shaders found
LogPluginManager: Mapping shader source directory ../../../Engine/Plugins/Runtime/Oculus/OculusVR/Shaders to virtual directory /Plugin/OculusVR
LogPluginManager: Mounting plugin PhysXVehicles
LogPluginManager: Mounting plugin ProceduralMeshComponent
LogPluginManager: Mounting plugin RuntimePhysXCooking
LogPluginManager: Mounting plugin SteamVR
LogPluginManager: Mounting plugin WindowsMoviePlayer
LogStreaming: Display: Took  0.207s to configure plugins.
LogInit: Using libcurl 7.55.1-DEV
LogInit:  - built for x86_64-pc-win32
LogInit:  - supports SSL with OpenSSL/1.0.2h
LogInit:  - supports HTTP deflate (compression) using libz 1.2.8
LogInit:  - other features:
LogInit:      CURL_VERSION_SSL
LogInit:      CURL_VERSION_LIBZ
LogInit:      CURL_VERSION_IPV6
LogInit:      CURL_VERSION_ASYNCHDNS
LogInit:      CURL_VERSION_LARGEFILE
LogInit:      CURL_VERSION_IDN
LogInit:  CurlRequestOptions (configurable via config and command line):
LogInit:  - bVerifyPeer = false  - Libcurl will NOT verify peer certificate
LogInit:  - bUseHttpProxy = false  - Libcurl will NOT use HTTP proxy
LogInit:  - bDontReuseConnections = false  - Libcurl will reuse connections
LogInit:  - CertBundlePath = nullptr  - Libcurl will use whatever was configured at build time.
LogInit:  - MaxHostConnections = 16  - Libcurl will limit the number of connections to a host
LogInit:  - LocalHostAddr = Default
LogInit:  - BufferSize = 65536
LogInit: WinSock: version 1.1 (2.2), MaxSocks=32767, MaxUdp=65467
LogInit: Build: ++UE4+Release-4.20-CL-4302132
LogInit: Engine Version: 4.20.2-4302132+++UE4+Release-4.20
LogInit: Compatible Engine Version: 4.20.0-4212847+++UE4+Release-4.20
LogInit: Net CL: 4212847
LogInit: OS: Windows 10 (), CPU: Intel(R) Core(TM) i5-8250U CPU @ 1.60GHz, GPU: Intel(R) UHD Graphics 620
LogInit: Compiled (64-bit): Aug 21 2018 02:06:06
LogInit: Compiled with Visual C++: 19.13.26129.00
LogInit: Build Configuration: Development
LogInit: Branch Name: ++UE4+Release-4.20
LogInit: Command Line: 
LogInit: Base Directory: C:/Program Files/Epic Games/UE_4.20/Engine/Binaries/Win64/
LogInit: Installed Engine Build: 1
LogDevObjectVersion: Number of dev versions registered: 20
LogDevObjectVersion:   Dev-Blueprints (B0D832E4-1F89-4F0D-ACCF-7EB736FD4AA2): 10
LogDevObjectVersion:   Dev-Build (E1C64328-A22C-4D53-A36C-8E866417BD8C): 0
LogDevObjectVersion:   Dev-Core (375EC13C-06E4-48FB-B500-84F0262A717E): 2
LogDevObjectVersion:   Dev-Editor (E4B068ED-F494-42E9-A231-DA0B2E46BB41): 24
LogDevObjectVersion:   Dev-Framework (CFFC743F-43B0-4480-9391-14DF171D2073): 34
LogDevObjectVersion:   Dev-Mobile (B02B49B5-BB20-44E9-A304-32B752E40360): 2
LogDevObjectVersion:   Dev-Networking (A4E4105C-59A1-49B5-A7C5-40C4547EDFEE): 0
LogDevObjectVersion:   Dev-Online (39C831C9-5AE6-47DC-9A44-9C173E1C8E7C): 0
LogDevObjectVersion:   Dev-Physics (78F01B33-EBEA-4F98-B9B4-84EACCB95AA2): 0
LogDevObjectVersion:   Dev-Platform (6631380F-2D4D-43E0-8009-CF276956A95A): 0
LogDevObjectVersion:   Dev-Rendering (12F88B9F-8875-4AFC-A67C-D90C383ABD29): 26
LogDevObjectVersion:   Dev-Sequencer (7B5AE74C-D270-4C10-A958-57980B212A5A): 9
LogDevObjectVersion:   Dev-VR (D7296918-1DD6-4BDD-9DE2-64A83CC13884): 2
LogDevObjectVersion:   Dev-LoadTimes (C2A15278-BFE7-4AFE-6C17-90FF531DF755): 1
LogDevObjectVersion:   Private-Geometry (6EACA3D4-40EC-4CC1-B786-8BED09428FC5): 3
LogDevObjectVersion:   Dev-AnimPhys (29E575DD-E0A3-4627-9D10-D276232CDCEA): 17
LogDevObjectVersion:   Dev-ReflectionCapture (6B266CEC-1EC7-4B8F-A30B-E4D90942FC07): 1
LogDevObjectVersion:   Dev-Automation (0DF73D61-A23F-47EA-B727-89E90C41499A): 1
LogDevObjectVersion:   FortniteMain (601D1886-AC64-4F84-AA16-D3DE0DEAC7D6): 12
LogDevObjectVersion:   Dev-Enterprise (9DFFBCD6-494F-0158-E221-12823C92A888): 1
LogStreaming: Display: Took  0.006s to delete old logs.
LogInit: Presizing for max 8388607 objects, including 0 objects not considered by GC, pre-allocating 0 bytes for permanent pool.
LogInit: Object subsystem initialized
[2018.09.20-15.02.57:176][  0]LogInit: Selected Device Profile: [Windows]
[2018.09.20-15.02.57:177][  0]LogInit: Applying CVar settings loaded from the selected device profile: [Windows]
[2018.09.20-15.02.57:260][  0]LogHAL: Display: Platform has ~ 8 GB [8481775616 / 8589934592 / 8], which maps to Default [LargestMinGB=32, LargerMinGB=12, DefaultMinGB=8, SmallerMinGB=6, SmallestMinGB=0)
[2018.09.20-15.02.57:260][  0]LogInit: Setting Device Profile CVar: [[r.Vulkan.UseRealUBs:1]]
[2018.09.20-15.02.57:260][  0]LogInit: Going up to parent DeviceProfile []
[2018.09.20-15.02.57:261][  0]LogInit: Computer: DESKTOP-DCAAEOS
[2018.09.20-15.02.57:261][  0]LogInit: User: Whitney
[2018.09.20-15.02.57:261][  0]LogInit: CPU Page size=4096, Cores=4
[2018.09.20-15.02.57:261][  0]LogInit: High frequency timer resolution =1.757812 MHz
[2018.09.20-15.02.57:262][  0]LogMemory: Memory total: Physical=7.9GB (8GB approx)
[2018.09.20-15.02.57:262][  0]LogMemory: Platform Memory Stats for Windows
[2018.09.20-15.02.57:262][  0]LogMemory: Process Physical Memory: 100.64 MB used, 100.64 MB peak
[2018.09.20-15.02.57:262][  0]LogMemory: Process Virtual Memory: 91.14 MB used, 91.14 MB peak
[2018.09.20-15.02.57:262][  0]LogMemory: Physical Memory: 4184.34 MB used,  3904.51 MB free, 8088.85 MB total
[2018.09.20-15.02.57:262][  0]LogMemory: Virtual Memory: 548.43 MB used,  3904.51 MB free, 134217728.00 MB total
[2018.09.20-15.02.57:285][  0]LogInit: Using OS detected language (en-US).
[2018.09.20-15.02.57:285][  0]LogInit: Using OS detected locale (en-US).
[2018.09.20-15.02.57:287][  0]LogTextLocalizationManager: No specific localization for 'en-US' exists, so the 'en' localization will be used.
[2018.09.20-15.02.57:693][  0]LogStreaming: Display: Took  0.407s to InitEngineTextLocalization.
[2018.09.20-15.02.57:693][  0]LogInit: Setting process to per monitor DPI aware
[2018.09.20-15.02.57:730][  0]LogSlate: New Slate User Created.  User Index 0, Is Virtual User: 0
[2018.09.20-15.02.57:730][  0]LogSlate: Slate User Registered.  User Index 0, Is Virtual User: 0
[2018.09.20-15.02.57:917][  0]LogHMD: Failed to initialize OpenVR with code 110
[2018.09.20-15.02.57:917][  0]LogD3D11RHI: D3D11 adapters:
[2018.09.20-15.02.57:938][  0]LogD3D11RHI:    0. 'Intel(R) UHD Graphics 620' (Feature Level 11_0)
[2018.09.20-15.02.57:938][  0]LogD3D11RHI:       128/0/4044 MB DedicatedVideo/DedicatedSystem/SharedSystem, Outputs:1, VendorId:0x8086
[2018.09.20-15.02.57:940][  0]LogD3D11RHI:    1. 'Microsoft Basic Render Driver' (Feature Level 11_0)
[2018.09.20-15.02.57:940][  0]LogD3D11RHI:       0/0/4044 MB DedicatedVideo/DedicatedSystem/SharedSystem, Outputs:0, VendorId:0x1414
[2018.09.20-15.02.57:940][  0]LogD3D11RHI: Chosen D3D11 Adapter: 0
[2018.09.20-15.02.57:945][  0]LogD3D11RHI: Creating new Direct3DDevice
[2018.09.20-15.02.57:945][  0]LogD3D11RHI:     GPU DeviceId: 0x5917 (for the marketing name, search the web for "GPU Device Id")
[2018.09.20-15.02.57:945][  0]LogWindows: EnumDisplayDevices:
[2018.09.20-15.02.57:945][  0]LogWindows:    0. 'Intel(R) UHD Graphics 620' (P:1 D:1)
[2018.09.20-15.02.57:946][  0]LogWindows:    1. 'Intel(R) UHD Graphics 620' (P:0 D:0)
[2018.09.20-15.02.57:946][  0]LogWindows:    2. 'Intel(R) UHD Graphics 620' (P:0 D:0)
[2018.09.20-15.02.57:946][  0]LogWindows: DebugString: FoundDriverCount:3 
[2018.09.20-15.02.57:946][  0]LogD3D11RHI:     Adapter Name: Intel(R) UHD Graphics 620
[2018.09.20-15.02.57:946][  0]LogD3D11RHI:   Driver Version: 23.20.16.4905 (internal:23.20.16.4905, unified:23.20.16.4905)
[2018.09.20-15.02.57:946][  0]LogD3D11RHI:      Driver Date: 12-27-2017
[2018.09.20-15.02.57:946][  0]LogRHI: Texture pool is 1505 MB (70% of 2150 MB)
[2018.09.20-15.02.57:963][  0]LogD3D11RHI: Async texture creation enabled
[2018.09.20-15.02.57:971][  0]LogD3D11RHI: GPU Timing Frequency: 12.000048 (Debug: 2 0)
[2018.09.20-15.02.57:972][  0]LogShaderCompilers: Guid format shader working directory is -20 characters bigger than the processId version (../../../../../../Users/Whitney/Documents/GitHub/Unreal/MetroidDemo/Intermediate/Shaders/WorkingDirectory/13824/).
[2018.09.20-15.02.57:972][  0]LogShaderCompilers: Cleaned the shader compiler working directory 'C:/Users/Whitney/AppData/Local/Temp/UnrealShaderWorkingDir/A77D93AD4E53BF34686B74AB64EBC44A/'.
[2018.09.20-15.02.58:239][  0]LogTemp: Display: Loaded TP AllDesktopTargetPlatform
[2018.09.20-15.02.58:253][  0]LogTemp: Display: Loaded TP MacClientTargetPlatform
[2018.09.20-15.02.58:267][  0]LogTemp: Display: Loaded TP MacNoEditorTargetPlatform
[2018.09.20-15.02.58:282][  0]LogTemp: Display: Loaded TP MacServerTargetPlatform
[2018.09.20-15.02.58:297][  0]LogTemp: Display: Loaded TP MacTargetPlatform
[2018.09.20-15.02.58:311][  0]LogTemp: Display: Loaded TP WindowsClientTargetPlatform
[2018.09.20-15.02.58:325][  0]LogTemp: Display: Loaded TP WindowsNoEditorTargetPlatform
[2018.09.20-15.02.58:340][  0]LogTemp: Display: Loaded TP WindowsServerTargetPlatform
[2018.09.20-15.02.58:348][  0]LogTemp: Display: Loaded TP WindowsTargetPlatform
[2018.09.20-15.02.58:426][  0]LogTemp: Display: Loaded TP AndroidTargetPlatform
[2018.09.20-15.02.58:426][  0]LogTemp: Display: Loaded TP AndroidTargetPlatform
[2018.09.20-15.02.58:426][  0]LogTemp: Display: Loaded TP AndroidTargetPlatform
[2018.09.20-15.02.58:426][  0]LogTemp: Display: Loaded TP AndroidTargetPlatform
[2018.09.20-15.02.58:426][  0]LogTemp: Display: Loaded TP AndroidTargetPlatform
[2018.09.20-15.02.58:426][  0]LogTemp: Display: Loaded TP AndroidTargetPlatform
[2018.09.20-15.02.58:426][  0]LogTemp: Display: Loaded TP AndroidTargetPlatform
[2018.09.20-15.02.58:426][  0]LogTemp: Display: Loaded TP AndroidTargetPlatform
[2018.09.20-15.02.58:426][  0]LogTemp: Display: Loaded TP AndroidTargetPlatform
[2018.09.20-15.02.58:426][  0]LogTemp: Display: Loaded TP AndroidTargetPlatform
[2018.09.20-15.02.58:426][  0]LogTemp: Display: Loaded TP AndroidTargetPlatform
[2018.09.20-15.02.58:426][  0]LogTemp: Display: Loaded TP AndroidTargetPlatform
[2018.09.20-15.02.58:426][  0]LogTemp: Display: Loaded TP AndroidTargetPlatform
[2018.09.20-15.02.58:426][  0]LogTemp: Display: Loaded TP AndroidTargetPlatform
[2018.09.20-15.02.58:426][  0]LogTemp: Display: Loaded TP AndroidTargetPlatform
[2018.09.20-15.02.58:426][  0]LogTemp: Display: Loaded TP AndroidTargetPlatform
[2018.09.20-15.02.58:426][  0]LogTemp: Display: Loaded TP AndroidTargetPlatform
[2018.09.20-15.02.58:426][  0]LogTemp: Display: Loaded TP AndroidTargetPlatform
[2018.09.20-15.02.58:428][  0]LogTemp: Display: Loaded TP HTML5TargetPlatform
[2018.09.20-15.02.58:501][  0]LogTemp: Display: Loaded TP IOSTargetPlatform
[2018.09.20-15.02.58:501][  0]LogTemp: Display: Loaded TP IOSTargetPlatform
[2018.09.20-15.02.58:531][  0]LogTemp: Display: Loaded TP TVOSTargetPlatform
[2018.09.20-15.02.58:531][  0]LogTemp: Display: Loaded TP TVOSTargetPlatform
[2018.09.20-15.02.58:544][  0]LogTemp: Display: Loaded TP LinuxClientTargetPlatform
[2018.09.20-15.02.58:557][  0]LogTemp: Display: Loaded TP LinuxNoEditorTargetPlatform
[2018.09.20-15.02.58:569][  0]LogTemp: Display: Loaded TP LinuxServerTargetPlatform
[2018.09.20-15.02.58:583][  0]LogTemp: Display: Loaded TP LinuxTargetPlatform
[2018.09.20-15.02.58:595][  0]LogTemp: Display: Loaded TP LuminTargetPlatform
[2018.09.20-15.02.58:595][  0]LogTargetPlatformManager: Display: Building Assets For Windows
[2018.09.20-15.02.58:663][  0]LogXGEController: Cannot use XGE Controller as Incredibuild is not installed on this machine.
[2018.09.20-15.02.58:664][  0]LogShaderCompilers: Cannot use XGE Shader Compiler as Incredibuild is not installed on this machine.
[2018.09.20-15.02.58:664][  0]LogShaderCompilers: Display: Using Local Shader Compiler.
[2018.09.20-15.02.59:414][  0]LogDerivedDataCache: Display: Max Cache Size: 512 MB
[2018.09.20-15.02.59:472][  0]LogDerivedDataCache: Loaded boot cache 0.06s 71MB C:/Users/Whitney/AppData/Local/UnrealEngine/4.20/DerivedDataCache/Boot.ddc.
[2018.09.20-15.02.59:472][  0]LogDerivedDataCache: Display: Loaded Boot cache: C:/Users/Whitney/AppData/Local/UnrealEngine/4.20/DerivedDataCache/Boot.ddc
[2018.09.20-15.02.59:472][  0]LogDerivedDataCache: FDerivedDataBackendGraph:  Pak pak cache file ../../../../../../Users/Whitney/Documents/GitHub/Unreal/MetroidDemo/DerivedDataCache/DDC.ddp not found, will not use a pak cache.
[2018.09.20-15.02.59:472][  0]LogDerivedDataCache: Unable to find inner node Pak for hierarchical cache Hierarchy.
[2018.09.20-15.02.59:472][  0]LogDerivedDataCache: FDerivedDataBackendGraph:  CompressedPak pak cache file ../../../../../../Users/Whitney/Documents/GitHub/Unreal/MetroidDemo/DerivedDataCache/Compressed.ddp not found, will not use a pak cache.
[2018.09.20-15.02.59:472][  0]LogDerivedDataCache: Unable to find inner node CompressedPak for hierarchical cache Hierarchy.
[2018.09.20-15.02.59:487][  0]LogDerivedDataCache: Display: Pak cache opened for reading ../../../Engine/DerivedDataCache/Compressed.ddp.
[2018.09.20-15.02.59:499][  0]LogDerivedDataCache: Using Local data cache path C:/Users/Whitney/AppData/Local/UnrealEngine/Common/DerivedDataCache: Writable
[2018.09.20-15.02.59:499][  0]LogDerivedDataCache: Shared data cache path not found in *engine.ini, will not use an Shared cache.
[2018.09.20-15.02.59:499][  0]LogDerivedDataCache: Unable to find inner node Shared for hierarchical cache Hierarchy.
[2018.09.20-15.02.59:520][  0]LogMaterial: Verifying Global Shaders for PCD3D_SM5
[2018.09.20-15.02.59:522][  0]LogSlate: Using FreeType 2.6.0
[2018.09.20-15.02.59:523][  0]LogSlate: SlateFontServices - WITH_FREETYPE: 1, WITH_HARFBUZZ: 1
[2018.09.20-15.02.59:596][  0]LogAssetRegistry: FAssetRegistry took 0.0259 seconds to start up
[2018.09.20-15.02.59:909][  0]LogInit: Selected Device Profile: [Windows]
[2018.09.20-15.03.00:058][  0]LogSimplygon: Simplygon DLL not present - disabling.
[2018.09.20-15.03.00:062][  0]LogMeshReduction: Using SimplygonSwarm for distributed automatic mesh merging
[2018.09.20-15.03.00:062][  0]LogMeshReduction: Using ProxyLODMeshReduction for automatic mesh merging
[2018.09.20-15.03.00:062][  0]LogMeshReduction: Using QuadricMeshReduction for automatic static mesh reduction
[2018.09.20-15.03.00:062][  0]LogMeshReduction: No automatic skeletal mesh reduction module available
[2018.09.20-15.03.00:081][  0]LogNetVersion: MetroidDemo 1.0.0, NetCL: 4212847, EngineNetVer: 5, GameNetVer: 0 (Checksum: 3364280947)
[2018.09.20-15.03.00:661][  0]LogPackageLocalizationCache: Processed 11 localized package path(s) for 2 prioritized culture(s) in 0.144331 seconds
[2018.09.20-15.03.00:668][  0]LogUObjectArray: 38425 objects as part of root set at end of initial load.
[2018.09.20-15.03.00:668][  0]LogUObjectAllocator: 6690872 out of 0 bytes used by permanent object pool.
[2018.09.20-15.03.00:668][  0]LogUObjectArray: CloseDisregardForGC: 0/0 objects in disregard for GC pool
[2018.09.20-15.03.01:562][  0]LogTcpMessaging: Initializing TcpMessaging bridge
[2018.09.20-15.03.01:577][  0]LogUdpMessaging: Initializing bridge on interface 0.0.0.0:0 to multicast group 230.0.0.1:6666.
[2018.09.20-15.03.01:852][  0]SourceControl: Source control is disabled
[2018.09.20-15.03.01:852][  0]SourceControl: Source control is disabled
[2018.09.20-15.03.01:854][  0]SourceControl: Source control is disabled
[2018.09.20-15.03.01:855][  0]SourceControl: Source control is disabled
[2018.09.20-15.03.02:038][  0]LogAndroidPermission: UAndroidPermissionCallbackProxy::GetInstance
[2018.09.20-15.03.02:093][  0]LogOcInput: OculusInput pre-init called
[2018.09.20-15.03.02:157][  0]LogEngine: Initializing Engine...
[2018.09.20-15.03.02:158][  0]LogHMD: Failed to initialize OpenVR with code 110
[2018.09.20-15.03.02:159][  0]LogStats: UGameplayTagsManager::ConstructGameplayTagTree: ImportINI prefixes -  0.000 s
[2018.09.20-15.03.02:159][  0]LogStats: UGameplayTagsManager::ConstructGameplayTagTree: Construct from data asset -  0.000 s
[2018.09.20-15.03.02:159][  0]LogStats: UGameplayTagsManager::ConstructGameplayTagTree: ImportINI -  0.000 s
[2018.09.20-15.03.02:159][  0]LogStats: UGameplayTagsManager::ConstructGameplayTagTree: GameplayTagTreeChangedEvent.Broadcast -  0.000 s
[2018.09.20-15.03.02:478][  0]LogInit: Initializing FReadOnlyCVARCache
[2018.09.20-15.03.02:504][  0]LogAIModule: Creating AISystem for world Untitled
[2018.09.20-15.03.02:512][  0]LogInit: XAudio2 using 'Speakers / Headphones (Realtek Audio)' : 2 channels at 48 kHz using 32 bits per sample (channel mask 0x3)
[2018.09.20-15.03.02:723][  0]LogInit: FAudioDevice initialized.
[2018.09.20-15.03.02:723][  0]LogNetVersion: Set ProjectVersion to 1.0.0.0. Version Checksum will be recalculated on next use.
[2018.09.20-15.03.02:877][  0]LogDerivedDataCache: Saved boot cache 0.15s 71MB C:/Users/Whitney/AppData/Local/UnrealEngine/4.20/DerivedDataCache/Boot.ddc.
[2018.09.20-15.03.02:886][  0]LogInit: Texture streaming: Enabled
[2018.09.20-15.03.02:912][  0]LogEngineSessionManager: EngineSessionManager initialized
[2018.09.20-15.03.02:927][  0]LogInit: Transaction tracking system initialized
[2018.09.20-15.03.02:955][  0]BlueprintLog: New page: Editor Load
[2018.09.20-15.03.03:050][  0]LocalizationService: Localization service is disabled
[2018.09.20-15.03.03:409][  0]LogCook: Display: Max memory allowance for cook 16384mb min free memory 0mb
[2018.09.20-15.03.03:410][  0]LogCook: Display: Mobile HDR setting 1
[2018.09.20-15.03.03:410][  0]LogGameplayTags: Display: UGameplayTagsManager::DoneAddingNativeTags. DelegateIsBound: 0
[2018.09.20-15.03.03:410][  0]LogStats: UGameplayTagsManager::ConstructGameplayTagTree: ImportINI prefixes -  0.000 s
[2018.09.20-15.03.03:410][  0]LogStats: UGameplayTagsManager::ConstructGameplayTagTree: Construct from data asset -  0.000 s
[2018.09.20-15.03.03:410][  0]LogStats: UGameplayTagsManager::ConstructGameplayTagTree: ImportINI -  0.000 s
[2018.09.20-15.03.03:410][  0]LogStats: UGameplayTagsManager::ConstructGameplayTagTree: GameplayTagTreeChangedEvent.Broadcast -  0.000 s
[2018.09.20-15.03.03:540][  0]LogFileCache: Scanning file cache for directory 'C:/Users/Whitney/Documents/GitHub/Unreal/MetroidDemo/Content/' took 0.02s
[2018.09.20-15.03.03:540][  0]SourceControl: Source control is disabled
[2018.09.20-15.03.03:540][  0]Cmd: MAP LOAD FILE="../../../../../../Users/Whitney/Documents/GitHub/Unreal/MetroidDemo/Content/Demo/Maps/Level_01.umap" TEMPLATE=0 SHOWPROGRESS=1 FEATURELEVEL=3
[2018.09.20-15.03.03:541][  0]LightingResults: New page: Lighting Build
[2018.09.20-15.03.03:544][  0]MapCheck: New page: Map Check
[2018.09.20-15.03.03:544][  0]LightingResults: New page: Lighting Build
[2018.09.20-15.03.04:843][  0]LogAIModule: Creating AISystem for world Level_01
[2018.09.20-15.03.04:853][  0]LogEditorServer: Finished looking for orphan Actors (0.000 secs)
[2018.09.20-15.03.04:879][  0]Cmd: MAP CHECKDEP NOCLEARLOG
[2018.09.20-15.03.04:962][  0]MapCheck: Map check complete: 0 Error(s), 0 Warning(s), took 82.262ms to complete.
[2018.09.20-15.03.04:962][  0]LogFileHelpers: Loading map 'Level_01' took 1.422
[2018.09.20-15.03.05:039][  0]LogWindowsTextInputMethodSystem: Display: IME system now deactivated.
[2018.09.20-15.03.05:135][  0]LogSlate: Updating window title bar state: overlay mode, drag disabled, window buttons hidden, title bar hidden
[2018.09.20-15.03.05:151][  0]LogSlate: Updating window title bar state: overlay mode, drag disabled, window buttons hidden, title bar hidden
[2018.09.20-15.03.05:161][  0]LogSlate: Updating window title bar state: overlay mode, drag disabled, window buttons hidden, title bar hidden
[2018.09.20-15.03.05:169][  0]LogSlate: Updating window title bar state: overlay mode, drag disabled, window buttons hidden, title bar hidden
[2018.09.20-15.03.05:183][  0]LogCollectionManager: Loaded 0 collections in 0.003076 seconds
[2018.09.20-15.03.05:227][  0]LogFileCache: Scanning file cache for directory 'C:/Users/Whitney/Documents/GitHub/Unreal/MetroidDemo/Saved/Collections/' took 0.01s
[2018.09.20-15.03.05:227][  0]LogFileCache: Scanning file cache for directory 'C:/Users/Whitney/Documents/GitHub/Unreal/MetroidDemo/Content/Developers/Whitney/Collections/' took 0.01s
[2018.09.20-15.03.05:227][  0]LogFileCache: Scanning file cache for directory 'C:/Users/Whitney/Documents/GitHub/Unreal/MetroidDemo/Content/Collections/' took 0.01s
[2018.09.20-15.03.05:227][  0]LogCollectionManager: Rebuilt the GUID cache for 0 collections in 0.000001 seconds
[2018.09.20-15.03.05:238][  0]LogContentBrowser: Native class hierarchy populated in 0.0105 seconds. Added 2572 classes and 603 folders.
[2018.09.20-15.03.05:248][  0]LogContentBrowser: Native class hierarchy updated for 'WidgetCarousel' in 0.0005 seconds. Added 0 classes and 0 folders.
[2018.09.20-15.03.06:336][  0]LogContentBrowser: Native class hierarchy updated for 'AddContentDialog' in 0.0004 seconds. Added 0 classes and 0 folders.
[2018.09.20-15.03.06:378][  0]LogContentBrowser: Native class hierarchy updated for 'SceneOutliner' in 0.0005 seconds. Added 1 classes and 2 folders.
[2018.09.20-15.03.06:478][  0]LogSlate: Took 0.000241 seconds to synchronously load lazily loaded font '../../../Engine/Content/Slate/Fonts/Roboto-Regular.ttf' (155K)
[2018.09.20-15.03.06:480][  0]LogSlate: Took 0.000200 seconds to synchronously load lazily loaded font '../../../Engine/Content/Slate/Fonts/Roboto-Bold.ttf' (160K)
[2018.09.20-15.03.06:522][  0]LogSlate: Took 0.037342 seconds to synchronously load lazily loaded font '../../../Engine/Content/Editor/Slate/Fonts/FontAwesome.ttf' (139K)
[2018.09.20-15.03.06:647][  0]LogRenderer: Reallocating scene render targets to support 856x372 Format 10 NumSamples 1 (Frame:1).
[2018.09.20-15.03.06:965][  0]LogContentBrowser: Native class hierarchy updated for 'HierarchicalLODOutliner' in 0.0005 seconds. Added 0 classes and 0 folders.
[2018.09.20-15.03.06:965][  0]LogLoad: (Engine Initialization) Total time: 12.42 seconds
[2018.09.20-15.03.06:965][  0]LogLoad: (Engine Initialization) Total Blueprint compile time: 0.00 seconds
[2018.09.20-15.03.07:006][  0]LogContentStreaming: Texture pool size now 1000 MB
[2018.09.20-15.03.07:092][  0]LogSlate: Took 0.011758 seconds to synchronously load lazily loaded font '../../../Engine/Content/Slate/Fonts/Roboto-Light.ttf' (167K)
[2018.09.20-15.03.07:128][  1]LogAssetRegistry: Asset discovery search completed in 7.5538 seconds
[2018.09.20-15.03.07:131][  1]LogCollectionManager: Rebuilt the object cache for 0 collections in 0.000001 seconds (found 0 objects)
[2018.09.20-15.03.07:131][  1]LogCollectionManager: Fixed up redirectors for 0 collections in 0.000062 seconds (updated 0 objects)
[2018.09.20-15.03.21:143][622]LogSlate: FSceneViewport::OnFocusLost() reason 0
[2018.09.20-15.03.29:396][851]LogSlate: Took 0.000209 seconds to synchronously load lazily loaded font '../../../Engine/Content/Slate/Fonts/Roboto-Light.ttf' (167K)
[2018.09.20-15.03.29:406][851]LogFactory: FactoryCreateFile: Texture with ReimportTextureFactory (0 0 ../../../../../../Users/Whitney/Pictures/Game/potions.psd)
[2018.09.20-15.03.29:410][851]LogTexture: Display: Building textures: potions (BGRA8, 128X50)
[2018.09.20-15.03.41:215][473]LogSlate: Took 0.053348 seconds to synchronously load lazily loaded font '../../../Engine/Content/Slate/Fonts/Roboto-BoldCondensed.ttf' (158K)
[2018.09.20-15.04.15:961][930]LogSlate: Window 'Extract sprites' being destroyed
[2018.09.20-15.04.21:351][112]LogSlate: Window 'Delete Assets' being destroyed
[2018.09.20-15.04.22:394][159]LogAssetEditorManager: Opening Asset editor for PaperSprite /Game/Demo/Sprites/Background_Elements/sheets/potions_Sprite_0.potions_Sprite_0
[2018.09.20-15.04.36:378][582]LogSlate: FSceneViewport::OnFocusLost() reason 0
[2018.09.20-15.04.36:586][589]LogAssetEditorManager: Opening Asset editor for PaperSprite /Game/Demo/Sprites/Background_Elements/sheets/potions_Sprite_1.potions_Sprite_1
[2018.09.20-15.04.40:578][711]LogSlate: FSceneViewport::OnFocusLost() reason 0
[2018.09.20-15.04.45:136][856]LogSlate: FSceneViewport::OnFocusLost() reason 0
[2018.09.20-15.04.45:244][861]LogSlate: Window 'potions_Sprite_1*' being destroyed
[2018.09.20-15.04.45:252][861]LogSlate: Window 'potions_Sprite_1*' being destroyed
[2018.09.20-15.04.49:241][ 18]LogSlate: FSceneViewport::OnFocusLost() reason 0
[2018.09.20-15.04.51:885][123]LogEditorViewport: Clicking Background
[2018.09.20-15.04.54:535][232]LogSlate: FSceneViewport::OnFocusLost() reason 0
[2018.09.20-15.04.54:652][239]LogTemp: Repeating last play command: New Editor Window (PIE)
[2018.09.20-15.04.54:682][239]LogBlueprintUserMessages: Early PlayInEditor Detection: Level '/Game/Demo/Maps/Level_01.Level_01:PersistentLevel' has LevelScriptBlueprint '/Game/Demo/Maps/Level_01.Level_01:PersistentLevel.Level_01' with GeneratedClass '/Game/Demo/Maps/Level_01.Level_01_C' with ClassGeneratedBy '/Game/Demo/Maps/Level_01.Level_01:PersistentLevel.Level_01'
[2018.09.20-15.04.54:682][239]LogPlayLevel: PlayLevel: No blueprints needed recompiling
[2018.09.20-15.04.54:771][239]PIE: New page: PIE session: Level_01 (Sep 20, 2018, 7:04:54 AM)
[2018.09.20-15.04.54:771][239]LogPlayLevel: Creating play world package: /Game/Demo/Maps/UEDPIE_0_Level_01
[2018.09.20-15.04.54:787][239]LogPlayLevel: PIE: StaticDuplicateObject took: (0.016493s)
[2018.09.20-15.04.54:789][239]LogAIModule: Creating AISystem for world Level_01
[2018.09.20-15.04.54:789][239]LogPlayLevel: PIE: World Init took: (0.001878s)
[2018.09.20-15.04.54:790][239]LogPlayLevel: PIE: Created PIE world by copying editor world from /Game/Demo/Maps/Level_01.Level_01 to /Game/Demo/Maps/UEDPIE_0_Level_01.Level_01 (0.018827s)
[2018.09.20-15.04.54:831][239]LogInit: XAudio2 using 'Speakers / Headphones (Realtek Audio)' : 2 channels at 48 kHz using 32 bits per sample (channel mask 0x3)
[2018.09.20-15.04.54:941][239]LogInit: FAudioDevice initialized.
[2018.09.20-15.04.54:950][239]LogSlate: Updating window title bar state: overlay mode, drag disabled, window buttons hidden, title bar hidden
[2018.09.20-15.04.55:004][239]LogLoad: Game class is '2DSideScrollerGameMode_C'
[2018.09.20-15.04.55:015][239]LogWorld: Bringing World /Game/Demo/Maps/UEDPIE_0_Level_01.Level_01 up for play (max tick rate 60) at 2018.09.20-11.04.55
[2018.09.20-15.04.55:021][239]LogWorld: Bringing up level for play took: 0.013350
[2018.09.20-15.04.55:063][239]LogContentBrowser: Native class hierarchy updated for 'MovieSceneCapture' in 0.0010 seconds. Added 10 classes and 0 folders.
[2018.09.20-15.04.55:072][239]PIE: Play in editor start time for /Game/Demo/Maps/UEDPIE_0_Level_01 -0.178
[2018.09.20-15.04.55:074][239]LogBlueprintUserMessages: Late PlayInEditor Detection: Level '/Game/Demo/Maps/Level_01.Level_01:PersistentLevel' has LevelScriptBlueprint '/Game/Demo/Maps/Level_01.Level_01:PersistentLevel.Level_01' with GeneratedClass '/Game/Demo/Maps/Level_01.Level_01_C' with ClassGeneratedBy '/Game/Demo/Maps/Level_01.Level_01:PersistentLevel.Level_01'
[2018.09.20-15.04.55:146][239]LogRenderer: Reallocating scene render targets to support 1332x916 Format 10 NumSamples 1 (Frame:1).
[2018.09.20-15.05.28:411][209]LogBlueprintUserMessages: Early EndPlayMap Detection: Level '/Game/Demo/Maps/Level_01.Level_01:PersistentLevel' has LevelScriptBlueprint '/Game/Demo/Maps/Level_01.Level_01:PersistentLevel.Level_01' with GeneratedClass '/Game/Demo/Maps/Level_01.Level_01_C' with ClassGeneratedBy '/Game/Demo/Maps/Level_01.Level_01:PersistentLevel.Level_01'
[2018.09.20-15.05.28:412][209]LogSlate: Updating window title bar state: overlay mode, drag disabled, window buttons hidden, title bar hidden
[2018.09.20-15.05.28:458][209]LogSlate: Window 'MetroidDemo Game Preview Standalone (64-bit/PCD3D_SM5)' being destroyed
[2018.09.20-15.05.28:507][209]LogPlayLevel: Display: Shutting down PIE online subsystems
[2018.09.20-15.05.28:507][209]LogBlueprintUserMessages: Late EndPlayMap Detection: Level '/Game/Demo/Maps/Level_01.Level_01:PersistentLevel' has LevelScriptBlueprint '/Game/Demo/Maps/Level_01.Level_01:PersistentLevel.Level_01' with GeneratedClass '/Game/Demo/Maps/Level_01.Level_01_C' with ClassGeneratedBy '/Game/Demo/Maps/Level_01.Level_01:PersistentLevel.Level_01'
[2018.09.20-15.05.28:577][210]LogPlayLevel: Display: Destroying online subsystem :Context_4
[2018.09.20-15.05.30:207][261]LogEditorViewport: Clicking on Actor (LMB): PaperSpriteActor (potions_Sprite_1)
[2018.09.20-15.05.31:660][294]LogSlate: FSceneViewport::OnFocusLost() reason 0
[2018.09.20-15.05.41:714][618]LogTemp: Repeating last play command: New Editor Window (PIE)
[2018.09.20-15.05.41:753][618]LogBlueprintUserMessages: Early PlayInEditor Detection: Level '/Game/Demo/Maps/Level_01.Level_01:PersistentLevel' has LevelScriptBlueprint '/Game/Demo/Maps/Level_01.Level_01:PersistentLevel.Level_01' with GeneratedClass '/Game/Demo/Maps/Level_01.Level_01_C' with ClassGeneratedBy '/Game/Demo/Maps/Level_01.Level_01:PersistentLevel.Level_01'
[2018.09.20-15.05.41:753][618]LogPlayLevel: PlayLevel: No blueprints needed recompiling
[2018.09.20-15.05.41:753][618]PIE: New page: PIE session: Level_01 (Sep 20, 2018, 7:05:41 AM)
[2018.09.20-15.05.41:754][618]LogPlayLevel: Creating play world package: /Game/Demo/Maps/UEDPIE_0_Level_01
[2018.09.20-15.05.41:767][618]LogPlayLevel: PIE: StaticDuplicateObject took: (0.013359s)
[2018.09.20-15.05.41:768][618]LogAIModule: Creating AISystem for world Level_01
[2018.09.20-15.05.41:769][618]LogPlayLevel: PIE: World Init took: (0.001418s)
[2018.09.20-15.05.41:769][618]LogPlayLevel: PIE: Created PIE world by copying editor world from /Game/Demo/Maps/Level_01.Level_01 to /Game/Demo/Maps/UEDPIE_0_Level_01.Level_01 (0.015102s)
[2018.09.20-15.05.41:824][618]LogInit: XAudio2 using 'Speakers / Headphones (Realtek Audio)' : 2 channels at 48 kHz using 32 bits per sample (channel mask 0x3)
[2018.09.20-15.05.41:947][618]LogInit: FAudioDevice initialized.
[2018.09.20-15.05.41:957][618]LogSlate: Updating window title bar state: overlay mode, drag disabled, window buttons hidden, title bar hidden
[2018.09.20-15.05.41:999][618]LogLoad: Game class is '2DSideScrollerGameMode_C'
[2018.09.20-15.05.42:004][618]LogWorld: Bringing World /Game/Demo/Maps/UEDPIE_0_Level_01.Level_01 up for play (max tick rate 60) at 2018.09.20-11.05.42
[2018.09.20-15.05.42:005][618]LogWorld: Bringing up level for play took: 0.004478
[2018.09.20-15.05.42:024][618]PIE: Play in editor start time for /Game/Demo/Maps/UEDPIE_0_Level_01 0.774
[2018.09.20-15.05.42:025][618]LogBlueprintUserMessages: Late PlayInEditor Detection: Level '/Game/Demo/Maps/Level_01.Level_01:PersistentLevel' has LevelScriptBlueprint '/Game/Demo/Maps/Level_01.Level_01:PersistentLevel.Level_01' with GeneratedClass '/Game/Demo/Maps/Level_01.Level_01_C' with ClassGeneratedBy '/Game/Demo/Maps/Level_01.Level_01:PersistentLevel.Level_01'
[2018.09.20-15.05.46:964][756]LogBlueprintUserMessages: Early EndPlayMap Detection: Level '/Game/Demo/Maps/Level_01.Level_01:PersistentLevel' has LevelScriptBlueprint '/Game/Demo/Maps/Level_01.Level_01:PersistentLevel.Level_01' with GeneratedClass '/Game/Demo/Maps/Level_01.Level_01_C' with ClassGeneratedBy '/Game/Demo/Maps/Level_01.Level_01:PersistentLevel.Level_01'
[2018.09.20-15.05.46:964][756]LogSlate: Updating window title bar state: overlay mode, drag disabled, window buttons hidden, title bar hidden
[2018.09.20-15.05.47:010][756]LogSlate: Window 'MetroidDemo Game Preview Standalone (64-bit/PCD3D_SM5)' being destroyed
[2018.09.20-15.05.47:060][756]LogPlayLevel: Display: Shutting down PIE online subsystems
[2018.09.20-15.05.47:060][756]LogBlueprintUserMessages: Late EndPlayMap Detection: Level '/Game/Demo/Maps/Level_01.Level_01:PersistentLevel' has LevelScriptBlueprint '/Game/Demo/Maps/Level_01.Level_01:PersistentLevel.Level_01' with GeneratedClass '/Game/Demo/Maps/Level_01.Level_01_C' with ClassGeneratedBy '/Game/Demo/Maps/Level_01.Level_01:PersistentLevel.Level_01'
[2018.09.20-15.05.47:173][757]LogPlayLevel: Display: Destroying online subsystem :Context_5
[2018.09.20-15.05.49:885][839]LogEditorViewport: Clicking on Actor (LMB): PaperSpriteActor (potions_Sprite_0)
[2018.09.20-15.05.51:302][875]LogSlate: FSceneViewport::OnFocusLost() reason 0
[2018.09.20-15.06.07:494][411]LogEditorViewport: Clicking Background
[2018.09.20-15.06.09:356][466]LogSlate: FSceneViewport::OnFocusLost() reason 0
[2018.09.20-15.06.09:480][473]LogTemp: Repeating last play command: New Editor Window (PIE)
[2018.09.20-15.06.09:515][473]LogBlueprintUserMessages: Early PlayInEditor Detection: Level '/Game/Demo/Maps/Level_01.Level_01:PersistentLevel' has LevelScriptBlueprint '/Game/Demo/Maps/Level_01.Level_01:PersistentLevel.Level_01' with GeneratedClass '/Game/Demo/Maps/Level_01.Level_01_C' with ClassGeneratedBy '/Game/Demo/Maps/Level_01.Level_01:PersistentLevel.Level_01'
[2018.09.20-15.06.09:515][473]LogPlayLevel: PlayLevel: No blueprints needed recompiling
[2018.09.20-15.06.09:515][473]PIE: New page: PIE session: Level_01 (Sep 20, 2018, 7:06:09 AM)
[2018.09.20-15.06.09:516][473]LogPlayLevel: Creating play world package: /Game/Demo/Maps/UEDPIE_0_Level_01
[2018.09.20-15.06.09:528][473]LogPlayLevel: PIE: StaticDuplicateObject took: (0.012638s)
[2018.09.20-15.06.09:529][473]LogAIModule: Creating AISystem for world Level_01
[2018.09.20-15.06.09:530][473]LogPlayLevel: PIE: World Init took: (0.001506s)
[2018.09.20-15.06.09:530][473]LogPlayLevel: PIE: Created PIE world by copying editor world from /Game/Demo/Maps/Level_01.Level_01 to /Game/Demo/Maps/UEDPIE_0_Level_01.Level_01 (0.014437s)
[2018.09.20-15.06.09:568][473]LogInit: XAudio2 using 'Speakers / Headphones (Realtek Audio)' : 2 channels at 48 kHz using 32 bits per sample (channel mask 0x3)
[2018.09.20-15.06.09:678][473]LogInit: FAudioDevice initialized.
[2018.09.20-15.06.09:688][473]LogSlate: Updating window title bar state: overlay mode, drag disabled, window buttons hidden, title bar hidden
[2018.09.20-15.06.09:724][473]LogLoad: Game class is '2DSideScrollerGameMode_C'
[2018.09.20-15.06.09:730][473]LogWorld: Bringing World /Game/Demo/Maps/UEDPIE_0_Level_01.Level_01 up for play (max tick rate 60) at 2018.09.20-11.06.09
[2018.09.20-15.06.09:730][473]LogWorld: Bringing up level for play took: 0.004800
[2018.09.20-15.06.09:747][473]PIE: Play in editor start time for /Game/Demo/Maps/UEDPIE_0_Level_01 0.497
[2018.09.20-15.06.09:747][473]LogBlueprintUserMessages: Late PlayInEditor Detection: Level '/Game/Demo/Maps/Level_01.Level_01:PersistentLevel' has LevelScriptBlueprint '/Game/Demo/Maps/Level_01.Level_01:PersistentLevel.Level_01' with GeneratedClass '/Game/Demo/Maps/Level_01.Level_01_C' with ClassGeneratedBy '/Game/Demo/Maps/Level_01.Level_01:PersistentLevel.Level_01'
[2018.09.20-15.06.36:505][271]LogBlueprintUserMessages: Early EndPlayMap Detection: Level '/Game/Demo/Maps/Level_01.Level_01:PersistentLevel' has LevelScriptBlueprint '/Game/Demo/Maps/Level_01.Level_01:PersistentLevel.Level_01' with GeneratedClass '/Game/Demo/Maps/Level_01.Level_01_C' with ClassGeneratedBy '/Game/Demo/Maps/Level_01.Level_01:PersistentLevel.Level_01'
[2018.09.20-15.06.36:505][271]LogSlate: Updating window title bar state: overlay mode, drag disabled, window buttons hidden, title bar hidden
[2018.09.20-15.06.36:547][271]LogSlate: Window 'MetroidDemo Game Preview Standalone (64-bit/PCD3D_SM5)' being destroyed
[2018.09.20-15.06.36:590][271]LogPlayLevel: Display: Shutting down PIE online subsystems
[2018.09.20-15.06.36:590][271]LogBlueprintUserMessages: Late EndPlayMap Detection: Level '/Game/Demo/Maps/Level_01.Level_01:PersistentLevel' has LevelScriptBlueprint '/Game/Demo/Maps/Level_01.Level_01:PersistentLevel.Level_01' with GeneratedClass '/Game/Demo/Maps/Level_01.Level_01_C' with ClassGeneratedBy '/Game/Demo/Maps/Level_01.Level_01:PersistentLevel.Level_01'
[2018.09.20-15.06.36:708][272]LogPlayLevel: Display: Destroying online subsystem :Context_6
[2018.09.20-15.06.48:651][640]LogSavePackage: Moving '../../../../../../Users/Whitney/Documents/GitHub/Unreal/MetroidDemo/Saved/Level_011FC72BF44EC818CE3C79CDAB6EE46220.tmp' to '../../../../../../Users/Whitney/Documents/GitHub/Unreal/MetroidDemo/Content/Demo/Maps/Level_01.umap'
[2018.09.20-15.06.48:692][640]LogFileHelpers: Saving map 'Level_01' took 0.338
[2018.09.20-15.06.48:711][640]LogSavePackage: Moving '../../../../../../Users/Whitney/Documents/GitHub/Unreal/MetroidDemo/Saved/potions02D7FA8A41A61DF16CA3D1A06DC5D6E4.tmp' to '../../../../../../Users/Whitney/Documents/GitHub/Unreal/MetroidDemo/Content/Demo/Sprites/Background_Elements/sheets/potions.uasset'
[2018.09.20-15.06.48:742][640]LogSavePackage: Moving '../../../../../../Users/Whitney/Documents/GitHub/Unreal/MetroidDemo/Saved/potions_Sprite_0425B10B8417FFF8A2933D1993EBF8CBF.tmp' to '../../../../../../Users/Whitney/Documents/GitHub/Unreal/MetroidDemo/Content/Demo/Sprites/Background_Elements/sheets/potions_Sprite_0.uasset'
[2018.09.20-15.06.48:773][640]LogSavePackage: Moving '../../../../../../Users/Whitney/Documents/GitHub/Unreal/MetroidDemo/Saved/potions_Sprite_198562BD248F28F3E4228F398D4626AE1.tmp' to '../../../../../../Users/Whitney/Documents/GitHub/Unreal/MetroidDemo/Content/Demo/Sprites/Background_Elements/sheets/potions_Sprite_1.uasset'
[2018.09.20-15.12.11:931][619]LogD3D11RHI: Timed out while waiting for GPU to catch up. (0.5 s)
[2018.09.20-15.12.21:666][648]LogD3D11RHI: Timed out while waiting for GPU to catch up. (0.5 s)
[2018.09.20-15.12.30:382][674]LogD3D11RHI: Timed out while waiting for GPU to catch up. (0.5 s)
[2018.09.20-15.12.49:900][816]LogTemp: Repeating last play command: New Editor Window (PIE)
[2018.09.20-15.12.49:923][816]LogBlueprintUserMessages: Early PlayInEditor Detection: Level '/Game/Demo/Maps/Level_01.Level_01:PersistentLevel' has LevelScriptBlueprint '/Game/Demo/Maps/Level_01.Level_01:PersistentLevel.Level_01' with GeneratedClass '/Game/Demo/Maps/Level_01.Level_01_C' with ClassGeneratedBy '/Game/Demo/Maps/Level_01.Level_01:PersistentLevel.Level_01'
[2018.09.20-15.12.49:923][816]LogPlayLevel: PlayLevel: No blueprints needed recompiling
[2018.09.20-15.12.49:923][816]PIE: New page: PIE session: Level_01 (Sep 20, 2018, 7:12:49 AM)
[2018.09.20-15.12.49:923][816]LogPlayLevel: Creating play world package: /Game/Demo/Maps/UEDPIE_0_Level_01
[2018.09.20-15.12.49:930][816]LogPlayLevel: PIE: StaticDuplicateObject took: (0.006814s)
[2018.09.20-15.12.49:931][816]LogAIModule: Creating AISystem for world Level_01
[2018.09.20-15.12.49:931][816]LogPlayLevel: PIE: World Init took: (0.000942s)
[2018.09.20-15.12.49:931][816]LogPlayLevel: PIE: Created PIE world by copying editor world from /Game/Demo/Maps/Level_01.Level_01 to /Game/Demo/Maps/UEDPIE_0_Level_01.Level_01 (0.007926s)
[2018.09.20-15.12.49:961][816]LogInit: XAudio2 using 'Speakers / Headphones (Realtek Audio)' : 2 channels at 48 kHz using 32 bits per sample (channel mask 0x3)
[2018.09.20-15.12.50:064][816]LogInit: FAudioDevice initialized.
[2018.09.20-15.12.50:072][816]LogSlate: Updating window title bar state: overlay mode, drag disabled, window buttons hidden, title bar hidden
[2018.09.20-15.12.50:110][816]LogLoad: Game class is '2DSideScrollerGameMode_C'
[2018.09.20-15.12.50:115][816]LogWorld: Bringing World /Game/Demo/Maps/UEDPIE_0_Level_01.Level_01 up for play (max tick rate 60) at 2018.09.20-11.12.50
[2018.09.20-15.12.50:115][816]LogWorld: Bringing up level for play took: 0.003925
[2018.09.20-15.12.50:133][816]PIE: Play in editor start time for /Game/Demo/Maps/UEDPIE_0_Level_01 0.882
[2018.09.20-15.12.50:133][816]LogBlueprintUserMessages: Late PlayInEditor Detection: Level '/Game/Demo/Maps/Level_01.Level_01:PersistentLevel' has LevelScriptBlueprint '/Game/Demo/Maps/Level_01.Level_01:PersistentLevel.Level_01' with GeneratedClass '/Game/Demo/Maps/Level_01.Level_01_C' with ClassGeneratedBy '/Game/Demo/Maps/Level_01.Level_01:PersistentLevel.Level_01'
[2018.09.20-15.14.01:181][944]LogBlueprintUserMessages: Early EndPlayMap Detection: Level '/Game/Demo/Maps/Level_01.Level_01:PersistentLevel' has LevelScriptBlueprint '/Game/Demo/Maps/Level_01.Level_01:PersistentLevel.Level_01' with GeneratedClass '/Game/Demo/Maps/Level_01.Level_01_C' with ClassGeneratedBy '/Game/Demo/Maps/Level_01.Level_01:PersistentLevel.Level_01'
[2018.09.20-15.14.01:182][944]LogSlate: Updating window title bar state: overlay mode, drag disabled, window buttons hidden, title bar hidden
[2018.09.20-15.14.01:227][944]LogSlate: Window 'MetroidDemo Game Preview Standalone (64-bit/PCD3D_SM5)' being destroyed
[2018.09.20-15.14.01:276][944]LogPlayLevel: Display: Shutting down PIE online subsystems
[2018.09.20-15.14.01:277][944]LogBlueprintUserMessages: Late EndPlayMap Detection: Level '/Game/Demo/Maps/Level_01.Level_01:PersistentLevel' has LevelScriptBlueprint '/Game/Demo/Maps/Level_01.Level_01:PersistentLevel.Level_01' with GeneratedClass '/Game/Demo/Maps/Level_01.Level_01_C' with ClassGeneratedBy '/Game/Demo/Maps/Level_01.Level_01:PersistentLevel.Level_01'
[2018.09.20-15.14.01:347][945]LogPlayLevel: Display: Destroying online subsystem :Context_7
[2018.09.20-15.16.22:615][654]LogSlate: FSceneViewport::OnFocusLost() reason 2
[2018.09.20-15.16.27:525][793]LogEditorViewport: Clicking on Actor (LMB): SphereReflectionCapture (SphereReflectionCapture)
[2018.09.20-15.16.30:679][881]LogSlate: FSceneViewport::OnFocusLost() reason 0
[2018.09.20-15.17.32:487][ 69]LogSavePackage: Moving '../../../../../../Users/Whitney/Documents/GitHub/Unreal/MetroidDemo/Saved/ghost_torch_sheet_Sprite_7CFEFCFCC43A7808A2EBB53956FC81434.tmp' to '../../../../../../Users/Whitney/Documents/GitHub/Unreal/MetroidDemo/Content/Demo/Sprites/Enemy/ghost_torch_sheet_Sprite_7.uasset'
[2018.09.20-15.17.32:527][ 69]LogSavePackage: Moving '../../../../../../Users/Whitney/Documents/GitHub/Unreal/MetroidDemo/Saved/ghost_torch_sheet_Sprite_8AABCC30F4E069515AA3D0399DD21F8A6.tmp' to '../../../../../../Users/Whitney/Documents/GitHub/Unreal/MetroidDemo/Content/Demo/Sprites/Enemy/ghost_torch_sheet_Sprite_8.uasset'
[2018.09.20-15.17.35:784][172]LogAssetEditorManager: Opening Asset editor for PaperSprite /Game/Demo/Sprites/Enemy/ghost_torch_sheet_Sprite_7.ghost_torch_sheet_Sprite_7
[2018.09.20-15.17.38:099][220]LogSlate: Window 'ghost_torch_sheet_Sprite_7' being destroyed
[2018.09.20-15.17.38:109][220]LogSlate: Window 'ghost_torch_sheet_Sprite_7' being destroyed
[2018.09.20-15.17.45:264][456]LogEditorViewport: Clicking Background
[2018.09.20-15.17.46:077][482]LogSlate: FSceneViewport::OnFocusLost() reason 0
[2018.09.20-15.17.46:179][487]LogTemp: Repeating last play command: New Editor Window (PIE)
[2018.09.20-15.17.46:209][487]LogBlueprintUserMessages: Early PlayInEditor Detection: Level '/Game/Demo/Maps/Level_01.Level_01:PersistentLevel' has LevelScriptBlueprint '/Game/Demo/Maps/Level_01.Level_01:PersistentLevel.Level_01' with GeneratedClass '/Game/Demo/Maps/Level_01.Level_01_C' with ClassGeneratedBy '/Game/Demo/Maps/Level_01.Level_01:PersistentLevel.Level_01'
[2018.09.20-15.17.46:209][487]LogPlayLevel: PlayLevel: No blueprints needed recompiling
[2018.09.20-15.17.46:210][487]PIE: New page: PIE session: Level_01 (Sep 20, 2018, 7:17:46 AM)
[2018.09.20-15.17.46:210][487]LogPlayLevel: Creating play world package: /Game/Demo/Maps/UEDPIE_0_Level_01
[2018.09.20-15.17.46:226][487]LogPlayLevel: PIE: StaticDuplicateObject took: (0.015243s)
[2018.09.20-15.17.46:227][487]LogAIModule: Creating AISystem for world Level_01
[2018.09.20-15.17.46:227][487]LogPlayLevel: PIE: World Init took: (0.001746s)
[2018.09.20-15.17.46:227][487]LogPlayLevel: PIE: Created PIE world by copying editor world from /Game/Demo/Maps/Level_01.Level_01 to /Game/Demo/Maps/UEDPIE_0_Level_01.Level_01 (0.017367s)
[2018.09.20-15.17.46:265][487]LogInit: XAudio2 using 'Speakers / Headphones (Realtek Audio)' : 2 channels at 48 kHz using 32 bits per sample (channel mask 0x3)
[2018.09.20-15.17.46:406][487]LogInit: FAudioDevice initialized.
[2018.09.20-15.17.46:416][487]LogSlate: Updating window title bar state: overlay mode, drag disabled, window buttons hidden, title bar hidden
[2018.09.20-15.17.46:456][487]LogLoad: Game class is '2DSideScrollerGameMode_C'
[2018.09.20-15.17.46:462][487]LogWorld: Bringing World /Game/Demo/Maps/UEDPIE_0_Level_01.Level_01 up for play (max tick rate 60) at 2018.09.20-11.17.46
[2018.09.20-15.17.46:462][487]LogWorld: Bringing up level for play took: 0.004551
[2018.09.20-15.17.46:481][487]PIE: Play in editor start time for /Game/Demo/Maps/UEDPIE_0_Level_01 1.231
[2018.09.20-15.17.46:481][487]LogBlueprintUserMessages: Late PlayInEditor Detection: Level '/Game/Demo/Maps/Level_01.Level_01:PersistentLevel' has LevelScriptBlueprint '/Game/Demo/Maps/Level_01.Level_01:PersistentLevel.Level_01' with GeneratedClass '/Game/Demo/Maps/Level_01.Level_01_C' with ClassGeneratedBy '/Game/Demo/Maps/Level_01.Level_01:PersistentLevel.Level_01'
[2018.09.20-15.17.56:282][774]LogBlueprintUserMessages: Early EndPlayMap Detection: Level '/Game/Demo/Maps/Level_01.Level_01:PersistentLevel' has LevelScriptBlueprint '/Game/Demo/Maps/Level_01.Level_01:PersistentLevel.Level_01' with GeneratedClass '/Game/Demo/Maps/Level_01.Level_01_C' with ClassGeneratedBy '/Game/Demo/Maps/Level_01.Level_01:PersistentLevel.Level_01'
[2018.09.20-15.17.56:282][774]LogSlate: Updating window title bar state: overlay mode, drag disabled, window buttons hidden, title bar hidden
[2018.09.20-15.17.56:330][774]LogSlate: Window 'MetroidDemo Game Preview Standalone (64-bit/PCD3D_SM5)' being destroyed
[2018.09.20-15.17.56:395][774]LogPlayLevel: Display: Shutting down PIE online subsystems
[2018.09.20-15.17.56:395][774]LogBlueprintUserMessages: Late EndPlayMap Detection: Level '/Game/Demo/Maps/Level_01.Level_01:PersistentLevel' has LevelScriptBlueprint '/Game/Demo/Maps/Level_01.Level_01:PersistentLevel.Level_01' with GeneratedClass '/Game/Demo/Maps/Level_01.Level_01_C' with ClassGeneratedBy '/Game/Demo/Maps/Level_01.Level_01:PersistentLevel.Level_01'
[2018.09.20-15.17.56:462][775]LogPlayLevel: Display: Destroying online subsystem :Context_9
[2018.09.20-15.17.58:327][835]LogEditorViewport: Clicking on Actor (LMB): PaperSpriteActor (ghost_torch_sheet_Sprite_7)
[2018.09.20-15.18.04:185][ 27]LogSlate: FSceneViewport::OnFocusLost() reason 0
[2018.09.20-15.18.10:680][257]LogTemp: Repeating last play command: New Editor Window (PIE)
[2018.09.20-15.18.10:717][257]LogBlueprintUserMessages: Early PlayInEditor Detection: Level '/Game/Demo/Maps/Level_01.Level_01:PersistentLevel' has LevelScriptBlueprint '/Game/Demo/Maps/Level_01.Level_01:PersistentLevel.Level_01' with GeneratedClass '/Game/Demo/Maps/Level_01.Level_01_C' with ClassGeneratedBy '/Game/Demo/Maps/Level_01.Level_01:PersistentLevel.Level_01'
[2018.09.20-15.18.10:717][257]LogPlayLevel: PlayLevel: No blueprints needed recompiling
[2018.09.20-15.18.10:717][257]PIE: New page: PIE session: Level_01 (Sep 20, 2018, 7:18:10 AM)
[2018.09.20-15.18.10:717][257]LogPlayLevel: Creating play world package: /Game/Demo/Maps/UEDPIE_0_Level_01
[2018.09.20-15.18.10:730][257]LogPlayLevel: PIE: StaticDuplicateObject took: (0.012794s)
[2018.09.20-15.18.10:731][257]LogAIModule: Creating AISystem for world Level_01
[2018.09.20-15.18.10:731][257]LogPlayLevel: PIE: World Init took: (0.001058s)
[2018.09.20-15.18.10:731][257]LogPlayLevel: PIE: Created PIE world by copying editor world from /Game/Demo/Maps/Level_01.Level_01 to /Game/Demo/Maps/UEDPIE_0_Level_01.Level_01 (0.014099s)
[2018.09.20-15.18.10:768][257]LogInit: XAudio2 using 'Speakers / Headphones (Realtek Audio)' : 2 channels at 48 kHz using 32 bits per sample (channel mask 0x3)
[2018.09.20-15.18.10:895][257]LogInit: FAudioDevice initialized.
[2018.09.20-15.18.10:903][257]LogSlate: Updating window title bar state: overlay mode, drag disabled, window buttons hidden, title bar hidden
[2018.09.20-15.18.10:943][257]LogLoad: Game class is '2DSideScrollerGameMode_C'
[2018.09.20-15.18.10:949][257]LogWorld: Bringing World /Game/Demo/Maps/UEDPIE_0_Level_01.Level_01 up for play (max tick rate 60) at 2018.09.20-11.18.10
[2018.09.20-15.18.10:950][257]LogWorld: Bringing up level for play took: 0.005485
[2018.09.20-15.18.10:968][257]PIE: Play in editor start time for /Game/Demo/Maps/UEDPIE_0_Level_01 -0.282
[2018.09.20-15.18.10:969][257]LogBlueprintUserMessages: Late PlayInEditor Detection: Level '/Game/Demo/Maps/Level_01.Level_01:PersistentLevel' has LevelScriptBlueprint '/Game/Demo/Maps/Level_01.Level_01:PersistentLevel.Level_01' with GeneratedClass '/Game/Demo/Maps/Level_01.Level_01_C' with ClassGeneratedBy '/Game/Demo/Maps/Level_01.Level_01:PersistentLevel.Level_01'
[2018.09.20-15.18.15:738][392]LogSlate: Window 'MetroidDemo Game Preview Standalone (64-bit/PCD3D_SM5)' being destroyed
[2018.09.20-15.18.15:758][392]LogBlueprintUserMessages: Early EndPlayMap Detection: Level '/Game/Demo/Maps/Level_01.Level_01:PersistentLevel' has LevelScriptBlueprint '/Game/Demo/Maps/Level_01.Level_01:PersistentLevel.Level_01' with GeneratedClass '/Game/Demo/Maps/Level_01.Level_01_C' with ClassGeneratedBy '/Game/Demo/Maps/Level_01.Level_01:PersistentLevel.Level_01'
[2018.09.20-15.18.15:800][392]LogPlayLevel: Display: Shutting down PIE online subsystems
[2018.09.20-15.18.15:801][392]LogBlueprintUserMessages: Late EndPlayMap Detection: Level '/Game/Demo/Maps/Level_01.Level_01:PersistentLevel' has LevelScriptBlueprint '/Game/Demo/Maps/Level_01.Level_01:PersistentLevel.Level_01' with GeneratedClass '/Game/Demo/Maps/Level_01.Level_01_C' with ClassGeneratedBy '/Game/Demo/Maps/Level_01.Level_01:PersistentLevel.Level_01'
[2018.09.20-15.18.15:877][393]LogPlayLevel: Display: Destroying online subsystem :Context_10
[2018.09.20-15.18.17:233][437]LogEditorViewport: Clicking on Actor (LMB): PaperSpriteActor (ghost_torch_sheet_Sprite_7)
[2018.09.20-15.18.18:575][471]LogSlate: FSceneViewport::OnFocusLost() reason 0
[2018.09.20-15.18.23:772][640]LogTemp: Repeating last play command: New Editor Window (PIE)
[2018.09.20-15.18.23:811][640]LogBlueprintUserMessages: Early PlayInEditor Detection: Level '/Game/Demo/Maps/Level_01.Level_01:PersistentLevel' has LevelScriptBlueprint '/Game/Demo/Maps/Level_01.Level_01:PersistentLevel.Level_01' with GeneratedClass '/Game/Demo/Maps/Level_01.Level_01_C' with ClassGeneratedBy '/Game/Demo/Maps/Level_01.Level_01:PersistentLevel.Level_01'
[2018.09.20-15.18.23:811][640]LogPlayLevel: PlayLevel: No blueprints needed recompiling
[2018.09.20-15.18.23:811][640]PIE: New page: PIE session: Level_01 (Sep 20, 2018, 7:18:23 AM)
[2018.09.20-15.18.23:812][640]LogPlayLevel: Creating play world package: /Game/Demo/Maps/UEDPIE_0_Level_01
[2018.09.20-15.18.23:825][640]LogPlayLevel: PIE: StaticDuplicateObject took: (0.013612s)
[2018.09.20-15.18.23:826][640]LogAIModule: Creating AISystem for world Level_01
[2018.09.20-15.18.23:827][640]LogPlayLevel: PIE: World Init took: (0.001480s)
[2018.09.20-15.18.23:827][640]LogPlayLevel: PIE: Created PIE world by copying editor world from /Game/Demo/Maps/Level_01.Level_01 to /Game/Demo/Maps/UEDPIE_0_Level_01.Level_01 (0.015398s)
[2018.09.20-15.18.23:866][640]LogInit: XAudio2 using 'Speakers / Headphones (Realtek Audio)' : 2 channels at 48 kHz using 32 bits per sample (channel mask 0x3)
[2018.09.20-15.18.23:979][640]LogInit: FAudioDevice initialized.
[2018.09.20-15.18.23:988][640]LogSlate: Updating window title bar state: overlay mode, drag disabled, window buttons hidden, title bar hidden
[2018.09.20-15.18.24:029][640]LogLoad: Game class is '2DSideScrollerGameMode_C'
[2018.09.20-15.18.24:035][640]LogWorld: Bringing World /Game/Demo/Maps/UEDPIE_0_Level_01.Level_01 up for play (max tick rate 60) at 2018.09.20-11.18.24
[2018.09.20-15.18.24:036][640]LogWorld: Bringing up level for play took: 0.004991
[2018.09.20-15.18.24:055][640]PIE: Play in editor start time for /Game/Demo/Maps/UEDPIE_0_Level_01 0.804
[2018.09.20-15.18.24:055][640]LogBlueprintUserMessages: Late PlayInEditor Detection: Level '/Game/Demo/Maps/Level_01.Level_01:PersistentLevel' has LevelScriptBlueprint '/Game/Demo/Maps/Level_01.Level_01:PersistentLevel.Level_01' with GeneratedClass '/Game/Demo/Maps/Level_01.Level_01_C' with ClassGeneratedBy '/Game/Demo/Maps/Level_01.Level_01:PersistentLevel.Level_01'
[2018.09.20-15.18.28:154][756]LogSlate: Window 'MetroidDemo Game Preview Standalone (64-bit/PCD3D_SM5)' being destroyed
[2018.09.20-15.18.28:166][756]LogBlueprintUserMessages: Early EndPlayMap Detection: Level '/Game/Demo/Maps/Level_01.Level_01:PersistentLevel' has LevelScriptBlueprint '/Game/Demo/Maps/Level_01.Level_01:PersistentLevel.Level_01' with GeneratedClass '/Game/Demo/Maps/Level_01.Level_01_C' with ClassGeneratedBy '/Game/Demo/Maps/Level_01.Level_01:PersistentLevel.Level_01'
[2018.09.20-15.18.28:209][756]LogPlayLevel: Display: Shutting down PIE online subsystems
[2018.09.20-15.18.28:210][756]LogBlueprintUserMessages: Late EndPlayMap Detection: Level '/Game/Demo/Maps/Level_01.Level_01:PersistentLevel' has LevelScriptBlueprint '/Game/Demo/Maps/Level_01.Level_01:PersistentLevel.Level_01' with GeneratedClass '/Game/Demo/Maps/Level_01.Level_01_C' with ClassGeneratedBy '/Game/Demo/Maps/Level_01.Level_01:PersistentLevel.Level_01'
[2018.09.20-15.18.28:284][757]LogPlayLevel: Display: Destroying online subsystem :Context_11
[2018.09.20-15.18.29:603][800]LogEditorViewport: Clicking on Actor (LMB): PaperSpriteActor (ghost_torch_sheet_Sprite_7)
[2018.09.20-15.18.30:745][833]LogSlate: FSceneViewport::OnFocusLost() reason 0
[2018.09.20-15.18.32:694][899]LogEditorViewport: Clicking Background
[2018.09.20-15.18.34:658][965]LogSlate: FSceneViewport::OnFocusLost() reason 0
[2018.09.20-15.18.34:760][970]LogTemp: Repeating last play command: New Editor Window (PIE)
[2018.09.20-15.18.34:789][970]LogBlueprintUserMessages: Early PlayInEditor Detection: Level '/Game/Demo/Maps/Level_01.Level_01:PersistentLevel' has LevelScriptBlueprint '/Game/Demo/Maps/Level_01.Level_01:PersistentLevel.Level_01' with GeneratedClass '/Game/Demo/Maps/Level_01.Level_01_C' with ClassGeneratedBy '/Game/Demo/Maps/Level_01.Level_01:PersistentLevel.Level_01'
[2018.09.20-15.18.34:790][970]LogPlayLevel: PlayLevel: No blueprints needed recompiling
[2018.09.20-15.18.34:790][970]PIE: New page: PIE session: Level_01 (Sep 20, 2018, 7:18:34 AM)
[2018.09.20-15.18.34:790][970]LogPlayLevel: Creating play world package: /Game/Demo/Maps/UEDPIE_0_Level_01
[2018.09.20-15.18.34:800][970]LogPlayLevel: PIE: StaticDuplicateObject took: (0.010424s)
[2018.09.20-15.18.34:801][970]LogAIModule: Creating AISystem for world Level_01
[2018.09.20-15.18.34:802][970]LogPlayLevel: PIE: World Init took: (0.001061s)
[2018.09.20-15.18.34:802][970]LogPlayLevel: PIE: Created PIE world by copying editor world from /Game/Demo/Maps/Level_01.Level_01 to /Game/Demo/Maps/UEDPIE_0_Level_01.Level_01 (0.011712s)
[2018.09.20-15.18.34:841][970]LogInit: XAudio2 using 'Speakers / Headphones (Realtek Audio)' : 2 channels at 48 kHz using 32 bits per sample (channel mask 0x3)
[2018.09.20-15.18.34:963][970]LogInit: FAudioDevice initialized.
[2018.09.20-15.18.34:972][970]LogSlate: Updating window title bar state: overlay mode, drag disabled, window buttons hidden, title bar hidden
[2018.09.20-15.18.35:010][970]LogLoad: Game class is '2DSideScrollerGameMode_C'
[2018.09.20-15.18.35:016][970]LogWorld: Bringing World /Game/Demo/Maps/UEDPIE_0_Level_01.Level_01 up for play (max tick rate 60) at 2018.09.20-11.18.35
[2018.09.20-15.18.35:016][970]LogWorld: Bringing up level for play took: 0.004735
[2018.09.20-15.18.35:035][970]PIE: Play in editor start time for /Game/Demo/Maps/UEDPIE_0_Level_01 -0.216
[2018.09.20-15.18.35:035][970]LogBlueprintUserMessages: Late PlayInEditor Detection: Level '/Game/Demo/Maps/Level_01.Level_01:PersistentLevel' has LevelScriptBlueprint '/Game/Demo/Maps/Level_01.Level_01:PersistentLevel.Level_01' with GeneratedClass '/Game/Demo/Maps/Level_01.Level_01_C' with ClassGeneratedBy '/Game/Demo/Maps/Level_01.Level_01:PersistentLevel.Level_01'
[2018.09.20-15.18.42:757][194]LogSlate: Window 'MetroidDemo Game Preview Standalone (64-bit/PCD3D_SM5)' being destroyed
[2018.09.20-15.18.42:767][194]LogBlueprintUserMessages: Early EndPlayMap Detection: Level '/Game/Demo/Maps/Level_01.Level_01:PersistentLevel' has LevelScriptBlueprint '/Game/Demo/Maps/Level_01.Level_01:PersistentLevel.Level_01' with GeneratedClass '/Game/Demo/Maps/Level_01.Level_01_C' with ClassGeneratedBy '/Game/Demo/Maps/Level_01.Level_01:PersistentLevel.Level_01'
[2018.09.20-15.18.42:809][194]LogPlayLevel: Display: Shutting down PIE online subsystems
[2018.09.20-15.18.42:809][194]LogBlueprintUserMessages: Late EndPlayMap Detection: Level '/Game/Demo/Maps/Level_01.Level_01:PersistentLevel' has LevelScriptBlueprint '/Game/Demo/Maps/Level_01.Level_01:PersistentLevel.Level_01' with GeneratedClass '/Game/Demo/Maps/Level_01.Level_01_C' with ClassGeneratedBy '/Game/Demo/Maps/Level_01.Level_01:PersistentLevel.Level_01'
[2018.09.20-15.18.42:888][195]LogPlayLevel: Display: Destroying online subsystem :Context_12
[2018.09.20-15.19.25:000][518]LogSlate: FSceneViewport::OnFocusLost() reason 2
[2018.09.20-15.19.36:599][967]LogSlate: FSceneViewport::OnFocusLost() reason 0
[2018.09.20-15.19.50:435][483]LogSavePackage: Moving '../../../../../../Users/Whitney/Documents/GitHub/Unreal/MetroidDemo/Saved/Level_0139C3A68F4DF28EA8DC4E7B82F115CE62.tmp' to '../../../../../../Users/Whitney/Documents/GitHub/Unreal/MetroidDemo/Content/Demo/Maps/Level_01.umap'
[2018.09.20-15.19.50:515][483]LogFileHelpers: Saving map 'Level_01' took 0.372
[2018.09.20-15.22.20:331][144]LogSlate: Window 'MetroidDemo - Unreal Editor' being destroyed
[2018.09.20-15.22.20:617][145]Cmd: QUIT_EDITOR
[2018.09.20-15.22.20:990][145]LogWindowsTextInputMethodSystem: Display: IME system now deactivated.
[2018.09.20-15.22.21:035][145]LogExit: Preparing to exit.
[2018.09.20-15.22.22:123][145]LogExit: Editor shut down
[2018.09.20-15.22.22:123][145]LogExit: Transaction tracking system shut down
[2018.09.20-15.22.22:588][145]LogExit: Object subsystem successfully closed.
[2018.09.20-15.22.22:612][145]LogShaderCompilers: Display: Shaders left to compile 0
[2018.09.20-15.22.22:619][145]LogD3D11RHI: Shutdown
[2018.09.20-15.22.22:619][145]LogD3D11RHI: CleanupD3DDevice
[2018.09.20-15.22.22:636][145]LogD3D11RHI: ~FD3D11DynamicRHI
[2018.09.20-15.22.22:682][145]LogModuleManager: Shutting down and abandoning module MovieSceneCapture (614)
[2018.09.20-15.22.22:682][145]LogModuleManager: Shutting down and abandoning module Voice (612)
[2018.09.20-15.22.22:694][145]LogModuleManager: Shutting down and abandoning module HierarchicalLODOutliner (610)
[2018.09.20-15.22.22:694][145]LogModuleManager: Shutting down and abandoning module SceneOutliner (608)
[2018.09.20-15.22.22:695][145]LogModuleManager: Shutting down and abandoning module AddContentDialog (606)
[2018.09.20-15.22.22:695][145]LogModuleManager: Shutting down and abandoning module WidgetCarousel (605)
[2018.09.20-15.22.22:695][145]LogModuleManager: Shutting down and abandoning module EditorWidgets (602)
[2018.09.20-15.22.22:695][145]LogModuleManager: Shutting down and abandoning module CollectionManager (600)
[2018.09.20-15.22.22:696][145]LogModuleManager: Shutting down and abandoning module StatsViewer (598)
[2018.09.20-15.22.22:696][145]LogModuleManager: Shutting down and abandoning module FoliageEdit (596)
[2018.09.20-15.22.22:696][145]LogModuleManager: Shutting down and abandoning module LandscapeEditor (594)
[2018.09.20-15.22.22:696][145]LogModuleManager: Shutting down and abandoning module MeshPaintMode (592)
[2018.09.20-15.22.22:696][145]LogModuleManager: Shutting down and abandoning module SceneDepthPickerMode (590)
[2018.09.20-15.22.22:696][145]LogModuleManager: Shutting down and abandoning module ActorPickerMode (588)
[2018.09.20-15.22.22:696][145]LogModuleManager: Shutting down and abandoning module GeometryMode (586)
[2018.09.20-15.22.22:696][145]LogModuleManager: Shutting down and abandoning module TextureAlignMode (584)
[2018.09.20-15.22.22:696][145]LogModuleManager: Shutting down and abandoning module BspMode (582)
[2018.09.20-15.22.22:696][145]LogModuleManager: Shutting down and abandoning module PIEPreviewDeviceProfileSelector (580)
[2018.09.20-15.22.22:696][145]LogModuleManager: Shutting down and abandoning module SequenceRecorderSections (578)
[2018.09.20-15.22.22:696][145]LogModuleManager: Shutting down and abandoning module AutomationWorker (576)
[2018.09.20-15.22.22:696][145]LogModuleManager: Shutting down and abandoning module AudioCaptureEditor (574)
[2018.09.20-15.22.22:696][145]LogModuleManager: Shutting down and abandoning module SequenceRecorder (573)
[2018.09.20-15.22.22:696][145]LogModuleManager: Shutting down and abandoning module MatineeToLevelSequence (570)
[2018.09.20-15.22.22:696][145]LogModuleManager: Shutting down and abandoning module LevelSequenceEditor (568)
[2018.09.20-15.22.22:697][145]LogModuleManager: Shutting down and abandoning module PlacementMode (567)
[2018.09.20-15.22.22:697][145]LogModuleManager: Shutting down and abandoning module MaterialEditor (566)
[2018.09.20-15.22.22:697][145]LogModuleManager: Shutting down and abandoning module WmfMediaFactory (562)
[2018.09.20-15.22.22:697][145]LogModuleManager: Shutting down and abandoning module WmfMediaEditor (560)
[2018.09.20-15.22.22:697][145]LogModuleManager: Shutting down and abandoning module MediaPlayerEditor (558)
[2018.09.20-15.22.22:697][145]LogModuleManager: Shutting down and abandoning module OpenExrWrapper (556)
[2018.09.20-15.22.22:697][145]LogModuleManager: Shutting down and abandoning module ImgMediaFactory (554)
[2018.09.20-15.22.22:697][145]LogModuleManager: Shutting down and abandoning module ImgMediaEditor (552)
[2018.09.20-15.22.22:697][145]LogModuleManager: Shutting down and abandoning module AvfMediaFactory (550)
[2018.09.20-15.22.22:697][145]LogModuleManager: Shutting down and abandoning module AvfMediaEditor (548)
[2018.09.20-15.22.22:697][145]LogModuleManager: Shutting down and abandoning module AndroidMediaFactory (546)
[2018.09.20-15.22.22:698][145]LogModuleManager: Shutting down and abandoning module AndroidMediaEditor (544)
[2018.09.20-15.22.22:698][145]LogModuleManager: Shutting down and abandoning module MagicLeapCameraPreviewFactory (542)
[2018.09.20-15.22.22:698][145]LogModuleManager: Shutting down and abandoning module MagicLeapMediaFactory (540)
[2018.09.20-15.22.22:698][145]LogModuleManager: Shutting down and abandoning module MagicLeapMediaEditor (538)
[2018.09.20-15.22.22:698][145]LogModuleManager: Shutting down and abandoning module CharacterAI (536)
[2018.09.20-15.22.22:698][145]LogModuleManager: Shutting down and abandoning module SmartSnapping (534)
[2018.09.20-15.22.22:698][145]LogModuleManager: Shutting down and abandoning module SessionServices (532)
[2018.09.20-15.22.22:698][145]LogModuleManager: Shutting down and abandoning module ViewportSnapping (530)
[2018.09.20-15.22.22:698][145]LogModuleManager: Shutting down and abandoning module ViewportInteraction (528)
[2018.09.20-15.22.22:698][145]LogModuleManager: Shutting down and abandoning module ClothPainter (526)
[2018.09.20-15.22.22:698][145]LogModuleManager: Shutting down and abandoning module SkeletalMeshEditor (525)
[2018.09.20-15.22.22:698][145]LogModuleManager: Shutting down and abandoning module LogVisualizer (522)
[2018.09.20-15.22.22:698][145]LogModuleManager: Shutting down and abandoning module IntroTutorials (520)
[2018.09.20-15.22.22:698][145]LogModuleManager: Shutting down and abandoning module GameProjectGeneration (519)
[2018.09.20-15.22.22:698][145]LogModuleManager: Shutting down and abandoning module LuminPlatformEditor (516)
[2018.09.20-15.22.22:698][145]LogModuleManager: Shutting down and abandoning module IOSPlatformEditor (514)
[2018.09.20-15.22.22:698][145]LogModuleManager: Shutting down and abandoning module HTML5PlatformEditor (512)
[2018.09.20-15.22.22:698][145]LogModuleManager: Shutting down and abandoning module AndroidPlatformEditor (510)
[2018.09.20-15.22.22:698][145]LogModuleManager: Shutting down and abandoning module AndroidDeviceDetection (509)
[2018.09.20-15.22.24:609][145]LogModuleManager: Shutting down and abandoning module WindowsPlatformEditor (506)
[2018.09.20-15.22.24:609][145]LogModuleManager: Shutting down and abandoning module LuminRuntimeSettings (504)
[2018.09.20-15.22.24:609][145]LogModuleManager: Shutting down and abandoning module IOSRuntimeSettings (502)
[2018.09.20-15.22.24:609][145]LogModuleManager: Shutting down and abandoning module AndroidRuntimeSettings (500)
[2018.09.20-15.22.24:609][145]LogModuleManager: Shutting down and abandoning module InputBindingEditor (498)
[2018.09.20-15.22.24:609][145]LogModuleManager: Shutting down and abandoning module MergeActors (496)
[2018.09.20-15.22.24:609][145]LogModuleManager: Shutting down and abandoning module LocalizationDashboard (494)
[2018.09.20-15.22.24:609][145]LogModuleManager: Shutting down and abandoning module LocalizationService (493)
[2018.09.20-15.22.24:609][145]LogModuleManager: Shutting down and abandoning module HardwareTargeting (490)
[2018.09.20-15.22.24:609][145]LogModuleManager: Shutting down and abandoning module DeviceProfileEditor (488)
[2018.09.20-15.22.24:609][145]LogModuleManager: Shutting down and abandoning module UndoHistory (486)
[2018.09.20-15.22.24:609][145]LogModuleManager: Shutting down and abandoning module XmlParser (484)
[2018.09.20-15.22.24:609][145]LogModuleManager: Shutting down and abandoning module Blutility (482)
[2018.09.20-15.22.24:609][145]LogModuleManager: Shutting down and abandoning module ProjectSettingsViewer (480)
[2018.09.20-15.22.24:609][145]LogModuleManager: Shutting down and abandoning module ProjectTargetPlatformEditor (479)
[2018.09.20-15.22.24:609][145]LogModuleManager: Shutting down and abandoning module EditorSettingsViewer (476)
[2018.09.20-15.22.24:610][145]LogModuleManager: Shutting down and abandoning module SettingsEditor (474)
[2018.09.20-15.22.24:610][145]LogModuleManager: Shutting down and abandoning module ProjectLauncher (472)
[2018.09.20-15.22.24:610][145]LogModuleManager: Shutting down and abandoning module SessionFrontend (470)
[2018.09.20-15.22.24:610][145]LogModuleManager: Shutting down and abandoning module ProfilerClient (468)
[2018.09.20-15.22.24:610][145]LogModuleManager: Shutting down and abandoning module DeviceManager (466)
[2018.09.20-15.22.24:610][145]LogModuleManager: Shutting down and abandoning module TargetDeviceServices (465)
[2018.09.20-15.22.24:654][145]LogModuleManager: Shutting down and abandoning module AutomationController (462)
[2018.09.20-15.22.24:654][145]LogModuleManager: Shutting down and abandoning module AutomationWindow (460)
[2018.09.20-15.22.24:654][145]LogModuleManager: Shutting down and abandoning module Layers (458)
[2018.09.20-15.22.24:654][145]LogModuleManager: Shutting down and abandoning module ComponentVisualizers (456)
[2018.09.20-15.22.24:654][145]LogModuleManager: Shutting down and abandoning module DetailCustomizations (454)
[2018.09.20-15.22.24:654][145]LogModuleManager: Shutting down and abandoning module PackagesDialog (452)
[2018.09.20-15.22.24:654][145]LogModuleManager: Shutting down and abandoning module Persona (450)
[2018.09.20-15.22.24:654][145]LogModuleManager: Shutting down and abandoning module AdvancedPreviewScene (449)
[2018.09.20-15.22.24:654][145]LogModuleManager: Shutting down and abandoning module AnimGraph (447)
[2018.09.20-15.22.24:654][145]LogModuleManager: Shutting down and abandoning module Kismet (444)
[2018.09.20-15.22.24:655][145]LogModuleManager: Shutting down and abandoning module GraphEditor (442)
[2018.09.20-15.22.24:655][145]LogModuleManager: Shutting down and abandoning module ClassViewer (440)
[2018.09.20-15.22.24:655][145]LogModuleManager: Shutting down and abandoning module Toolbox (438)
[2018.09.20-15.22.24:655][145]LogModuleManager: Shutting down and abandoning module ModuleUI (436)
[2018.09.20-15.22.24:655][145]LogModuleManager: Shutting down and abandoning module MovieSceneTools (434)
[2018.09.20-15.22.24:655][145]LogModuleManager: Shutting down and abandoning module OutputLog (432)
[2018.09.20-15.22.24:655][145]LogModuleManager: Shutting down and abandoning module GammaUI (430)
[2018.09.20-15.22.24:655][145]LogModuleManager: Shutting down and abandoning module Documentation (428)
[2018.09.20-15.22.24:655][145]LogModuleManager: Shutting down and abandoning module MovieSceneTracks (426)
[2018.09.20-15.22.24:655][145]LogModuleManager: Shutting down and abandoning module MovieScene (424)
[2018.09.20-15.22.24:655][145]LogModuleManager: Shutting down and abandoning module StreamingPauseRendering (422)
[2018.09.20-15.22.24:656][145]LogModuleManager: Shutting down and abandoning module LauncherPlatform (420)
[2018.09.20-15.22.24:656][145]LogModuleManager: Shutting down and abandoning module AnalyticsET (418)
[2018.09.20-15.22.24:656][145]LogModuleManager: Shutting down and abandoning module PortalServices (416)
[2018.09.20-15.22.24:656][145]LogModuleManager: Shutting down and abandoning module PortalRpc (414)
[2018.09.20-15.22.24:656][145]LogModuleManager: Shutting down and abandoning module MessagingRpc (412)
[2018.09.20-15.22.24:656][145]LogModuleManager: Shutting down and abandoning module AIModule (410)
[2018.09.20-15.22.24:656][145]LogModuleManager: Shutting down and abandoning module GameplayDebugger (409)
[2018.09.20-15.22.24:656][145]LogModuleManager: Shutting down and abandoning module AITestSuite (407)
[2018.09.20-15.22.24:656][145]LogModuleManager: Shutting down and abandoning module NavigationSystem (405)
[2018.09.20-15.22.24:656][145]LogModuleManager: Shutting down and abandoning module DesktopPlatform (402)
[2018.09.20-15.22.24:656][145]LogModuleManager: Shutting down and abandoning module ProfilerService (400)
[2018.09.20-15.22.24:829][145]LogModuleManager: Shutting down and abandoning module TaskGraph (398)
[2018.09.20-15.22.24:830][145]LogModuleManager: Shutting down and abandoning module SteamVRController (396)
[2018.09.20-15.22.24:831][145]LogModuleManager: Shutting down and abandoning module ProceduralMeshComponentEditor (394)
[2018.09.20-15.22.24:831][145]LogModuleManager: Shutting down and abandoning module ProceduralMeshComponent (392)
[2018.09.20-15.22.24:831][145]LogModuleManager: Shutting down and abandoning module OculusInput (390)
[2018.09.20-15.22.24:831][145]LogModuleManager: Shutting down and abandoning module MobilePatchingUtils (388)
[2018.09.20-15.22.24:832][145]LogModuleManager: Shutting down and abandoning module EditableMesh (386)
[2018.09.20-15.22.24:832][145]LogModuleManager: Shutting down and abandoning module CustomMeshComponent (384)
[2018.09.20-15.22.24:832][145]LogModuleManager: Shutting down and abandoning module CableComponent (382)
[2018.09.20-15.22.24:833][145]LogModuleManager: Shutting down and abandoning module AudioCapture (380)
[2018.09.20-15.22.24:833][145]LogModuleManager: Shutting down and abandoning module ArchVisCharacter (378)
[2018.09.20-15.22.24:833][145]LogModuleManager: Shutting down and abandoning module AndroidPermission (376)
[2018.09.20-15.22.24:833][145]LogModuleManager: Shutting down and abandoning module NUTUnrealEngine4 (374)
[2018.09.20-15.22.24:833][145]LogModuleManager: Shutting down and abandoning module NetcodeUnitTest (372)
[2018.09.20-15.22.24:834][145]LogModuleManager: Shutting down and abandoning module MediaCompositingEditor (370)
[2018.09.20-15.22.24:834][145]LogModuleManager: Shutting down and abandoning module MediaCompositing (368)
[2018.09.20-15.22.24:834][145]LogModuleManager: Shutting down and abandoning module LinearTimecode (366)
[2018.09.20-15.22.24:834][145]LogModuleManager: Shutting down and abandoning module ImgMedia (364)
[2018.09.20-15.22.24:883][145]LogModuleManager: Shutting down and abandoning module HTML5Networking (362)
[2018.09.20-15.22.24:883][145]LogModuleManager: Shutting down and abandoning module GeometryCacheTracks (360)
[2018.09.20-15.22.24:883][145]LogModuleManager: Shutting down and abandoning module GeometryCacheSequencer (358)
[2018.09.20-15.22.24:884][145]LogModuleManager: Shutting down and abandoning module BackChannel (356)
[2018.09.20-15.22.24:884][145]LogModuleManager: Shutting down and abandoning module AppleVision (354)
[2018.09.20-15.22.24:884][145]LogModuleManager: Shutting down and abandoning module AppleImageUtils (352)
[2018.09.20-15.22.24:885][145]LogModuleManager: Shutting down and abandoning module AlembicImporter (350)
[2018.09.20-15.22.24:885][145]LogModuleManager: Shutting down and abandoning module AlembicLibrary (349)
[2018.09.20-15.22.24:886][145]LogModuleManager: Shutting down and abandoning module GeometryCache (348)
[2018.09.20-15.22.24:887][145]LogModuleManager: Shutting down and abandoning module GeometryCacheEd (347)
[2018.09.20-15.22.24:887][145]LogModuleManager: Shutting down and abandoning module DatasmithContentEditor (342)
[2018.09.20-15.22.24:887][145]LogModuleManager: Shutting down and abandoning module DatasmithContent (340)
[2018.09.20-15.22.24:891][145]LogModuleManager: Shutting down and abandoning module SpeedTreeImporter (338)
[2018.09.20-15.22.24:891][145]LogModuleManager: Shutting down and abandoning module PluginBrowser (336)
[2018.09.20-15.22.24:893][145]LogModuleManager: Shutting down and abandoning module MobileLauncherProfileWizard (334)
[2018.09.20-15.22.24:893][145]LogModuleManager: Shutting down and abandoning module PolygonModeling (332)
[2018.09.20-15.22.24:893][145]LogModuleManager: Shutting down and abandoning module MeshEditor (330)
[2018.09.20-15.22.24:894][145]LogModuleManager: Shutting down and abandoning module CryptoKeysOpenSSL (328)
[2018.09.20-15.22.24:894][145]LogModuleManager: Shutting down and abandoning module CryptoKeys (326)
[2018.09.20-15.22.24:895][145]LogModuleManager: Shutting down and abandoning module VisualStudioSourceCodeAccess (324)
[2018.09.20-15.22.24:895][145]LogModuleManager: Shutting down and abandoning module VisualStudioCodeSourceCodeAccess (322)
[2018.09.20-15.22.24:895][145]LogModuleManager: Shutting down and abandoning module UObjectPlugin (320)
[2018.09.20-15.22.24:897][145]LogModuleManager: Shutting down and abandoning module SubversionSourceControl (318)
[2018.09.20-15.22.24:897][145]LogModuleManager: Shutting down and abandoning module PerforceSourceControl (316)
[2018.09.20-15.22.24:897][145]LogModuleManager: Shutting down and abandoning module GitSourceControl (314)
[2018.09.20-15.22.24:899][145]LogModuleManager: Shutting down and abandoning module SourceControl (313)
[2018.09.20-15.22.24:899][145]LogModuleManager: Shutting down and abandoning module CLionSourceCodeAccess (310)
[2018.09.20-15.22.24:900][145]LogModuleManager: Shutting down and abandoning module LightPropagationVolumeEditor (308)
[2018.09.20-15.22.24:900][145]LogModuleManager: Shutting down and abandoning module PaperTiledImporter (306)
[2018.09.20-15.22.24:900][145]LogModuleManager: Shutting down and abandoning module PaperSpriteSheetImporter (304)
[2018.09.20-15.22.24:900][145]LogModuleManager: Shutting down and abandoning module Paper2DEditor (302)
[2018.09.20-15.22.24:900][145]LogModuleManager: Shutting down and abandoning module MeshPaint (301)
[2018.09.20-15.22.24:901][145]LogModuleManager: Shutting down and abandoning module RuntimePhysXCooking (298)
[2018.09.20-15.22.24:901][145]LogModuleManager: Shutting down and abandoning module PhysXVehiclesEditor (296)
[2018.09.20-15.22.24:901][145]LogModuleManager: Shutting down and abandoning module PhysXVehicles (294)
[2018.09.20-15.22.24:902][145]LogModuleManager: Shutting down and abandoning module OculusEditor (292)
[2018.09.20-15.22.24:902][145]LogModuleManager: Shutting down and abandoning module LocationServicesBPLibrary (290)
[2018.09.20-15.22.24:902][145]LogModuleManager: Shutting down and abandoning module ImmediatePhysicsEditor (288)
[2018.09.20-15.22.24:902][145]LogModuleManager: Shutting down and abandoning module ImmediatePhysics (286)
[2018.09.20-15.22.24:902][145]LogModuleManager: Shutting down and abandoning module ActorSequence (284)
[2018.09.20-15.22.24:902][145]LogModuleManager: Shutting down and abandoning module UdpMessaging (282)
[2018.09.20-15.22.25:004][145]LogModuleManager: Shutting down and abandoning module TcpMessaging (280)
[2018.09.20-15.22.25:105][145]LogModuleManager: Shutting down and abandoning module MagicLeapAudio (278)
[2018.09.20-15.22.25:105][145]LogModuleManager: Shutting down and abandoning module GameplayTagsEditor (276)
[2018.09.20-15.22.25:106][145]LogModuleManager: Shutting down and abandoning module FacialAnimationEditor (274)
[2018.09.20-15.22.25:106][145]LogModuleManager: Shutting down and abandoning module FacialAnimation (272)
[2018.09.20-15.22.25:107][145]LogModuleManager: Shutting down and abandoning module DataValidation (270)
[2018.09.20-15.22.25:107][145]LogModuleManager: Shutting down and abandoning module AssetManagerEditor (268)
[2018.09.20-15.22.25:109][145]LogModuleManager: Shutting down and abandoning module LevelEditor (267)
[2018.09.20-15.22.25:120][145]LogModuleManager: Shutting down and abandoning module PixelInspectorModule (266)
[2018.09.20-15.22.25:120][145]LogModuleManager: Shutting down and abandoning module CommonMenuExtensions (264)
[2018.09.20-15.22.25:123][145]LogModuleManager: Shutting down and abandoning module MainFrame (262)
[2018.09.20-15.22.25:125][145]LogModuleManager: Shutting down and abandoning module HotReload (261)
[2018.09.20-15.22.25:128][145]LogModuleManager: Shutting down and abandoning module ContentBrowser (257)
[2018.09.20-15.22.25:131][145]LogModuleManager: Shutting down and abandoning module TreeMap (255)
[2018.09.20-15.22.25:131][145]LogModuleManager: Shutting down and abandoning module LightPropagationVolumeRuntime (252)
[2018.09.20-15.22.25:131][145]LogModuleManager: Shutting down and abandoning module AISupportModule (250)
[2018.09.20-15.22.25:131][145]LogModuleManager: Shutting down and abandoning module Paper2D (248)
[2018.09.20-15.22.25:131][145]LogModuleManager: Shutting down and abandoning module WindowsMoviePlayer (246)
[2018.09.20-15.22.25:132][145]LogModuleManager: Shutting down and abandoning module WmfMedia (244)
[2018.09.20-15.22.25:142][145]LogModuleManager: Shutting down and abandoning module Media (243)
[2018.09.20-15.22.25:150][145]LogModuleManager: Shutting down and abandoning module PacketHandler (240)
[2018.09.20-15.22.25:150][145]LogModuleManager: Shutting down and abandoning module ClothingSystemEditor (238)
[2018.09.20-15.22.25:150][145]LogModuleManager: Shutting down and abandoning module ClothingSystemRuntime (236)
[2018.09.20-15.22.25:150][145]LogModuleManager: Shutting down and abandoning module MediaAssets (234)
[2018.09.20-15.22.25:150][145]LogModuleManager: Shutting down and abandoning module Overlay (232)
[2018.09.20-15.22.25:150][145]LogModuleManager: Shutting down and abandoning module OverlayEditor (231)
[2018.09.20-15.22.25:150][145]LogModuleManager: Shutting down and abandoning module VREditor (228)
[2018.09.20-15.22.25:150][145]LogModuleManager: Shutting down and abandoning module StringTableEditor (226)
[2018.09.20-15.22.25:150][145]LogModuleManager: Shutting down and abandoning module GameplayTasksEditor (224)
[2018.09.20-15.22.25:150][145]LogModuleManager: Shutting down and abandoning module BehaviorTreeEditor (222)
[2018.09.20-15.22.25:150][145]LogModuleManager: Shutting down and abandoning module FunctionalTesting (220)
[2018.09.20-15.22.25:151][145]LogModuleManager: Shutting down and abandoning module CollisionAnalyzer (218)
[2018.09.20-15.22.25:151][145]LogModuleManager: Shutting down and abandoning module WorkspaceMenuStructure (217)
[2018.09.20-15.22.25:151][145]LogModuleManager: Shutting down and abandoning module UMG (214)
[2018.09.20-15.22.25:151][145]LogModuleManager: Shutting down and abandoning module UMGEditor (213)
[2018.09.20-15.22.25:151][145]LogModuleManager: Shutting down and abandoning module Sequencer (212)
[2018.09.20-15.22.25:151][145]LogModuleManager: Shutting down and abandoning module MessageLog (209)
[2018.09.20-15.22.25:151][145]LogModuleManager: Shutting down and abandoning module SlateReflector (204)
[2018.09.20-15.22.25:151][145]LogModuleManager: Shutting down and abandoning module Slate (202)
[2018.09.20-15.22.25:151][145]LogModuleManager: Shutting down and abandoning module EditorStyle (200)
[2018.09.20-15.22.25:155][145]LogModuleManager: Shutting down and abandoning module MRMesh (198)
[2018.09.20-15.22.25:155][145]LogModuleManager: Shutting down and abandoning module SourceCodeAccess (196)
[2018.09.20-15.22.25:155][145]LogModuleManager: Shutting down and abandoning module HeadMountedDisplay (194)
[2018.09.20-15.22.25:155][145]LogModuleManager: Shutting down and abandoning module XAudio2 (192)
[2018.09.20-15.22.25:155][145]LogModuleManager: Shutting down and abandoning module Networking (190)
[2018.09.20-15.22.25:155][145]LogModuleManager: Shutting down and abandoning module Core (188)
[2018.09.20-15.22.25:156][145]LogModuleManager: Shutting down and abandoning module LevelSequence (186)
[2018.09.20-15.22.25:156][145]LogModuleManager: Shutting down and abandoning module KismetCompiler (184)
[2018.09.20-15.22.25:156][145]LogModuleManager: Shutting down and abandoning module MeshUtilities (182)
[2018.09.20-15.22.25:156][145]LogModuleManager: Shutting down and abandoning module MeshMergeUtilities (181)
[2018.09.20-15.22.25:156][145]LogModuleManager: Shutting down and abandoning module MeshReductionInterface (180)
[2018.09.20-15.22.25:156][145]LogModuleManager: Shutting down and abandoning module SimplygonSwarm (179)
[2018.09.20-15.22.25:156][145]LogModuleManager: Shutting down and abandoning module ProxyLODMeshReduction (177)
[2018.09.20-15.22.25:156][145]LogModuleManager: Shutting down and abandoning module SimplygonMeshReduction (175)
[2018.09.20-15.22.25:156][145]LogModuleManager: Shutting down and abandoning module QuadricMeshReduction (173)
[2018.09.20-15.22.25:156][145]LogModuleManager: Shutting down and abandoning module MaterialBaking (169)
[2018.09.20-15.22.25:156][145]LogModuleManager: Shutting down and abandoning module DirectoryWatcher (165)
[2018.09.20-15.22.25:156][145]LogModuleManager: Shutting down and abandoning module DerivedDataCache (162)
[2018.09.20-15.22.25:256][145]LogDerivedDataCache: Shutdown
[2018.09.20-15.22.25:256][145]LogModuleManager: Shutting down and abandoning module XGEController (160)
[2018.09.20-15.22.25:256][145]LogModuleManager: Shutting down and abandoning module TargetPlatform (158)
[2018.09.20-15.22.25:256][145]LogModuleManager: Shutting down and abandoning module VulkanShaderFormat (157)
[2018.09.20-15.22.25:256][145]LogModuleManager: Shutting down and abandoning module ShaderFormatVectorVM (155)
[2018.09.20-15.22.25:257][145]LogModuleManager: Shutting down and abandoning module ShaderFormatOpenGL (153)
[2018.09.20-15.22.25:257][145]LogModuleManager: Shutting down and abandoning module ShaderFormatD3D (151)
[2018.09.20-15.22.25:257][145]LogModuleManager: Shutting down and abandoning module MetalShaderFormat (149)
[2018.09.20-15.22.25:257][145]LogModuleManager: Shutting down and abandoning module TextureFormatUncompressed (147)
[2018.09.20-15.22.25:257][145]LogModuleManager: Shutting down and abandoning module TextureFormatPVR (145)
[2018.09.20-15.22.25:257][145]LogModuleManager: Shutting down and abandoning module TextureFormatDXT (143)
[2018.09.20-15.22.25:257][145]LogModuleManager: Shutting down and abandoning module TextureFormatIntelISPCTexComp (141)
[2018.09.20-15.22.25:257][145]LogModuleManager: Shutting down and abandoning module TextureFormatASTC (139)
[2018.09.20-15.22.25:257][145]LogModuleManager: Shutting down and abandoning module ImageWrapper (138)
[2018.09.20-15.22.25:257][145]LogModuleManager: Shutting down and abandoning module TextureFormatAndroid (135)
[2018.09.20-15.22.25:257][145]LogModuleManager: Shutting down and abandoning module AudioFormatOpus (133)
[2018.09.20-15.22.25:257][145]LogModuleManager: Shutting down and abandoning module AudioFormatOgg (131)
[2018.09.20-15.22.25:257][145]LogModuleManager: Shutting down and abandoning module AudioFormatADPCM (129)
[2018.09.20-15.22.25:257][145]LogModuleManager: Shutting down and abandoning module LuminTargetPlatform (127)
[2018.09.20-15.22.25:257][145]LogModuleManager: Shutting down and abandoning module LinuxTargetPlatform (125)
[2018.09.20-15.22.25:257][145]LogModuleManager: Shutting down and abandoning module LinuxServerTargetPlatform (123)
[2018.09.20-15.22.25:257][145]LogModuleManager: Shutting down and abandoning module LinuxNoEditorTargetPlatform (121)
[2018.09.20-15.22.25:257][145]LogModuleManager: Shutting down and abandoning module LinuxClientTargetPlatform (119)
[2018.09.20-15.22.25:257][145]LogModuleManager: Shutting down and abandoning module TVOSTargetPlatform (117)
[2018.09.20-15.22.25:258][145]LogModuleManager: Shutting down and abandoning module Messaging (115)
[2018.09.20-15.22.25:258][145]LogModuleManager: Shutting down and abandoning module IOSTargetPlatform (113)
[2018.09.20-15.22.25:258][145]LogModuleManager: Shutting down and abandoning module HTML5TargetPlatform (111)
[2018.09.20-15.22.25:259][145]LogModuleManager: Shutting down and abandoning module AndroidTargetPlatform (109)
[2018.09.20-15.22.25:266][145]LogModuleManager: Shutting down and abandoning module WindowsTargetPlatform (107)
[2018.09.20-15.22.25:266][145]LogModuleManager: Shutting down and abandoning module WindowsServerTargetPlatform (105)
[2018.09.20-15.22.25:266][145]LogModuleManager: Shutting down and abandoning module WindowsNoEditorTargetPlatform (103)
[2018.09.20-15.22.25:266][145]LogModuleManager: Shutting down and abandoning module WindowsClientTargetPlatform (101)
[2018.09.20-15.22.25:266][145]LogModuleManager: Shutting down and abandoning module MacTargetPlatform (99)
[2018.09.20-15.22.25:267][145]LogModuleManager: Shutting down and abandoning module MacServerTargetPlatform (97)
[2018.09.20-15.22.25:267][145]LogModuleManager: Shutting down and abandoning module MacNoEditorTargetPlatform (95)
[2018.09.20-15.22.25:267][145]LogModuleManager: Shutting down and abandoning module MacClientTargetPlatform (93)
[2018.09.20-15.22.25:267][145]LogModuleManager: Shutting down and abandoning module AllDesktopTargetPlatform (91)
[2018.09.20-15.22.25:267][145]LogModuleManager: Shutting down and abandoning module InputCore (88)
[2018.09.20-15.22.25:267][145]LogModuleManager: Shutting down and abandoning module Settings (86)
[2018.09.20-15.22.25:267][145]LogModuleManager: Shutting down and abandoning module PhysXCooking (84)
[2018.09.20-15.22.25:267][145]LogModuleManager: Shutting down and abandoning module SteamVR (82)
[2018.09.20-15.22.25:267][145]LogModuleManager: Shutting down and abandoning module OculusHMD (80)
[2018.09.20-15.22.25:267][145]LogModuleManager: Shutting down and abandoning module ExampleDeviceProfileSelector (78)
[2018.09.20-15.22.25:267][145]LogModuleManager: Shutting down and abandoning module LauncherChunkInstaller (76)
[2018.09.20-15.22.25:267][145]LogModuleManager: Shutting down and abandoning module OnlineBlueprintSupport (74)
[2018.09.20-15.22.25:267][145]LogModuleManager: Shutting down and abandoning module OnlineSubsystem (70)
[2018.09.20-15.22.25:268][145]LogModuleManager: Shutting down and abandoning module XMPP (65)
[2018.09.20-15.22.25:268][145]LogModuleManager: Shutting down and abandoning module WebSockets (64)
[2018.09.20-15.22.25:290][145]LogModuleManager: Shutting down and abandoning module HTTP (61)
[2018.09.20-15.22.25:290][145]LogHttp: Display: Http module shutting down, but needs to wait on 1 outstanding Http requests:
[2018.09.20-15.22.25:292][145]LogHttp: Display: 	verb=[POST] url=[https://datarouter.ol.epicgames.com/datarouter/api/v1/public/data?SessionID=%7BAF73E36E-4027-4BB9-0AC7-849E6B3B9FCF%7D&AppID=UEEditor.Rocket.Release&AppVersion=4.20.2-4302132%2B%2B%2BUE4%2BRelease-4.20&UserID=81c5b0574e4b7193ae97968f55ae5bfd%7C4f523247ef174b9c8da64dd7f2dc95fb%7C787d6ce7-ad3a-4acc-a139-213a64d4f728&AppEnvironment=datacollector-binary&UploadType=eteventstream] status=Processing
[2018.09.20-15.22.25:323][145]LogModuleManager: Shutting down and abandoning module SSL (60)
[2018.09.20-15.22.25:325][145]LogModuleManager: Shutting down and abandoning module MagicLeapEmulator (56)
[2018.09.20-15.22.25:325][145]LogModuleManager: Shutting down and abandoning module MagicLeapPrivileges (54)
[2018.09.20-15.22.25:325][145]LogModuleManager: Shutting down and abandoning module MagicLeapIdentity (52)
[2018.09.20-15.22.25:325][145]LogModuleManager: Shutting down and abandoning module MagicLeapHelperVulkan (50)
[2018.09.20-15.22.25:325][145]LogModuleManager: Shutting down and abandoning module MagicLeapHelperOpenGL (48)
[2018.09.20-15.22.25:325][145]LogModuleManager: Shutting down and abandoning module MagicLeapSecureStorage (46)
[2018.09.20-15.22.25:325][145]LogModuleManager: Shutting down and abandoning module MagicLeapGestures (44)
[2018.09.20-15.22.25:325][145]LogModuleManager: Shutting down and abandoning module MagicLeapEyeTracker (42)
[2018.09.20-15.22.25:325][145]LogModuleManager: Shutting down and abandoning module MagicLeapController (40)
[2018.09.20-15.22.25:325][145]LogSlate: Slate User Destroyed.  User Index 0, Is Virtual User: 0
[2018.09.20-15.22.25:325][145]LogModuleManager: Shutting down and abandoning module MagicLeap (38)
[2018.09.20-15.22.25:325][145]LogModuleManager: Shutting down and abandoning module AnimationModifiers (36)
[2018.09.20-15.22.25:325][145]LogModuleManager: Shutting down and abandoning module PropertyEditor (35)
[2018.09.20-15.22.25:325][145]LogModuleManager: Shutting down and abandoning module AudioEditor (32)
[2018.09.20-15.22.25:325][145]LogModuleManager: Shutting down and abandoning module TextureCompressor (30)
[2018.09.20-15.22.25:325][145]LogModuleManager: Shutting down and abandoning module ShaderCore (28)
[2018.09.20-15.22.25:325][145]LogModuleManager: Shutting down and abandoning module Landscape (26)
[2018.09.20-15.22.25:325][145]LogModuleManager: Shutting down and abandoning module SlateRHIRenderer (24)
[2018.09.20-15.22.25:326][145]LogModuleManager: Shutting down and abandoning module OpenGLDrv (22)
[2018.09.20-15.22.25:326][145]LogModuleManager: Shutting down and abandoning module D3D11RHI (20)
[2018.09.20-15.22.25:326][145]LogModuleManager: Shutting down and abandoning module AnimGraphRuntime (18)
[2018.09.20-15.22.25:326][145]LogModuleManager: Shutting down and abandoning module Renderer (16)
[2018.09.20-15.22.25:326][145]LogModuleManager: Shutting down and abandoning module Engine (14)
[2018.09.20-15.22.25:326][145]LogModuleManager: Shutting down and abandoning module CoreUObject (12)
[2018.09.20-15.22.25:326][145]LogModuleManager: Shutting down and abandoning module NetworkFile (10)
[2018.09.20-15.22.25:326][145]LogModuleManager: Shutting down and abandoning module CookedIterativeFile (8)
[2018.09.20-15.22.25:326][145]LogModuleManager: Shutting down and abandoning module StreamingFile (6)
[2018.09.20-15.22.25:326][145]LogModuleManager: Shutting down and abandoning module SandboxFile (4)
[2018.09.20-15.22.25:326][145]LogModuleManager: Shutting down and abandoning module PakFile (2)
[2018.09.20-15.22.25:334][145]LogExit: Exiting.
[2018.09.20-15.22.25:365][145]Log file closed, 09/20/18 11:22:25
